Using pre-set license
Built from '2020.3/staging' branch; Version is '2020.3.13f1 (71691879b7f5) revision 7432472'; Using compiler version '192528614'; Build Type 'Release'
OS: 'Windows 10 Pro; OS build 19044.1526; Version 2009; 64bit' Language: 'es' Physical Memory: 32469 MB
BatchMode: 1, IsHumanControllingUs: 0, StartBugReporterOnCrash: 0, Is64bit: 1, IsPro: 0

 COMMAND LINE ARGUMENTS:
C:\Program Files\Unity\Hub\Editor\2020.3.13f1\Editor\Unity.exe
-adb2
-batchMode
-noUpm
-name
AssetImportWorker0
-projectPath
C:/Users/AJ/Desktop/Uni/Autodidacta/VFX/UnityVFX
-logFile
Logs/AssetImportWorker0.log
-srvPort
59174
Successfully changed project path to: C:/Users/AJ/Desktop/Uni/Autodidacta/VFX/UnityVFX
C:/Users/AJ/Desktop/Uni/Autodidacta/VFX/UnityVFX
Using Asset Import Pipeline V2.
Refreshing native plugins compatible for Editor in 220.08 ms, found 2 plugins.
Preloading 0 native plugins for Editor in 0.00 ms.
Initialize engine version: 2020.3.13f1 (71691879b7f5)
[Subsystems] Discovering subsystems at path C:/Program Files/Unity/Hub/Editor/2020.3.13f1/Editor/Data/Resources/UnitySubsystems
[Subsystems] Discovering subsystems at path C:/Users/AJ/Desktop/Uni/Autodidacta/VFX/UnityVFX/Assets
GfxDevice: creating device client; threaded=0
Direct3D:
    Version:  Direct3D 11.0 [level 11.1]
    Renderer: NVIDIA GeForce RTX 3070 Laptop GPU (ID=0x249d)
    Vendor:   
    VRAM:     8044 MB
    Driver:   30.0.15.1179
Initialize mono
Mono path[0] = 'C:/Program Files/Unity/Hub/Editor/2020.3.13f1/Editor/Data/Managed'
Mono path[1] = 'C:/Program Files/Unity/Hub/Editor/2020.3.13f1/Editor/Data/MonoBleedingEdge/lib/mono/unityjit'
Mono config path = 'C:/Program Files/Unity/Hub/Editor/2020.3.13f1/Editor/Data/MonoBleedingEdge/etc'
Using monoOptions --debugger-agent=transport=dt_socket,embedding=1,server=y,suspend=n,address=127.0.0.1:56728
Begin MonoManager ReloadAssembly
Registering precompiled unity dll's ...
Register platform support module: C:/Program Files/Unity/Hub/Editor/2020.3.13f1/Editor/Data/PlaybackEngines/WindowsStandaloneSupport/UnityEditor.WindowsStandalone.Extensions.dll
Registered in 0.007796 seconds.
Native extension for WindowsStandalone target not found
Refreshing native plugins compatible for Editor in 229.75 ms, found 2 plugins.
Preloading 0 native plugins for Editor in 0.00 ms.
Mono: successfully reloaded assembly
- Completed reload, in  5.360 seconds
Platform modules already initialized, skipping
Registering precompiled user dll's ...
Registered in 0.011201 seconds.
Begin MonoManager ReloadAssembly
Native extension for WindowsStandalone target not found
Refreshing native plugins compatible for Editor in 288.26 ms, found 2 plugins.
Preloading 0 native plugins for Editor in 0.00 ms.
Mono: successfully reloaded assembly
- Completed reload, in  4.480 seconds
Platform modules already initialized, skipping
========================================================================
Worker process is ready to serve import requests
Switching build target platform(13) subTarget(589824) extendedPlatform(0) -> platform(13) subTarget(537395200) extendedPlatform(0)
Launched and connected shader compiler UnityShaderCompiler.exe after 0.13 seconds
Refreshing native plugins compatible for Editor in 2.07 ms, found 2 plugins.
Preloading 0 native plugins for Editor in 0.00 ms.
Unloading 4131 Unused Serialized files (Serialized files now loaded: 0)
System memory in use before: 200.7 MB.
System memory in use after: 200.9 MB.

Unloading 34 unused Assets to reduce memory usage. Loaded Objects now: 4595.
Total: 14.009700 ms (FindLiveObjects: 2.047200 ms CreateObjectMapping: 0.708800 ms MarkObjects: 10.986400 ms  DeleteObjects: 0.261500 ms)

AssetImportParameters requested are different than current active one (requested -> active):
  buildTarget: platform 13, subtarget 537395200, extendedPlatform 0 -> platform 13, subtarget 589824, extendedPlatform 0
  graphicsApiMask: 2099200 -> 2304
  custom:framework-win-MediaFoundation: 216162199b28c13a410421893ffa2e32 -> 
  custom:video-decoder-ogg-theora: a1e56fd34408186e4bbccfd4996cb3dc -> 
  custom:container-muxer-webm: aa71ff27fc2769a1b78a27578f13a17b -> 
  custom:container-demuxer-webm: 4f35f7cbe854078d1ac9338744f61a02 -> 
  custom:container-demuxer-ogg: 62fdf1f143b41e24485cea50d1cbac27 -> 
  custom:video-encoder-webm-vp8: eb34c28f22e8b96e1ab97ce403110664 -> 
  custom:video-decoder-webm-vp8: 9c59270c3fd7afecdb556c50c9e8de78 -> 
  custom:audio-decoder-ogg-vorbis: bf7c407c2cedff20999df2af8eb42d56 -> 
  custom:audio-encoder-webm-vorbis: bf7c407c2cedff20999df2af8eb42d56 -> 
========================================================================
Received Import Request.
  path: Packages/com.unity.render-pipelines.high-definition/Runtime/Core/CoreResources/EncodeBC6H.compute
  artifactKey: Guid(aa922d239de60304f964e24488559eeb) Importer(815301076,1909f56bfc062723c751e8b465ee728b)
Start importing Packages/com.unity.render-pipelines.high-definition/Runtime/Core/CoreResources/EncodeBC6H.compute using Guid(aa922d239de60304f964e24488559eeb) Importer(815301076,1909f56bfc062723c751e8b465ee728b)  -> (artifact id: '9a913bd903483621cc40349da363f540') in 0.176178 seconds 
  Import took 0.201241 seconds .

========================================================================
Received Import Request.
  Time since last request: 0.000727 seconds.
  path: Packages/com.unity.render-pipelines.high-definition/Runtime/Core/CoreResources/ClearUIntTextureArray.compute
  artifactKey: Guid(d067ad4b88af51c498875426894aef76) Importer(815301076,1909f56bfc062723c751e8b465ee728b)
Start importing Packages/com.unity.render-pipelines.high-definition/Runtime/Core/CoreResources/ClearUIntTextureArray.compute using Guid(d067ad4b88af51c498875426894aef76) Importer(815301076,1909f56bfc062723c751e8b465ee728b)  -> (artifact id: '9efa913574f27186fe9e47c5742a885a') in 0.030911 seconds 
  Import took 0.054916 seconds .

========================================================================
Received Import Request.
  Time since last request: 0.000400 seconds.
  path: Packages/com.unity.render-pipelines.high-definition/Runtime/Core/CoreResources/GPUCopy.compute
  artifactKey: Guid(a4d45eda75e8e474dbe24a31f741f3b4) Importer(815301076,1909f56bfc062723c751e8b465ee728b)
Start importing Packages/com.unity.render-pipelines.high-definition/Runtime/Core/CoreResources/GPUCopy.compute using Guid(a4d45eda75e8e474dbe24a31f741f3b4) Importer(815301076,1909f56bfc062723c751e8b465ee728b)  -> (artifact id: 'cc471f7b8d4bfcf5067f17920e4fe2a3') in 0.026771 seconds 
  Import took 0.048230 seconds .

========================================================================
Received Prepare
Switching build target platform(13) subTarget(589824) extendedPlatform(0) -> platform(13) subTarget(537395200) extendedPlatform(0)
Refreshing native plugins compatible for Editor in 8.68 ms, found 2 plugins.
Preloading 0 native plugins for Editor in 0.00 ms.
Unloading 13 Unused Serialized files (Serialized files now loaded: 0)
System memory in use before: 109.2 MB.
System memory in use after: 109.5 MB.

Unloading 13 unused Assets to reduce memory usage. Loaded Objects now: 4595.
Total: 6.902200 ms (FindLiveObjects: 0.668900 ms CreateObjectMapping: 0.286000 ms MarkObjects: 5.897900 ms  DeleteObjects: 0.047300 ms)

AssetImportParameters requested are different than current active one (requested -> active):
  buildTarget: platform 13, subtarget 537395200, extendedPlatform 0 -> platform 13, subtarget 589824, extendedPlatform 0
  graphicsApiMask: 2099200 -> 2304
  custom:framework-win-MediaFoundation: 216162199b28c13a410421893ffa2e32 -> 
  custom:video-decoder-ogg-theora: a1e56fd34408186e4bbccfd4996cb3dc -> 
  custom:container-muxer-webm: aa71ff27fc2769a1b78a27578f13a17b -> 
  custom:container-demuxer-webm: 4f35f7cbe854078d1ac9338744f61a02 -> 
  custom:container-demuxer-ogg: 62fdf1f143b41e24485cea50d1cbac27 -> 
  custom:video-encoder-webm-vp8: eb34c28f22e8b96e1ab97ce403110664 -> 
  custom:video-decoder-webm-vp8: 9c59270c3fd7afecdb556c50c9e8de78 -> 
  custom:audio-decoder-ogg-vorbis: bf7c407c2cedff20999df2af8eb42d56 -> 
  custom:audio-encoder-webm-vorbis: bf7c407c2cedff20999df2af8eb42d56 -> 
========================================================================
Received Prepare
Switching build target platform(13) subTarget(589824) extendedPlatform(0) -> platform(13) subTarget(536870912) extendedPlatform(0)
Refreshing native plugins compatible for Editor in 4.59 ms, found 2 plugins.
Preloading 0 native plugins for Editor in 0.00 ms.
Unloading 13 Unused Serialized files (Serialized files now loaded: 0)
System memory in use before: 109.2 MB.
System memory in use after: 109.5 MB.

Unloading 13 unused Assets to reduce memory usage. Loaded Objects now: 4595.
Total: 6.078300 ms (FindLiveObjects: 0.451700 ms CreateObjectMapping: 0.169200 ms MarkObjects: 5.430600 ms  DeleteObjects: 0.024800 ms)

AssetImportParameters requested are different than current active one (requested -> active):
  buildTarget: platform 13, subtarget 536870912, extendedPlatform 0 -> platform 13, subtarget 589824, extendedPlatform 0
  graphicsApiMask: 2097152 -> 2304
  custom:framework-win-MediaFoundation: 216162199b28c13a410421893ffa2e32 -> 
  custom:video-decoder-ogg-theora: a1e56fd34408186e4bbccfd4996cb3dc -> 
  custom:container-muxer-webm: aa71ff27fc2769a1b78a27578f13a17b -> 
  custom:container-demuxer-webm: 4f35f7cbe854078d1ac9338744f61a02 -> 
  custom:container-demuxer-ogg: 62fdf1f143b41e24485cea50d1cbac27 -> 
  custom:video-encoder-webm-vp8: eb34c28f22e8b96e1ab97ce403110664 -> 
  custom:video-decoder-webm-vp8: 9c59270c3fd7afecdb556c50c9e8de78 -> 
  custom:audio-decoder-ogg-vorbis: bf7c407c2cedff20999df2af8eb42d56 -> 
  custom:audio-encoder-webm-vorbis: bf7c407c2cedff20999df2af8eb42d56 -> 
