Base path: 'C:/Program Files/Unity/Hub/Editor/2020.3.13f1/Editor/Data', plugins path 'C:/Program Files/Unity/Hub/Editor/2020.3.13f1/Editor/Data/PlaybackEngines'
Cmd: initializeCompiler

Cmd: compileComputeKernel
  insize=5702 file=C:/Users/AJ/Desktop/Uni/Autodidacta/VFX/UnityVFX/Assets/MYSTUFF/VFX/Letters.vfx kernel=CSMain cachingPP=1 ppOnly=0 stripLineD=0 buildPlatform=13 km=<UNITY_VERSION=202039> pKW=UNITY_NO_DXT5nm UNITY_ENABLE_REFLECTION_BUFFERS UNITY_NO_CUBEMAP_ARRAY UNITY_NO_SCREENSPACE_SHADOWS UNITY_PBS_USE_BRDF2 UNITY_LIGHTMAP_FULL_HDR uKW=SHADER_STAGE_COMPUTE platform=d3d11 flags=0 ok=1 outsize=1508

Cmd: compileComputeKernel
  insize=7361 file=C:/Users/AJ/Desktop/Uni/Autodidacta/VFX/UnityVFX/Library/PackageCache/com.unity.render-pipelines.high-definition@10.5.1/Runtime/Lighting/ScreenSpaceLighting/GTAO.compute kernel=GTAOMain cachingPP=1 ppOnly=0 stripLineD=0 buildPlatform=13 km=<UNITY_VERSION=202039> pKW=UNITY_NO_DXT5nm UNITY_ENABLE_REFLECTION_BUFFERS UNITY_NO_CUBEMAP_ARRAY UNITY_NO_SCREENSPACE_SHADOWS UNITY_PBS_USE_BRDF2 UNITY_LIGHTMAP_FULL_HDR uKW=FULL_RES TEMPORAL SHADER_STAGE_COMPUTE platform=d3d11 flags=0 ok=1 outsize=7549

Cmd: compileComputeKernel
  insize=39136 file=C:/Users/AJ/Desktop/Uni/Autodidacta/VFX/UnityVFX/Library/PackageCache/com.unity.render-pipelines.high-definition@10.5.1/Runtime/Lighting/VolumetricLighting/VolumetricLighting.compute kernel=VolumetricLighting cachingPP=1 ppOnly=0 stripLineD=0 buildPlatform=13 km=<UNITY_VERSION=202039> pKW=UNITY_NO_DXT5nm UNITY_ENABLE_REFLECTION_BUFFERS UNITY_NO_CUBEMAP_ARRAY UNITY_NO_SCREENSPACE_SHADOWS UNITY_PBS_USE_BRDF2 UNITY_LIGHTMAP_FULL_HDR uKW=ENABLE_REPROJECTION SHADER_STAGE_COMPUTE platform=d3d11 flags=0 ok=1 outsize=19713

Cmd: compileComputeKernel
  insize=39136 file=C:/Users/AJ/Desktop/Uni/Autodidacta/VFX/UnityVFX/Library/PackageCache/com.unity.render-pipelines.high-definition@10.5.1/Runtime/Lighting/VolumetricLighting/VolumetricLighting.compute kernel=VolumetricLighting cachingPP=1 ppOnly=0 stripLineD=0 buildPlatform=13 km=<UNITY_VERSION=202039> pKW=UNITY_NO_DXT5nm UNITY_ENABLE_REFLECTION_BUFFERS UNITY_NO_CUBEMAP_ARRAY UNITY_NO_SCREENSPACE_SHADOWS UNITY_PBS_USE_BRDF2 UNITY_LIGHTMAP_FULL_HDR uKW=SUPPORT_LOCAL_LIGHTS SHADER_STAGE_COMPUTE platform=d3d11 flags=0 ok=1 outsize=43736

Cmd: compileComputeKernel
  insize=6865 file=C:/Users/AJ/Desktop/Uni/Autodidacta/VFX/UnityVFX/Library/PackageCache/com.unity.render-pipelines.high-definition@10.5.1/Runtime/RenderPipeline/RenderPass/ColorPyramid.compute kernel=KColorGaussian cachingPP=1 ppOnly=0 stripLineD=0 buildPlatform=13 km=<KERNEL_SIZE=8>,<MAIN_GAUSSIAN=KColorGaussian>,<UNITY_VERSION=202039> pKW=UNITY_NO_DXT5nm UNITY_ENABLE_REFLECTION_BUFFERS UNITY_NO_CUBEMAP_ARRAY UNITY_NO_SCREENSPACE_SHADOWS UNITY_PBS_USE_BRDF2 UNITY_LIGHTMAP_FULL_HDR uKW=SHADER_STAGE_COMPUTE platform=d3d11 flags=0 ok=1 outsize=6575

Cmd: compileComputeKernel
  insize=20491 file=C:/Users/AJ/Desktop/Uni/Autodidacta/VFX/UnityVFX/Library/PackageCache/com.unity.render-pipelines.high-definition@10.5.1/Runtime/Lighting/LightLoop/lightlistbuild.compute kernel=TileLightListGen cachingPP=1 ppOnly=0 stripLineD=0 buildPlatform=13 km=<UNITY_VERSION=202039> pKW=UNITY_NO_DXT5nm UNITY_ENABLE_REFLECTION_BUFFERS UNITY_NO_CUBEMAP_ARRAY UNITY_NO_SCREENSPACE_SHADOWS UNITY_PBS_USE_BRDF2 UNITY_LIGHTMAP_FULL_HDR uKW=USE_TWO_PASS_TILED_LIGHTING SHADER_STAGE_COMPUTE platform=d3d11 flags=0 ok=1 outsize=14900

Cmd: compileComputeKernel
  insize=3001 file=C:/Users/AJ/Desktop/Uni/Autodidacta/VFX/UnityVFX/Library/PackageCache/com.unity.render-pipelines.high-definition@10.5.1/Runtime/PostProcessing/Shaders/DepthOfFieldKernel.compute kernel=KParametricFloodfillKernel cachingPP=1 ppOnly=0 stripLineD=0 buildPlatform=13 km=<MAIN=KParametricFloodfillKernel>,<GROUP_SIZE=16>,<UNITY_VERSION=202039> pKW=UNITY_NO_DXT5nm UNITY_ENABLE_REFLECTION_BUFFERS UNITY_NO_CUBEMAP_ARRAY UNITY_NO_SCREENSPACE_SHADOWS UNITY_PBS_USE_BRDF2 UNITY_LIGHTMAP_FULL_HDR uKW=SHADER_STAGE_COMPUTE platform=d3d11 flags=0 ok=1 outsize=1865

Cmd: compileComputeKernel
  insize=5437 file=C:/Users/AJ/Desktop/Uni/Autodidacta/VFX/UnityVFX/Library/PackageCache/com.unity.render-pipelines.high-definition@10.5.1/Runtime/PostProcessing/Shaders/DepthOfFieldGather.compute kernel=KMainNear cachingPP=1 ppOnly=0 stripLineD=0 buildPlatform=13 km=<MAIN=KMainNear>,<NEAR=1>,<UNITY_VERSION=202039> pKW=UNITY_NO_DXT5nm UNITY_ENABLE_REFLECTION_BUFFERS UNITY_NO_CUBEMAP_ARRAY UNITY_NO_SCREENSPACE_SHADOWS UNITY_PBS_USE_BRDF2 UNITY_LIGHTMAP_FULL_HDR uKW=SHADER_STAGE_COMPUTE platform=d3d11 flags=0 ok=1 outsize=2390

Cmd: compileComputeKernel
  insize=17123 file=C:/Users/AJ/Desktop/Uni/Autodidacta/VFX/UnityVFX/Library/PackageCache/com.unity.render-pipelines.high-definition@10.5.1/Runtime/Lighting/VolumetricLighting/VolumeVoxelization.compute kernel=VolumeVoxelizationBruteforceOptimal cachingPP=1 ppOnly=0 stripLineD=0 buildPlatform=13 km=<VolumeVoxelization=VolumeVoxelizationBruteforceOptimal>,<LIGHTLOOP_DISABLE_TILE_AND_CLUSTER=1>,<VL_PRESET_OPTIMAL=1>,<UNITY_VERSION=202039> pKW=UNITY_NO_DXT5nm UNITY_ENABLE_REFLECTION_BUFFERS UNITY_NO_CUBEMAP_ARRAY UNITY_NO_SCREENSPACE_SHADOWS UNITY_PBS_USE_BRDF2 UNITY_LIGHTMAP_FULL_HDR uKW=SHADER_STAGE_COMPUTE platform=d3d11 flags=0 ok=1 outsize=7581

Cmd: compileComputeKernel
  insize=33284 file=C:/Users/AJ/Desktop/Uni/Autodidacta/VFX/UnityVFX/Library/PackageCache/com.unity.render-pipelines.high-definition@10.5.1/Runtime/RenderPipeline/Raytracing/Shaders/Shadows/RaytracingShadow.compute kernel=OutputShadowTexture cachingPP=1 ppOnly=0 stripLineD=0 buildPlatform=13 km=<OUTPUT_SHADOW_TEXTURE=OutputShadowTexture>,<UNITY_VERSION=202039> pKW=UNITY_NO_DXT5nm UNITY_ENABLE_REFLECTION_BUFFERS UNITY_NO_CUBEMAP_ARRAY UNITY_NO_SCREENSPACE_SHADOWS UNITY_PBS_USE_BRDF2 UNITY_LIGHTMAP_FULL_HDR uKW=SHADER_STAGE_COMPUTE platform=d3d11 flags=0 ok=1 outsize=1056

Cmd: compileComputeKernel
  insize=33284 file=C:/Users/AJ/Desktop/Uni/Autodidacta/VFX/UnityVFX/Library/PackageCache/com.unity.render-pipelines.high-definition@10.5.1/Runtime/RenderPipeline/Raytracing/Shaders/Shadows/RaytracingShadow.compute kernel=RaytracingAreaShadowPrepass cachingPP=1 ppOnly=0 stripLineD=0 buildPlatform=13 km=<UNITY_VERSION=202039> pKW=UNITY_NO_DXT5nm UNITY_ENABLE_REFLECTION_BUFFERS UNITY_NO_CUBEMAP_ARRAY UNITY_NO_SCREENSPACE_SHADOWS UNITY_PBS_USE_BRDF2 UNITY_LIGHTMAP_FULL_HDR uKW=SHADER_STAGE_COMPUTE platform=d3d11 flags=0 ok=1 outsize=33276

Cmd: compileComputeKernel
  insize=9221 file=C:/Users/AJ/Desktop/Uni/Autodidacta/VFX/UnityVFX/Library/PackageCache/com.unity.visualeffectgraph@10.5.1/Shaders/Sort.compute kernel=BitonicSort128 cachingPP=1 ppOnly=0 stripLineD=0 buildPlatform=13 km=<BITONIC_SORT=BitonicSort128>,<ELEMENTS_COUNT=128>,<ITERATIONS_COUNT=1>,<FINAL_PASS=1>,<UNITY_VERSION=202039> pKW=UNITY_NO_DXT5nm UNITY_NO_RGBM UNITY_ENABLE_REFLECTION_BUFFERS UNITY_FRAMEBUFFER_FETCH_AVAILABLE UNITY_NO_CUBEMAP_ARRAY UNITY_NO_SCREENSPACE_SHADOWS UNITY_PBS_USE_BRDF2 SHADER_API_MOBILE UNITY_LIGHTMAP_FULL_HDR SHADER_API_GLES30 uKW=VFX_SORT_USE_ELEMENT_COUNT_BUFFER SHADER_STAGE_COMPUTE platform=gles3 flags=268439552 ok=1 outsize=4655

Cmd: compileComputeKernel
  insize=6144 file=C:/Users/AJ/Desktop/Uni/Autodidacta/VFX/UnityVFX/Library/PackageCache/com.unity.render-pipelines.high-definition@10.5.1/Runtime/RenderPipeline/RenderPass/GenerateMaxZ.compute kernel=ComputeFinalMask cachingPP=1 ppOnly=0 stripLineD=0 buildPlatform=13 km=<FINAL_MASK=1>,<UNITY_VERSION=202039> pKW=UNITY_NO_DXT5nm UNITY_ENABLE_REFLECTION_BUFFERS UNITY_NO_CUBEMAP_ARRAY UNITY_NO_SCREENSPACE_SHADOWS UNITY_PBS_USE_BRDF2 UNITY_LIGHTMAP_FULL_HDR uKW=SHADER_STAGE_COMPUTE platform=d3d11 flags=0 ok=1 outsize=1138

Cmd: compileComputeKernel
  insize=1909 file=C:/Users/AJ/Desktop/Uni/Autodidacta/VFX/UnityVFX/Library/PackageCache/com.unity.render-pipelines.high-definition@10.5.1/Runtime/PostProcessing/Shaders/DoFCoCMinMax.compute kernel=KMainCoCMinMax cachingPP=1 ppOnly=0 stripLineD=0 buildPlatform=13 km=<UNITY_VERSION=202039> pKW=UNITY_NO_DXT5nm UNITY_ENABLE_REFLECTION_BUFFERS UNITY_NO_CUBEMAP_ARRAY UNITY_NO_SCREENSPACE_SHADOWS UNITY_PBS_USE_BRDF2 UNITY_LIGHTMAP_FULL_HDR uKW=SHADER_STAGE_COMPUTE platform=d3d11 flags=0 ok=1 outsize=1231

Cmd: compileComputeKernel
  insize=801 file=C:/Users/AJ/Desktop/Uni/Autodidacta/VFX/UnityVFX/Library/PackageCache/com.unity.render-pipelines.high-definition@10.5.1/Runtime/PostProcessing/Shaders/NaNKiller.compute kernel=KMain cachingPP=1 ppOnly=0 stripLineD=0 buildPlatform=13 km=<UNITY_VERSION=202039> pKW=UNITY_NO_DXT5nm UNITY_ENABLE_REFLECTION_BUFFERS UNITY_NO_CUBEMAP_ARRAY UNITY_NO_SCREENSPACE_SHADOWS UNITY_PBS_USE_BRDF2 UNITY_LIGHTMAP_FULL_HDR uKW=SHADER_STAGE_COMPUTE platform=d3d11 flags=0 ok=1 outsize=741

Cmd: compileComputeKernel
  insize=2552 file=C:/Users/AJ/Desktop/Uni/Autodidacta/VFX/UnityVFX/Library/PackageCache/com.unity.render-pipelines.high-definition@10.5.1/Runtime/PostProcessing/Shaders/DepthOfFieldCoC.compute kernel=KMainPhysical cachingPP=1 ppOnly=0 stripLineD=0 buildPlatform=13 km=<UNITY_VERSION=202039> pKW=UNITY_NO_DXT5nm UNITY_ENABLE_REFLECTION_BUFFERS UNITY_NO_CUBEMAP_ARRAY UNITY_NO_SCREENSPACE_SHADOWS UNITY_PBS_USE_BRDF2 UNITY_LIGHTMAP_FULL_HDR uKW=SHADER_STAGE_COMPUTE platform=d3d11 flags=0 ok=1 outsize=983

Cmd: compileComputeKernel
  insize=3901 file=C:/Users/AJ/Desktop/Uni/Autodidacta/VFX/UnityVFX/Library/PackageCache/com.unity.render-pipelines.high-definition@10.5.1/Runtime/PostProcessing/Shaders/DepthOfFieldCombine.compute kernel=KMain cachingPP=1 ppOnly=0 stripLineD=0 buildPlatform=13 km=<UNITY_VERSION=202039> pKW=UNITY_NO_DXT5nm UNITY_ENABLE_REFLECTION_BUFFERS UNITY_NO_CUBEMAP_ARRAY UNITY_NO_SCREENSPACE_SHADOWS UNITY_PBS_USE_BRDF2 UNITY_LIGHTMAP_FULL_HDR uKW=ENABLE_ALPHA LOW_QUALITY SHADER_STAGE_COMPUTE platform=d3d11 flags=0 ok=1 outsize=433

Cmd: compileComputeKernel
  insize=3901 file=C:/Users/AJ/Desktop/Uni/Autodidacta/VFX/UnityVFX/Library/PackageCache/com.unity.render-pipelines.high-definition@10.5.1/Runtime/PostProcessing/Shaders/DepthOfFieldCombine.compute kernel=KMain cachingPP=1 ppOnly=0 stripLineD=0 buildPlatform=13 km=<UNITY_VERSION=202039> pKW=UNITY_NO_DXT5nm UNITY_ENABLE_REFLECTION_BUFFERS UNITY_NO_CUBEMAP_ARRAY UNITY_NO_SCREENSPACE_SHADOWS UNITY_PBS_USE_BRDF2 UNITY_LIGHTMAP_FULL_HDR uKW=ENABLE_ALPHA FAR LOW_QUALITY SHADER_STAGE_COMPUTE platform=d3d11 flags=0 ok=1 outsize=1582

Cmd: compileComputeKernel
  insize=4520 file=C:/Users/AJ/Desktop/Uni/Autodidacta/VFX/UnityVFX/Library/PackageCache/com.unity.render-pipelines.high-definition@10.5.1/Runtime/PostProcessing/Shaders/BloomPrefilter.compute kernel=KMain cachingPP=1 ppOnly=0 stripLineD=0 buildPlatform=13 km=<UNITY_VERSION=202039> pKW=UNITY_NO_DXT5nm UNITY_ENABLE_REFLECTION_BUFFERS UNITY_NO_CUBEMAP_ARRAY UNITY_NO_SCREENSPACE_SHADOWS UNITY_PBS_USE_BRDF2 UNITY_LIGHTMAP_FULL_HDR uKW=ENABLE_ALPHA HIGH_QUALITY SHADER_STAGE_COMPUTE platform=d3d11 flags=0 ok=1 outsize=10171

Cmd: compileComputeKernel
  insize=2148 file=C:/Users/AJ/Desktop/Uni/Autodidacta/VFX/UnityVFX/Library/PackageCache/com.unity.render-pipelines.high-definition@10.5.1/Runtime/PostProcessing/Shaders/DebugHistogramImage.compute kernel=KHistogramGen cachingPP=1 ppOnly=0 stripLineD=0 buildPlatform=13 km=<UNITY_VERSION=202039> pKW=UNITY_NO_DXT5nm UNITY_ENABLE_REFLECTION_BUFFERS UNITY_NO_CUBEMAP_ARRAY UNITY_NO_SCREENSPACE_SHADOWS UNITY_PBS_USE_BRDF2 UNITY_LIGHTMAP_FULL_HDR uKW=SHADER_STAGE_COMPUTE platform=d3d11 flags=0 ok=1 outsize=1855

Cmd: compileComputeKernel
  insize=6333 file=C:/Users/AJ/Desktop/Uni/Autodidacta/VFX/UnityVFX/Library/PackageCache/com.unity.render-pipelines.high-definition@10.5.1/Runtime/RenderPipeline/Raytracing/Shaders/Denoising/DiffuseShadowDenoiser.compute kernel=BilateralFilterHSingleSphere cachingPP=1 ppOnly=0 stripLineD=0 buildPlatform=13 km=<BILATERAL_FILTER=BilateralFilterHSingleSphere>,<SINGLE_CHANNEL=1>,<UNITY_VERSION=202039> pKW=UNITY_NO_DXT5nm UNITY_ENABLE_REFLECTION_BUFFERS UNITY_NO_CUBEMAP_ARRAY UNITY_NO_SCREENSPACE_SHADOWS UNITY_PBS_USE_BRDF2 UNITY_LIGHTMAP_FULL_HDR uKW=SHADER_STAGE_COMPUTE platform=d3d11 flags=0 ok=1 outsize=6725

Cmd: compileComputeKernel
  insize=10317 file=C:/Users/AJ/Desktop/Uni/Autodidacta/VFX/UnityVFX/Library/PackageCache/com.unity.render-pipelines.high-definition@10.5.1/Runtime/Lighting/ScreenSpaceLighting/GTAOBlurAndUpsample.compute kernel=BoxUpsampling cachingPP=1 ppOnly=0 stripLineD=0 buildPlatform=13 km=<UPSAMPLE_KERNEL=BoxUpsampling>,<UPSAMPLE_ONLY=1>,<BOX=1>,<UNITY_VERSION=202039> pKW=UNITY_NO_DXT5nm UNITY_NO_RGBM UNITY_ENABLE_REFLECTION_BUFFERS UNITY_FRAMEBUFFER_FETCH_AVAILABLE UNITY_NO_CUBEMAP_ARRAY UNITY_NO_SCREENSPACE_SHADOWS UNITY_PBS_USE_BRDF2 SHADER_API_MOBILE UNITY_LIGHTMAP_FULL_HDR SHADER_API_GLES30 uKW=SHADER_STAGE_COMPUTE platform=gles3 flags=268439552  error: 2 plat 9 at C:/Users/AJ/Desktop/Uni/Autodidacta/VFX/UnityVFX/Library/PackageCache/com.unity.render-pipelines.high-definition@10.5.1/Runtime/ShaderLibrary/ShaderVariablesFunctions.hlsl(119): syntax error: unexpected token '#'
 ok=0 outsize=0

Cmd: compileComputeKernel
  insize=9195 file=C:/Users/AJ/Desktop/Uni/Autodidacta/VFX/UnityVFX/Library/PackageCache/com.unity.render-pipelines.high-definition@10.5.1/Runtime/PostProcessing/Shaders/LutBuilder3D.compute kernel=KBuild cachingPP=1 ppOnly=0 stripLineD=0 buildPlatform=13 km=<UNITY_VERSION=202039> pKW=UNITY_NO_DXT5nm UNITY_ENABLE_REFLECTION_BUFFERS UNITY_NO_CUBEMAP_ARRAY UNITY_NO_SCREENSPACE_SHADOWS UNITY_PBS_USE_BRDF2 UNITY_LIGHTMAP_FULL_HDR uKW=TONEMAPPING_EXTERNAL SHADER_STAGE_COMPUTE platform=d3d11 flags=0 ok=1 outsize=8325

Cmd: compileComputeKernel
  insize=8927 file=C:/Users/AJ/Desktop/Uni/Autodidacta/VFX/UnityVFX/Library/PackageCache/com.unity.render-pipelines.high-definition@10.5.1/Runtime/PostProcessing/Shaders/UberPost.compute kernel=Uber cachingPP=1 ppOnly=0 stripLineD=0 buildPlatform=13 km=<UNITY_VERSION=202039> pKW=UNITY_NO_DXT5nm UNITY_ENABLE_REFLECTION_BUFFERS UNITY_NO_CUBEMAP_ARRAY UNITY_NO_SCREENSPACE_SHADOWS UNITY_PBS_USE_BRDF2 UNITY_LIGHTMAP_FULL_HDR uKW=ENABLE_ALPHA LENS_DISTORTION VIGNETTE SHADER_STAGE_COMPUTE platform=d3d11 flags=0 ok=1 outsize=6642

Cmd: compileComputeKernel
  insize=8927 file=C:/Users/AJ/Desktop/Uni/Autodidacta/VFX/UnityVFX/Library/PackageCache/com.unity.render-pipelines.high-definition@10.5.1/Runtime/PostProcessing/Shaders/UberPost.compute kernel=Uber cachingPP=1 ppOnly=0 stripLineD=0 buildPlatform=13 km=<UNITY_VERSION=202039> pKW=UNITY_NO_DXT5nm UNITY_ENABLE_REFLECTION_BUFFERS UNITY_NO_CUBEMAP_ARRAY UNITY_NO_SCREENSPACE_SHADOWS UNITY_PBS_USE_BRDF2 UNITY_LIGHTMAP_FULL_HDR uKW=CHROMATIC_ABERRATION LENS_DISTORTION SHADER_STAGE_COMPUTE platform=d3d11 flags=0 ok=1 outsize=7479

Cmd: compileComputeKernel
  insize=10989 file=C:/Users/AJ/Desktop/Uni/Autodidacta/VFX/UnityVFX/Library/PackageCache/com.unity.render-pipelines.high-definition@10.5.1/Runtime/RenderPipeline/Raytracing/Shaders/IndirectDiffuse/RaytracingIndirectDiffuse.compute kernel=RaytracingIndirectDiffuseFullRes cachingPP=1 ppOnly=0 stripLineD=0 buildPlatform=13 km=<UNITY_VERSION=202039> pKW=UNITY_NO_DXT5nm UNITY_ENABLE_REFLECTION_BUFFERS UNITY_NO_CUBEMAP_ARRAY UNITY_NO_SCREENSPACE_SHADOWS UNITY_PBS_USE_BRDF2 UNITY_LIGHTMAP_FULL_HDR uKW=SHADER_STAGE_COMPUTE platform=d3d11 flags=0 ok=1 outsize=3355

Cmd: compileComputeKernel
  insize=3145 file=C:/Users/AJ/Desktop/Uni/Autodidacta/VFX/UnityVFX/Library/PackageCache/com.unity.render-pipelines.high-definition@10.5.1/Runtime/RenderPipeline/Raytracing/Shaders/DebugLightCluster.compute kernel=DebugLightCluster cachingPP=1 ppOnly=0 stripLineD=0 buildPlatform=13 km=<UNITY_VERSION=202039> pKW=UNITY_NO_DXT5nm UNITY_ENABLE_REFLECTION_BUFFERS UNITY_NO_CUBEMAP_ARRAY UNITY_NO_SCREENSPACE_SHADOWS UNITY_PBS_USE_BRDF2 UNITY_LIGHTMAP_FULL_HDR uKW=SHADER_STAGE_COMPUTE platform=d3d11 flags=0 ok=1 outsize=2624

Cmd: compileComputeKernel
  insize=26393 file=C:/Users/AJ/Desktop/Uni/Autodidacta/VFX/UnityVFX/Library/PackageCache/com.unity.render-pipelines.high-definition@10.5.1/Runtime/Lighting/LightLoop/lightlistbuild-clustered.compute kernel=TileLightListGen_DepthRT_SrcBigTile_Oblique cachingPP=1 ppOnly=0 stripLineD=0 buildPlatform=13 km=<LIGHTLISTGEN=TileLightListGen_DepthRT_SrcBigTile_Oblique>,<ENABLE_DEPTH_TEXTURE_BACKPLANE=1>,<USE_TWO_PASS_TILED_LIGHTING=1>,<USE_OBLIQUE_MODE=1>,<UNITY_VERSION=202039> pKW=UNITY_NO_DXT5nm UNITY_ENABLE_REFLECTION_BUFFERS UNITY_NO_CUBEMAP_ARRAY UNITY_NO_SCREENSPACE_SHADOWS UNITY_PBS_USE_BRDF2 UNITY_LIGHTMAP_FULL_HDR uKW=SHADER_STAGE_COMPUTE platform=d3d11 flags=0 ok=1 outsize=15439

Cmd: compileComputeKernel
  insize=3722 file=C:/Users/AJ/Desktop/Uni/Autodidacta/VFX/UnityVFX/Library/PackageCache/com.unity.render-pipelines.high-definition@10.5.1/Runtime/PostProcessing/Shaders/DepthOfFieldPrefilter.compute kernel=KMain cachingPP=1 ppOnly=0 stripLineD=0 buildPlatform=13 km=<UNITY_VERSION=202039> pKW=UNITY_NO_DXT5nm UNITY_ENABLE_REFLECTION_BUFFERS UNITY_NO_CUBEMAP_ARRAY UNITY_NO_SCREENSPACE_SHADOWS UNITY_PBS_USE_BRDF2 UNITY_LIGHTMAP_FULL_HDR uKW=ENABLE_ALPHA FULL_RES SHADER_STAGE_COMPUTE platform=d3d11 flags=0 ok=1 outsize=222

Cmd: compileComputeKernel
  insize=3722 file=C:/Users/AJ/Desktop/Uni/Autodidacta/VFX/UnityVFX/Library/PackageCache/com.unity.render-pipelines.high-definition@10.5.1/Runtime/PostProcessing/Shaders/DepthOfFieldPrefilter.compute kernel=KMain cachingPP=1 ppOnly=0 stripLineD=0 buildPlatform=13 km=<UNITY_VERSION=202039> pKW=UNITY_NO_DXT5nm UNITY_ENABLE_REFLECTION_BUFFERS UNITY_NO_CUBEMAP_ARRAY UNITY_NO_SCREENSPACE_SHADOWS UNITY_PBS_USE_BRDF2 UNITY_LIGHTMAP_FULL_HDR uKW=FAR FULL_RES NEAR SHADER_STAGE_COMPUTE platform=d3d11 flags=0 ok=1 outsize=871

Cmd: compileComputeKernel
  insize=3722 file=C:/Users/AJ/Desktop/Uni/Autodidacta/VFX/UnityVFX/Library/PackageCache/com.unity.render-pipelines.high-definition@10.5.1/Runtime/PostProcessing/Shaders/DepthOfFieldPrefilter.compute kernel=KMain cachingPP=1 ppOnly=0 stripLineD=0 buildPlatform=13 km=<UNITY_VERSION=202039> pKW=UNITY_NO_DXT5nm UNITY_ENABLE_REFLECTION_BUFFERS UNITY_NO_CUBEMAP_ARRAY UNITY_NO_SCREENSPACE_SHADOWS UNITY_PBS_USE_BRDF2 UNITY_LIGHTMAP_FULL_HDR uKW=FAR NEAR SHADER_STAGE_COMPUTE platform=d3d11 flags=0 ok=1 outsize=3435

Cmd: compileComputeKernel
  insize=4336 file=C:/Users/AJ/Desktop/Uni/Autodidacta/VFX/UnityVFX/Library/PackageCache/com.unity.render-pipelines.high-definition@10.5.1/Runtime/ShaderLibrary/ResolveStencilBuffer.compute kernel=MAIN_MSAA_2_RESOLVE_ONLY cachingPP=1 ppOnly=0 stripLineD=0 buildPlatform=13 km=<KERNEL_NAME=MAIN_MSAA_2_RESOLVE_ONLY>,<NUM_SAMPLES=2>,<MSAA=1>,<RESOLVE=1>,<UNITY_VERSION=202039> pKW=UNITY_NO_DXT5nm UNITY_ENABLE_REFLECTION_BUFFERS UNITY_NO_CUBEMAP_ARRAY UNITY_NO_SCREENSPACE_SHADOWS UNITY_PBS_USE_BRDF2 UNITY_LIGHTMAP_FULL_HDR uKW=SHADER_STAGE_COMPUTE platform=d3d11 flags=0 ok=1 outsize=713

Cmd: compileComputeKernel
  insize=4336 file=C:/Users/AJ/Desktop/Uni/Autodidacta/VFX/UnityVFX/Library/PackageCache/com.unity.render-pipelines.high-definition@10.5.1/Runtime/ShaderLibrary/ResolveStencilBuffer.compute kernel=MAIN_MSAA_4 cachingPP=1 ppOnly=0 stripLineD=0 buildPlatform=13 km=<KERNEL_NAME=MAIN_MSAA_4>,<NUM_SAMPLES=4>,<MSAA=1>,<COARSE_STENCIL=1>,<UNITY_VERSION=202039> pKW=UNITY_NO_DXT5nm UNITY_ENABLE_REFLECTION_BUFFERS UNITY_NO_CUBEMAP_ARRAY UNITY_NO_SCREENSPACE_SHADOWS UNITY_PBS_USE_BRDF2 UNITY_LIGHTMAP_FULL_HDR uKW=SHADER_STAGE_COMPUTE platform=d3d11 flags=0 ok=1 outsize=1096

Cmd: compileComputeKernel
  insize=4779 file=C:/Users/AJ/Desktop/Uni/Autodidacta/VFX/UnityVFX/Library/PackageCache/com.unity.render-pipelines.high-definition@10.5.1/Runtime/Lighting/ScreenSpaceLighting/GTAOSpatialDenoise.compute kernel=SpatialDenoise cachingPP=1 ppOnly=0 stripLineD=0 buildPlatform=13 km=<UNITY_VERSION=202039> pKW=UNITY_NO_DXT5nm UNITY_ENABLE_REFLECTION_BUFFERS UNITY_NO_CUBEMAP_ARRAY UNITY_NO_SCREENSPACE_SHADOWS UNITY_PBS_USE_BRDF2 UNITY_LIGHTMAP_FULL_HDR uKW=TO_TEMPORAL SHADER_STAGE_COMPUTE platform=d3d11 flags=0 ok=1 outsize=4259

Cmd: compileComputeKernel
  insize=13292 file=C:/Users/AJ/Desktop/Uni/Autodidacta/VFX/UnityVFX/Library/PackageCache/com.unity.render-pipelines.high-definition@10.5.1/Runtime/Lighting/ScreenSpaceLighting/SSGIDenoiser.compute kernel=SpatialFilterHalf cachingPP=1 ppOnly=0 stripLineD=0 buildPlatform=13 km=<SPATIAL_FILTER=SpatialFilterHalf>,<HALF_RES=1>,<UNITY_VERSION=202039> pKW=UNITY_NO_DXT5nm UNITY_NO_RGBM UNITY_ENABLE_REFLECTION_BUFFERS UNITY_FRAMEBUFFER_FETCH_AVAILABLE UNITY_NO_CUBEMAP_ARRAY UNITY_NO_SCREENSPACE_SHADOWS UNITY_PBS_USE_BRDF2 SHADER_API_MOBILE UNITY_LIGHTMAP_FULL_HDR SHADER_API_GLES30 uKW=SHADER_STAGE_COMPUTE platform=gles3 flags=268439552  error: 2 plat 9 at C:/Users/AJ/Desktop/Uni/Autodidacta/VFX/UnityVFX/Library/PackageCache/com.unity.render-pipelines.high-definition@10.5.1/Runtime/ShaderLibrary/ShaderVariablesFunctions.hlsl(119): syntax error: unexpected token '#'
 ok=0 outsize=0

Cmd: compileComputeKernel
  insize=3598 file=C:/Users/AJ/Desktop/Uni/Autodidacta/VFX/UnityVFX/Library/PackageCache/com.unity.render-pipelines.high-definition@10.5.1/Runtime/Debug/DebugLightVolumes.compute kernel=LightVolumeGradient cachingPP=1 ppOnly=0 stripLineD=0 buildPlatform=13 km=<UNITY_VERSION=202039> pKW=UNITY_NO_DXT5nm UNITY_NO_RGBM UNITY_ENABLE_REFLECTION_BUFFERS UNITY_FRAMEBUFFER_FETCH_AVAILABLE UNITY_NO_CUBEMAP_ARRAY UNITY_NO_SCREENSPACE_SHADOWS UNITY_PBS_USE_BRDF2 SHADER_API_MOBILE UNITY_LIGHTMAP_FULL_HDR SHADER_API_GLES30 uKW=SHADER_STAGE_COMPUTE platform=gles3 flags=268439552  error: 2 plat 9 at C:/Users/AJ/Desktop/Uni/Autodidacta/VFX/UnityVFX/Library/PackageCache/com.unity.render-pipelines.high-definition@10.5.1/Runtime/ShaderLibrary/ShaderVariablesFunctions.hlsl(119): syntax error: unexpected token '#'
 ok=0 outsize=0

Cmd: compileComputeKernel
  insize=3879 file=C:/Users/AJ/Desktop/Uni/Autodidacta/VFX/UnityVFX/Library/PackageCache/com.unity.render-pipelines.high-definition@10.5.1/Runtime/PostProcessing/Shaders/PaniniProjection.compute kernel=KMain cachingPP=1 ppOnly=0 stripLineD=0 buildPlatform=13 km=<UNITY_VERSION=202039> pKW=UNITY_NO_DXT5nm UNITY_ENABLE_REFLECTION_BUFFERS UNITY_NO_CUBEMAP_ARRAY UNITY_NO_SCREENSPACE_SHADOWS UNITY_PBS_USE_BRDF2 UNITY_LIGHTMAP_FULL_HDR uKW=UNITDISTANCE SHADER_STAGE_COMPUTE platform=d3d11 flags=0 ok=1 outsize=1621

Cmd: compileComputeKernel
  insize=10754 file=C:/Users/AJ/Desktop/Uni/Autodidacta/VFX/UnityVFX/Library/PackageCache/com.unity.render-pipelines.high-definition@10.5.1/Runtime/Lighting/LightLoop/Deferred.compute kernel=Deferred_Indirect_Fptl_Variant28 cachingPP=1 ppOnly=0 stripLineD=0 buildPlatform=13 km=<SHADE_OPAQUE_ENTRY=Deferred_Indirect_Fptl_Variant28>,<USE_INDIRECT=1>,<VARIANT=28>,<UNITY_VERSION=202039> pKW=UNITY_NO_DXT5nm UNITY_ENABLE_REFLECTION_BUFFERS UNITY_NO_CUBEMAP_ARRAY UNITY_NO_SCREENSPACE_SHADOWS UNITY_PBS_USE_BRDF2 UNITY_LIGHTMAP_FULL_HDR uKW=SCREEN_SPACE_SHADOWS_ON SHADOWS_SHADOWMASK SHADOW_LOW SHADER_STAGE_COMPUTE platform=d3d11 flags=0 ok=1 outsize=114838

Cmd: compileComputeKernel
  insize=11906 file=C:/Users/AJ/Desktop/Uni/Autodidacta/VFX/UnityVFX/Library/PackageCache/com.unity.render-pipelines.high-definition@10.5.1/Runtime/Lighting/Shadow/MomentShadows.compute kernel=MomentSummedAreaTableHorizontal cachingPP=1 ppOnly=0 stripLineD=0 buildPlatform=13 km=<UNITY_VERSION=202039> pKW=UNITY_NO_DXT5nm UNITY_NO_RGBM UNITY_ENABLE_REFLECTION_BUFFERS UNITY_FRAMEBUFFER_FETCH_AVAILABLE UNITY_NO_CUBEMAP_ARRAY UNITY_NO_SCREENSPACE_SHADOWS UNITY_PBS_USE_BRDF2 SHADER_API_MOBILE UNITY_LIGHTMAP_FULL_HDR SHADER_API_GLES30 uKW=SHADER_STAGE_COMPUTE platform=gles3 flags=268439552  error: 2 plat 9 at C:/Users/AJ/Desktop/Uni/Autodidacta/VFX/UnityVFX/Library/PackageCache/com.unity.render-pipelines.high-definition@10.5.1/Runtime/ShaderLibrary/ShaderVariablesFunctions.hlsl(119): syntax error: unexpected token '#'
 ok=0 outsize=0

Cmd: compileComputeKernel
  insize=1416 file=C:/Users/AJ/Desktop/Uni/Autodidacta/VFX/UnityVFX/Library/PackageCache/com.unity.render-pipelines.high-definition@10.5.1/Runtime/PostProcessing/Shaders/FXAA.compute kernel=FXAA cachingPP=1 ppOnly=0 stripLineD=0 buildPlatform=13 km=<UNITY_VERSION=202039> pKW=UNITY_NO_DXT5nm UNITY_NO_RGBM UNITY_ENABLE_REFLECTION_BUFFERS UNITY_FRAMEBUFFER_FETCH_AVAILABLE UNITY_NO_CUBEMAP_ARRAY UNITY_NO_SCREENSPACE_SHADOWS UNITY_PBS_USE_BRDF2 SHADER_API_MOBILE UNITY_LIGHTMAP_FULL_HDR SHADER_API_GLES30 uKW=SHADER_STAGE_COMPUTE platform=gles3 flags=268439552  error: 2 plat 9 at C:/Users/AJ/Desktop/Uni/Autodidacta/VFX/UnityVFX/Library/PackageCache/com.unity.render-pipelines.high-definition@10.5.1/Runtime/ShaderLibrary/ShaderVariablesFunctions.hlsl(119): syntax error: unexpected token '#'
 ok=0 outsize=0

Cmd: compileComputeKernel
  insize=10317 file=C:/Users/AJ/Desktop/Uni/Autodidacta/VFX/UnityVFX/Library/PackageCache/com.unity.render-pipelines.high-definition@10.5.1/Runtime/Lighting/ScreenSpaceLighting/GTAOBlurAndUpsample.compute kernel=BlurUpsample cachingPP=1 ppOnly=0 stripLineD=0 buildPlatform=13 km=<BLUR_AND_UPSAMPLE=1>,<UNITY_VERSION=202039> pKW=UNITY_NO_DXT5nm UNITY_NO_RGBM UNITY_ENABLE_REFLECTION_BUFFERS UNITY_FRAMEBUFFER_FETCH_AVAILABLE UNITY_NO_CUBEMAP_ARRAY UNITY_NO_SCREENSPACE_SHADOWS UNITY_PBS_USE_BRDF2 SHADER_API_MOBILE UNITY_LIGHTMAP_FULL_HDR SHADER_API_GLES30 uKW=SHADER_STAGE_COMPUTE platform=gles3 flags=268439552  error: 2 plat 9 at C:/Users/AJ/Desktop/Uni/Autodidacta/VFX/UnityVFX/Library/PackageCache/com.unity.render-pipelines.high-definition@10.5.1/Runtime/ShaderLibrary/ShaderVariablesFunctions.hlsl(119): syntax error: unexpected token '#'
 ok=0 outsize=0

Cmd: compileComputeKernel
  insize=10754 file=C:/Users/AJ/Desktop/Uni/Autodidacta/VFX/UnityVFX/Library/PackageCache/com.unity.render-pipelines.high-definition@10.5.1/Runtime/Lighting/LightLoop/Deferred.compute kernel=Deferred_Indirect_Fptl_Variant28 cachingPP=1 ppOnly=0 stripLineD=0 buildPlatform=13 km=<SHADE_OPAQUE_ENTRY=Deferred_Indirect_Fptl_Variant28>,<USE_INDIRECT=1>,<VARIANT=28>,<UNITY_VERSION=202039> pKW=UNITY_NO_DXT5nm UNITY_ENABLE_REFLECTION_BUFFERS UNITY_NO_CUBEMAP_ARRAY UNITY_NO_SCREENSPACE_SHADOWS UNITY_PBS_USE_BRDF2 UNITY_LIGHTMAP_FULL_HDR uKW=SCREEN_SPACE_SHADOWS_ON SHADOWS_SHADOWMASK SHADOW_MEDIUM SHADER_STAGE_COMPUTE platform=d3d11 flags=0 ok=1 outsize=118454

Cmd: compileComputeKernel
  insize=10754 file=C:/Users/AJ/Desktop/Uni/Autodidacta/VFX/UnityVFX/Library/PackageCache/com.unity.render-pipelines.high-definition@10.5.1/Runtime/Lighting/LightLoop/Deferred.compute kernel=Deferred_Indirect_Fptl_Variant26 cachingPP=1 ppOnly=0 stripLineD=0 buildPlatform=13 km=<SHADE_OPAQUE_ENTRY=Deferred_Indirect_Fptl_Variant26>,<USE_INDIRECT=1>,<VARIANT=26>,<UNITY_VERSION=202039> pKW=UNITY_NO_DXT5nm UNITY_ENABLE_REFLECTION_BUFFERS UNITY_NO_CUBEMAP_ARRAY UNITY_NO_SCREENSPACE_SHADOWS UNITY_PBS_USE_BRDF2 UNITY_LIGHTMAP_FULL_HDR uKW=SCREEN_SPACE_SHADOWS_ON SHADOW_HIGH SHADER_STAGE_COMPUTE platform=d3d11 flags=0 ok=1 outsize=56952

Cmd: compileComputeKernel
  insize=10754 file=C:/Users/AJ/Desktop/Uni/Autodidacta/VFX/UnityVFX/Library/PackageCache/com.unity.render-pipelines.high-definition@10.5.1/Runtime/Lighting/LightLoop/Deferred.compute kernel=Deferred_Indirect_Fptl_Variant25 cachingPP=1 ppOnly=0 stripLineD=0 buildPlatform=13 km=<SHADE_OPAQUE_ENTRY=Deferred_Indirect_Fptl_Variant25>,<USE_INDIRECT=1>,<VARIANT=25>,<UNITY_VERSION=202039> pKW=UNITY_NO_DXT5nm UNITY_ENABLE_REFLECTION_BUFFERS UNITY_NO_CUBEMAP_ARRAY UNITY_NO_SCREENSPACE_SHADOWS UNITY_PBS_USE_BRDF2 UNITY_LIGHTMAP_FULL_HDR uKW=SCREEN_SPACE_SHADOWS_ON SHADOWS_SHADOWMASK SHADOW_HIGH SHADER_STAGE_COMPUTE platform=d3d11 flags=0 ok=1 outsize=42073

Cmd: compileComputeKernel
  insize=10754 file=C:/Users/AJ/Desktop/Uni/Autodidacta/VFX/UnityVFX/Library/PackageCache/com.unity.render-pipelines.high-definition@10.5.1/Runtime/Lighting/LightLoop/Deferred.compute kernel=Deferred_Indirect_Fptl_Variant23 cachingPP=1 ppOnly=0 stripLineD=0 buildPlatform=13 km=<SHADE_OPAQUE_ENTRY=Deferred_Indirect_Fptl_Variant23>,<USE_INDIRECT=1>,<VARIANT=23>,<UNITY_VERSION=202039> pKW=UNITY_NO_DXT5nm UNITY_ENABLE_REFLECTION_BUFFERS UNITY_NO_CUBEMAP_ARRAY UNITY_NO_SCREENSPACE_SHADOWS UNITY_PBS_USE_BRDF2 UNITY_LIGHTMAP_FULL_HDR uKW=SCREEN_SPACE_SHADOWS_OFF SHADOWS_SHADOWMASK SHADOW_HIGH SHADER_STAGE_COMPUTE platform=d3d11 flags=0 ok=1 outsize=48587

Cmd: compileComputeKernel
  insize=10754 file=C:/Users/AJ/Desktop/Uni/Autodidacta/VFX/UnityVFX/Library/PackageCache/com.unity.render-pipelines.high-definition@10.5.1/Runtime/Lighting/LightLoop/Deferred.compute kernel=Deferred_Indirect_Fptl_Variant22 cachingPP=1 ppOnly=0 stripLineD=0 buildPlatform=13 km=<SHADE_OPAQUE_ENTRY=Deferred_Indirect_Fptl_Variant22>,<USE_INDIRECT=1>,<VARIANT=22>,<UNITY_VERSION=202039> pKW=UNITY_NO_DXT5nm UNITY_ENABLE_REFLECTION_BUFFERS UNITY_NO_CUBEMAP_ARRAY UNITY_NO_SCREENSPACE_SHADOWS UNITY_PBS_USE_BRDF2 UNITY_LIGHTMAP_FULL_HDR uKW=SCREEN_SPACE_SHADOWS_ON SHADOWS_SHADOWMASK SHADOW_LOW SHADER_STAGE_COMPUTE platform=d3d11 flags=0 ok=1 outsize=92093

Cmd: compileComputeKernel
  insize=10754 file=C:/Users/AJ/Desktop/Uni/Autodidacta/VFX/UnityVFX/Library/PackageCache/com.unity.render-pipelines.high-definition@10.5.1/Runtime/Lighting/LightLoop/Deferred.compute kernel=Deferred_Indirect_Fptl_Variant21 cachingPP=1 ppOnly=0 stripLineD=0 buildPlatform=13 km=<SHADE_OPAQUE_ENTRY=Deferred_Indirect_Fptl_Variant21>,<USE_INDIRECT=1>,<VARIANT=21>,<UNITY_VERSION=202039> pKW=UNITY_NO_DXT5nm UNITY_ENABLE_REFLECTION_BUFFERS UNITY_NO_CUBEMAP_ARRAY UNITY_NO_SCREENSPACE_SHADOWS UNITY_PBS_USE_BRDF2 UNITY_LIGHTMAP_FULL_HDR uKW=SCREEN_SPACE_SHADOWS_OFF SHADOW_HIGH SHADER_STAGE_COMPUTE platform=d3d11 flags=0 ok=1 outsize=59642

Cmd: compileComputeKernel
  insize=10754 file=C:/Users/AJ/Desktop/Uni/Autodidacta/VFX/UnityVFX/Library/PackageCache/com.unity.render-pipelines.high-definition@10.5.1/Runtime/Lighting/LightLoop/Deferred.compute kernel=Deferred_Indirect_Fptl_Variant20 cachingPP=1 ppOnly=0 stripLineD=0 buildPlatform=13 km=<SHADE_OPAQUE_ENTRY=Deferred_Indirect_Fptl_Variant20>,<USE_INDIRECT=1>,<VARIANT=20>,<UNITY_VERSION=202039> pKW=UNITY_NO_DXT5nm UNITY_ENABLE_REFLECTION_BUFFERS UNITY_NO_CUBEMAP_ARRAY UNITY_NO_SCREENSPACE_SHADOWS UNITY_PBS_USE_BRDF2 UNITY_LIGHTMAP_FULL_HDR uKW=SCREEN_SPACE_SHADOWS_OFF SHADOWS_SHADOWMASK SHADOW_LOW SHADER_STAGE_COMPUTE platform=d3d11 flags=0 ok=1 outsize=41451

Cmd: compileComputeKernel
  insize=10754 file=C:/Users/AJ/Desktop/Uni/Autodidacta/VFX/UnityVFX/Library/PackageCache/com.unity.render-pipelines.high-definition@10.5.1/Runtime/Lighting/LightLoop/Deferred.compute kernel=Deferred_Indirect_Fptl_Variant18 cachingPP=1 ppOnly=0 stripLineD=0 buildPlatform=13 km=<SHADE_OPAQUE_ENTRY=Deferred_Indirect_Fptl_Variant18>,<USE_INDIRECT=1>,<VARIANT=18>,<UNITY_VERSION=202039> pKW=UNITY_NO_DXT5nm UNITY_ENABLE_REFLECTION_BUFFERS UNITY_NO_CUBEMAP_ARRAY UNITY_NO_SCREENSPACE_SHADOWS UNITY_PBS_USE_BRDF2 UNITY_LIGHTMAP_FULL_HDR uKW=SCREEN_SPACE_SHADOWS_ON SHADOWS_SHADOWMASK SHADOW_MEDIUM SHADER_STAGE_COMPUTE platform=d3d11 flags=0 ok=1 outsize=47653

Cmd: compileComputeKernel
  insize=10754 file=C:/Users/AJ/Desktop/Uni/Autodidacta/VFX/UnityVFX/Library/PackageCache/com.unity.render-pipelines.high-definition@10.5.1/Runtime/Lighting/LightLoop/Deferred.compute kernel=Deferred_Indirect_Fptl_Variant17 cachingPP=1 ppOnly=0 stripLineD=0 buildPlatform=13 km=<SHADE_OPAQUE_ENTRY=Deferred_Indirect_Fptl_Variant17>,<USE_INDIRECT=1>,<VARIANT=17>,<UNITY_VERSION=202039> pKW=UNITY_NO_DXT5nm UNITY_ENABLE_REFLECTION_BUFFERS UNITY_NO_CUBEMAP_ARRAY UNITY_NO_SCREENSPACE_SHADOWS UNITY_PBS_USE_BRDF2 UNITY_LIGHTMAP_FULL_HDR uKW=SCREEN_SPACE_SHADOWS_ON SHADOWS_SHADOWMASK SHADOW_MEDIUM SHADER_STAGE_COMPUTE platform=d3d11 flags=0 ok=1 outsize=84333

Cmd: compileComputeKernel
  insize=10754 file=C:/Users/AJ/Desktop/Uni/Autodidacta/VFX/UnityVFX/Library/PackageCache/com.unity.render-pipelines.high-definition@10.5.1/Runtime/Lighting/LightLoop/Deferred.compute kernel=Deferred_Indirect_Fptl_Variant15 cachingPP=1 ppOnly=0 stripLineD=0 buildPlatform=13 km=<SHADE_OPAQUE_ENTRY=Deferred_Indirect_Fptl_Variant15>,<USE_INDIRECT=1>,<VARIANT=15>,<UNITY_VERSION=202039> pKW=UNITY_NO_DXT5nm UNITY_ENABLE_REFLECTION_BUFFERS UNITY_NO_CUBEMAP_ARRAY UNITY_NO_SCREENSPACE_SHADOWS UNITY_PBS_USE_BRDF2 UNITY_LIGHTMAP_FULL_HDR uKW=SCREEN_SPACE_SHADOWS_ON SHADOWS_SHADOWMASK SHADOW_LOW SHADER_STAGE_COMPUTE platform=d3d11 flags=0 ok=1 outsize=38901

Cmd: compileComputeKernel
  insize=10754 file=C:/Users/AJ/Desktop/Uni/Autodidacta/VFX/UnityVFX/Library/PackageCache/com.unity.render-pipelines.high-definition@10.5.1/Runtime/Lighting/LightLoop/Deferred.compute kernel=Deferred_Indirect_Fptl_Variant14 cachingPP=1 ppOnly=0 stripLineD=0 buildPlatform=13 km=<SHADE_OPAQUE_ENTRY=Deferred_Indirect_Fptl_Variant14>,<USE_INDIRECT=1>,<VARIANT=14>,<UNITY_VERSION=202039> pKW=UNITY_NO_DXT5nm UNITY_ENABLE_REFLECTION_BUFFERS UNITY_NO_CUBEMAP_ARRAY UNITY_NO_SCREENSPACE_SHADOWS UNITY_PBS_USE_BRDF2 UNITY_LIGHTMAP_FULL_HDR uKW=SCREEN_SPACE_SHADOWS_OFF SHADOW_LOW SHADER_STAGE_COMPUTE platform=d3d11 flags=0 ok=1 outsize=53222

Cmd: compileComputeKernel
  insize=10754 file=C:/Users/AJ/Desktop/Uni/Autodidacta/VFX/UnityVFX/Library/PackageCache/com.unity.render-pipelines.high-definition@10.5.1/Runtime/Lighting/LightLoop/Deferred.compute kernel=Deferred_Indirect_Fptl_Variant13 cachingPP=1 ppOnly=0 stripLineD=0 buildPlatform=13 km=<SHADE_OPAQUE_ENTRY=Deferred_Indirect_Fptl_Variant13>,<USE_INDIRECT=1>,<VARIANT=13>,<UNITY_VERSION=202039> pKW=UNITY_NO_DXT5nm UNITY_ENABLE_REFLECTION_BUFFERS UNITY_NO_CUBEMAP_ARRAY UNITY_NO_SCREENSPACE_SHADOWS UNITY_PBS_USE_BRDF2 UNITY_LIGHTMAP_FULL_HDR uKW=SCREEN_SPACE_SHADOWS_ON SHADOW_MEDIUM SHADER_STAGE_COMPUTE platform=d3d11 flags=0 ok=1 outsize=45695

Cmd: compileComputeKernel
  insize=10754 file=C:/Users/AJ/Desktop/Uni/Autodidacta/VFX/UnityVFX/Library/PackageCache/com.unity.render-pipelines.high-definition@10.5.1/Runtime/Lighting/LightLoop/Deferred.compute kernel=Deferred_Indirect_Fptl_Variant12 cachingPP=1 ppOnly=0 stripLineD=0 buildPlatform=13 km=<SHADE_OPAQUE_ENTRY=Deferred_Indirect_Fptl_Variant12>,<USE_INDIRECT=1>,<VARIANT=12>,<UNITY_VERSION=202039> pKW=UNITY_NO_DXT5nm UNITY_ENABLE_REFLECTION_BUFFERS UNITY_NO_CUBEMAP_ARRAY UNITY_NO_SCREENSPACE_SHADOWS UNITY_PBS_USE_BRDF2 UNITY_LIGHTMAP_FULL_HDR uKW=SCREEN_SPACE_SHADOWS_OFF SHADOW_LOW SHADER_STAGE_COMPUTE platform=d3d11 flags=0 ok=1 outsize=88008

Cmd: compileComputeKernel
  insize=39136 file=C:/Users/AJ/Desktop/Uni/Autodidacta/VFX/UnityVFX/Library/PackageCache/com.unity.render-pipelines.high-definition@10.5.1/Runtime/Lighting/VolumetricLighting/VolumetricLighting.compute kernel=VolumetricLighting cachingPP=1 ppOnly=0 stripLineD=0 buildPlatform=13 km=<UNITY_VERSION=202039> pKW=UNITY_NO_DXT5nm UNITY_NO_RGBM UNITY_ENABLE_REFLECTION_BUFFERS UNITY_NO_CUBEMAP_ARRAY UNITY_NO_SCREENSPACE_SHADOWS UNITY_PBS_USE_BRDF2 SHADER_API_MOBILE UNITY_LIGHTMAP_FULL_HDR uKW=ENABLE_REPROJECTION LIGHTLOOP_DISABLE_TILE_AND_CLUSTER SUPPORT_LOCAL_LIGHTS VL_PRESET_OPTIMAL SHADER_STAGE_COMPUTE platform=vulkan flags=268439552 ok=1 outsize=221953

Cmd: compileComputeKernel
  insize=39136 file=C:/Users/AJ/Desktop/Uni/Autodidacta/VFX/UnityVFX/Library/PackageCache/com.unity.render-pipelines.high-definition@10.5.1/Runtime/Lighting/VolumetricLighting/VolumetricLighting.compute kernel=VolumetricLighting cachingPP=1 ppOnly=0 stripLineD=0 buildPlatform=13 km=<UNITY_VERSION=202039> pKW=UNITY_NO_DXT5nm UNITY_NO_RGBM UNITY_ENABLE_REFLECTION_BUFFERS UNITY_NO_CUBEMAP_ARRAY UNITY_NO_SCREENSPACE_SHADOWS UNITY_PBS_USE_BRDF2 SHADER_API_MOBILE UNITY_LIGHTMAP_FULL_HDR uKW=ENABLE_ANISOTROPY SHADER_STAGE_COMPUTE platform=vulkan flags=268439552 ok=1 outsize=77644

Cmd: compileComputeKernel
  insize=2685 file=C:/Users/AJ/Desktop/Uni/Autodidacta/VFX/UnityVFX/Library/PackageCache/com.unity.render-pipelines.high-definition@10.5.1/Runtime/PostProcessing/Shaders/DepthOfFieldTileMax.compute kernel=KMain cachingPP=1 ppOnly=0 stripLineD=0 buildPlatform=13 km=<UNITY_VERSION=202039> pKW=UNITY_NO_DXT5nm UNITY_NO_RGBM UNITY_ENABLE_REFLECTION_BUFFERS UNITY_NO_CUBEMAP_ARRAY UNITY_NO_SCREENSPACE_SHADOWS UNITY_PBS_USE_BRDF2 SHADER_API_MOBILE UNITY_LIGHTMAP_FULL_HDR uKW=SHADER_STAGE_COMPUTE platform=vulkan flags=268439552 ok=1 outsize=754

Cmd: compileComputeKernel
  insize=6129 file=C:/Users/AJ/Desktop/Uni/Autodidacta/VFX/UnityVFX/Library/PackageCache/com.unity.render-pipelines.high-definition@10.5.1/Runtime/PostProcessing/Shaders/MotionBlurMotionVecPrep.compute kernel=MotionVecPreppingCS cachingPP=1 ppOnly=0 stripLineD=0 buildPlatform=13 km=<MOTION_VEC_PREPPING=1>,<UNITY_VERSION=202039> pKW=UNITY_NO_DXT5nm UNITY_NO_RGBM UNITY_ENABLE_REFLECTION_BUFFERS UNITY_NO_CUBEMAP_ARRAY UNITY_NO_SCREENSPACE_SHADOWS UNITY_PBS_USE_BRDF2 SHADER_API_MOBILE UNITY_LIGHTMAP_FULL_HDR uKW=CAMERA_TRANS_CLAMP SHADER_STAGE_COMPUTE platform=vulkan flags=268439552 ok=1 outsize=26830

Cmd: compileComputeKernel
  insize=11906 file=C:/Users/AJ/Desktop/Uni/Autodidacta/VFX/UnityVFX/Library/PackageCache/com.unity.render-pipelines.high-definition@10.5.1/Runtime/Lighting/Shadow/MomentShadows.compute kernel=ComputeMomentShadows cachingPP=1 ppOnly=0 stripLineD=0 buildPlatform=13 km=<UNITY_VERSION=202039> pKW=UNITY_NO_DXT5nm UNITY_NO_RGBM UNITY_ENABLE_REFLECTION_BUFFERS UNITY_FRAMEBUFFER_FETCH_AVAILABLE UNITY_NO_CUBEMAP_ARRAY UNITY_NO_SCREENSPACE_SHADOWS UNITY_PBS_USE_BRDF2 SHADER_API_MOBILE UNITY_LIGHTMAP_FULL_HDR SHADER_API_GLES30 uKW=SHADER_STAGE_COMPUTE platform=gles3 flags=268439552  error: 2 plat 9 at C:/Users/AJ/Desktop/Uni/Autodidacta/VFX/UnityVFX/Library/PackageCache/com.unity.render-pipelines.high-definition@10.5.1/Runtime/ShaderLibrary/ShaderVariablesFunctions.hlsl(119): syntax error: unexpected token '#'
 ok=0 outsize=0

Cmd: compileComputeKernel
  insize=20491 file=C:/Users/AJ/Desktop/Uni/Autodidacta/VFX/UnityVFX/Library/PackageCache/com.unity.render-pipelines.high-definition@10.5.1/Runtime/Lighting/LightLoop/lightlistbuild.compute kernel=TileLightListGen cachingPP=1 ppOnly=0 stripLineD=0 buildPlatform=13 km=<UNITY_VERSION=202039> pKW=UNITY_NO_DXT5nm UNITY_NO_RGBM UNITY_ENABLE_REFLECTION_BUFFERS UNITY_NO_CUBEMAP_ARRAY UNITY_NO_SCREENSPACE_SHADOWS UNITY_PBS_USE_BRDF2 SHADER_API_MOBILE UNITY_LIGHTMAP_FULL_HDR uKW=USE_OBLIQUE_MODE USE_TWO_PASS_TILED_LIGHTING SHADER_STAGE_COMPUTE platform=vulkan flags=268439552 ok=1 outsize=69368

Cmd: compileComputeKernel
  insize=1838 file=C:/Users/AJ/Desktop/Uni/Autodidacta/VFX/UnityVFX/Library/PackageCache/com.unity.render-pipelines.high-definition@10.5.1/Runtime/RenderPipeline/RenderPass/DepthPyramid.compute kernel=KDepthDownsample8DualUav cachingPP=1 ppOnly=0 stripLineD=0 buildPlatform=13 km=<KERNEL_SIZE=8>,<KERNEL_NAME=KDepthDownsample8DualUav>,<UNITY_VERSION=202039> pKW=UNITY_NO_DXT5nm UNITY_NO_RGBM UNITY_ENABLE_REFLECTION_BUFFERS UNITY_NO_CUBEMAP_ARRAY UNITY_NO_SCREENSPACE_SHADOWS UNITY_PBS_USE_BRDF2 SHADER_API_MOBILE UNITY_LIGHTMAP_FULL_HDR uKW=SHADER_STAGE_COMPUTE platform=vulkan flags=268439552 ok=1 outsize=4599

Cmd: compileComputeKernel
  insize=29481 file=C:/Users/AJ/Desktop/Uni/Autodidacta/VFX/UnityVFX/Library/PackageCache/com.unity.render-pipelines.high-definition@10.5.1/Runtime/Lighting/ScreenSpaceLighting/ScreenSpaceReflections.compute kernel=ScreenSpaceReflectionsReprojection cachingPP=1 ppOnly=0 stripLineD=0 buildPlatform=13 km=<SSR_REPROJECT=1>,<UNITY_VERSION=202039> pKW=UNITY_NO_DXT5nm UNITY_NO_RGBM UNITY_ENABLE_REFLECTION_BUFFERS UNITY_NO_CUBEMAP_ARRAY UNITY_NO_SCREENSPACE_SHADOWS UNITY_PBS_USE_BRDF2 SHADER_API_MOBILE UNITY_LIGHTMAP_FULL_HDR uKW=SSR_APPROX SHADER_STAGE_COMPUTE platform=vulkan flags=268439552 ok=1 outsize=21224

Cmd: compileComputeKernel
  insize=5437 file=C:/Users/AJ/Desktop/Uni/Autodidacta/VFX/UnityVFX/Library/PackageCache/com.unity.render-pipelines.high-definition@10.5.1/Runtime/PostProcessing/Shaders/DepthOfFieldGather.compute kernel=KMainNear cachingPP=1 ppOnly=0 stripLineD=0 buildPlatform=13 km=<MAIN=KMainNear>,<NEAR=1>,<UNITY_VERSION=202039> pKW=UNITY_NO_DXT5nm UNITY_NO_RGBM UNITY_ENABLE_REFLECTION_BUFFERS UNITY_NO_CUBEMAP_ARRAY UNITY_NO_SCREENSPACE_SHADOWS UNITY_PBS_USE_BRDF2 SHADER_API_MOBILE UNITY_LIGHTMAP_FULL_HDR uKW=ENABLE_ALPHA USE_TILES SHADER_STAGE_COMPUTE platform=vulkan flags=268439552 ok=1 outsize=20619

Cmd: compileComputeKernel
  insize=19441 file=C:/Users/AJ/Desktop/Uni/Autodidacta/VFX/UnityVFX/Library/PackageCache/com.unity.render-pipelines.high-definition@10.5.1/Runtime/Material/SubsurfaceScattering/SubsurfaceScattering.compute kernel=SubsurfaceScattering cachingPP=1 ppOnly=0 stripLineD=0 buildPlatform=13 km=<UNITY_VERSION=202039> pKW=UNITY_NO_DXT5nm UNITY_NO_RGBM UNITY_ENABLE_REFLECTION_BUFFERS UNITY_NO_CUBEMAP_ARRAY UNITY_NO_SCREENSPACE_SHADOWS UNITY_PBS_USE_BRDF2 SHADER_API_MOBILE UNITY_LIGHTMAP_FULL_HDR uKW=SHADER_STAGE_COMPUTE platform=vulkan flags=268439552 ok=1 outsize=45541

Cmd: compileComputeKernel
  insize=9221 file=C:/Users/AJ/Desktop/Uni/Autodidacta/VFX/UnityVFX/Library/PackageCache/com.unity.visualeffectgraph@10.5.1/Shaders/Sort.compute kernel=BitonicSort1024 cachingPP=1 ppOnly=0 stripLineD=0 buildPlatform=13 km=<BITONIC_SORT=BitonicSort1024>,<ELEMENTS_COUNT=1024>,<ITERATIONS_COUNT=2>,<FINAL_PASS=1>,<UNITY_VERSION=202039> pKW=UNITY_NO_DXT5nm UNITY_NO_RGBM UNITY_ENABLE_REFLECTION_BUFFERS UNITY_NO_CUBEMAP_ARRAY UNITY_NO_SCREENSPACE_SHADOWS UNITY_PBS_USE_BRDF2 SHADER_API_MOBILE UNITY_LIGHTMAP_FULL_HDR uKW=VFX_SORT_USE_ELEMENT_COUNT_BUFFER SHADER_STAGE_COMPUTE platform=vulkan flags=268439552 ok=1 outsize=10669

Cmd: compileComputeKernel
  insize=6144 file=C:/Users/AJ/Desktop/Uni/Autodidacta/VFX/UnityVFX/Library/PackageCache/com.unity.render-pipelines.high-definition@10.5.1/Runtime/RenderPipeline/RenderPass/GenerateMaxZ.compute kernel=ComputeMaxZ cachingPP=1 ppOnly=0 stripLineD=0 buildPlatform=13 km=<MAX_Z_DOWNSAMPLE=1>,<UNITY_VERSION=202039> pKW=UNITY_NO_DXT5nm UNITY_NO_RGBM UNITY_ENABLE_REFLECTION_BUFFERS UNITY_NO_CUBEMAP_ARRAY UNITY_NO_SCREENSPACE_SHADOWS UNITY_PBS_USE_BRDF2 SHADER_API_MOBILE UNITY_LIGHTMAP_FULL_HDR uKW=SHADER_STAGE_COMPUTE platform=vulkan flags=268439552 ok=1 outsize=17376

Cmd: compileComputeKernel
  insize=2870 file=C:/Users/AJ/Desktop/Uni/Autodidacta/VFX/UnityVFX/Library/PackageCache/com.unity.render-pipelines.high-definition@10.5.1/Runtime/RenderPipeline/Accumulation/Shaders/Accumulation.compute kernel=KMain cachingPP=1 ppOnly=0 stripLineD=0 buildPlatform=13 km=<UNITY_VERSION=202039> pKW=UNITY_NO_DXT5nm UNITY_NO_RGBM UNITY_ENABLE_REFLECTION_BUFFERS UNITY_FRAMEBUFFER_FETCH_AVAILABLE UNITY_NO_CUBEMAP_ARRAY UNITY_NO_SCREENSPACE_SHADOWS UNITY_PBS_USE_BRDF2 SHADER_API_MOBILE UNITY_LIGHTMAP_FULL_HDR SHADER_API_GLES30 uKW=SHADER_STAGE_COMPUTE platform=gles3 flags=268439552  error: 2 plat 9 at C:/Users/AJ/Desktop/Uni/Autodidacta/VFX/UnityVFX/Library/PackageCache/com.unity.render-pipelines.high-definition@10.5.1/Runtime/ShaderLibrary/ShaderVariablesFunctions.hlsl(119): syntax error: unexpected token '#'
 ok=0 outsize=0

Cmd: compileComputeKernel
  insize=1416 file=C:/Users/AJ/Desktop/Uni/Autodidacta/VFX/UnityVFX/Library/PackageCache/com.unity.render-pipelines.high-definition@10.5.1/Runtime/PostProcessing/Shaders/FXAA.compute kernel=FXAA cachingPP=1 ppOnly=0 stripLineD=0 buildPlatform=13 km=<UNITY_VERSION=202039> pKW=UNITY_NO_DXT5nm UNITY_NO_RGBM UNITY_ENABLE_REFLECTION_BUFFERS UNITY_FRAMEBUFFER_FETCH_AVAILABLE UNITY_NO_CUBEMAP_ARRAY UNITY_NO_SCREENSPACE_SHADOWS UNITY_PBS_USE_BRDF2 SHADER_API_MOBILE UNITY_LIGHTMAP_FULL_HDR SHADER_API_GLES30 uKW=SHADER_STAGE_COMPUTE platform=gles3 flags=268439552  error: 2 plat 9 at C:/Users/AJ/Desktop/Uni/Autodidacta/VFX/UnityVFX/Library/PackageCache/com.unity.render-pipelines.high-definition@10.5.1/Runtime/ShaderLibrary/ShaderVariablesFunctions.hlsl(119): syntax error: unexpected token '#'
 ok=0 outsize=0

Cmd: compileComputeKernel
  insize=801 file=C:/Users/AJ/Desktop/Uni/Autodidacta/VFX/UnityVFX/Library/PackageCache/com.unity.render-pipelines.high-definition@10.5.1/Runtime/PostProcessing/Shaders/NaNKiller.compute kernel=KMain cachingPP=1 ppOnly=0 stripLineD=0 buildPlatform=13 km=<UNITY_VERSION=202039> pKW=UNITY_NO_DXT5nm UNITY_NO_RGBM UNITY_ENABLE_REFLECTION_BUFFERS UNITY_FRAMEBUFFER_FETCH_AVAILABLE UNITY_NO_CUBEMAP_ARRAY UNITY_NO_SCREENSPACE_SHADOWS UNITY_PBS_USE_BRDF2 SHADER_API_MOBILE UNITY_LIGHTMAP_FULL_HDR SHADER_API_GLES30 uKW=ENABLE_ALPHA SHADER_STAGE_COMPUTE platform=gles3 flags=268439552  error: 2 plat 9 at C:/Users/AJ/Desktop/Uni/Autodidacta/VFX/UnityVFX/Library/PackageCache/com.unity.render-pipelines.high-definition@10.5.1/Runtime/ShaderLibrary/ShaderVariablesFunctions.hlsl(119): syntax error: unexpected token '#'
 ok=0 outsize=0

Cmd: compileComputeKernel
  insize=476 file=C:/Users/AJ/Desktop/Uni/Autodidacta/VFX/UnityVFX/Library/PackageCache/com.unity.render-pipelines.high-definition@10.5.1/Runtime/Lighting/LightLoop/lightlistbuild-clearatomic.compute kernel=ClearAtomic cachingPP=1 ppOnly=0 stripLineD=0 buildPlatform=13 km=<UNITY_VERSION=202039> pKW=UNITY_NO_DXT5nm UNITY_NO_RGBM UNITY_ENABLE_REFLECTION_BUFFERS UNITY_NO_CUBEMAP_ARRAY UNITY_NO_SCREENSPACE_SHADOWS UNITY_PBS_USE_BRDF2 SHADER_API_MOBILE UNITY_LIGHTMAP_FULL_HDR uKW=SHADER_STAGE_COMPUTE platform=vulkan flags=268439552 ok=1 outsize=1200

Cmd: compileComputeKernel
  insize=3901 file=C:/Users/AJ/Desktop/Uni/Autodidacta/VFX/UnityVFX/Library/PackageCache/com.unity.render-pipelines.high-definition@10.5.1/Runtime/PostProcessing/Shaders/DepthOfFieldCombine.compute kernel=KMain cachingPP=1 ppOnly=0 stripLineD=0 buildPlatform=13 km=<UNITY_VERSION=202039> pKW=UNITY_NO_DXT5nm UNITY_NO_RGBM UNITY_ENABLE_REFLECTION_BUFFERS UNITY_NO_CUBEMAP_ARRAY UNITY_NO_SCREENSPACE_SHADOWS UNITY_PBS_USE_BRDF2 SHADER_API_MOBILE UNITY_LIGHTMAP_FULL_HDR uKW=FAR HIGH_QUALITY NEAR SHADER_STAGE_COMPUTE platform=vulkan flags=268439552 ok=1 outsize=28717

Cmd: compileComputeKernel
  insize=859 file=C:/Users/AJ/Desktop/Uni/Autodidacta/VFX/UnityVFX/Library/PackageCache/com.unity.render-pipelines.high-definition@10.5.1/Runtime/Core/CoreResources/GPUCopy.compute kernel=KSampleCopy4_1_x_1 cachingPP=1 ppOnly=0 stripLineD=0 buildPlatform=13 km=<KERNEL_NAME41=KSampleCopy4_1_x_1>,<KERNEL_SIZE=1>,<UNITY_VERSION=202039> pKW=UNITY_NO_DXT5nm UNITY_NO_RGBM UNITY_ENABLE_REFLECTION_BUFFERS UNITY_NO_CUBEMAP_ARRAY UNITY_NO_SCREENSPACE_SHADOWS UNITY_PBS_USE_BRDF2 SHADER_API_MOBILE UNITY_LIGHTMAP_FULL_HDR uKW=SHADER_STAGE_COMPUTE platform=vulkan flags=268439552 ok=1 outsize=2458

Cmd: compileComputeKernel
  insize=4520 file=C:/Users/AJ/Desktop/Uni/Autodidacta/VFX/UnityVFX/Library/PackageCache/com.unity.render-pipelines.high-definition@10.5.1/Runtime/PostProcessing/Shaders/BloomPrefilter.compute kernel=KMain cachingPP=1 ppOnly=0 stripLineD=0 buildPlatform=13 km=<UNITY_VERSION=202039> pKW=UNITY_NO_DXT5nm UNITY_NO_RGBM UNITY_ENABLE_REFLECTION_BUFFERS UNITY_NO_CUBEMAP_ARRAY UNITY_NO_SCREENSPACE_SHADOWS UNITY_PBS_USE_BRDF2 SHADER_API_MOBILE UNITY_LIGHTMAP_FULL_HDR uKW=LOW_QUALITY SHADER_STAGE_COMPUTE platform=vulkan flags=268439552 ok=1 outsize=25171

Cmd: compileComputeKernel
  insize=2148 file=C:/Users/AJ/Desktop/Uni/Autodidacta/VFX/UnityVFX/Library/PackageCache/com.unity.render-pipelines.high-definition@10.5.1/Runtime/PostProcessing/Shaders/DebugHistogramImage.compute kernel=KHistogramGen cachingPP=1 ppOnly=0 stripLineD=0 buildPlatform=13 km=<UNITY_VERSION=202039> pKW=UNITY_NO_DXT5nm UNITY_NO_RGBM UNITY_ENABLE_REFLECTION_BUFFERS UNITY_FRAMEBUFFER_FETCH_AVAILABLE UNITY_NO_CUBEMAP_ARRAY UNITY_NO_SCREENSPACE_SHADOWS UNITY_PBS_USE_BRDF2 SHADER_API_MOBILE UNITY_LIGHTMAP_FULL_HDR SHADER_API_GLES30 uKW=SHADER_STAGE_COMPUTE platform=gles3 flags=268439552  error: 2 plat 9 at C:/Users/AJ/Desktop/Uni/Autodidacta/VFX/UnityVFX/Library/PackageCache/com.unity.render-pipelines.high-definition@10.5.1/Runtime/ShaderLibrary/ShaderVariablesFunctions.hlsl(119): syntax error: unexpected token '#'
 ok=0 outsize=0

Cmd: compileComputeKernel
  insize=3402 file=C:/Users/AJ/Desktop/Uni/Autodidacta/VFX/UnityVFX/Library/PackageCache/com.unity.render-pipelines.high-definition@10.5.1/Runtime/PostProcessing/Shaders/DepthOfFieldMip.compute kernel=KMainColorAlpha cachingPP=1 ppOnly=0 stripLineD=0 buildPlatform=13 km=<MAIN=KMainColorAlpha>,<CTYPE=float4>,<UNITY_VERSION=202039> pKW=UNITY_NO_DXT5nm UNITY_NO_RGBM UNITY_ENABLE_REFLECTION_BUFFERS UNITY_NO_CUBEMAP_ARRAY UNITY_NO_SCREENSPACE_SHADOWS UNITY_PBS_USE_BRDF2 SHADER_API_MOBILE UNITY_LIGHTMAP_FULL_HDR uKW=SHADER_STAGE_COMPUTE platform=vulkan flags=268439552 ok=1 outsize=11757

Cmd: compileComputeKernel
  insize=9195 file=C:/Users/AJ/Desktop/Uni/Autodidacta/VFX/UnityVFX/Library/PackageCache/com.unity.render-pipelines.high-definition@10.5.1/Runtime/PostProcessing/Shaders/LutBuilder3D.compute kernel=KBuild cachingPP=1 ppOnly=0 stripLineD=0 buildPlatform=13 km=<UNITY_VERSION=202039> pKW=UNITY_NO_DXT5nm UNITY_NO_RGBM UNITY_ENABLE_REFLECTION_BUFFERS UNITY_NO_CUBEMAP_ARRAY UNITY_NO_SCREENSPACE_SHADOWS UNITY_PBS_USE_BRDF2 SHADER_API_MOBILE UNITY_LIGHTMAP_FULL_HDR uKW=TONEMAPPING_NEUTRAL SHADER_STAGE_COMPUTE platform=vulkan flags=268439552 ok=1 outsize=35384

Cmd: compileComputeKernel
  insize=8927 file=C:/Users/AJ/Desktop/Uni/Autodidacta/VFX/UnityVFX/Library/PackageCache/com.unity.render-pipelines.high-definition@10.5.1/Runtime/PostProcessing/Shaders/UberPost.compute kernel=Uber cachingPP=1 ppOnly=0 stripLineD=0 buildPlatform=13 km=<UNITY_VERSION=202039> pKW=UNITY_NO_DXT5nm UNITY_NO_RGBM UNITY_ENABLE_REFLECTION_BUFFERS UNITY_NO_CUBEMAP_ARRAY UNITY_NO_SCREENSPACE_SHADOWS UNITY_PBS_USE_BRDF2 SHADER_API_MOBILE UNITY_LIGHTMAP_FULL_HDR uKW=SHADER_STAGE_COMPUTE platform=vulkan flags=268439552 ok=1 outsize=24292

Cmd: compileComputeKernel
  insize=6022 file=C:/Users/AJ/Desktop/Uni/Autodidacta/VFX/UnityVFX/Library/PackageCache/com.unity.render-pipelines.high-definition@10.5.1/Runtime/Lighting/ScreenSpaceLighting/BilateralUpsample.compute kernel=BilateralUpSampleSingle cachingPP=1 ppOnly=0 stripLineD=0 buildPlatform=13 km=<BILATERAL_UPSAMPLE=BilateralUpSampleSingle>,<SINGLE_CHANNEL=1>,<UNITY_VERSION=202039> pKW=UNITY_NO_DXT5nm UNITY_NO_RGBM UNITY_ENABLE_REFLECTION_BUFFERS UNITY_NO_CUBEMAP_ARRAY UNITY_NO_SCREENSPACE_SHADOWS UNITY_PBS_USE_BRDF2 SHADER_API_MOBILE UNITY_LIGHTMAP_FULL_HDR uKW=SHADER_STAGE_COMPUTE platform=vulkan flags=268439552 ok=1 outsize=20368

Cmd: compileComputeKernel
  insize=26393 file=C:/Users/AJ/Desktop/Uni/Autodidacta/VFX/UnityVFX/Library/PackageCache/com.unity.render-pipelines.high-definition@10.5.1/Runtime/Lighting/LightLoop/lightlistbuild-clustered.compute kernel=TileLightListGen_DepthRT_MSAA_SrcBigTile cachingPP=1 ppOnly=0 stripLineD=0 buildPlatform=13 km=<LIGHTLISTGEN=TileLightListGen_DepthRT_MSAA_SrcBigTile>,<ENABLE_DEPTH_TEXTURE_BACKPLANE=1>,<MSAA_ENABLED=1>,<USE_TWO_PASS_TILED_LIGHTING=1>,<UNITY_VERSION=202039> pKW=UNITY_NO_DXT5nm UNITY_NO_RGBM UNITY_ENABLE_REFLECTION_BUFFERS UNITY_NO_CUBEMAP_ARRAY UNITY_NO_SCREENSPACE_SHADOWS UNITY_PBS_USE_BRDF2 SHADER_API_MOBILE UNITY_LIGHTMAP_FULL_HDR uKW=SHADER_STAGE_COMPUTE platform=vulkan flags=268439552 ok=1 outsize=68437

Cmd: compileComputeKernel
  insize=3722 file=C:/Users/AJ/Desktop/Uni/Autodidacta/VFX/UnityVFX/Library/PackageCache/com.unity.render-pipelines.high-definition@10.5.1/Runtime/PostProcessing/Shaders/DepthOfFieldPrefilter.compute kernel=KMain cachingPP=1 ppOnly=0 stripLineD=0 buildPlatform=13 km=<UNITY_VERSION=202039> pKW=UNITY_NO_DXT5nm UNITY_NO_RGBM UNITY_ENABLE_REFLECTION_BUFFERS UNITY_NO_CUBEMAP_ARRAY UNITY_NO_SCREENSPACE_SHADOWS UNITY_PBS_USE_BRDF2 SHADER_API_MOBILE UNITY_LIGHTMAP_FULL_HDR uKW=FAR NEAR SHADER_STAGE_COMPUTE platform=vulkan flags=268439552 ok=1 outsize=22495

Cmd: compileComputeKernel
  insize=13292 file=C:/Users/AJ/Desktop/Uni/Autodidacta/VFX/UnityVFX/Library/PackageCache/com.unity.render-pipelines.high-definition@10.5.1/Runtime/Lighting/ScreenSpaceLighting/SSGIDenoiser.compute kernel=CopyHistory cachingPP=1 ppOnly=0 stripLineD=0 buildPlatform=13 km=<COPY_HISTORY=CopyHistory>,<UNITY_VERSION=202039> pKW=UNITY_NO_DXT5nm UNITY_NO_RGBM UNITY_ENABLE_REFLECTION_BUFFERS UNITY_NO_CUBEMAP_ARRAY UNITY_NO_SCREENSPACE_SHADOWS UNITY_PBS_USE_BRDF2 SHADER_API_MOBILE UNITY_LIGHTMAP_FULL_HDR uKW=SHADER_STAGE_COMPUTE platform=vulkan flags=268439552 ok=1 outsize=12397

Cmd: compileComputeKernel
  insize=5475 file=C:/Users/AJ/Desktop/Uni/Autodidacta/VFX/UnityVFX/Library/PackageCache/com.unity.render-pipelines.high-definition@10.5.1/Runtime/PostProcessing/Shaders/Exposure.compute kernel=KReduction cachingPP=1 ppOnly=0 stripLineD=0 buildPlatform=13 km=<UNITY_VERSION=202039> pKW=UNITY_NO_DXT5nm UNITY_NO_RGBM UNITY_ENABLE_REFLECTION_BUFFERS UNITY_NO_CUBEMAP_ARRAY UNITY_NO_SCREENSPACE_SHADOWS UNITY_PBS_USE_BRDF2 SHADER_API_MOBILE UNITY_LIGHTMAP_FULL_HDR uKW=SHADER_STAGE_COMPUTE platform=vulkan flags=268439552 ok=1 outsize=36881

Cmd: compileComputeKernel
  insize=10754 file=C:/Users/AJ/Desktop/Uni/Autodidacta/VFX/UnityVFX/Library/PackageCache/com.unity.render-pipelines.high-definition@10.5.1/Runtime/Lighting/LightLoop/Deferred.compute kernel=Deferred_Indirect_Fptl_Variant11 cachingPP=1 ppOnly=0 stripLineD=0 buildPlatform=13 km=<SHADE_OPAQUE_ENTRY=Deferred_Indirect_Fptl_Variant11>,<USE_INDIRECT=1>,<VARIANT=11>,<UNITY_VERSION=202039> pKW=UNITY_NO_DXT5nm UNITY_ENABLE_REFLECTION_BUFFERS UNITY_NO_CUBEMAP_ARRAY UNITY_NO_SCREENSPACE_SHADOWS UNITY_PBS_USE_BRDF2 UNITY_LIGHTMAP_FULL_HDR uKW=SCREEN_SPACE_SHADOWS_OFF SHADOWS_SHADOWMASK SHADOW_MEDIUM SHADER_STAGE_COMPUTE platform=d3d11 flags=0 ok=1 outsize=60579

Cmd: compileComputeKernel
  insize=10754 file=C:/Users/AJ/Desktop/Uni/Autodidacta/VFX/UnityVFX/Library/PackageCache/com.unity.render-pipelines.high-definition@10.5.1/Runtime/Lighting/LightLoop/Deferred.compute kernel=Deferred_Indirect_Fptl_Variant10 cachingPP=1 ppOnly=0 stripLineD=0 buildPlatform=13 km=<SHADE_OPAQUE_ENTRY=Deferred_Indirect_Fptl_Variant10>,<USE_INDIRECT=1>,<VARIANT=10>,<UNITY_VERSION=202039> pKW=UNITY_NO_DXT5nm UNITY_ENABLE_REFLECTION_BUFFERS UNITY_NO_CUBEMAP_ARRAY UNITY_NO_SCREENSPACE_SHADOWS UNITY_PBS_USE_BRDF2 UNITY_LIGHTMAP_FULL_HDR uKW=SCREEN_SPACE_SHADOWS_OFF SHADOW_HIGH SHADER_STAGE_COMPUTE platform=d3d11 flags=0 ok=1 outsize=39768

Cmd: compileComputeKernel
  insize=10754 file=C:/Users/AJ/Desktop/Uni/Autodidacta/VFX/UnityVFX/Library/PackageCache/com.unity.render-pipelines.high-definition@10.5.1/Runtime/Lighting/LightLoop/Deferred.compute kernel=Deferred_Indirect_Fptl_Variant9 cachingPP=1 ppOnly=0 stripLineD=0 buildPlatform=13 km=<SHADE_OPAQUE_ENTRY=Deferred_Indirect_Fptl_Variant9>,<USE_INDIRECT=1>,<VARIANT=9>,<UNITY_VERSION=202039> pKW=UNITY_NO_DXT5nm UNITY_ENABLE_REFLECTION_BUFFERS UNITY_NO_CUBEMAP_ARRAY UNITY_NO_SCREENSPACE_SHADOWS UNITY_PBS_USE_BRDF2 UNITY_LIGHTMAP_FULL_HDR uKW=SCREEN_SPACE_SHADOWS_OFF SHADOW_LOW SHADER_STAGE_COMPUTE platform=d3d11 flags=0 ok=1 outsize=60528

Cmd: compileComputeKernel
  insize=10754 file=C:/Users/AJ/Desktop/Uni/Autodidacta/VFX/UnityVFX/Library/PackageCache/com.unity.render-pipelines.high-definition@10.5.1/Runtime/Lighting/LightLoop/Deferred.compute kernel=Deferred_Indirect_Fptl_Variant8 cachingPP=1 ppOnly=0 stripLineD=0 buildPlatform=13 km=<SHADE_OPAQUE_ENTRY=Deferred_Indirect_Fptl_Variant8>,<USE_INDIRECT=1>,<VARIANT=8>,<UNITY_VERSION=202039> pKW=UNITY_NO_DXT5nm UNITY_ENABLE_REFLECTION_BUFFERS UNITY_NO_CUBEMAP_ARRAY UNITY_NO_SCREENSPACE_SHADOWS UNITY_PBS_USE_BRDF2 UNITY_LIGHTMAP_FULL_HDR uKW=SCREEN_SPACE_SHADOWS_ON SHADOW_HIGH SHADER_STAGE_COMPUTE platform=d3d11 flags=0 ok=1 outsize=51349

Cmd: compileComputeKernel
  insize=10754 file=C:/Users/AJ/Desktop/Uni/Autodidacta/VFX/UnityVFX/Library/PackageCache/com.unity.render-pipelines.high-definition@10.5.1/Runtime/Lighting/LightLoop/Deferred.compute kernel=Deferred_Indirect_Fptl_Variant6 cachingPP=1 ppOnly=0 stripLineD=0 buildPlatform=13 km=<SHADE_OPAQUE_ENTRY=Deferred_Indirect_Fptl_Variant6>,<USE_INDIRECT=1>,<VARIANT=6>,<UNITY_VERSION=202039> pKW=UNITY_NO_DXT5nm UNITY_ENABLE_REFLECTION_BUFFERS UNITY_NO_CUBEMAP_ARRAY UNITY_NO_SCREENSPACE_SHADOWS UNITY_PBS_USE_BRDF2 UNITY_LIGHTMAP_FULL_HDR uKW=SCREEN_SPACE_SHADOWS_OFF SHADOWS_SHADOWMASK SHADOW_LOW SHADER_STAGE_COMPUTE platform=d3d11 flags=0 ok=1 outsize=50287

Cmd: compileComputeKernel
  insize=10754 file=C:/Users/AJ/Desktop/Uni/Autodidacta/VFX/UnityVFX/Library/PackageCache/com.unity.render-pipelines.high-definition@10.5.1/Runtime/Lighting/LightLoop/Deferred.compute kernel=Deferred_Indirect_Fptl_Variant5 cachingPP=1 ppOnly=0 stripLineD=0 buildPlatform=13 km=<SHADE_OPAQUE_ENTRY=Deferred_Indirect_Fptl_Variant5>,<USE_INDIRECT=1>,<VARIANT=5>,<UNITY_VERSION=202039> pKW=UNITY_NO_DXT5nm UNITY_ENABLE_REFLECTION_BUFFERS UNITY_NO_CUBEMAP_ARRAY UNITY_NO_SCREENSPACE_SHADOWS UNITY_PBS_USE_BRDF2 UNITY_LIGHTMAP_FULL_HDR uKW=SCREEN_SPACE_SHADOWS_OFF SHADOW_HIGH SHADER_STAGE_COMPUTE platform=d3d11 flags=0 ok=1 outsize=37212

Cmd: compileComputeKernel
  insize=10754 file=C:/Users/AJ/Desktop/Uni/Autodidacta/VFX/UnityVFX/Library/PackageCache/com.unity.render-pipelines.high-definition@10.5.1/Runtime/Lighting/LightLoop/Deferred.compute kernel=Deferred_Indirect_Fptl_Variant4 cachingPP=1 ppOnly=0 stripLineD=0 buildPlatform=13 km=<SHADE_OPAQUE_ENTRY=Deferred_Indirect_Fptl_Variant4>,<USE_INDIRECT=1>,<VARIANT=4>,<UNITY_VERSION=202039> pKW=UNITY_NO_DXT5nm UNITY_ENABLE_REFLECTION_BUFFERS UNITY_NO_CUBEMAP_ARRAY UNITY_NO_SCREENSPACE_SHADOWS UNITY_PBS_USE_BRDF2 UNITY_LIGHTMAP_FULL_HDR uKW=SCREEN_SPACE_SHADOWS_OFF SHADOW_HIGH SHADER_STAGE_COMPUTE platform=d3d11 flags=0 ok=1 outsize=53757

Cmd: compileComputeKernel
  insize=2476 file=C:/Users/AJ/Desktop/Uni/Autodidacta/VFX/UnityVFX/Library/PackageCache/com.unity.render-pipelines.high-definition@10.5.1/Runtime/VirtualTexturing/Shaders/DownsampleVTFeedback.compute kernel=KMain cachingPP=1 ppOnly=0 stripLineD=0 buildPlatform=13 km=<UNITY_VERSION=202039> pKW=UNITY_NO_DXT5nm UNITY_NO_RGBM UNITY_ENABLE_REFLECTION_BUFFERS UNITY_NO_CUBEMAP_ARRAY UNITY_NO_SCREENSPACE_SHADOWS UNITY_PBS_USE_BRDF2 SHADER_API_MOBILE UNITY_LIGHTMAP_FULL_HDR uKW=SHADER_STAGE_COMPUTE platform=vulkan flags=268439552 ok=1 outsize=5538

Cmd: compileComputeKernel
  insize=10754 file=C:/Users/AJ/Desktop/Uni/Autodidacta/VFX/UnityVFX/Library/PackageCache/com.unity.render-pipelines.high-definition@10.5.1/Runtime/Lighting/LightLoop/Deferred.compute kernel=Deferred_Indirect_Fptl_Variant3 cachingPP=1 ppOnly=0 stripLineD=0 buildPlatform=13 km=<SHADE_OPAQUE_ENTRY=Deferred_Indirect_Fptl_Variant3>,<USE_INDIRECT=1>,<VARIANT=3>,<UNITY_VERSION=202039> pKW=UNITY_NO_DXT5nm UNITY_ENABLE_REFLECTION_BUFFERS UNITY_NO_CUBEMAP_ARRAY UNITY_NO_SCREENSPACE_SHADOWS UNITY_PBS_USE_BRDF2 UNITY_LIGHTMAP_FULL_HDR uKW=SCREEN_SPACE_SHADOWS_OFF SHADOW_HIGH SHADER_STAGE_COMPUTE platform=d3d11 flags=0 ok=1 outsize=43968

Cmd: compileComputeKernel
  insize=10754 file=C:/Users/AJ/Desktop/Uni/Autodidacta/VFX/UnityVFX/Library/PackageCache/com.unity.render-pipelines.high-definition@10.5.1/Runtime/Lighting/LightLoop/Deferred.compute kernel=Deferred_Indirect_Fptl_Variant1 cachingPP=1 ppOnly=0 stripLineD=0 buildPlatform=13 km=<SHADE_OPAQUE_ENTRY=Deferred_Indirect_Fptl_Variant1>,<USE_INDIRECT=1>,<VARIANT=1>,<UNITY_VERSION=202039> pKW=UNITY_NO_DXT5nm UNITY_ENABLE_REFLECTION_BUFFERS UNITY_NO_CUBEMAP_ARRAY UNITY_NO_SCREENSPACE_SHADOWS UNITY_PBS_USE_BRDF2 UNITY_LIGHTMAP_FULL_HDR uKW=SCREEN_SPACE_SHADOWS_OFF SHADOWS_SHADOWMASK SHADOW_HIGH SHADER_STAGE_COMPUTE platform=d3d11 flags=0 ok=1 outsize=19616

Cmd: compileComputeKernel
  insize=10754 file=C:/Users/AJ/Desktop/Uni/Autodidacta/VFX/UnityVFX/Library/PackageCache/com.unity.render-pipelines.high-definition@10.5.1/Runtime/Lighting/LightLoop/Deferred.compute kernel=Deferred_Direct_Fptl_DebugDisplay cachingPP=1 ppOnly=0 stripLineD=0 buildPlatform=13 km=<SHADE_OPAQUE_ENTRY=Deferred_Direct_Fptl_DebugDisplay>,<DEBUG_DISPLAY=1>,<UNITY_VERSION=202039> pKW=UNITY_NO_DXT5nm UNITY_ENABLE_REFLECTION_BUFFERS UNITY_NO_CUBEMAP_ARRAY UNITY_NO_SCREENSPACE_SHADOWS UNITY_PBS_USE_BRDF2 UNITY_LIGHTMAP_FULL_HDR uKW=SCREEN_SPACE_SHADOWS_OFF SHADOW_LOW SHADER_STAGE_COMPUTE platform=d3d11 flags=0 ok=1 outsize=126548

Cmd: compileComputeKernel
  insize=10754 file=C:/Users/AJ/Desktop/Uni/Autodidacta/VFX/UnityVFX/Library/PackageCache/com.unity.render-pipelines.high-definition@10.5.1/Runtime/Lighting/LightLoop/Deferred.compute kernel=Deferred_Direct_Fptl_DebugDisplay cachingPP=1 ppOnly=0 stripLineD=0 buildPlatform=13 km=<SHADE_OPAQUE_ENTRY=Deferred_Direct_Fptl_DebugDisplay>,<DEBUG_DISPLAY=1>,<UNITY_VERSION=202039> pKW=UNITY_NO_DXT5nm UNITY_ENABLE_REFLECTION_BUFFERS UNITY_NO_CUBEMAP_ARRAY UNITY_NO_SCREENSPACE_SHADOWS UNITY_PBS_USE_BRDF2 UNITY_LIGHTMAP_FULL_HDR uKW=SCREEN_SPACE_SHADOWS_ON SHADOWS_SHADOWMASK SHADOW_MEDIUM SHADER_STAGE_COMPUTE platform=d3d11 flags=0 ok=1 outsize=135808

Cmd: compileComputeKernel
  insize=10754 file=C:/Users/AJ/Desktop/Uni/Autodidacta/VFX/UnityVFX/Library/PackageCache/com.unity.render-pipelines.high-definition@10.5.1/Runtime/Lighting/LightLoop/Deferred.compute kernel=Deferred_Indirect_Fptl_Variant27 cachingPP=1 ppOnly=0 stripLineD=0 buildPlatform=13 km=<SHADE_OPAQUE_ENTRY=Deferred_Indirect_Fptl_Variant27>,<USE_INDIRECT=1>,<VARIANT=27>,<UNITY_VERSION=202039> pKW=UNITY_NO_DXT5nm UNITY_NO_RGBM UNITY_ENABLE_REFLECTION_BUFFERS UNITY_NO_CUBEMAP_ARRAY UNITY_NO_SCREENSPACE_SHADOWS UNITY_PBS_USE_BRDF2 SHADER_API_MOBILE UNITY_LIGHTMAP_FULL_HDR uKW=SCREEN_SPACE_SHADOWS_ON SHADOWS_SHADOWMASK SHADOW_LOW SHADER_STAGE_COMPUTE platform=vulkan flags=268439552 ok=1 outsize=389273

Cmd: compileComputeKernel
  insize=10754 file=C:/Users/AJ/Desktop/Uni/Autodidacta/VFX/UnityVFX/Library/PackageCache/com.unity.render-pipelines.high-definition@10.5.1/Runtime/Lighting/LightLoop/Deferred.compute kernel=Deferred_Indirect_Fptl_Variant26 cachingPP=1 ppOnly=0 stripLineD=0 buildPlatform=13 km=<SHADE_OPAQUE_ENTRY=Deferred_Indirect_Fptl_Variant26>,<USE_INDIRECT=1>,<VARIANT=26>,<UNITY_VERSION=202039> pKW=UNITY_NO_DXT5nm UNITY_NO_RGBM UNITY_ENABLE_REFLECTION_BUFFERS UNITY_NO_CUBEMAP_ARRAY UNITY_NO_SCREENSPACE_SHADOWS UNITY_PBS_USE_BRDF2 SHADER_API_MOBILE UNITY_LIGHTMAP_FULL_HDR uKW=SCREEN_SPACE_SHADOWS_ON SHADOWS_SHADOWMASK SHADOW_LOW SHADER_STAGE_COMPUTE platform=vulkan flags=268439552 ok=1 outsize=257970

Cmd: compileComputeKernel
  insize=10754 file=C:/Users/AJ/Desktop/Uni/Autodidacta/VFX/UnityVFX/Library/PackageCache/com.unity.render-pipelines.high-definition@10.5.1/Runtime/Lighting/LightLoop/Deferred.compute kernel=Deferred_Indirect_Fptl_Variant25 cachingPP=1 ppOnly=0 stripLineD=0 buildPlatform=13 km=<SHADE_OPAQUE_ENTRY=Deferred_Indirect_Fptl_Variant25>,<USE_INDIRECT=1>,<VARIANT=25>,<UNITY_VERSION=202039> pKW=UNITY_NO_DXT5nm UNITY_NO_RGBM UNITY_ENABLE_REFLECTION_BUFFERS UNITY_NO_CUBEMAP_ARRAY UNITY_NO_SCREENSPACE_SHADOWS UNITY_PBS_USE_BRDF2 SHADER_API_MOBILE UNITY_LIGHTMAP_FULL_HDR uKW=SCREEN_SPACE_SHADOWS_OFF SHADOW_MEDIUM SHADER_STAGE_COMPUTE platform=vulkan flags=268439552 ok=1 outsize=173001

Cmd: compileComputeKernel
  insize=10754 file=C:/Users/AJ/Desktop/Uni/Autodidacta/VFX/UnityVFX/Library/PackageCache/com.unity.render-pipelines.high-definition@10.5.1/Runtime/Lighting/LightLoop/Deferred.compute kernel=Deferred_Indirect_Fptl_Variant24 cachingPP=1 ppOnly=0 stripLineD=0 buildPlatform=13 km=<SHADE_OPAQUE_ENTRY=Deferred_Indirect_Fptl_Variant24>,<USE_INDIRECT=1>,<VARIANT=24>,<UNITY_VERSION=202039> pKW=UNITY_NO_DXT5nm UNITY_NO_RGBM UNITY_ENABLE_REFLECTION_BUFFERS UNITY_NO_CUBEMAP_ARRAY UNITY_NO_SCREENSPACE_SHADOWS UNITY_PBS_USE_BRDF2 SHADER_API_MOBILE UNITY_LIGHTMAP_FULL_HDR uKW=SCREEN_SPACE_SHADOWS_ON SHADOWS_SHADOWMASK SHADOW_MEDIUM SHADER_STAGE_COMPUTE platform=vulkan flags=268439552 ok=1 outsize=274174

Cmd: compileComputeKernel
  insize=10754 file=C:/Users/AJ/Desktop/Uni/Autodidacta/VFX/UnityVFX/Library/PackageCache/com.unity.render-pipelines.high-definition@10.5.1/Runtime/Lighting/LightLoop/Deferred.compute kernel=Deferred_Indirect_Fptl_Variant22 cachingPP=1 ppOnly=0 stripLineD=0 buildPlatform=13 km=<SHADE_OPAQUE_ENTRY=Deferred_Indirect_Fptl_Variant22>,<USE_INDIRECT=1>,<VARIANT=22>,<UNITY_VERSION=202039> pKW=UNITY_NO_DXT5nm UNITY_NO_RGBM UNITY_ENABLE_REFLECTION_BUFFERS UNITY_NO_CUBEMAP_ARRAY UNITY_NO_SCREENSPACE_SHADOWS UNITY_PBS_USE_BRDF2 SHADER_API_MOBILE UNITY_LIGHTMAP_FULL_HDR uKW=SCREEN_SPACE_SHADOWS_OFF SHADOWS_SHADOWMASK SHADOW_LOW SHADER_STAGE_COMPUTE platform=vulkan flags=268439552 ok=1 outsize=429151

Cmd: compileComputeKernel
  insize=10754 file=C:/Users/AJ/Desktop/Uni/Autodidacta/VFX/UnityVFX/Library/PackageCache/com.unity.render-pipelines.high-definition@10.5.1/Runtime/Lighting/LightLoop/Deferred.compute kernel=Deferred_Indirect_Fptl_Variant21 cachingPP=1 ppOnly=0 stripLineD=0 buildPlatform=13 km=<SHADE_OPAQUE_ENTRY=Deferred_Indirect_Fptl_Variant21>,<USE_INDIRECT=1>,<VARIANT=21>,<UNITY_VERSION=202039> pKW=UNITY_NO_DXT5nm UNITY_NO_RGBM UNITY_ENABLE_REFLECTION_BUFFERS UNITY_NO_CUBEMAP_ARRAY UNITY_NO_SCREENSPACE_SHADOWS UNITY_PBS_USE_BRDF2 SHADER_API_MOBILE UNITY_LIGHTMAP_FULL_HDR uKW=SCREEN_SPACE_SHADOWS_OFF SHADOW_MEDIUM SHADER_STAGE_COMPUTE platform=vulkan flags=268439552 ok=1 outsize=279470

Cmd: compileComputeKernel
  insize=10754 file=C:/Users/AJ/Desktop/Uni/Autodidacta/VFX/UnityVFX/Library/PackageCache/com.unity.render-pipelines.high-definition@10.5.1/Runtime/Lighting/LightLoop/Deferred.compute kernel=Deferred_Indirect_Fptl_Variant20 cachingPP=1 ppOnly=0 stripLineD=0 buildPlatform=13 km=<SHADE_OPAQUE_ENTRY=Deferred_Indirect_Fptl_Variant20>,<USE_INDIRECT=1>,<VARIANT=20>,<UNITY_VERSION=202039> pKW=UNITY_NO_DXT5nm UNITY_NO_RGBM UNITY_ENABLE_REFLECTION_BUFFERS UNITY_NO_CUBEMAP_ARRAY UNITY_NO_SCREENSPACE_SHADOWS UNITY_PBS_USE_BRDF2 SHADER_API_MOBILE UNITY_LIGHTMAP_FULL_HDR uKW=SCREEN_SPACE_SHADOWS_ON SHADOWS_SHADOWMASK SHADOW_MEDIUM SHADER_STAGE_COMPUTE platform=vulkan flags=268439552 ok=1 outsize=199701

Cmd: compileComputeKernel
  insize=10754 file=C:/Users/AJ/Desktop/Uni/Autodidacta/VFX/UnityVFX/Library/PackageCache/com.unity.render-pipelines.high-definition@10.5.1/Runtime/Lighting/LightLoop/Deferred.compute kernel=Deferred_Indirect_Fptl_Variant18 cachingPP=1 ppOnly=0 stripLineD=0 buildPlatform=13 km=<SHADE_OPAQUE_ENTRY=Deferred_Indirect_Fptl_Variant18>,<USE_INDIRECT=1>,<VARIANT=18>,<UNITY_VERSION=202039> pKW=UNITY_NO_DXT5nm UNITY_NO_RGBM UNITY_ENABLE_REFLECTION_BUFFERS UNITY_NO_CUBEMAP_ARRAY UNITY_NO_SCREENSPACE_SHADOWS UNITY_PBS_USE_BRDF2 SHADER_API_MOBILE UNITY_LIGHTMAP_FULL_HDR uKW=SCREEN_SPACE_SHADOWS_ON SHADOW_MEDIUM SHADER_STAGE_COMPUTE platform=vulkan flags=268439552 ok=1 outsize=224235

Cmd: compileComputeKernel
  insize=10754 file=C:/Users/AJ/Desktop/Uni/Autodidacta/VFX/UnityVFX/Library/PackageCache/com.unity.render-pipelines.high-definition@10.5.1/Runtime/Lighting/LightLoop/Deferred.compute kernel=Deferred_Indirect_Fptl_Variant17 cachingPP=1 ppOnly=0 stripLineD=0 buildPlatform=13 km=<SHADE_OPAQUE_ENTRY=Deferred_Indirect_Fptl_Variant17>,<USE_INDIRECT=1>,<VARIANT=17>,<UNITY_VERSION=202039> pKW=UNITY_NO_DXT5nm UNITY_NO_RGBM UNITY_ENABLE_REFLECTION_BUFFERS UNITY_NO_CUBEMAP_ARRAY UNITY_NO_SCREENSPACE_SHADOWS UNITY_PBS_USE_BRDF2 SHADER_API_MOBILE UNITY_LIGHTMAP_FULL_HDR uKW=SCREEN_SPACE_SHADOWS_ON SHADOW_LOW SHADER_STAGE_COMPUTE platform=vulkan flags=268439552 ok=1 outsize=375543

Cmd: compileComputeKernel
  insize=10754 file=C:/Users/AJ/Desktop/Uni/Autodidacta/VFX/UnityVFX/Library/PackageCache/com.unity.render-pipelines.high-definition@10.5.1/Runtime/Lighting/LightLoop/Deferred.compute kernel=Deferred_Indirect_Fptl_Variant16 cachingPP=1 ppOnly=0 stripLineD=0 buildPlatform=13 km=<SHADE_OPAQUE_ENTRY=Deferred_Indirect_Fptl_Variant16>,<USE_INDIRECT=1>,<VARIANT=16>,<UNITY_VERSION=202039> pKW=UNITY_NO_DXT5nm UNITY_NO_RGBM UNITY_ENABLE_REFLECTION_BUFFERS UNITY_NO_CUBEMAP_ARRAY UNITY_NO_SCREENSPACE_SHADOWS UNITY_PBS_USE_BRDF2 SHADER_API_MOBILE UNITY_LIGHTMAP_FULL_HDR uKW=SCREEN_SPACE_SHADOWS_ON SHADOW_LOW SHADER_STAGE_COMPUTE platform=vulkan flags=268439552 ok=1 outsize=246768

Cmd: compileComputeKernel
  insize=10754 file=C:/Users/AJ/Desktop/Uni/Autodidacta/VFX/UnityVFX/Library/PackageCache/com.unity.render-pipelines.high-definition@10.5.1/Runtime/Lighting/LightLoop/Deferred.compute kernel=Deferred_Indirect_Fptl_Variant15 cachingPP=1 ppOnly=0 stripLineD=0 buildPlatform=13 km=<SHADE_OPAQUE_ENTRY=Deferred_Indirect_Fptl_Variant15>,<USE_INDIRECT=1>,<VARIANT=15>,<UNITY_VERSION=202039> pKW=UNITY_NO_DXT5nm UNITY_NO_RGBM UNITY_ENABLE_REFLECTION_BUFFERS UNITY_NO_CUBEMAP_ARRAY UNITY_NO_SCREENSPACE_SHADOWS UNITY_PBS_USE_BRDF2 SHADER_API_MOBILE UNITY_LIGHTMAP_FULL_HDR uKW=SCREEN_SPACE_SHADOWS_ON SHADOW_LOW SHADER_STAGE_COMPUTE platform=vulkan flags=268439552 ok=1 outsize=172127

Cmd: compileComputeKernel
  insize=10754 file=C:/Users/AJ/Desktop/Uni/Autodidacta/VFX/UnityVFX/Library/PackageCache/com.unity.render-pipelines.high-definition@10.5.1/Runtime/Lighting/LightLoop/Deferred.compute kernel=Deferred_Indirect_Fptl_Variant14 cachingPP=1 ppOnly=0 stripLineD=0 buildPlatform=13 km=<SHADE_OPAQUE_ENTRY=Deferred_Indirect_Fptl_Variant14>,<USE_INDIRECT=1>,<VARIANT=14>,<UNITY_VERSION=202039> pKW=UNITY_NO_DXT5nm UNITY_NO_RGBM UNITY_ENABLE_REFLECTION_BUFFERS UNITY_NO_CUBEMAP_ARRAY UNITY_NO_SCREENSPACE_SHADOWS UNITY_PBS_USE_BRDF2 SHADER_API_MOBILE UNITY_LIGHTMAP_FULL_HDR uKW=SCREEN_SPACE_SHADOWS_ON SHADOW_MEDIUM SHADER_STAGE_COMPUTE platform=vulkan flags=268439552 ok=1 outsize=264504

Cmd: compileComputeKernel
  insize=10754 file=C:/Users/AJ/Desktop/Uni/Autodidacta/VFX/UnityVFX/Library/PackageCache/com.unity.render-pipelines.high-definition@10.5.1/Runtime/Lighting/LightLoop/Deferred.compute kernel=Deferred_Indirect_Fptl_Variant13 cachingPP=1 ppOnly=0 stripLineD=0 buildPlatform=13 km=<SHADE_OPAQUE_ENTRY=Deferred_Indirect_Fptl_Variant13>,<USE_INDIRECT=1>,<VARIANT=13>,<UNITY_VERSION=202039> pKW=UNITY_NO_DXT5nm UNITY_NO_RGBM UNITY_ENABLE_REFLECTION_BUFFERS UNITY_NO_CUBEMAP_ARRAY UNITY_NO_SCREENSPACE_SHADOWS UNITY_PBS_USE_BRDF2 SHADER_API_MOBILE UNITY_LIGHTMAP_FULL_HDR uKW=SCREEN_SPACE_SHADOWS_ON SHADOW_LOW SHADER_STAGE_COMPUTE platform=vulkan flags=268439552 ok=1 outsize=206959

Cmd: compileComputeKernel
  insize=10754 file=C:/Users/AJ/Desktop/Uni/Autodidacta/VFX/UnityVFX/Library/PackageCache/com.unity.render-pipelines.high-definition@10.5.1/Runtime/Lighting/LightLoop/Deferred.compute kernel=Deferred_Indirect_Fptl_Variant13 cachingPP=1 ppOnly=0 stripLineD=0 buildPlatform=13 km=<SHADE_OPAQUE_ENTRY=Deferred_Indirect_Fptl_Variant13>,<USE_INDIRECT=1>,<VARIANT=13>,<UNITY_VERSION=202039> pKW=UNITY_NO_DXT5nm UNITY_NO_RGBM UNITY_ENABLE_REFLECTION_BUFFERS UNITY_NO_CUBEMAP_ARRAY UNITY_NO_SCREENSPACE_SHADOWS UNITY_PBS_USE_BRDF2 SHADER_API_MOBILE UNITY_LIGHTMAP_FULL_HDR uKW=SCREEN_SPACE_SHADOWS_ON SHADOWS_SHADOWMASK SHADOW_MEDIUM SHADER_STAGE_COMPUTE platform=vulkan flags=268439552 ok=1 outsize=235873

Cmd: compileComputeKernel
  insize=10754 file=C:/Users/AJ/Desktop/Uni/Autodidacta/VFX/UnityVFX/Library/PackageCache/com.unity.render-pipelines.high-definition@10.5.1/Runtime/Lighting/LightLoop/Deferred.compute kernel=Deferred_Indirect_Fptl_Variant12 cachingPP=1 ppOnly=0 stripLineD=0 buildPlatform=13 km=<SHADE_OPAQUE_ENTRY=Deferred_Indirect_Fptl_Variant12>,<USE_INDIRECT=1>,<VARIANT=12>,<UNITY_VERSION=202039> pKW=UNITY_NO_DXT5nm UNITY_NO_RGBM UNITY_ENABLE_REFLECTION_BUFFERS UNITY_NO_CUBEMAP_ARRAY UNITY_NO_SCREENSPACE_SHADOWS UNITY_PBS_USE_BRDF2 SHADER_API_MOBILE UNITY_LIGHTMAP_FULL_HDR uKW=SCREEN_SPACE_SHADOWS_OFF SHADOW_MEDIUM SHADER_STAGE_COMPUTE platform=vulkan flags=268439552 ok=1 outsize=437544

