Base path: 'C:/Program Files/Unity/Hub/Editor/2020.3.13f1/Editor/Data', plugins path 'C:/Program Files/Unity/Hub/Editor/2020.3.13f1/Editor/Data/PlaybackEngines'
Cmd: initializeCompiler

Cmd: compileComputeKernel
  insize=4895 file=C:/Users/AJ/Desktop/Uni/Autodidacta/VFX/UnityVFX/Library/PackageCache/com.unity.visualeffectgraph@10.5.1/Shaders/VFXFillIndirectArgs.compute kernel=CSVFXIndirectArgs cachingPP=1 ppOnly=0 stripLineD=0 buildPlatform=13 km=<UNITY_VERSION=202039> pKW=UNITY_NO_DXT5nm UNITY_ENABLE_REFLECTION_BUFFERS UNITY_NO_CUBEMAP_ARRAY UNITY_NO_SCREENSPACE_SHADOWS UNITY_PBS_USE_BRDF2 UNITY_LIGHTMAP_FULL_HDR uKW=SHADER_STAGE_COMPUTE platform=d3d11 flags=0 ok=1 outsize=2757

Cmd: compileComputeKernel
  insize=14405 file=C:/Users/AJ/Desktop/Uni/Autodidacta/VFX/UnityVFX/Library/PackageCache/com.unity.render-pipelines.high-definition@10.5.1/Runtime/RenderPipeline/Raytracing/Shaders/Reflections/RaytracingReflections.compute kernel=RaytracingReflectionsFullRes cachingPP=1 ppOnly=0 stripLineD=0 buildPlatform=13 km=<UNITY_VERSION=202039> pKW=UNITY_NO_DXT5nm UNITY_ENABLE_REFLECTION_BUFFERS UNITY_NO_CUBEMAP_ARRAY UNITY_NO_SCREENSPACE_SHADOWS UNITY_PBS_USE_BRDF2 UNITY_LIGHTMAP_FULL_HDR uKW=SHADER_STAGE_COMPUTE platform=d3d11 flags=0 ok=1 outsize=7763

Cmd: compileComputeKernel
  insize=39136 file=C:/Users/AJ/Desktop/Uni/Autodidacta/VFX/UnityVFX/Library/PackageCache/com.unity.render-pipelines.high-definition@10.5.1/Runtime/Lighting/VolumetricLighting/VolumetricLighting.compute kernel=VolumetricLighting cachingPP=1 ppOnly=0 stripLineD=0 buildPlatform=13 km=<UNITY_VERSION=202039> pKW=UNITY_NO_DXT5nm UNITY_ENABLE_REFLECTION_BUFFERS UNITY_NO_CUBEMAP_ARRAY UNITY_NO_SCREENSPACE_SHADOWS UNITY_PBS_USE_BRDF2 UNITY_LIGHTMAP_FULL_HDR uKW=SUPPORT_LOCAL_LIGHTS VL_PRESET_OPTIMAL SHADER_STAGE_COMPUTE platform=d3d11 flags=0 ok=1 outsize=43792

Cmd: compileComputeKernel
  insize=39136 file=C:/Users/AJ/Desktop/Uni/Autodidacta/VFX/UnityVFX/Library/PackageCache/com.unity.render-pipelines.high-definition@10.5.1/Runtime/Lighting/VolumetricLighting/VolumetricLighting.compute kernel=VolumetricLighting cachingPP=1 ppOnly=0 stripLineD=0 buildPlatform=13 km=<UNITY_VERSION=202039> pKW=UNITY_NO_DXT5nm UNITY_ENABLE_REFLECTION_BUFFERS UNITY_NO_CUBEMAP_ARRAY UNITY_NO_SCREENSPACE_SHADOWS UNITY_PBS_USE_BRDF2 UNITY_LIGHTMAP_FULL_HDR uKW=ENABLE_ANISOTROPY SHADER_STAGE_COMPUTE platform=d3d11 flags=0 ok=1 outsize=16392

Cmd: compileComputeKernel
  insize=1320 file=C:/Users/AJ/Desktop/Uni/Autodidacta/VFX/UnityVFX/Library/PackageCache/com.unity.visualeffectgraph@10.5.1/Shaders/VFXCopyBuffer.compute kernel=CSVFXCopyBuffer cachingPP=1 ppOnly=0 stripLineD=0 buildPlatform=13 km=<UNITY_VERSION=202039> pKW=UNITY_NO_DXT5nm UNITY_NO_RGBM UNITY_ENABLE_REFLECTION_BUFFERS UNITY_FRAMEBUFFER_FETCH_AVAILABLE UNITY_NO_CUBEMAP_ARRAY UNITY_NO_SCREENSPACE_SHADOWS UNITY_PBS_USE_BRDF2 SHADER_API_MOBILE UNITY_LIGHTMAP_FULL_HDR SHADER_API_GLES30 uKW=SHADER_STAGE_COMPUTE platform=gles3 flags=268439552 ok=1 outsize=1473

Cmd: compileComputeKernel
  insize=6129 file=C:/Users/AJ/Desktop/Uni/Autodidacta/VFX/UnityVFX/Library/PackageCache/com.unity.render-pipelines.high-definition@10.5.1/Runtime/PostProcessing/Shaders/MotionBlurMotionVecPrep.compute kernel=MotionVecPreppingCS cachingPP=1 ppOnly=0 stripLineD=0 buildPlatform=13 km=<MOTION_VEC_PREPPING=1>,<UNITY_VERSION=202039> pKW=UNITY_NO_DXT5nm UNITY_ENABLE_REFLECTION_BUFFERS UNITY_NO_CUBEMAP_ARRAY UNITY_NO_SCREENSPACE_SHADOWS UNITY_PBS_USE_BRDF2 UNITY_LIGHTMAP_FULL_HDR uKW=CAMERA_DISABLE_CAMERA SHADER_STAGE_COMPUTE platform=d3d11 flags=0 ok=1 outsize=3615

Cmd: compileComputeKernel
  insize=1893 file=C:/Users/AJ/Desktop/Uni/Autodidacta/VFX/UnityVFX/Library/PackageCache/com.unity.cinemachine@2.8.4/Editor/EditorResources/CMWaveform.compute kernel=KCMWaveformGather cachingPP=1 ppOnly=0 stripLineD=0 buildPlatform=13 km=<UNITY_VERSION=202039> pKW=UNITY_NO_DXT5nm UNITY_NO_RGBM UNITY_ENABLE_REFLECTION_BUFFERS UNITY_FRAMEBUFFER_FETCH_AVAILABLE UNITY_NO_CUBEMAP_ARRAY UNITY_NO_SCREENSPACE_SHADOWS UNITY_PBS_USE_BRDF2 SHADER_API_MOBILE UNITY_LIGHTMAP_FULL_HDR SHADER_API_GLES30 uKW=SHADER_STAGE_COMPUTE platform=gles3 flags=268439552 ok=1 outsize=3554

Cmd: compileComputeKernel
  insize=2603 file=C:/Users/AJ/Desktop/Uni/Autodidacta/VFX/UnityVFX/Library/PackageCache/com.unity.render-pipelines.high-definition@10.5.1/Runtime/Lighting/LightLoop/cleardispatchindirect.compute kernel=ClearDispatchIndirect cachingPP=1 ppOnly=0 stripLineD=0 buildPlatform=13 km=<UNITY_VERSION=202039> pKW=UNITY_NO_DXT5nm UNITY_ENABLE_REFLECTION_BUFFERS UNITY_NO_CUBEMAP_ARRAY UNITY_NO_SCREENSPACE_SHADOWS UNITY_PBS_USE_BRDF2 UNITY_LIGHTMAP_FULL_HDR uKW=SHADER_STAGE_COMPUTE platform=d3d11 flags=0 ok=1 outsize=562

Cmd: compileComputeKernel
  insize=29481 file=C:/Users/AJ/Desktop/Uni/Autodidacta/VFX/UnityVFX/Library/PackageCache/com.unity.render-pipelines.high-definition@10.5.1/Runtime/Lighting/ScreenSpaceLighting/ScreenSpaceReflections.compute kernel=ScreenSpaceReflectionsReprojection cachingPP=1 ppOnly=0 stripLineD=0 buildPlatform=13 km=<SSR_REPROJECT=1>,<UNITY_VERSION=202039> pKW=UNITY_NO_DXT5nm UNITY_ENABLE_REFLECTION_BUFFERS UNITY_NO_CUBEMAP_ARRAY UNITY_NO_SCREENSPACE_SHADOWS UNITY_PBS_USE_BRDF2 UNITY_LIGHTMAP_FULL_HDR uKW=SHADER_STAGE_COMPUTE platform=d3d11 flags=0 ok=1 outsize=6917

Cmd: compileComputeKernel
  insize=5437 file=C:/Users/AJ/Desktop/Uni/Autodidacta/VFX/UnityVFX/Library/PackageCache/com.unity.render-pipelines.high-definition@10.5.1/Runtime/PostProcessing/Shaders/DepthOfFieldGather.compute kernel=KMainFar cachingPP=1 ppOnly=0 stripLineD=0 buildPlatform=13 km=<MAIN=KMainFar>,<FAR=1>,<UNITY_VERSION=202039> pKW=UNITY_NO_DXT5nm UNITY_ENABLE_REFLECTION_BUFFERS UNITY_NO_CUBEMAP_ARRAY UNITY_NO_SCREENSPACE_SHADOWS UNITY_PBS_USE_BRDF2 UNITY_LIGHTMAP_FULL_HDR uKW=USE_TILES SHADER_STAGE_COMPUTE platform=d3d11 flags=0 ok=1 outsize=2536

Cmd: compileComputeKernel
  insize=16415 file=C:/Users/AJ/Desktop/Uni/Autodidacta/VFX/UnityVFX/Library/PackageCache/com.unity.render-pipelines.high-definition@10.5.1/Runtime/Sky/PhysicallyBasedSky/InScatteredRadiancePrecomputation.compute kernel=MAIN_S cachingPP=1 ppOnly=0 stripLineD=0 buildPlatform=13 km=<main=MAIN_S>,<MULTIPLE_SCATTERING_GATHER=1>,<SRC_SS=1>,<UNITY_VERSION=202039> pKW=UNITY_NO_DXT5nm UNITY_ENABLE_REFLECTION_BUFFERS UNITY_NO_CUBEMAP_ARRAY UNITY_NO_SCREENSPACE_SHADOWS UNITY_PBS_USE_BRDF2 UNITY_LIGHTMAP_FULL_HDR uKW=SHADER_STAGE_COMPUTE platform=d3d11 flags=0 ok=1 outsize=10708

Cmd: compileComputeKernel
  insize=33284 file=C:/Users/AJ/Desktop/Uni/Autodidacta/VFX/UnityVFX/Library/PackageCache/com.unity.render-pipelines.high-definition@10.5.1/Runtime/RenderPipeline/Raytracing/Shaders/Shadows/RaytracingShadow.compute kernel=OutputColorShadowTexture cachingPP=1 ppOnly=0 stripLineD=0 buildPlatform=13 km=<OUTPUT_SHADOW_TEXTURE=OutputColorShadowTexture>,<COLOR_SHADOW=1>,<UNITY_VERSION=202039> pKW=UNITY_NO_DXT5nm UNITY_ENABLE_REFLECTION_BUFFERS UNITY_NO_CUBEMAP_ARRAY UNITY_NO_SCREENSPACE_SHADOWS UNITY_PBS_USE_BRDF2 UNITY_LIGHTMAP_FULL_HDR uKW=SHADER_STAGE_COMPUTE platform=d3d11 flags=0 ok=1 outsize=859

Cmd: compileComputeKernel
  insize=33284 file=C:/Users/AJ/Desktop/Uni/Autodidacta/VFX/UnityVFX/Library/PackageCache/com.unity.render-pipelines.high-definition@10.5.1/Runtime/RenderPipeline/Raytracing/Shaders/Shadows/RaytracingShadow.compute kernel=RaytracingAreaShadowNewSample cachingPP=1 ppOnly=0 stripLineD=0 buildPlatform=13 km=<UNITY_VERSION=202039> pKW=UNITY_NO_DXT5nm UNITY_ENABLE_REFLECTION_BUFFERS UNITY_NO_CUBEMAP_ARRAY UNITY_NO_SCREENSPACE_SHADOWS UNITY_PBS_USE_BRDF2 UNITY_LIGHTMAP_FULL_HDR uKW=SHADER_STAGE_COMPUTE platform=d3d11 flags=0 ok=1 outsize=22579

Cmd: compileComputeKernel
  insize=9221 file=C:/Users/AJ/Desktop/Uni/Autodidacta/VFX/UnityVFX/Library/PackageCache/com.unity.visualeffectgraph@10.5.1/Shaders/Sort.compute kernel=BitonicSort1024 cachingPP=1 ppOnly=0 stripLineD=0 buildPlatform=13 km=<BITONIC_SORT=BitonicSort1024>,<ELEMENTS_COUNT=1024>,<ITERATIONS_COUNT=2>,<FINAL_PASS=1>,<UNITY_VERSION=202039> pKW=UNITY_NO_DXT5nm UNITY_NO_RGBM UNITY_ENABLE_REFLECTION_BUFFERS UNITY_FRAMEBUFFER_FETCH_AVAILABLE UNITY_NO_CUBEMAP_ARRAY UNITY_NO_SCREENSPACE_SHADOWS UNITY_PBS_USE_BRDF2 SHADER_API_MOBILE UNITY_LIGHTMAP_FULL_HDR SHADER_API_GLES30 uKW=VFX_SORT_USE_ELEMENT_COUNT_BUFFER SHADER_STAGE_COMPUTE platform=gles3 flags=268439552 ok=1 outsize=6039

Cmd: compileComputeKernel
  insize=2870 file=C:/Users/AJ/Desktop/Uni/Autodidacta/VFX/UnityVFX/Library/PackageCache/com.unity.render-pipelines.high-definition@10.5.1/Runtime/RenderPipeline/Accumulation/Shaders/Accumulation.compute kernel=KMain cachingPP=1 ppOnly=0 stripLineD=0 buildPlatform=13 km=<UNITY_VERSION=202039> pKW=UNITY_NO_DXT5nm UNITY_ENABLE_REFLECTION_BUFFERS UNITY_NO_CUBEMAP_ARRAY UNITY_NO_SCREENSPACE_SHADOWS UNITY_PBS_USE_BRDF2 UNITY_LIGHTMAP_FULL_HDR uKW=INPUT_FROM_RADIANCE_TEXTURE SHADER_STAGE_COMPUTE platform=d3d11 flags=0 ok=1 outsize=2215

Cmd: compileComputeKernel
  insize=8335 file=C:/Users/AJ/Desktop/Uni/Autodidacta/VFX/UnityVFX/Library/PackageCache/com.unity.render-pipelines.high-definition@10.5.1/Runtime/RenderPipeline/Raytracing/Shaders/Denoising/DiffuseDenoiser.compute kernel=BilateralFilterColor cachingPP=1 ppOnly=0 stripLineD=0 buildPlatform=13 km=<BILATERAL_FILTER=BilateralFilterColor>,<UNITY_VERSION=202039> pKW=UNITY_NO_DXT5nm UNITY_ENABLE_REFLECTION_BUFFERS UNITY_NO_CUBEMAP_ARRAY UNITY_NO_SCREENSPACE_SHADOWS UNITY_PBS_USE_BRDF2 UNITY_LIGHTMAP_FULL_HDR uKW=SHADER_STAGE_COMPUTE platform=d3d11 flags=0 ok=1 outsize=7166

Cmd: compileComputeKernel
  insize=11050 file=C:/Users/AJ/Desktop/Uni/Autodidacta/VFX/UnityVFX/Library/PackageCache/com.unity.render-pipelines.high-definition@10.5.1/Runtime/Lighting/PlanarReflectionFiltering.compute kernel=DownScale cachingPP=1 ppOnly=0 stripLineD=0 buildPlatform=13 km=<UNITY_VERSION=202039> pKW=UNITY_NO_DXT5nm UNITY_ENABLE_REFLECTION_BUFFERS UNITY_NO_CUBEMAP_ARRAY UNITY_NO_SCREENSPACE_SHADOWS UNITY_PBS_USE_BRDF2 UNITY_LIGHTMAP_FULL_HDR uKW=SHADER_STAGE_COMPUTE platform=d3d11 flags=0 ok=1 outsize=2046

Cmd: compileComputeKernel
  insize=3633 file=C:/Users/AJ/Desktop/Uni/Autodidacta/VFX/UnityVFX/Library/PackageCache/com.unity.render-pipelines.high-definition@10.5.1/Runtime/Lighting/LightLoop/materialflags.compute kernel=MaterialFlagsGen cachingPP=1 ppOnly=0 stripLineD=0 buildPlatform=13 km=<UNITY_VERSION=202039> pKW=UNITY_NO_DXT5nm UNITY_ENABLE_REFLECTION_BUFFERS UNITY_NO_CUBEMAP_ARRAY UNITY_NO_SCREENSPACE_SHADOWS UNITY_PBS_USE_BRDF2 UNITY_LIGHTMAP_FULL_HDR uKW=SHADER_STAGE_COMPUTE platform=d3d11 flags=0 ok=1 outsize=4110

Cmd: compileComputeKernel
  insize=12310 file=C:/Users/AJ/Desktop/Uni/Autodidacta/VFX/UnityVFX/Library/PackageCache/com.unity.render-pipelines.high-definition@10.5.1/Runtime/Lighting/LightLoop/lightlistbuild-bigtile.compute kernel=BigTileLightListGen cachingPP=1 ppOnly=0 stripLineD=0 buildPlatform=13 km=<UNITY_VERSION=202039> pKW=UNITY_NO_DXT5nm UNITY_ENABLE_REFLECTION_BUFFERS UNITY_NO_CUBEMAP_ARRAY UNITY_NO_SCREENSPACE_SHADOWS UNITY_PBS_USE_BRDF2 UNITY_LIGHTMAP_FULL_HDR uKW=SHADER_STAGE_COMPUTE platform=d3d11 flags=0 ok=1 outsize=10095

Cmd: compileComputeKernel
  insize=3402 file=C:/Users/AJ/Desktop/Uni/Autodidacta/VFX/UnityVFX/Library/PackageCache/com.unity.render-pipelines.high-definition@10.5.1/Runtime/PostProcessing/Shaders/DepthOfFieldMip.compute kernel=KMainColorCopyAlpha cachingPP=1 ppOnly=0 stripLineD=0 buildPlatform=13 km=<MAIN=KMainColorCopyAlpha>,<CTYPE=float4>,<COPY_MIP0=1>,<UNITY_VERSION=202039> pKW=UNITY_NO_DXT5nm UNITY_ENABLE_REFLECTION_BUFFERS UNITY_NO_CUBEMAP_ARRAY UNITY_NO_SCREENSPACE_SHADOWS UNITY_PBS_USE_BRDF2 UNITY_LIGHTMAP_FULL_HDR uKW=SHADER_STAGE_COMPUTE platform=d3d11 flags=0 ok=1 outsize=2439

Cmd: compileComputeKernel
  insize=9195 file=C:/Users/AJ/Desktop/Uni/Autodidacta/VFX/UnityVFX/Library/PackageCache/com.unity.render-pipelines.high-definition@10.5.1/Runtime/PostProcessing/Shaders/LutBuilder3D.compute kernel=KBuild cachingPP=1 ppOnly=0 stripLineD=0 buildPlatform=13 km=<UNITY_VERSION=202039> pKW=UNITY_NO_DXT5nm UNITY_ENABLE_REFLECTION_BUFFERS UNITY_NO_CUBEMAP_ARRAY UNITY_NO_SCREENSPACE_SHADOWS UNITY_PBS_USE_BRDF2 UNITY_LIGHTMAP_FULL_HDR uKW=TONEMAPPING_NONE SHADER_STAGE_COMPUTE platform=d3d11 flags=0 ok=1 outsize=7860

Cmd: compileComputeKernel
  insize=8927 file=C:/Users/AJ/Desktop/Uni/Autodidacta/VFX/UnityVFX/Library/PackageCache/com.unity.render-pipelines.high-definition@10.5.1/Runtime/PostProcessing/Shaders/UberPost.compute kernel=Uber cachingPP=1 ppOnly=0 stripLineD=0 buildPlatform=13 km=<UNITY_VERSION=202039> pKW=UNITY_NO_DXT5nm UNITY_ENABLE_REFLECTION_BUFFERS UNITY_NO_CUBEMAP_ARRAY UNITY_NO_SCREENSPACE_SHADOWS UNITY_PBS_USE_BRDF2 UNITY_LIGHTMAP_FULL_HDR uKW=CHROMATIC_ABERRATION ENABLE_ALPHA LENS_DISTORTION SHADER_STAGE_COMPUTE platform=d3d11 flags=0 ok=1 outsize=7762

Cmd: compileComputeKernel
  insize=4757 file=C:/Users/AJ/Desktop/Uni/Autodidacta/VFX/UnityVFX/Library/PackageCache/com.unity.render-pipelines.high-definition@10.5.1/Runtime/RenderPipeline/Raytracing/Shaders/SubSurface/RayTracingSubSurface.compute kernel=BlendSubSurfaceDataWithGI cachingPP=1 ppOnly=0 stripLineD=0 buildPlatform=13 km=<UNITY_VERSION=202039> pKW=UNITY_NO_DXT5nm UNITY_ENABLE_REFLECTION_BUFFERS UNITY_NO_CUBEMAP_ARRAY UNITY_NO_SCREENSPACE_SHADOWS UNITY_PBS_USE_BRDF2 UNITY_LIGHTMAP_FULL_HDR uKW=SHADER_STAGE_COMPUTE platform=d3d11 flags=0 ok=1 outsize=1834

Cmd: compileComputeKernel
  insize=26393 file=C:/Users/AJ/Desktop/Uni/Autodidacta/VFX/UnityVFX/Library/PackageCache/com.unity.render-pipelines.high-definition@10.5.1/Runtime/Lighting/LightLoop/lightlistbuild-clustered.compute kernel=TileLightListGen_NoDepthRT cachingPP=1 ppOnly=0 stripLineD=0 buildPlatform=13 km=<LIGHTLISTGEN=TileLightListGen_NoDepthRT>,<UNITY_VERSION=202039> pKW=UNITY_NO_DXT5nm UNITY_ENABLE_REFLECTION_BUFFERS UNITY_NO_CUBEMAP_ARRAY UNITY_NO_SCREENSPACE_SHADOWS UNITY_PBS_USE_BRDF2 UNITY_LIGHTMAP_FULL_HDR uKW=SHADER_STAGE_COMPUTE platform=d3d11 flags=0 ok=1 outsize=13383

Cmd: compileComputeKernel
  insize=13292 file=C:/Users/AJ/Desktop/Uni/Autodidacta/VFX/UnityVFX/Library/PackageCache/com.unity.render-pipelines.high-definition@10.5.1/Runtime/Lighting/ScreenSpaceLighting/SSGIDenoiser.compute kernel=SpatialFilter cachingPP=1 ppOnly=0 stripLineD=0 buildPlatform=13 km=<SPATIAL_FILTER=SpatialFilter>,<UNITY_VERSION=202039> pKW=UNITY_NO_DXT5nm UNITY_ENABLE_REFLECTION_BUFFERS UNITY_NO_CUBEMAP_ARRAY UNITY_NO_SCREENSPACE_SHADOWS UNITY_PBS_USE_BRDF2 UNITY_LIGHTMAP_FULL_HDR uKW=SHADER_STAGE_COMPUTE platform=d3d11 flags=0 ok=1 outsize=4339

Cmd: compileComputeKernel
  insize=4407 file=C:/Users/AJ/Desktop/Uni/Autodidacta/VFX/UnityVFX/Library/PackageCache/com.unity.render-pipelines.high-definition@10.5.1/Runtime/RenderPipeline/Raytracing/Shaders/CountTracedRays.compute kernel=BufferReduction cachingPP=1 ppOnly=0 stripLineD=0 buildPlatform=13 km=<UNITY_VERSION=202039> pKW=UNITY_NO_DXT5nm UNITY_ENABLE_REFLECTION_BUFFERS UNITY_NO_CUBEMAP_ARRAY UNITY_NO_SCREENSPACE_SHADOWS UNITY_PBS_USE_BRDF2 UNITY_LIGHTMAP_FULL_HDR uKW=SHADER_STAGE_COMPUTE platform=d3d11 flags=0 ok=1 outsize=2864

Cmd: compileComputeKernel
  insize=11906 file=C:/Users/AJ/Desktop/Uni/Autodidacta/VFX/UnityVFX/Library/PackageCache/com.unity.render-pipelines.high-definition@10.5.1/Runtime/Lighting/Shadow/MomentShadows.compute kernel=ComputeMomentShadows cachingPP=1 ppOnly=0 stripLineD=0 buildPlatform=13 km=<UNITY_VERSION=202039> pKW=UNITY_NO_DXT5nm UNITY_NO_RGBM UNITY_ENABLE_REFLECTION_BUFFERS UNITY_FRAMEBUFFER_FETCH_AVAILABLE UNITY_NO_CUBEMAP_ARRAY UNITY_NO_SCREENSPACE_SHADOWS UNITY_PBS_USE_BRDF2 SHADER_API_MOBILE UNITY_LIGHTMAP_FULL_HDR SHADER_API_GLES30 uKW=SHADER_STAGE_COMPUTE platform=gles3 flags=268439552  error: 2 plat 9 at C:/Users/AJ/Desktop/Uni/Autodidacta/VFX/UnityVFX/Library/PackageCache/com.unity.render-pipelines.high-definition@10.5.1/Runtime/ShaderLibrary/ShaderVariablesFunctions.hlsl(119): syntax error: unexpected token '#'
 ok=0 outsize=0

Cmd: compileComputeKernel
  insize=5696 file=C:/Users/AJ/Desktop/Uni/Autodidacta/VFX/UnityVFX/Library/PackageCache/com.unity.render-pipelines.high-definition@10.5.1/Runtime/PostProcessing/Shaders/HistogramExposure.compute kernel=KHistogramReduce cachingPP=1 ppOnly=0 stripLineD=0 buildPlatform=13 km=<REDUCE_PASS=1>,<UNITY_VERSION=202039> pKW=UNITY_NO_DXT5nm UNITY_NO_RGBM UNITY_ENABLE_REFLECTION_BUFFERS UNITY_FRAMEBUFFER_FETCH_AVAILABLE UNITY_NO_CUBEMAP_ARRAY UNITY_NO_SCREENSPACE_SHADOWS UNITY_PBS_USE_BRDF2 SHADER_API_MOBILE UNITY_LIGHTMAP_FULL_HDR SHADER_API_GLES30 uKW=SHADER_STAGE_COMPUTE platform=gles3 flags=268439552  error: 2 plat 9 at C:/Users/AJ/Desktop/Uni/Autodidacta/VFX/UnityVFX/Library/PackageCache/com.unity.render-pipelines.high-definition@10.5.1/Runtime/ShaderLibrary/ShaderVariablesFunctions.hlsl(119): syntax error: unexpected token '#'
 ok=0 outsize=0

Cmd: compileComputeKernel
  insize=2476 file=C:/Users/AJ/Desktop/Uni/Autodidacta/VFX/UnityVFX/Library/PackageCache/com.unity.render-pipelines.high-definition@10.5.1/Runtime/VirtualTexturing/Shaders/DownsampleVTFeedback.compute kernel=KMainMSAA cachingPP=1 ppOnly=0 stripLineD=0 buildPlatform=13 km=<UNITY_VERSION=202039> pKW=UNITY_NO_DXT5nm UNITY_NO_RGBM UNITY_ENABLE_REFLECTION_BUFFERS UNITY_FRAMEBUFFER_FETCH_AVAILABLE UNITY_NO_CUBEMAP_ARRAY UNITY_NO_SCREENSPACE_SHADOWS UNITY_PBS_USE_BRDF2 SHADER_API_MOBILE UNITY_LIGHTMAP_FULL_HDR SHADER_API_GLES30 uKW=SHADER_STAGE_COMPUTE platform=gles3 flags=268439552  error: 2 plat 9 at C:/Users/AJ/Desktop/Uni/Autodidacta/VFX/UnityVFX/Library/PackageCache/com.unity.render-pipelines.high-definition@10.5.1/Runtime/ShaderLibrary/ShaderVariablesFunctions.hlsl(119): syntax error: unexpected token '#'
 ok=0 outsize=0

Cmd: compileComputeKernel
  insize=820 file=C:/Users/AJ/Desktop/Uni/Autodidacta/VFX/UnityVFX/Library/PackageCache/com.unity.render-pipelines.high-definition@10.5.1/Runtime/Core/CoreResources/ClearUIntTextureArray.compute kernel=ClearUIntTexture cachingPP=1 ppOnly=0 stripLineD=0 buildPlatform=13 km=<UNITY_VERSION=202039> pKW=UNITY_NO_DXT5nm UNITY_NO_RGBM UNITY_ENABLE_REFLECTION_BUFFERS UNITY_FRAMEBUFFER_FETCH_AVAILABLE UNITY_NO_CUBEMAP_ARRAY UNITY_NO_SCREENSPACE_SHADOWS UNITY_PBS_USE_BRDF2 SHADER_API_MOBILE UNITY_LIGHTMAP_FULL_HDR SHADER_API_GLES30 uKW=SHADER_STAGE_COMPUTE platform=gles3 flags=268439552  error: 2 plat 9 at C:/Users/AJ/Desktop/Uni/Autodidacta/VFX/UnityVFX/Library/PackageCache/com.unity.render-pipelines.high-definition@10.5.1/Runtime/ShaderLibrary/ShaderVariablesFunctions.hlsl(119): syntax error: unexpected token '#'
 ok=0 outsize=0

Cmd: compileComputeKernel
  insize=10754 file=C:/Users/AJ/Desktop/Uni/Autodidacta/VFX/UnityVFX/Library/PackageCache/com.unity.render-pipelines.high-definition@10.5.1/Runtime/Lighting/LightLoop/Deferred.compute kernel=Deferred_Indirect_Fptl_Variant27 cachingPP=1 ppOnly=0 stripLineD=0 buildPlatform=13 km=<SHADE_OPAQUE_ENTRY=Deferred_Indirect_Fptl_Variant27>,<USE_INDIRECT=1>,<VARIANT=27>,<UNITY_VERSION=202039> pKW=UNITY_NO_DXT5nm UNITY_ENABLE_REFLECTION_BUFFERS UNITY_NO_CUBEMAP_ARRAY UNITY_NO_SCREENSPACE_SHADOWS UNITY_PBS_USE_BRDF2 UNITY_LIGHTMAP_FULL_HDR uKW=SCREEN_SPACE_SHADOWS_OFF SHADOWS_SHADOWMASK SHADOW_HIGH SHADER_STAGE_COMPUTE platform=d3d11 flags=0 ok=1 outsize=84891

Cmd: compileComputeKernel
  insize=10754 file=C:/Users/AJ/Desktop/Uni/Autodidacta/VFX/UnityVFX/Library/PackageCache/com.unity.render-pipelines.high-definition@10.5.1/Runtime/Lighting/LightLoop/Deferred.compute kernel=Deferred_Indirect_Fptl_Variant26 cachingPP=1 ppOnly=0 stripLineD=0 buildPlatform=13 km=<SHADE_OPAQUE_ENTRY=Deferred_Indirect_Fptl_Variant26>,<USE_INDIRECT=1>,<VARIANT=26>,<UNITY_VERSION=202039> pKW=UNITY_NO_DXT5nm UNITY_ENABLE_REFLECTION_BUFFERS UNITY_NO_CUBEMAP_ARRAY UNITY_NO_SCREENSPACE_SHADOWS UNITY_PBS_USE_BRDF2 UNITY_LIGHTMAP_FULL_HDR uKW=SCREEN_SPACE_SHADOWS_OFF SHADOWS_SHADOWMASK SHADOW_MEDIUM SHADER_STAGE_COMPUTE platform=d3d11 flags=0 ok=1 outsize=56608

Cmd: compileComputeKernel
  insize=10754 file=C:/Users/AJ/Desktop/Uni/Autodidacta/VFX/UnityVFX/Library/PackageCache/com.unity.render-pipelines.high-definition@10.5.1/Runtime/Lighting/LightLoop/Deferred.compute kernel=Deferred_Indirect_Fptl_Variant25 cachingPP=1 ppOnly=0 stripLineD=0 buildPlatform=13 km=<SHADE_OPAQUE_ENTRY=Deferred_Indirect_Fptl_Variant25>,<USE_INDIRECT=1>,<VARIANT=25>,<UNITY_VERSION=202039> pKW=UNITY_NO_DXT5nm UNITY_ENABLE_REFLECTION_BUFFERS UNITY_NO_CUBEMAP_ARRAY UNITY_NO_SCREENSPACE_SHADOWS UNITY_PBS_USE_BRDF2 UNITY_LIGHTMAP_FULL_HDR uKW=SCREEN_SPACE_SHADOWS_OFF SHADOWS_SHADOWMASK SHADOW_MEDIUM SHADER_STAGE_COMPUTE platform=d3d11 flags=0 ok=1 outsize=40091

Cmd: compileComputeKernel
  insize=10754 file=C:/Users/AJ/Desktop/Uni/Autodidacta/VFX/UnityVFX/Library/PackageCache/com.unity.render-pipelines.high-definition@10.5.1/Runtime/Lighting/LightLoop/Deferred.compute kernel=Deferred_Indirect_Fptl_Variant24 cachingPP=1 ppOnly=0 stripLineD=0 buildPlatform=13 km=<SHADE_OPAQUE_ENTRY=Deferred_Indirect_Fptl_Variant24>,<USE_INDIRECT=1>,<VARIANT=24>,<UNITY_VERSION=202039> pKW=UNITY_NO_DXT5nm UNITY_ENABLE_REFLECTION_BUFFERS UNITY_NO_CUBEMAP_ARRAY UNITY_NO_SCREENSPACE_SHADOWS UNITY_PBS_USE_BRDF2 UNITY_LIGHTMAP_FULL_HDR uKW=SCREEN_SPACE_SHADOWS_ON SHADOW_LOW SHADER_STAGE_COMPUTE platform=d3d11 flags=0 ok=1 outsize=54712

Cmd: compileComputeKernel
  insize=10754 file=C:/Users/AJ/Desktop/Uni/Autodidacta/VFX/UnityVFX/Library/PackageCache/com.unity.render-pipelines.high-definition@10.5.1/Runtime/Lighting/LightLoop/Deferred.compute kernel=Deferred_Indirect_Fptl_Variant23 cachingPP=1 ppOnly=0 stripLineD=0 buildPlatform=13 km=<SHADE_OPAQUE_ENTRY=Deferred_Indirect_Fptl_Variant23>,<USE_INDIRECT=1>,<VARIANT=23>,<UNITY_VERSION=202039> pKW=UNITY_NO_DXT5nm UNITY_ENABLE_REFLECTION_BUFFERS UNITY_NO_CUBEMAP_ARRAY UNITY_NO_SCREENSPACE_SHADOWS UNITY_PBS_USE_BRDF2 UNITY_LIGHTMAP_FULL_HDR uKW=SCREEN_SPACE_SHADOWS_OFF SHADOW_HIGH SHADER_STAGE_COMPUTE platform=d3d11 flags=0 ok=1 outsize=46689

Cmd: compileComputeKernel
  insize=10754 file=C:/Users/AJ/Desktop/Uni/Autodidacta/VFX/UnityVFX/Library/PackageCache/com.unity.render-pipelines.high-definition@10.5.1/Runtime/Lighting/LightLoop/Deferred.compute kernel=Deferred_Indirect_Fptl_Variant22 cachingPP=1 ppOnly=0 stripLineD=0 buildPlatform=13 km=<SHADE_OPAQUE_ENTRY=Deferred_Indirect_Fptl_Variant22>,<USE_INDIRECT=1>,<VARIANT=22>,<UNITY_VERSION=202039> pKW=UNITY_NO_DXT5nm UNITY_ENABLE_REFLECTION_BUFFERS UNITY_NO_CUBEMAP_ARRAY UNITY_NO_SCREENSPACE_SHADOWS UNITY_PBS_USE_BRDF2 UNITY_LIGHTMAP_FULL_HDR uKW=SCREEN_SPACE_SHADOWS_ON SHADOW_HIGH SHADER_STAGE_COMPUTE platform=d3d11 flags=0 ok=1 outsize=94799

Cmd: compileComputeKernel
  insize=10754 file=C:/Users/AJ/Desktop/Uni/Autodidacta/VFX/UnityVFX/Library/PackageCache/com.unity.render-pipelines.high-definition@10.5.1/Runtime/Lighting/LightLoop/Deferred.compute kernel=Deferred_Indirect_Fptl_Variant20 cachingPP=1 ppOnly=0 stripLineD=0 buildPlatform=13 km=<SHADE_OPAQUE_ENTRY=Deferred_Indirect_Fptl_Variant20>,<USE_INDIRECT=1>,<VARIANT=20>,<UNITY_VERSION=202039> pKW=UNITY_NO_DXT5nm UNITY_ENABLE_REFLECTION_BUFFERS UNITY_NO_CUBEMAP_ARRAY UNITY_NO_SCREENSPACE_SHADOWS UNITY_PBS_USE_BRDF2 UNITY_LIGHTMAP_FULL_HDR uKW=SCREEN_SPACE_SHADOWS_OFF SHADOWS_SHADOWMASK SHADOW_MEDIUM SHADER_STAGE_COMPUTE platform=d3d11 flags=0 ok=1 outsize=42779

Cmd: compileComputeKernel
  insize=10754 file=C:/Users/AJ/Desktop/Uni/Autodidacta/VFX/UnityVFX/Library/PackageCache/com.unity.render-pipelines.high-definition@10.5.1/Runtime/Lighting/LightLoop/Deferred.compute kernel=Deferred_Indirect_Fptl_Variant20 cachingPP=1 ppOnly=0 stripLineD=0 buildPlatform=13 km=<SHADE_OPAQUE_ENTRY=Deferred_Indirect_Fptl_Variant20>,<USE_INDIRECT=1>,<VARIANT=20>,<UNITY_VERSION=202039> pKW=UNITY_NO_DXT5nm UNITY_ENABLE_REFLECTION_BUFFERS UNITY_NO_CUBEMAP_ARRAY UNITY_NO_SCREENSPACE_SHADOWS UNITY_PBS_USE_BRDF2 UNITY_LIGHTMAP_FULL_HDR uKW=SCREEN_SPACE_SHADOWS_ON SHADOWS_SHADOWMASK SHADOW_HIGH SHADER_STAGE_COMPUTE platform=d3d11 flags=0 ok=1 outsize=44825

Cmd: compileComputeKernel
  insize=10754 file=C:/Users/AJ/Desktop/Uni/Autodidacta/VFX/UnityVFX/Library/PackageCache/com.unity.render-pipelines.high-definition@10.5.1/Runtime/Lighting/LightLoop/Deferred.compute kernel=Deferred_Indirect_Fptl_Variant19 cachingPP=1 ppOnly=0 stripLineD=0 buildPlatform=13 km=<SHADE_OPAQUE_ENTRY=Deferred_Indirect_Fptl_Variant19>,<USE_INDIRECT=1>,<VARIANT=19>,<UNITY_VERSION=202039> pKW=UNITY_NO_DXT5nm UNITY_ENABLE_REFLECTION_BUFFERS UNITY_NO_CUBEMAP_ARRAY UNITY_NO_SCREENSPACE_SHADOWS UNITY_PBS_USE_BRDF2 UNITY_LIGHTMAP_FULL_HDR uKW=SCREEN_SPACE_SHADOWS_ON SHADOW_HIGH SHADER_STAGE_COMPUTE platform=d3d11 flags=0 ok=1 outsize=64724

Cmd: compileComputeKernel
  insize=10754 file=C:/Users/AJ/Desktop/Uni/Autodidacta/VFX/UnityVFX/Library/PackageCache/com.unity.render-pipelines.high-definition@10.5.1/Runtime/Lighting/LightLoop/Deferred.compute kernel=Deferred_Indirect_Fptl_Variant17 cachingPP=1 ppOnly=0 stripLineD=0 buildPlatform=13 km=<SHADE_OPAQUE_ENTRY=Deferred_Indirect_Fptl_Variant17>,<USE_INDIRECT=1>,<VARIANT=17>,<UNITY_VERSION=202039> pKW=UNITY_NO_DXT5nm UNITY_ENABLE_REFLECTION_BUFFERS UNITY_NO_CUBEMAP_ARRAY UNITY_NO_SCREENSPACE_SHADOWS UNITY_PBS_USE_BRDF2 UNITY_LIGHTMAP_FULL_HDR uKW=SCREEN_SPACE_SHADOWS_OFF SHADOW_HIGH SHADER_STAGE_COMPUTE platform=d3d11 flags=0 ok=1 outsize=82125

Cmd: compileComputeKernel
  insize=10754 file=C:/Users/AJ/Desktop/Uni/Autodidacta/VFX/UnityVFX/Library/PackageCache/com.unity.render-pipelines.high-definition@10.5.1/Runtime/Lighting/LightLoop/Deferred.compute kernel=Deferred_Indirect_Fptl_Variant16 cachingPP=1 ppOnly=0 stripLineD=0 buildPlatform=13 km=<SHADE_OPAQUE_ENTRY=Deferred_Indirect_Fptl_Variant16>,<USE_INDIRECT=1>,<VARIANT=16>,<UNITY_VERSION=202039> pKW=UNITY_NO_DXT5nm UNITY_ENABLE_REFLECTION_BUFFERS UNITY_NO_CUBEMAP_ARRAY UNITY_NO_SCREENSPACE_SHADOWS UNITY_PBS_USE_BRDF2 UNITY_LIGHTMAP_FULL_HDR uKW=SCREEN_SPACE_SHADOWS_OFF SHADOW_HIGH SHADER_STAGE_COMPUTE platform=d3d11 flags=0 ok=1 outsize=56082

Cmd: compileComputeKernel
  insize=10754 file=C:/Users/AJ/Desktop/Uni/Autodidacta/VFX/UnityVFX/Library/PackageCache/com.unity.render-pipelines.high-definition@10.5.1/Runtime/Lighting/LightLoop/Deferred.compute kernel=Deferred_Indirect_Fptl_Variant15 cachingPP=1 ppOnly=0 stripLineD=0 buildPlatform=13 km=<SHADE_OPAQUE_ENTRY=Deferred_Indirect_Fptl_Variant15>,<USE_INDIRECT=1>,<VARIANT=15>,<UNITY_VERSION=202039> pKW=UNITY_NO_DXT5nm UNITY_ENABLE_REFLECTION_BUFFERS UNITY_NO_CUBEMAP_ARRAY UNITY_NO_SCREENSPACE_SHADOWS UNITY_PBS_USE_BRDF2 UNITY_LIGHTMAP_FULL_HDR uKW=SCREEN_SPACE_SHADOWS_ON SHADOWS_SHADOWMASK SHADOW_HIGH SHADER_STAGE_COMPUTE platform=d3d11 flags=0 ok=1 outsize=41773

Cmd: compileComputeKernel
  insize=10754 file=C:/Users/AJ/Desktop/Uni/Autodidacta/VFX/UnityVFX/Library/PackageCache/com.unity.render-pipelines.high-definition@10.5.1/Runtime/Lighting/LightLoop/Deferred.compute kernel=Deferred_Indirect_Fptl_Variant13 cachingPP=1 ppOnly=0 stripLineD=0 buildPlatform=13 km=<SHADE_OPAQUE_ENTRY=Deferred_Indirect_Fptl_Variant13>,<USE_INDIRECT=1>,<VARIANT=13>,<UNITY_VERSION=202039> pKW=UNITY_NO_DXT5nm UNITY_ENABLE_REFLECTION_BUFFERS UNITY_NO_CUBEMAP_ARRAY UNITY_NO_SCREENSPACE_SHADOWS UNITY_PBS_USE_BRDF2 UNITY_LIGHTMAP_FULL_HDR uKW=SCREEN_SPACE_SHADOWS_ON SHADOW_LOW SHADER_STAGE_COMPUTE platform=d3d11 flags=0 ok=1 outsize=42083

Cmd: compileComputeKernel
  insize=10754 file=C:/Users/AJ/Desktop/Uni/Autodidacta/VFX/UnityVFX/Library/PackageCache/com.unity.render-pipelines.high-definition@10.5.1/Runtime/Lighting/LightLoop/Deferred.compute kernel=Deferred_Indirect_Fptl_Variant12 cachingPP=1 ppOnly=0 stripLineD=0 buildPlatform=13 km=<SHADE_OPAQUE_ENTRY=Deferred_Indirect_Fptl_Variant12>,<USE_INDIRECT=1>,<VARIANT=12>,<UNITY_VERSION=202039> pKW=UNITY_NO_DXT5nm UNITY_ENABLE_REFLECTION_BUFFERS UNITY_NO_CUBEMAP_ARRAY UNITY_NO_SCREENSPACE_SHADOWS UNITY_PBS_USE_BRDF2 UNITY_LIGHTMAP_FULL_HDR uKW=SCREEN_SPACE_SHADOWS_ON SHADOW_LOW SHADER_STAGE_COMPUTE platform=d3d11 flags=0 ok=1 outsize=89426

Cmd: compileComputeKernel
  insize=4895 file=C:/Users/AJ/Desktop/Uni/Autodidacta/VFX/UnityVFX/Library/PackageCache/com.unity.visualeffectgraph@10.5.1/Shaders/VFXFillIndirectArgs.compute kernel=CSVFXIndirectArgs cachingPP=1 ppOnly=0 stripLineD=0 buildPlatform=13 km=<UNITY_VERSION=202039> pKW=UNITY_NO_DXT5nm UNITY_NO_RGBM UNITY_ENABLE_REFLECTION_BUFFERS UNITY_NO_CUBEMAP_ARRAY UNITY_NO_SCREENSPACE_SHADOWS UNITY_PBS_USE_BRDF2 SHADER_API_MOBILE UNITY_LIGHTMAP_FULL_HDR uKW=SHADER_STAGE_COMPUTE platform=vulkan flags=268439552 ok=1 outsize=9151

Cmd: compileComputeKernel
  insize=39136 file=C:/Users/AJ/Desktop/Uni/Autodidacta/VFX/UnityVFX/Library/PackageCache/com.unity.render-pipelines.high-definition@10.5.1/Runtime/Lighting/VolumetricLighting/VolumetricLighting.compute kernel=VolumetricLighting cachingPP=1 ppOnly=0 stripLineD=0 buildPlatform=13 km=<UNITY_VERSION=202039> pKW=UNITY_NO_DXT5nm UNITY_NO_RGBM UNITY_ENABLE_REFLECTION_BUFFERS UNITY_NO_CUBEMAP_ARRAY UNITY_NO_SCREENSPACE_SHADOWS UNITY_PBS_USE_BRDF2 SHADER_API_MOBILE UNITY_LIGHTMAP_FULL_HDR uKW=SHADER_STAGE_COMPUTE platform=vulkan flags=268439552 ok=1 outsize=75893

Cmd: compileComputeKernel
  insize=39136 file=C:/Users/AJ/Desktop/Uni/Autodidacta/VFX/UnityVFX/Library/PackageCache/com.unity.render-pipelines.high-definition@10.5.1/Runtime/Lighting/VolumetricLighting/VolumetricLighting.compute kernel=VolumetricLighting cachingPP=1 ppOnly=0 stripLineD=0 buildPlatform=13 km=<UNITY_VERSION=202039> pKW=UNITY_NO_DXT5nm UNITY_NO_RGBM UNITY_ENABLE_REFLECTION_BUFFERS UNITY_NO_CUBEMAP_ARRAY UNITY_NO_SCREENSPACE_SHADOWS UNITY_PBS_USE_BRDF2 SHADER_API_MOBILE UNITY_LIGHTMAP_FULL_HDR uKW=LIGHTLOOP_DISABLE_TILE_AND_CLUSTER SHADER_STAGE_COMPUTE platform=vulkan flags=268439552 ok=1 outsize=75893

Cmd: compileComputeKernel
  insize=39136 file=C:/Users/AJ/Desktop/Uni/Autodidacta/VFX/UnityVFX/Library/PackageCache/com.unity.render-pipelines.high-definition@10.5.1/Runtime/Lighting/VolumetricLighting/VolumetricLighting.compute kernel=VolumetricLighting cachingPP=1 ppOnly=0 stripLineD=0 buildPlatform=13 km=<UNITY_VERSION=202039> pKW=UNITY_NO_DXT5nm UNITY_NO_RGBM UNITY_ENABLE_REFLECTION_BUFFERS UNITY_NO_CUBEMAP_ARRAY UNITY_NO_SCREENSPACE_SHADOWS UNITY_PBS_USE_BRDF2 SHADER_API_MOBILE UNITY_LIGHTMAP_FULL_HDR uKW=LIGHTLOOP_DISABLE_TILE_AND_CLUSTER SUPPORT_LOCAL_LIGHTS VL_PRESET_OPTIMAL SHADER_STAGE_COMPUTE platform=vulkan flags=268439552 ok=1 outsize=207669

Cmd: compileComputeKernel
  insize=20782 file=C:/Users/AJ/Desktop/Uni/Autodidacta/VFX/UnityVFX/Library/PackageCache/com.unity.render-pipelines.high-definition@10.5.1/Runtime/Lighting/ScreenSpaceLighting/ScreenSpaceGlobalIllumination.compute kernel=TraceGlobalIlluminationHalf cachingPP=1 ppOnly=0 stripLineD=0 buildPlatform=13 km=<TRACE_GLOBAL_ILLUMINATION=TraceGlobalIlluminationHalf>,<GI_TRACE=1>,<HALF_RES=1>,<UNITY_VERSION=202039> pKW=UNITY_NO_DXT5nm UNITY_NO_RGBM UNITY_ENABLE_REFLECTION_BUFFERS UNITY_NO_CUBEMAP_ARRAY UNITY_NO_SCREENSPACE_SHADOWS UNITY_PBS_USE_BRDF2 SHADER_API_MOBILE UNITY_LIGHTMAP_FULL_HDR uKW=SHADER_STAGE_COMPUTE platform=vulkan flags=268439552 ok=1 outsize=45476

Cmd: compileComputeKernel
  insize=9221 file=C:/Users/AJ/Desktop/Uni/Autodidacta/VFX/UnityVFX/Library/PackageCache/com.unity.visualeffectgraph@10.5.1/Shaders/Sort.compute kernel=MergePass cachingPP=1 ppOnly=0 stripLineD=0 buildPlatform=13 km=<MERGE_PASS=MergePass>,<FINAL_PASS=0>,<UNITY_VERSION=202039> pKW=UNITY_NO_DXT5nm UNITY_NO_RGBM UNITY_ENABLE_REFLECTION_BUFFERS UNITY_NO_CUBEMAP_ARRAY UNITY_NO_SCREENSPACE_SHADOWS UNITY_PBS_USE_BRDF2 SHADER_API_MOBILE UNITY_LIGHTMAP_FULL_HDR uKW=VFX_SORT_USE_ELEMENT_COUNT_BUFFER SHADER_STAGE_COMPUTE platform=vulkan flags=268439552 ok=1 outsize=14528

Cmd: compileComputeKernel
  insize=9221 file=C:/Users/AJ/Desktop/Uni/Autodidacta/VFX/UnityVFX/Library/PackageCache/com.unity.visualeffectgraph@10.5.1/Shaders/Sort.compute kernel=BitonicSort1024 cachingPP=1 ppOnly=0 stripLineD=0 buildPlatform=13 km=<BITONIC_SORT=BitonicSort1024>,<ELEMENTS_COUNT=1024>,<ITERATIONS_COUNT=2>,<FINAL_PASS=1>,<UNITY_VERSION=202039> pKW=UNITY_NO_DXT5nm UNITY_NO_RGBM UNITY_ENABLE_REFLECTION_BUFFERS UNITY_NO_CUBEMAP_ARRAY UNITY_NO_SCREENSPACE_SHADOWS UNITY_PBS_USE_BRDF2 SHADER_API_MOBILE UNITY_LIGHTMAP_FULL_HDR uKW=SHADER_STAGE_COMPUTE platform=vulkan flags=268439552 ok=1 outsize=10861

Cmd: compileComputeKernel
  insize=8363 file=C:/Users/AJ/Desktop/Uni/Autodidacta/VFX/UnityVFX/Library/PackageCache/com.unity.render-pipelines.high-definition@10.5.1/Runtime/Material/GGXConvolution/BuildProbabilityTables.compute kernel=ComputeMarginalRowDensities cachingPP=1 ppOnly=0 stripLineD=0 buildPlatform=13 km=<UNITY_VERSION=202039> pKW=UNITY_NO_DXT5nm UNITY_NO_RGBM UNITY_ENABLE_REFLECTION_BUFFERS UNITY_NO_CUBEMAP_ARRAY UNITY_NO_SCREENSPACE_SHADOWS UNITY_PBS_USE_BRDF2 SHADER_API_MOBILE UNITY_LIGHTMAP_FULL_HDR uKW=SHADER_STAGE_COMPUTE platform=vulkan flags=268439552 ok=1 outsize=7644

Cmd: compileComputeKernel
  insize=1416 file=C:/Users/AJ/Desktop/Uni/Autodidacta/VFX/UnityVFX/Library/PackageCache/com.unity.render-pipelines.high-definition@10.5.1/Runtime/PostProcessing/Shaders/FXAA.compute kernel=FXAA cachingPP=1 ppOnly=0 stripLineD=0 buildPlatform=13 km=<UNITY_VERSION=202039> pKW=UNITY_NO_DXT5nm UNITY_NO_RGBM UNITY_ENABLE_REFLECTION_BUFFERS UNITY_NO_CUBEMAP_ARRAY UNITY_NO_SCREENSPACE_SHADOWS UNITY_PBS_USE_BRDF2 SHADER_API_MOBILE UNITY_LIGHTMAP_FULL_HDR uKW=SHADER_STAGE_COMPUTE platform=vulkan flags=268439552 ok=1 outsize=24355

Cmd: compileComputeKernel
  insize=801 file=C:/Users/AJ/Desktop/Uni/Autodidacta/VFX/UnityVFX/Library/PackageCache/com.unity.render-pipelines.high-definition@10.5.1/Runtime/PostProcessing/Shaders/NaNKiller.compute kernel=KMain cachingPP=1 ppOnly=0 stripLineD=0 buildPlatform=13 km=<UNITY_VERSION=202039> pKW=UNITY_NO_DXT5nm UNITY_NO_RGBM UNITY_ENABLE_REFLECTION_BUFFERS UNITY_NO_CUBEMAP_ARRAY UNITY_NO_SCREENSPACE_SHADOWS UNITY_PBS_USE_BRDF2 SHADER_API_MOBILE UNITY_LIGHTMAP_FULL_HDR uKW=SHADER_STAGE_COMPUTE platform=vulkan flags=268439552 ok=1 outsize=3425

Cmd: compileComputeKernel
  insize=5696 file=C:/Users/AJ/Desktop/Uni/Autodidacta/VFX/UnityVFX/Library/PackageCache/com.unity.render-pipelines.high-definition@10.5.1/Runtime/PostProcessing/Shaders/HistogramExposure.compute kernel=KHistogramGen cachingPP=1 ppOnly=0 stripLineD=0 buildPlatform=13 km=<GEN_PASS=1>,<UNITY_VERSION=202039> pKW=UNITY_NO_DXT5nm UNITY_NO_RGBM UNITY_ENABLE_REFLECTION_BUFFERS UNITY_FRAMEBUFFER_FETCH_AVAILABLE UNITY_NO_CUBEMAP_ARRAY UNITY_NO_SCREENSPACE_SHADOWS UNITY_PBS_USE_BRDF2 SHADER_API_MOBILE UNITY_LIGHTMAP_FULL_HDR SHADER_API_GLES30 uKW=SHADER_STAGE_COMPUTE platform=gles3 flags=268439552  error: 2 plat 9 at C:/Users/AJ/Desktop/Uni/Autodidacta/VFX/UnityVFX/Library/PackageCache/com.unity.render-pipelines.high-definition@10.5.1/Runtime/ShaderLibrary/ShaderVariablesFunctions.hlsl(119): syntax error: unexpected token '#'
 ok=0 outsize=0

Cmd: compileComputeKernel
  insize=1637 file=C:/Users/AJ/Desktop/Uni/Autodidacta/VFX/UnityVFX/Library/PackageCache/com.unity.render-pipelines.high-definition@10.5.1/Runtime/PostProcessing/Shaders/DepthOfFieldPreCombineFar.compute kernel=KMainPreCombineFar cachingPP=1 ppOnly=0 stripLineD=0 buildPlatform=13 km=<UNITY_VERSION=202039> pKW=UNITY_NO_DXT5nm UNITY_NO_RGBM UNITY_ENABLE_REFLECTION_BUFFERS UNITY_NO_CUBEMAP_ARRAY UNITY_NO_SCREENSPACE_SHADOWS UNITY_PBS_USE_BRDF2 SHADER_API_MOBILE UNITY_LIGHTMAP_FULL_HDR uKW=SHADER_STAGE_COMPUTE platform=vulkan flags=268439552 ok=1 outsize=3970

Cmd: compileComputeKernel
  insize=3901 file=C:/Users/AJ/Desktop/Uni/Autodidacta/VFX/UnityVFX/Library/PackageCache/com.unity.render-pipelines.high-definition@10.5.1/Runtime/PostProcessing/Shaders/DepthOfFieldCombine.compute kernel=KMain cachingPP=1 ppOnly=0 stripLineD=0 buildPlatform=13 km=<UNITY_VERSION=202039> pKW=UNITY_NO_DXT5nm UNITY_NO_RGBM UNITY_ENABLE_REFLECTION_BUFFERS UNITY_NO_CUBEMAP_ARRAY UNITY_NO_SCREENSPACE_SHADOWS UNITY_PBS_USE_BRDF2 SHADER_API_MOBILE UNITY_LIGHTMAP_FULL_HDR uKW=ENABLE_ALPHA FAR LOW_QUALITY NEAR SHADER_STAGE_COMPUTE platform=vulkan flags=268439552 ok=1 outsize=15989

Cmd: compileComputeKernel
  insize=3901 file=C:/Users/AJ/Desktop/Uni/Autodidacta/VFX/UnityVFX/Library/PackageCache/com.unity.render-pipelines.high-definition@10.5.1/Runtime/PostProcessing/Shaders/DepthOfFieldCombine.compute kernel=KMain cachingPP=1 ppOnly=0 stripLineD=0 buildPlatform=13 km=<UNITY_VERSION=202039> pKW=UNITY_NO_DXT5nm UNITY_NO_RGBM UNITY_ENABLE_REFLECTION_BUFFERS UNITY_NO_CUBEMAP_ARRAY UNITY_NO_SCREENSPACE_SHADOWS UNITY_PBS_USE_BRDF2 SHADER_API_MOBILE UNITY_LIGHTMAP_FULL_HDR uKW=FAR FULL_RES NEAR SHADER_STAGE_COMPUTE platform=vulkan flags=268439552 ok=1 outsize=5196

Cmd: compileComputeKernel
  insize=3901 file=C:/Users/AJ/Desktop/Uni/Autodidacta/VFX/UnityVFX/Library/PackageCache/com.unity.render-pipelines.high-definition@10.5.1/Runtime/PostProcessing/Shaders/DepthOfFieldCombine.compute kernel=KMain cachingPP=1 ppOnly=0 stripLineD=0 buildPlatform=13 km=<UNITY_VERSION=202039> pKW=UNITY_NO_DXT5nm UNITY_NO_RGBM UNITY_ENABLE_REFLECTION_BUFFERS UNITY_NO_CUBEMAP_ARRAY UNITY_NO_SCREENSPACE_SHADOWS UNITY_PBS_USE_BRDF2 SHADER_API_MOBILE UNITY_LIGHTMAP_FULL_HDR uKW=FAR FULL_RES SHADER_STAGE_COMPUTE platform=vulkan flags=268439552 ok=1 outsize=3957

Cmd: compileComputeKernel
  insize=3691 file=C:/Users/AJ/Desktop/Uni/Autodidacta/VFX/UnityVFX/Library/PackageCache/com.unity.render-pipelines.high-definition@10.5.1/Runtime/PostProcessing/Shaders/DepthOfFieldCoCDilate.compute kernel=KMain cachingPP=1 ppOnly=0 stripLineD=0 buildPlatform=13 km=<UNITY_VERSION=202039> pKW=UNITY_NO_DXT5nm UNITY_NO_RGBM UNITY_ENABLE_REFLECTION_BUFFERS UNITY_NO_CUBEMAP_ARRAY UNITY_NO_SCREENSPACE_SHADOWS UNITY_PBS_USE_BRDF2 SHADER_API_MOBILE UNITY_LIGHTMAP_FULL_HDR uKW=SHADER_STAGE_COMPUTE platform=vulkan flags=268439552 ok=1 outsize=13644

Cmd: compileComputeKernel
  insize=11856 file=C:/Users/AJ/Desktop/Uni/Autodidacta/VFX/UnityVFX/Library/PackageCache/com.unity.render-pipelines.high-definition@10.5.1/Runtime/PostProcessing/Shaders/MotionBlur.compute kernel=MotionBlurCS cachingPP=1 ppOnly=0 stripLineD=0 buildPlatform=13 km=<UNITY_VERSION=202039> pKW=UNITY_NO_DXT5nm UNITY_NO_RGBM UNITY_ENABLE_REFLECTION_BUFFERS UNITY_NO_CUBEMAP_ARRAY UNITY_NO_SCREENSPACE_SHADOWS UNITY_PBS_USE_BRDF2 SHADER_API_MOBILE UNITY_LIGHTMAP_FULL_HDR uKW=ENABLE_ALPHA SHADER_STAGE_COMPUTE platform=vulkan flags=268439552 ok=1 outsize=31669

Cmd: compileComputeKernel
  insize=9195 file=C:/Users/AJ/Desktop/Uni/Autodidacta/VFX/UnityVFX/Library/PackageCache/com.unity.render-pipelines.high-definition@10.5.1/Runtime/PostProcessing/Shaders/LutBuilder3D.compute kernel=KBuild cachingPP=1 ppOnly=0 stripLineD=0 buildPlatform=13 km=<UNITY_VERSION=202039> pKW=UNITY_NO_DXT5nm UNITY_NO_RGBM UNITY_ENABLE_REFLECTION_BUFFERS UNITY_NO_CUBEMAP_ARRAY UNITY_NO_SCREENSPACE_SHADOWS UNITY_PBS_USE_BRDF2 SHADER_API_MOBILE UNITY_LIGHTMAP_FULL_HDR uKW=TONEMAPPING_CUSTOM SHADER_STAGE_COMPUTE platform=vulkan flags=268439552 ok=1 outsize=42844

Cmd: compileComputeKernel
  insize=8927 file=C:/Users/AJ/Desktop/Uni/Autodidacta/VFX/UnityVFX/Library/PackageCache/com.unity.render-pipelines.high-definition@10.5.1/Runtime/PostProcessing/Shaders/UberPost.compute kernel=Uber cachingPP=1 ppOnly=0 stripLineD=0 buildPlatform=13 km=<UNITY_VERSION=202039> pKW=UNITY_NO_DXT5nm UNITY_NO_RGBM UNITY_ENABLE_REFLECTION_BUFFERS UNITY_NO_CUBEMAP_ARRAY UNITY_NO_SCREENSPACE_SHADOWS UNITY_PBS_USE_BRDF2 SHADER_API_MOBILE UNITY_LIGHTMAP_FULL_HDR uKW=CHROMATIC_ABERRATION ENABLE_ALPHA LENS_DISTORTION VIGNETTE SHADER_STAGE_COMPUTE platform=vulkan flags=268439552 ok=1 outsize=42829

Cmd: compileComputeKernel
  insize=3722 file=C:/Users/AJ/Desktop/Uni/Autodidacta/VFX/UnityVFX/Library/PackageCache/com.unity.render-pipelines.high-definition@10.5.1/Runtime/PostProcessing/Shaders/DepthOfFieldPrefilter.compute kernel=KMain cachingPP=1 ppOnly=0 stripLineD=0 buildPlatform=13 km=<UNITY_VERSION=202039> pKW=UNITY_NO_DXT5nm UNITY_NO_RGBM UNITY_ENABLE_REFLECTION_BUFFERS UNITY_NO_CUBEMAP_ARRAY UNITY_NO_SCREENSPACE_SHADOWS UNITY_PBS_USE_BRDF2 SHADER_API_MOBILE UNITY_LIGHTMAP_FULL_HDR uKW=FAR FULL_RES NEAR SHADER_STAGE_COMPUTE platform=vulkan flags=268439552 ok=1 outsize=3679

Cmd: compileComputeKernel
  insize=4336 file=C:/Users/AJ/Desktop/Uni/Autodidacta/VFX/UnityVFX/Library/PackageCache/com.unity.render-pipelines.high-definition@10.5.1/Runtime/ShaderLibrary/ResolveStencilBuffer.compute kernel=MAIN_MSAA_2_RESOLVE cachingPP=1 ppOnly=0 stripLineD=0 buildPlatform=13 km=<KERNEL_NAME=MAIN_MSAA_2_RESOLVE>,<NUM_SAMPLES=2>,<MSAA=1>,<RESOLVE=1>,<COARSE_STENCIL=1>,<UNITY_VERSION=202039> pKW=UNITY_NO_DXT5nm UNITY_NO_RGBM UNITY_ENABLE_REFLECTION_BUFFERS UNITY_NO_CUBEMAP_ARRAY UNITY_NO_SCREENSPACE_SHADOWS UNITY_PBS_USE_BRDF2 SHADER_API_MOBILE UNITY_LIGHTMAP_FULL_HDR uKW=SHADER_STAGE_COMPUTE platform=vulkan flags=268439552 ok=1 outsize=14036

Cmd: compileComputeKernel
  insize=4779 file=C:/Users/AJ/Desktop/Uni/Autodidacta/VFX/UnityVFX/Library/PackageCache/com.unity.render-pipelines.high-definition@10.5.1/Runtime/Lighting/ScreenSpaceLighting/GTAOSpatialDenoise.compute kernel=SpatialDenoise cachingPP=1 ppOnly=0 stripLineD=0 buildPlatform=13 km=<UNITY_VERSION=202039> pKW=UNITY_NO_DXT5nm UNITY_NO_RGBM UNITY_ENABLE_REFLECTION_BUFFERS UNITY_NO_CUBEMAP_ARRAY UNITY_NO_SCREENSPACE_SHADOWS UNITY_PBS_USE_BRDF2 SHADER_API_MOBILE UNITY_LIGHTMAP_FULL_HDR uKW=TO_TEMPORAL SHADER_STAGE_COMPUTE platform=vulkan flags=268439552 ok=1 outsize=25099

Cmd: compileComputeKernel
  insize=13292 file=C:/Users/AJ/Desktop/Uni/Autodidacta/VFX/UnityVFX/Library/PackageCache/com.unity.render-pipelines.high-definition@10.5.1/Runtime/Lighting/ScreenSpaceLighting/SSGIDenoiser.compute kernel=TemporalFilter cachingPP=1 ppOnly=0 stripLineD=0 buildPlatform=13 km=<TEMPORAL_FILTER=TemporalFilter>,<UNITY_VERSION=202039> pKW=UNITY_NO_DXT5nm UNITY_NO_RGBM UNITY_ENABLE_REFLECTION_BUFFERS UNITY_FRAMEBUFFER_FETCH_AVAILABLE UNITY_NO_CUBEMAP_ARRAY UNITY_NO_SCREENSPACE_SHADOWS UNITY_PBS_USE_BRDF2 SHADER_API_MOBILE UNITY_LIGHTMAP_FULL_HDR SHADER_API_GLES30 uKW=SHADER_STAGE_COMPUTE platform=gles3 flags=268439552  error: 2 plat 9 at C:/Users/AJ/Desktop/Uni/Autodidacta/VFX/UnityVFX/Library/PackageCache/com.unity.render-pipelines.high-definition@10.5.1/Runtime/ShaderLibrary/ShaderVariablesFunctions.hlsl(119): syntax error: unexpected token '#'
 ok=0 outsize=0

Cmd: compileComputeKernel
  insize=3598 file=C:/Users/AJ/Desktop/Uni/Autodidacta/VFX/UnityVFX/Library/PackageCache/com.unity.render-pipelines.high-definition@10.5.1/Runtime/Debug/DebugLightVolumes.compute kernel=LightVolumeGradient cachingPP=1 ppOnly=0 stripLineD=0 buildPlatform=13 km=<UNITY_VERSION=202039> pKW=UNITY_NO_DXT5nm UNITY_NO_RGBM UNITY_ENABLE_REFLECTION_BUFFERS UNITY_NO_CUBEMAP_ARRAY UNITY_NO_SCREENSPACE_SHADOWS UNITY_PBS_USE_BRDF2 SHADER_API_MOBILE UNITY_LIGHTMAP_FULL_HDR uKW=SHADER_STAGE_COMPUTE platform=vulkan flags=268439552 ok=1 outsize=4223

Cmd: compileComputeKernel
  insize=3062 file=C:/Users/AJ/Desktop/Uni/Autodidacta/VFX/UnityVFX/Library/PackageCache/com.unity.render-pipelines.high-definition@10.5.1/Runtime/Material/GGXConvolution/ComputeGgxIblSampleData.compute kernel=ComputeGgxIblSampleData cachingPP=1 ppOnly=0 stripLineD=0 buildPlatform=13 km=<UNITY_VERSION=202039> pKW=UNITY_NO_DXT5nm UNITY_NO_RGBM UNITY_ENABLE_REFLECTION_BUFFERS UNITY_NO_CUBEMAP_ARRAY UNITY_NO_SCREENSPACE_SHADOWS UNITY_PBS_USE_BRDF2 SHADER_API_MOBILE UNITY_LIGHTMAP_FULL_HDR uKW=SHADER_STAGE_COMPUTE platform=vulkan flags=268439552 ok=1 outsize=10920

Cmd: compileComputeKernel
  insize=10754 file=C:/Users/AJ/Desktop/Uni/Autodidacta/VFX/UnityVFX/Library/PackageCache/com.unity.render-pipelines.high-definition@10.5.1/Runtime/Lighting/LightLoop/Deferred.compute kernel=Deferred_Indirect_Fptl_Variant11 cachingPP=1 ppOnly=0 stripLineD=0 buildPlatform=13 km=<SHADE_OPAQUE_ENTRY=Deferred_Indirect_Fptl_Variant11>,<USE_INDIRECT=1>,<VARIANT=11>,<UNITY_VERSION=202039> pKW=UNITY_NO_DXT5nm UNITY_ENABLE_REFLECTION_BUFFERS UNITY_NO_CUBEMAP_ARRAY UNITY_NO_SCREENSPACE_SHADOWS UNITY_PBS_USE_BRDF2 UNITY_LIGHTMAP_FULL_HDR uKW=SCREEN_SPACE_SHADOWS_ON SHADOWS_SHADOWMASK SHADOW_LOW SHADER_STAGE_COMPUTE platform=d3d11 flags=0 ok=1 outsize=57709

Cmd: compileComputeKernel
  insize=10754 file=C:/Users/AJ/Desktop/Uni/Autodidacta/VFX/UnityVFX/Library/PackageCache/com.unity.render-pipelines.high-definition@10.5.1/Runtime/Lighting/LightLoop/Deferred.compute kernel=Deferred_Indirect_Fptl_Variant10 cachingPP=1 ppOnly=0 stripLineD=0 buildPlatform=13 km=<SHADE_OPAQUE_ENTRY=Deferred_Indirect_Fptl_Variant10>,<USE_INDIRECT=1>,<VARIANT=10>,<UNITY_VERSION=202039> pKW=UNITY_NO_DXT5nm UNITY_ENABLE_REFLECTION_BUFFERS UNITY_NO_CUBEMAP_ARRAY UNITY_NO_SCREENSPACE_SHADOWS UNITY_PBS_USE_BRDF2 UNITY_LIGHTMAP_FULL_HDR uKW=SCREEN_SPACE_SHADOWS_ON SHADOW_MEDIUM SHADER_STAGE_COMPUTE platform=d3d11 flags=0 ok=1 outsize=38846

Cmd: compileComputeKernel
  insize=10754 file=C:/Users/AJ/Desktop/Uni/Autodidacta/VFX/UnityVFX/Library/PackageCache/com.unity.render-pipelines.high-definition@10.5.1/Runtime/Lighting/LightLoop/Deferred.compute kernel=Deferred_Indirect_Fptl_Variant10 cachingPP=1 ppOnly=0 stripLineD=0 buildPlatform=13 km=<SHADE_OPAQUE_ENTRY=Deferred_Indirect_Fptl_Variant10>,<USE_INDIRECT=1>,<VARIANT=10>,<UNITY_VERSION=202039> pKW=UNITY_NO_DXT5nm UNITY_ENABLE_REFLECTION_BUFFERS UNITY_NO_CUBEMAP_ARRAY UNITY_NO_SCREENSPACE_SHADOWS UNITY_PBS_USE_BRDF2 UNITY_LIGHTMAP_FULL_HDR uKW=SCREEN_SPACE_SHADOWS_ON SHADOWS_SHADOWMASK SHADOW_HIGH SHADER_STAGE_COMPUTE platform=d3d11 flags=0 ok=1 outsize=42184

Cmd: compileComputeKernel
  insize=10754 file=C:/Users/AJ/Desktop/Uni/Autodidacta/VFX/UnityVFX/Library/PackageCache/com.unity.render-pipelines.high-definition@10.5.1/Runtime/Lighting/LightLoop/Deferred.compute kernel=Deferred_Indirect_Fptl_Variant8 cachingPP=1 ppOnly=0 stripLineD=0 buildPlatform=13 km=<SHADE_OPAQUE_ENTRY=Deferred_Indirect_Fptl_Variant8>,<USE_INDIRECT=1>,<VARIANT=8>,<UNITY_VERSION=202039> pKW=UNITY_NO_DXT5nm UNITY_ENABLE_REFLECTION_BUFFERS UNITY_NO_CUBEMAP_ARRAY UNITY_NO_SCREENSPACE_SHADOWS UNITY_PBS_USE_BRDF2 UNITY_LIGHTMAP_FULL_HDR uKW=SCREEN_SPACE_SHADOWS_ON SHADOWS_SHADOWMASK SHADOW_MEDIUM SHADER_STAGE_COMPUTE platform=d3d11 flags=0 ok=1 outsize=51863

Cmd: compileComputeKernel
  insize=10754 file=C:/Users/AJ/Desktop/Uni/Autodidacta/VFX/UnityVFX/Library/PackageCache/com.unity.render-pipelines.high-definition@10.5.1/Runtime/Lighting/LightLoop/Deferred.compute kernel=Deferred_Indirect_Fptl_Variant7 cachingPP=1 ppOnly=0 stripLineD=0 buildPlatform=13 km=<SHADE_OPAQUE_ENTRY=Deferred_Indirect_Fptl_Variant7>,<USE_INDIRECT=1>,<VARIANT=7>,<UNITY_VERSION=202039> pKW=UNITY_NO_DXT5nm UNITY_ENABLE_REFLECTION_BUFFERS UNITY_NO_CUBEMAP_ARRAY UNITY_NO_SCREENSPACE_SHADOWS UNITY_PBS_USE_BRDF2 UNITY_LIGHTMAP_FULL_HDR uKW=SCREEN_SPACE_SHADOWS_ON SHADOWS_SHADOWMASK SHADOW_MEDIUM SHADER_STAGE_COMPUTE platform=d3d11 flags=0 ok=1 outsize=81764

Cmd: compileComputeKernel
  insize=10754 file=C:/Users/AJ/Desktop/Uni/Autodidacta/VFX/UnityVFX/Library/PackageCache/com.unity.render-pipelines.high-definition@10.5.1/Runtime/Lighting/LightLoop/Deferred.compute kernel=Deferred_Indirect_Fptl_Variant4 cachingPP=1 ppOnly=0 stripLineD=0 buildPlatform=13 km=<SHADE_OPAQUE_ENTRY=Deferred_Indirect_Fptl_Variant4>,<USE_INDIRECT=1>,<VARIANT=4>,<UNITY_VERSION=202039> pKW=UNITY_NO_DXT5nm UNITY_ENABLE_REFLECTION_BUFFERS UNITY_NO_CUBEMAP_ARRAY UNITY_NO_SCREENSPACE_SHADOWS UNITY_PBS_USE_BRDF2 UNITY_LIGHTMAP_FULL_HDR uKW=SCREEN_SPACE_SHADOWS_ON SHADOWS_SHADOWMASK SHADOW_LOW SHADER_STAGE_COMPUTE platform=d3d11 flags=0 ok=1 outsize=54321

Cmd: compileComputeKernel
  insize=10754 file=C:/Users/AJ/Desktop/Uni/Autodidacta/VFX/UnityVFX/Library/PackageCache/com.unity.render-pipelines.high-definition@10.5.1/Runtime/Lighting/LightLoop/Deferred.compute kernel=Deferred_Indirect_Fptl_Variant1 cachingPP=1 ppOnly=0 stripLineD=0 buildPlatform=13 km=<SHADE_OPAQUE_ENTRY=Deferred_Indirect_Fptl_Variant1>,<USE_INDIRECT=1>,<VARIANT=1>,<UNITY_VERSION=202039> pKW=UNITY_NO_DXT5nm UNITY_ENABLE_REFLECTION_BUFFERS UNITY_NO_CUBEMAP_ARRAY UNITY_NO_SCREENSPACE_SHADOWS UNITY_PBS_USE_BRDF2 UNITY_LIGHTMAP_FULL_HDR uKW=SCREEN_SPACE_SHADOWS_OFF SHADOW_HIGH SHADER_STAGE_COMPUTE platform=d3d11 flags=0 ok=1 outsize=19616

Cmd: compileComputeKernel
  insize=10754 file=C:/Users/AJ/Desktop/Uni/Autodidacta/VFX/UnityVFX/Library/PackageCache/com.unity.render-pipelines.high-definition@10.5.1/Runtime/Lighting/LightLoop/Deferred.compute kernel=Deferred_Indirect_Fptl_Variant0 cachingPP=1 ppOnly=0 stripLineD=0 buildPlatform=13 km=<SHADE_OPAQUE_ENTRY=Deferred_Indirect_Fptl_Variant0>,<USE_INDIRECT=1>,<VARIANT=0>,<UNITY_VERSION=202039> pKW=UNITY_NO_DXT5nm UNITY_ENABLE_REFLECTION_BUFFERS UNITY_NO_CUBEMAP_ARRAY UNITY_NO_SCREENSPACE_SHADOWS UNITY_PBS_USE_BRDF2 UNITY_LIGHTMAP_FULL_HDR uKW=SCREEN_SPACE_SHADOWS_ON SHADOW_HIGH SHADER_STAGE_COMPUTE platform=d3d11 flags=0 ok=1 outsize=18205

Cmd: compileComputeKernel
  insize=10754 file=C:/Users/AJ/Desktop/Uni/Autodidacta/VFX/UnityVFX/Library/PackageCache/com.unity.render-pipelines.high-definition@10.5.1/Runtime/Lighting/LightLoop/Deferred.compute kernel=Deferred_Direct_Fptl_DebugDisplay cachingPP=1 ppOnly=0 stripLineD=0 buildPlatform=13 km=<SHADE_OPAQUE_ENTRY=Deferred_Direct_Fptl_DebugDisplay>,<DEBUG_DISPLAY=1>,<UNITY_VERSION=202039> pKW=UNITY_NO_DXT5nm UNITY_ENABLE_REFLECTION_BUFFERS UNITY_NO_CUBEMAP_ARRAY UNITY_NO_SCREENSPACE_SHADOWS UNITY_PBS_USE_BRDF2 UNITY_LIGHTMAP_FULL_HDR uKW=SCREEN_SPACE_SHADOWS_OFF SHADOWS_SHADOWMASK SHADOW_LOW SHADER_STAGE_COMPUTE platform=d3d11 flags=0 ok=1 outsize=129162

Cmd: compileComputeKernel
  insize=10754 file=C:/Users/AJ/Desktop/Uni/Autodidacta/VFX/UnityVFX/Library/PackageCache/com.unity.render-pipelines.high-definition@10.5.1/Runtime/Lighting/LightLoop/Deferred.compute kernel=Deferred_Direct_Fptl cachingPP=1 ppOnly=0 stripLineD=0 buildPlatform=13 km=<SHADE_OPAQUE_ENTRY=Deferred_Direct_Fptl>,<UNITY_VERSION=202039> pKW=UNITY_NO_DXT5nm UNITY_ENABLE_REFLECTION_BUFFERS UNITY_NO_CUBEMAP_ARRAY UNITY_NO_SCREENSPACE_SHADOWS UNITY_PBS_USE_BRDF2 UNITY_LIGHTMAP_FULL_HDR uKW=SCREEN_SPACE_SHADOWS_ON SHADOWS_SHADOWMASK SHADOW_LOW SHADER_STAGE_COMPUTE platform=d3d11 flags=0 ok=1 outsize=112526

Cmd: compileComputeKernel
  insize=10754 file=C:/Users/AJ/Desktop/Uni/Autodidacta/VFX/UnityVFX/Library/PackageCache/com.unity.render-pipelines.high-definition@10.5.1/Runtime/Lighting/LightLoop/Deferred.compute kernel=Deferred_Indirect_Fptl_Variant28 cachingPP=1 ppOnly=0 stripLineD=0 buildPlatform=13 km=<SHADE_OPAQUE_ENTRY=Deferred_Indirect_Fptl_Variant28>,<USE_INDIRECT=1>,<VARIANT=28>,<UNITY_VERSION=202039> pKW=UNITY_NO_DXT5nm UNITY_NO_RGBM UNITY_ENABLE_REFLECTION_BUFFERS UNITY_NO_CUBEMAP_ARRAY UNITY_NO_SCREENSPACE_SHADOWS UNITY_PBS_USE_BRDF2 SHADER_API_MOBILE UNITY_LIGHTMAP_FULL_HDR uKW=SCREEN_SPACE_SHADOWS_ON SHADOWS_SHADOWMASK SHADOW_LOW SHADER_STAGE_COMPUTE platform=vulkan flags=268439552 ok=1 outsize=540210

Cmd: compileComputeKernel
  insize=10754 file=C:/Users/AJ/Desktop/Uni/Autodidacta/VFX/UnityVFX/Library/PackageCache/com.unity.render-pipelines.high-definition@10.5.1/Runtime/Lighting/LightLoop/Deferred.compute kernel=Deferred_Indirect_Fptl_Variant27 cachingPP=1 ppOnly=0 stripLineD=0 buildPlatform=13 km=<SHADE_OPAQUE_ENTRY=Deferred_Indirect_Fptl_Variant27>,<USE_INDIRECT=1>,<VARIANT=27>,<UNITY_VERSION=202039> pKW=UNITY_NO_DXT5nm UNITY_NO_RGBM UNITY_ENABLE_REFLECTION_BUFFERS UNITY_NO_CUBEMAP_ARRAY UNITY_NO_SCREENSPACE_SHADOWS UNITY_PBS_USE_BRDF2 SHADER_API_MOBILE UNITY_LIGHTMAP_FULL_HDR uKW=SCREEN_SPACE_SHADOWS_ON SHADOW_HIGH SHADER_STAGE_COMPUTE platform=vulkan flags=268439552 ok=1 outsize=383735

Cmd: compileComputeKernel
  insize=10754 file=C:/Users/AJ/Desktop/Uni/Autodidacta/VFX/UnityVFX/Library/PackageCache/com.unity.render-pipelines.high-definition@10.5.1/Runtime/Lighting/LightLoop/Deferred.compute kernel=Deferred_Indirect_Fptl_Variant25 cachingPP=1 ppOnly=0 stripLineD=0 buildPlatform=13 km=<SHADE_OPAQUE_ENTRY=Deferred_Indirect_Fptl_Variant25>,<USE_INDIRECT=1>,<VARIANT=25>,<UNITY_VERSION=202039> pKW=UNITY_NO_DXT5nm UNITY_NO_RGBM UNITY_ENABLE_REFLECTION_BUFFERS UNITY_NO_CUBEMAP_ARRAY UNITY_NO_SCREENSPACE_SHADOWS UNITY_PBS_USE_BRDF2 SHADER_API_MOBILE UNITY_LIGHTMAP_FULL_HDR uKW=SCREEN_SPACE_SHADOWS_OFF SHADOW_HIGH SHADER_STAGE_COMPUTE platform=vulkan flags=268439552 ok=1 outsize=174073

Cmd: compileComputeKernel
  insize=10754 file=C:/Users/AJ/Desktop/Uni/Autodidacta/VFX/UnityVFX/Library/PackageCache/com.unity.render-pipelines.high-definition@10.5.1/Runtime/Lighting/LightLoop/Deferred.compute kernel=Deferred_Indirect_Fptl_Variant24 cachingPP=1 ppOnly=0 stripLineD=0 buildPlatform=13 km=<SHADE_OPAQUE_ENTRY=Deferred_Indirect_Fptl_Variant24>,<USE_INDIRECT=1>,<VARIANT=24>,<UNITY_VERSION=202039> pKW=UNITY_NO_DXT5nm UNITY_NO_RGBM UNITY_ENABLE_REFLECTION_BUFFERS UNITY_NO_CUBEMAP_ARRAY UNITY_NO_SCREENSPACE_SHADOWS UNITY_PBS_USE_BRDF2 SHADER_API_MOBILE UNITY_LIGHTMAP_FULL_HDR uKW=SCREEN_SPACE_SHADOWS_ON SHADOW_HIGH SHADER_STAGE_COMPUTE platform=vulkan flags=268439552 ok=1 outsize=263220

Cmd: compileComputeKernel
  insize=10754 file=C:/Users/AJ/Desktop/Uni/Autodidacta/VFX/UnityVFX/Library/PackageCache/com.unity.render-pipelines.high-definition@10.5.1/Runtime/Lighting/LightLoop/Deferred.compute kernel=Deferred_Indirect_Fptl_Variant23 cachingPP=1 ppOnly=0 stripLineD=0 buildPlatform=13 km=<SHADE_OPAQUE_ENTRY=Deferred_Indirect_Fptl_Variant23>,<USE_INDIRECT=1>,<VARIANT=23>,<UNITY_VERSION=202039> pKW=UNITY_NO_DXT5nm UNITY_NO_RGBM UNITY_ENABLE_REFLECTION_BUFFERS UNITY_NO_CUBEMAP_ARRAY UNITY_NO_SCREENSPACE_SHADOWS UNITY_PBS_USE_BRDF2 SHADER_API_MOBILE UNITY_LIGHTMAP_FULL_HDR uKW=SCREEN_SPACE_SHADOWS_OFF SHADOW_MEDIUM SHADER_STAGE_COMPUTE platform=vulkan flags=268439552 ok=1 outsize=224393

Cmd: compileComputeKernel
  insize=10754 file=C:/Users/AJ/Desktop/Uni/Autodidacta/VFX/UnityVFX/Library/PackageCache/com.unity.render-pipelines.high-definition@10.5.1/Runtime/Lighting/LightLoop/Deferred.compute kernel=Deferred_Indirect_Fptl_Variant21 cachingPP=1 ppOnly=0 stripLineD=0 buildPlatform=13 km=<SHADE_OPAQUE_ENTRY=Deferred_Indirect_Fptl_Variant21>,<USE_INDIRECT=1>,<VARIANT=21>,<UNITY_VERSION=202039> pKW=UNITY_NO_DXT5nm UNITY_NO_RGBM UNITY_ENABLE_REFLECTION_BUFFERS UNITY_NO_CUBEMAP_ARRAY UNITY_NO_SCREENSPACE_SHADOWS UNITY_PBS_USE_BRDF2 SHADER_API_MOBILE UNITY_LIGHTMAP_FULL_HDR uKW=SCREEN_SPACE_SHADOWS_OFF SHADOWS_SHADOWMASK SHADOW_MEDIUM SHADER_STAGE_COMPUTE platform=vulkan flags=268439552 ok=1 outsize=285800

Cmd: compileComputeKernel
  insize=10754 file=C:/Users/AJ/Desktop/Uni/Autodidacta/VFX/UnityVFX/Library/PackageCache/com.unity.render-pipelines.high-definition@10.5.1/Runtime/Lighting/LightLoop/Deferred.compute kernel=Deferred_Indirect_Fptl_Variant20 cachingPP=1 ppOnly=0 stripLineD=0 buildPlatform=13 km=<SHADE_OPAQUE_ENTRY=Deferred_Indirect_Fptl_Variant20>,<USE_INDIRECT=1>,<VARIANT=20>,<UNITY_VERSION=202039> pKW=UNITY_NO_DXT5nm UNITY_NO_RGBM UNITY_ENABLE_REFLECTION_BUFFERS UNITY_NO_CUBEMAP_ARRAY UNITY_NO_SCREENSPACE_SHADOWS UNITY_PBS_USE_BRDF2 SHADER_API_MOBILE UNITY_LIGHTMAP_FULL_HDR uKW=SCREEN_SPACE_SHADOWS_ON SHADOW_LOW SHADER_STAGE_COMPUTE platform=vulkan flags=268439552 ok=1 outsize=184087

Cmd: compileComputeKernel
  insize=10754 file=C:/Users/AJ/Desktop/Uni/Autodidacta/VFX/UnityVFX/Library/PackageCache/com.unity.render-pipelines.high-definition@10.5.1/Runtime/Lighting/LightLoop/Deferred.compute kernel=Deferred_Indirect_Fptl_Variant19 cachingPP=1 ppOnly=0 stripLineD=0 buildPlatform=13 km=<SHADE_OPAQUE_ENTRY=Deferred_Indirect_Fptl_Variant19>,<USE_INDIRECT=1>,<VARIANT=19>,<UNITY_VERSION=202039> pKW=UNITY_NO_DXT5nm UNITY_NO_RGBM UNITY_ENABLE_REFLECTION_BUFFERS UNITY_NO_CUBEMAP_ARRAY UNITY_NO_SCREENSPACE_SHADOWS UNITY_PBS_USE_BRDF2 SHADER_API_MOBILE UNITY_LIGHTMAP_FULL_HDR uKW=SCREEN_SPACE_SHADOWS_ON SHADOW_MEDIUM SHADER_STAGE_COMPUTE platform=vulkan flags=268439552 ok=1 outsize=292108

Cmd: compileComputeKernel
  insize=10754 file=C:/Users/AJ/Desktop/Uni/Autodidacta/VFX/UnityVFX/Library/PackageCache/com.unity.render-pipelines.high-definition@10.5.1/Runtime/Lighting/LightLoop/Deferred.compute kernel=Deferred_Indirect_Fptl_Variant18 cachingPP=1 ppOnly=0 stripLineD=0 buildPlatform=13 km=<SHADE_OPAQUE_ENTRY=Deferred_Indirect_Fptl_Variant18>,<USE_INDIRECT=1>,<VARIANT=18>,<UNITY_VERSION=202039> pKW=UNITY_NO_DXT5nm UNITY_NO_RGBM UNITY_ENABLE_REFLECTION_BUFFERS UNITY_NO_CUBEMAP_ARRAY UNITY_NO_SCREENSPACE_SHADOWS UNITY_PBS_USE_BRDF2 SHADER_API_MOBILE UNITY_LIGHTMAP_FULL_HDR uKW=SCREEN_SPACE_SHADOWS_ON SHADOW_LOW SHADER_STAGE_COMPUTE platform=vulkan flags=268439552 ok=1 outsize=208575

Cmd: compileComputeKernel
  insize=10754 file=C:/Users/AJ/Desktop/Uni/Autodidacta/VFX/UnityVFX/Library/PackageCache/com.unity.render-pipelines.high-definition@10.5.1/Runtime/Lighting/LightLoop/Deferred.compute kernel=Deferred_Indirect_Fptl_Variant17 cachingPP=1 ppOnly=0 stripLineD=0 buildPlatform=13 km=<SHADE_OPAQUE_ENTRY=Deferred_Indirect_Fptl_Variant17>,<USE_INDIRECT=1>,<VARIANT=17>,<UNITY_VERSION=202039> pKW=UNITY_NO_DXT5nm UNITY_NO_RGBM UNITY_ENABLE_REFLECTION_BUFFERS UNITY_NO_CUBEMAP_ARRAY UNITY_NO_SCREENSPACE_SHADOWS UNITY_PBS_USE_BRDF2 SHADER_API_MOBILE UNITY_LIGHTMAP_FULL_HDR uKW=SCREEN_SPACE_SHADOWS_ON SHADOW_MEDIUM SHADER_STAGE_COMPUTE platform=vulkan flags=268439552 ok=1 outsize=394619

Cmd: compileComputeKernel
  insize=10754 file=C:/Users/AJ/Desktop/Uni/Autodidacta/VFX/UnityVFX/Library/PackageCache/com.unity.render-pipelines.high-definition@10.5.1/Runtime/Lighting/LightLoop/Deferred.compute kernel=Deferred_Indirect_Fptl_Variant16 cachingPP=1 ppOnly=0 stripLineD=0 buildPlatform=13 km=<SHADE_OPAQUE_ENTRY=Deferred_Indirect_Fptl_Variant16>,<USE_INDIRECT=1>,<VARIANT=16>,<UNITY_VERSION=202039> pKW=UNITY_NO_DXT5nm UNITY_NO_RGBM UNITY_ENABLE_REFLECTION_BUFFERS UNITY_NO_CUBEMAP_ARRAY UNITY_NO_SCREENSPACE_SHADOWS UNITY_PBS_USE_BRDF2 SHADER_API_MOBILE UNITY_LIGHTMAP_FULL_HDR uKW=SCREEN_SPACE_SHADOWS_ON SHADOWS_SHADOWMASK SHADOW_LOW SHADER_STAGE_COMPUTE platform=vulkan flags=268439552 ok=1 outsize=263730

Cmd: compileComputeKernel
  insize=10754 file=C:/Users/AJ/Desktop/Uni/Autodidacta/VFX/UnityVFX/Library/PackageCache/com.unity.render-pipelines.high-definition@10.5.1/Runtime/Lighting/LightLoop/Deferred.compute kernel=Deferred_Indirect_Fptl_Variant15 cachingPP=1 ppOnly=0 stripLineD=0 buildPlatform=13 km=<SHADE_OPAQUE_ENTRY=Deferred_Indirect_Fptl_Variant15>,<USE_INDIRECT=1>,<VARIANT=15>,<UNITY_VERSION=202039> pKW=UNITY_NO_DXT5nm UNITY_NO_RGBM UNITY_ENABLE_REFLECTION_BUFFERS UNITY_NO_CUBEMAP_ARRAY UNITY_NO_SCREENSPACE_SHADOWS UNITY_PBS_USE_BRDF2 SHADER_API_MOBILE UNITY_LIGHTMAP_FULL_HDR uKW=SCREEN_SPACE_SHADOWS_OFF SHADOW_HIGH SHADER_STAGE_COMPUTE platform=vulkan flags=268439552 ok=1 outsize=183577

Cmd: compileComputeKernel
  insize=10754 file=C:/Users/AJ/Desktop/Uni/Autodidacta/VFX/UnityVFX/Library/PackageCache/com.unity.render-pipelines.high-definition@10.5.1/Runtime/Lighting/LightLoop/Deferred.compute kernel=Deferred_Indirect_Fptl_Variant14 cachingPP=1 ppOnly=0 stripLineD=0 buildPlatform=13 km=<SHADE_OPAQUE_ENTRY=Deferred_Indirect_Fptl_Variant14>,<USE_INDIRECT=1>,<VARIANT=14>,<UNITY_VERSION=202039> pKW=UNITY_NO_DXT5nm UNITY_NO_RGBM UNITY_ENABLE_REFLECTION_BUFFERS UNITY_NO_CUBEMAP_ARRAY UNITY_NO_SCREENSPACE_SHADOWS UNITY_PBS_USE_BRDF2 SHADER_API_MOBILE UNITY_LIGHTMAP_FULL_HDR uKW=SCREEN_SPACE_SHADOWS_OFF SHADOW_MEDIUM SHADER_STAGE_COMPUTE platform=vulkan flags=268439552 ok=1 outsize=257222

Cmd: compileComputeKernel
  insize=10754 file=C:/Users/AJ/Desktop/Uni/Autodidacta/VFX/UnityVFX/Library/PackageCache/com.unity.render-pipelines.high-definition@10.5.1/Runtime/Lighting/LightLoop/Deferred.compute kernel=Deferred_Indirect_Fptl_Variant13 cachingPP=1 ppOnly=0 stripLineD=0 buildPlatform=13 km=<SHADE_OPAQUE_ENTRY=Deferred_Indirect_Fptl_Variant13>,<USE_INDIRECT=1>,<VARIANT=13>,<UNITY_VERSION=202039> pKW=UNITY_NO_DXT5nm UNITY_NO_RGBM UNITY_ENABLE_REFLECTION_BUFFERS UNITY_NO_CUBEMAP_ARRAY UNITY_NO_SCREENSPACE_SHADOWS UNITY_PBS_USE_BRDF2 SHADER_API_MOBILE UNITY_LIGHTMAP_FULL_HDR uKW=SCREEN_SPACE_SHADOWS_ON SHADOWS_SHADOWMASK SHADOW_HIGH SHADER_STAGE_COMPUTE platform=vulkan flags=268439552 ok=1 outsize=234505

