Base path: 'C:/Program Files/Unity/Hub/Editor/2020.3.13f1/Editor/Data', plugins path 'C:/Program Files/Unity/Hub/Editor/2020.3.13f1/Editor/Data/PlaybackEngines'
Cmd: initializeCompiler

Cmd: compileComputeKernel
  insize=7014 file=C:/Users/AJ/Desktop/Uni/Autodidacta/VFX/UnityVFX/Assets/MYSTUFF/VFX/Pumpkin1.vfx kernel=CSMain cachingPP=1 ppOnly=0 stripLineD=0 buildPlatform=13 km=<UNITY_VERSION=202039> pKW=UNITY_NO_DXT5nm UNITY_ENABLE_REFLECTION_BUFFERS UNITY_NO_CUBEMAP_ARRAY UNITY_NO_SCREENSPACE_SHADOWS UNITY_PBS_USE_BRDF2 UNITY_LIGHTMAP_FULL_HDR uKW=SHADER_STAGE_COMPUTE platform=d3d11 flags=0 ok=1 outsize=1896

Cmd: compileComputeKernel
  insize=7361 file=C:/Users/AJ/Desktop/Uni/Autodidacta/VFX/UnityVFX/Library/PackageCache/com.unity.render-pipelines.high-definition@10.5.1/Runtime/Lighting/ScreenSpaceLighting/GTAO.compute kernel=GTAOMain cachingPP=1 ppOnly=0 stripLineD=0 buildPlatform=13 km=<UNITY_VERSION=202039> pKW=UNITY_NO_DXT5nm UNITY_NO_RGBM UNITY_ENABLE_REFLECTION_BUFFERS UNITY_FRAMEBUFFER_FETCH_AVAILABLE UNITY_NO_CUBEMAP_ARRAY UNITY_NO_SCREENSPACE_SHADOWS UNITY_PBS_USE_BRDF2 SHADER_API_MOBILE UNITY_LIGHTMAP_FULL_HDR SHADER_API_GLES30 uKW=FULL_RES TEMPORAL SHADER_STAGE_COMPUTE platform=gles3 flags=268439552  error: 2 plat 9 at C:/Users/AJ/Desktop/Uni/Autodidacta/VFX/UnityVFX/Library/PackageCache/com.unity.render-pipelines.high-definition@10.5.1/Runtime/ShaderLibrary/ShaderVariablesFunctions.hlsl(119): syntax error: unexpected token '#'
 ok=0 outsize=0

Cmd: compileComputeKernel
  insize=39136 file=C:/Users/AJ/Desktop/Uni/Autodidacta/VFX/UnityVFX/Library/PackageCache/com.unity.render-pipelines.high-definition@10.5.1/Runtime/Lighting/VolumetricLighting/VolumetricLighting.compute kernel=VolumetricLighting cachingPP=1 ppOnly=0 stripLineD=0 buildPlatform=13 km=<UNITY_VERSION=202039> pKW=UNITY_NO_DXT5nm UNITY_ENABLE_REFLECTION_BUFFERS UNITY_NO_CUBEMAP_ARRAY UNITY_NO_SCREENSPACE_SHADOWS UNITY_PBS_USE_BRDF2 UNITY_LIGHTMAP_FULL_HDR uKW=ENABLE_REPROJECTION LIGHTLOOP_DISABLE_TILE_AND_CLUSTER SUPPORT_LOCAL_LIGHTS VL_PRESET_OPTIMAL SHADER_STAGE_COMPUTE platform=d3d11 flags=0 ok=1 outsize=46073

Cmd: compileComputeKernel
  insize=39136 file=C:/Users/AJ/Desktop/Uni/Autodidacta/VFX/UnityVFX/Library/PackageCache/com.unity.render-pipelines.high-definition@10.5.1/Runtime/Lighting/VolumetricLighting/VolumetricLighting.compute kernel=VolumetricLighting cachingPP=1 ppOnly=0 stripLineD=0 buildPlatform=13 km=<UNITY_VERSION=202039> pKW=UNITY_NO_DXT5nm UNITY_ENABLE_REFLECTION_BUFFERS UNITY_NO_CUBEMAP_ARRAY UNITY_NO_SCREENSPACE_SHADOWS UNITY_PBS_USE_BRDF2 UNITY_LIGHTMAP_FULL_HDR uKW=ENABLE_ANISOTROPY ENABLE_REPROJECTION LIGHTLOOP_DISABLE_TILE_AND_CLUSTER VL_PRESET_OPTIMAL SHADER_STAGE_COMPUTE platform=d3d11 flags=0 ok=1 outsize=20424

Cmd: compileComputeKernel
  insize=2603 file=C:/Users/AJ/Desktop/Uni/Autodidacta/VFX/UnityVFX/Library/PackageCache/com.unity.render-pipelines.high-definition@10.5.1/Runtime/Lighting/LightLoop/cleardispatchindirect.compute kernel=ClearDrawProceduralIndirect cachingPP=1 ppOnly=0 stripLineD=0 buildPlatform=13 km=<UNITY_VERSION=202039> pKW=UNITY_NO_DXT5nm UNITY_ENABLE_REFLECTION_BUFFERS UNITY_NO_CUBEMAP_ARRAY UNITY_NO_SCREENSPACE_SHADOWS UNITY_PBS_USE_BRDF2 UNITY_LIGHTMAP_FULL_HDR uKW=SHADER_STAGE_COMPUTE platform=d3d11 flags=0 ok=1 outsize=757

Cmd: compileComputeKernel
  insize=29481 file=C:/Users/AJ/Desktop/Uni/Autodidacta/VFX/UnityVFX/Library/PackageCache/com.unity.render-pipelines.high-definition@10.5.1/Runtime/Lighting/ScreenSpaceLighting/ScreenSpaceReflections.compute kernel=ScreenSpaceReflectionsAccumulate cachingPP=1 ppOnly=0 stripLineD=0 buildPlatform=13 km=<SSR_ACCUMULATE=1>,<UNITY_VERSION=202039> pKW=UNITY_NO_DXT5nm UNITY_ENABLE_REFLECTION_BUFFERS UNITY_NO_CUBEMAP_ARRAY UNITY_NO_SCREENSPACE_SHADOWS UNITY_PBS_USE_BRDF2 UNITY_LIGHTMAP_FULL_HDR uKW=SSR_APPROX SHADER_STAGE_COMPUTE platform=d3d11 flags=0 ok=1 outsize=1903

Cmd: compileComputeKernel
  insize=29481 file=C:/Users/AJ/Desktop/Uni/Autodidacta/VFX/UnityVFX/Library/PackageCache/com.unity.render-pipelines.high-definition@10.5.1/Runtime/Lighting/ScreenSpaceLighting/ScreenSpaceReflections.compute kernel=ScreenSpaceReflectionsTracing cachingPP=1 ppOnly=0 stripLineD=0 buildPlatform=13 km=<SSR_TRACE=1>,<UNITY_VERSION=202039> pKW=UNITY_NO_DXT5nm UNITY_ENABLE_REFLECTION_BUFFERS UNITY_NO_CUBEMAP_ARRAY UNITY_NO_SCREENSPACE_SHADOWS UNITY_PBS_USE_BRDF2 UNITY_LIGHTMAP_FULL_HDR uKW=SSR_APPROX SHADER_STAGE_COMPUTE platform=d3d11 flags=0 ok=1 outsize=6688

Cmd: compileComputeKernel
  insize=1891 file=C:/Users/AJ/Desktop/Uni/Autodidacta/VFX/UnityVFX/Library/PackageCache/com.unity.render-pipelines.high-definition@10.5.1/Runtime/PostProcessing/Shaders/BloomUpsample.compute kernel=KMain cachingPP=1 ppOnly=0 stripLineD=0 buildPlatform=13 km=<UNITY_VERSION=202039> pKW=UNITY_NO_DXT5nm UNITY_ENABLE_REFLECTION_BUFFERS UNITY_NO_CUBEMAP_ARRAY UNITY_NO_SCREENSPACE_SHADOWS UNITY_PBS_USE_BRDF2 UNITY_LIGHTMAP_FULL_HDR uKW=HIGH_QUALITY SHADER_STAGE_COMPUTE platform=d3d11 flags=0 ok=1 outsize=2839

Cmd: compileComputeKernel
  insize=17123 file=C:/Users/AJ/Desktop/Uni/Autodidacta/VFX/UnityVFX/Library/PackageCache/com.unity.render-pipelines.high-definition@10.5.1/Runtime/Lighting/VolumetricLighting/VolumeVoxelization.compute kernel=VolumeVoxelizationBruteforce cachingPP=1 ppOnly=0 stripLineD=0 buildPlatform=13 km=<VolumeVoxelization=VolumeVoxelizationBruteforce>,<LIGHTLOOP_DISABLE_TILE_AND_CLUSTER=1>,<UNITY_VERSION=202039> pKW=UNITY_NO_DXT5nm UNITY_ENABLE_REFLECTION_BUFFERS UNITY_NO_CUBEMAP_ARRAY UNITY_NO_SCREENSPACE_SHADOWS UNITY_PBS_USE_BRDF2 UNITY_LIGHTMAP_FULL_HDR uKW=SHADER_STAGE_COMPUTE platform=d3d11 flags=0 ok=1 outsize=7574

Cmd: compileComputeKernel
  insize=419 file=C:/Users/AJ/Desktop/Uni/Autodidacta/VFX/UnityVFX/Library/PackageCache/com.unity.render-pipelines.high-definition@10.5.1/Runtime/Lighting/LightLoop/ClearLightLists.compute kernel=ClearList cachingPP=1 ppOnly=0 stripLineD=0 buildPlatform=13 km=<UNITY_VERSION=202039> pKW=UNITY_NO_DXT5nm UNITY_NO_RGBM UNITY_ENABLE_REFLECTION_BUFFERS UNITY_FRAMEBUFFER_FETCH_AVAILABLE UNITY_NO_CUBEMAP_ARRAY UNITY_NO_SCREENSPACE_SHADOWS UNITY_PBS_USE_BRDF2 SHADER_API_MOBILE UNITY_LIGHTMAP_FULL_HDR SHADER_API_GLES30 uKW=SHADER_STAGE_COMPUTE platform=gles3 flags=268439552 ok=1 outsize=1244

Cmd: compileComputeKernel
  insize=20782 file=C:/Users/AJ/Desktop/Uni/Autodidacta/VFX/UnityVFX/Library/PackageCache/com.unity.render-pipelines.high-definition@10.5.1/Runtime/Lighting/ScreenSpaceLighting/ScreenSpaceGlobalIllumination.compute kernel=ReprojectGlobalIlluminationHalf cachingPP=1 ppOnly=0 stripLineD=0 buildPlatform=13 km=<REPROJECT_GLOBAL_ILLUMINATION=ReprojectGlobalIlluminationHalf>,<GI_REPROJECT=1>,<HALF_RES=1>,<UNITY_VERSION=202039> pKW=UNITY_NO_DXT5nm UNITY_ENABLE_REFLECTION_BUFFERS UNITY_NO_CUBEMAP_ARRAY UNITY_NO_SCREENSPACE_SHADOWS UNITY_PBS_USE_BRDF2 UNITY_LIGHTMAP_FULL_HDR uKW=SHADER_STAGE_COMPUTE platform=d3d11 flags=0 ok=1 outsize=5295

Cmd: compileComputeKernel
  insize=20782 file=C:/Users/AJ/Desktop/Uni/Autodidacta/VFX/UnityVFX/Library/PackageCache/com.unity.render-pipelines.high-definition@10.5.1/Runtime/Lighting/ScreenSpaceLighting/ScreenSpaceGlobalIllumination.compute kernel=TraceGlobalIllumination cachingPP=1 ppOnly=0 stripLineD=0 buildPlatform=13 km=<TRACE_GLOBAL_ILLUMINATION=TraceGlobalIllumination>,<GI_TRACE=1>,<UNITY_VERSION=202039> pKW=UNITY_NO_DXT5nm UNITY_NO_RGBM UNITY_ENABLE_REFLECTION_BUFFERS UNITY_FRAMEBUFFER_FETCH_AVAILABLE UNITY_NO_CUBEMAP_ARRAY UNITY_NO_SCREENSPACE_SHADOWS UNITY_PBS_USE_BRDF2 SHADER_API_MOBILE UNITY_LIGHTMAP_FULL_HDR SHADER_API_GLES30 uKW=SHADER_STAGE_COMPUTE platform=gles3 flags=268439552  error: 2 plat 9 at C:/Users/AJ/Desktop/Uni/Autodidacta/VFX/UnityVFX/Library/PackageCache/com.unity.render-pipelines.high-definition@10.5.1/Runtime/ShaderLibrary/ShaderVariablesFunctions.hlsl(119): syntax error: unexpected token '#'
 ok=0 outsize=0

Cmd: compileComputeKernel
  insize=33284 file=C:/Users/AJ/Desktop/Uni/Autodidacta/VFX/UnityVFX/Library/PackageCache/com.unity.render-pipelines.high-definition@10.5.1/Runtime/RenderPipeline/Raytracing/Shaders/Shadows/RaytracingShadow.compute kernel=RaytracingSpotShadowSample cachingPP=1 ppOnly=0 stripLineD=0 buildPlatform=13 km=<UNITY_VERSION=202039> pKW=UNITY_NO_DXT5nm UNITY_ENABLE_REFLECTION_BUFFERS UNITY_NO_CUBEMAP_ARRAY UNITY_NO_SCREENSPACE_SHADOWS UNITY_PBS_USE_BRDF2 UNITY_LIGHTMAP_FULL_HDR uKW=SHADER_STAGE_COMPUTE platform=d3d11 flags=0 ok=1 outsize=5713

Cmd: compileComputeKernel
  insize=9221 file=C:/Users/AJ/Desktop/Uni/Autodidacta/VFX/UnityVFX/Library/PackageCache/com.unity.visualeffectgraph@10.5.1/Shaders/Sort.compute kernel=BitonicSort4096 cachingPP=1 ppOnly=0 stripLineD=0 buildPlatform=13 km=<BITONIC_SORT=BitonicSort4096>,<ELEMENTS_COUNT=4096>,<ITERATIONS_COUNT=2>,<FINAL_PASS=1>,<UNITY_VERSION=202039> pKW=UNITY_NO_DXT5nm UNITY_ENABLE_REFLECTION_BUFFERS UNITY_NO_CUBEMAP_ARRAY UNITY_NO_SCREENSPACE_SHADOWS UNITY_PBS_USE_BRDF2 UNITY_LIGHTMAP_FULL_HDR uKW=VFX_SORT_USE_ELEMENT_COUNT_BUFFER SHADER_STAGE_COMPUTE platform=d3d11 flags=0 ok=1 outsize=2719

Cmd: compileComputeKernel
  insize=2870 file=C:/Users/AJ/Desktop/Uni/Autodidacta/VFX/UnityVFX/Library/PackageCache/com.unity.render-pipelines.high-definition@10.5.1/Runtime/RenderPipeline/Accumulation/Shaders/Accumulation.compute kernel=KMain cachingPP=1 ppOnly=0 stripLineD=0 buildPlatform=13 km=<UNITY_VERSION=202039> pKW=UNITY_NO_DXT5nm UNITY_NO_RGBM UNITY_ENABLE_REFLECTION_BUFFERS UNITY_FRAMEBUFFER_FETCH_AVAILABLE UNITY_NO_CUBEMAP_ARRAY UNITY_NO_SCREENSPACE_SHADOWS UNITY_PBS_USE_BRDF2 SHADER_API_MOBILE UNITY_LIGHTMAP_FULL_HDR SHADER_API_GLES30 uKW=INPUT_FROM_RADIANCE_TEXTURE SHADER_STAGE_COMPUTE platform=gles3 flags=268439552  error: 2 plat 9 at C:/Users/AJ/Desktop/Uni/Autodidacta/VFX/UnityVFX/Library/PackageCache/com.unity.render-pipelines.high-definition@10.5.1/Runtime/ShaderLibrary/ShaderVariablesFunctions.hlsl(119): syntax error: unexpected token '#'
 ok=0 outsize=0

Cmd: compileComputeKernel
  insize=9515 file=C:/Users/AJ/Desktop/Uni/Autodidacta/VFX/UnityVFX/Library/PackageCache/com.unity.render-pipelines.high-definition@10.5.1/Runtime/RenderPipeline/Raytracing/Shaders/Denoising/ReflectionDenoiser.compute kernel=BilateralFilterV cachingPP=1 ppOnly=0 stripLineD=0 buildPlatform=13 km=<BILATERAL_FILTER=BilateralFilterV>,<FINAL_PASS=1>,<UNITY_VERSION=202039> pKW=UNITY_NO_DXT5nm UNITY_ENABLE_REFLECTION_BUFFERS UNITY_NO_CUBEMAP_ARRAY UNITY_NO_SCREENSPACE_SHADOWS UNITY_PBS_USE_BRDF2 UNITY_LIGHTMAP_FULL_HDR uKW=SHADER_STAGE_COMPUTE platform=d3d11 flags=0 ok=1 outsize=5897

Cmd: compileComputeKernel
  insize=11050 file=C:/Users/AJ/Desktop/Uni/Autodidacta/VFX/UnityVFX/Library/PackageCache/com.unity.render-pipelines.high-definition@10.5.1/Runtime/Lighting/PlanarReflectionFiltering.compute kernel=DepthConversion cachingPP=1 ppOnly=0 stripLineD=0 buildPlatform=13 km=<UNITY_VERSION=202039> pKW=UNITY_NO_DXT5nm UNITY_ENABLE_REFLECTION_BUFFERS UNITY_NO_CUBEMAP_ARRAY UNITY_NO_SCREENSPACE_SHADOWS UNITY_PBS_USE_BRDF2 UNITY_LIGHTMAP_FULL_HDR uKW=SHADER_STAGE_COMPUTE platform=d3d11 flags=0 ok=1 outsize=1623

Cmd: compileComputeKernel
  insize=3901 file=C:/Users/AJ/Desktop/Uni/Autodidacta/VFX/UnityVFX/Library/PackageCache/com.unity.render-pipelines.high-definition@10.5.1/Runtime/PostProcessing/Shaders/DepthOfFieldCombine.compute kernel=KMain cachingPP=1 ppOnly=0 stripLineD=0 buildPlatform=13 km=<UNITY_VERSION=202039> pKW=UNITY_NO_DXT5nm UNITY_ENABLE_REFLECTION_BUFFERS UNITY_NO_CUBEMAP_ARRAY UNITY_NO_SCREENSPACE_SHADOWS UNITY_PBS_USE_BRDF2 UNITY_LIGHTMAP_FULL_HDR uKW=ENABLE_ALPHA FAR HIGH_QUALITY NEAR SHADER_STAGE_COMPUTE platform=d3d11 flags=0 ok=1 outsize=4961

Cmd: compileComputeKernel
  insize=3901 file=C:/Users/AJ/Desktop/Uni/Autodidacta/VFX/UnityVFX/Library/PackageCache/com.unity.render-pipelines.high-definition@10.5.1/Runtime/PostProcessing/Shaders/DepthOfFieldCombine.compute kernel=KMain cachingPP=1 ppOnly=0 stripLineD=0 buildPlatform=13 km=<UNITY_VERSION=202039> pKW=UNITY_NO_DXT5nm UNITY_ENABLE_REFLECTION_BUFFERS UNITY_NO_CUBEMAP_ARRAY UNITY_NO_SCREENSPACE_SHADOWS UNITY_PBS_USE_BRDF2 UNITY_LIGHTMAP_FULL_HDR uKW=LOW_QUALITY SHADER_STAGE_COMPUTE platform=d3d11 flags=0 ok=1 outsize=433

Cmd: compileComputeKernel
  insize=2476 file=C:/Users/AJ/Desktop/Uni/Autodidacta/VFX/UnityVFX/Library/PackageCache/com.unity.render-pipelines.high-definition@10.5.1/Runtime/VirtualTexturing/Shaders/DownsampleVTFeedback.compute kernel=KMain cachingPP=1 ppOnly=0 stripLineD=0 buildPlatform=13 km=<UNITY_VERSION=202039> pKW=UNITY_NO_DXT5nm UNITY_ENABLE_REFLECTION_BUFFERS UNITY_NO_CUBEMAP_ARRAY UNITY_NO_SCREENSPACE_SHADOWS UNITY_PBS_USE_BRDF2 UNITY_LIGHTMAP_FULL_HDR uKW=SHADER_STAGE_COMPUTE platform=d3d11 flags=0 ok=1 outsize=1150

Cmd: compileComputeKernel
  insize=3691 file=C:/Users/AJ/Desktop/Uni/Autodidacta/VFX/UnityVFX/Library/PackageCache/com.unity.render-pipelines.high-definition@10.5.1/Runtime/PostProcessing/Shaders/DepthOfFieldCoCDilate.compute kernel=KMain cachingPP=1 ppOnly=0 stripLineD=0 buildPlatform=13 km=<UNITY_VERSION=202039> pKW=UNITY_NO_DXT5nm UNITY_ENABLE_REFLECTION_BUFFERS UNITY_NO_CUBEMAP_ARRAY UNITY_NO_SCREENSPACE_SHADOWS UNITY_PBS_USE_BRDF2 UNITY_LIGHTMAP_FULL_HDR uKW=SHADER_STAGE_COMPUTE platform=d3d11 flags=0 ok=1 outsize=3172

Cmd: compileComputeKernel
  insize=647 file=C:/Users/AJ/Desktop/Uni/Autodidacta/VFX/UnityVFX/Library/PackageCache/com.unity.render-pipelines.high-definition@10.5.1/Runtime/PostProcessing/Shaders/DepthOfFieldClearIndirectArgs.compute kernel=KClear cachingPP=1 ppOnly=0 stripLineD=0 buildPlatform=13 km=<UNITY_VERSION=202039> pKW=UNITY_NO_DXT5nm UNITY_ENABLE_REFLECTION_BUFFERS UNITY_NO_CUBEMAP_ARRAY UNITY_NO_SCREENSPACE_SHADOWS UNITY_PBS_USE_BRDF2 UNITY_LIGHTMAP_FULL_HDR uKW=SHADER_STAGE_COMPUTE platform=d3d11 flags=0 ok=1 outsize=494

Cmd: compileComputeKernel
  insize=6333 file=C:/Users/AJ/Desktop/Uni/Autodidacta/VFX/UnityVFX/Library/PackageCache/com.unity.render-pipelines.high-definition@10.5.1/Runtime/RenderPipeline/Raytracing/Shaders/Denoising/DiffuseShadowDenoiser.compute kernel=BilateralFilterVSingleDirectional cachingPP=1 ppOnly=0 stripLineD=0 buildPlatform=13 km=<BILATERAL_FILTER=BilateralFilterVSingleDirectional>,<FINAL_PASS=1>,<SINGLE_CHANNEL=1>,<DIRECTIONAL_LIGHT=1>,<UNITY_VERSION=202039> pKW=UNITY_NO_DXT5nm UNITY_ENABLE_REFLECTION_BUFFERS UNITY_NO_CUBEMAP_ARRAY UNITY_NO_SCREENSPACE_SHADOWS UNITY_PBS_USE_BRDF2 UNITY_LIGHTMAP_FULL_HDR uKW=SHADER_STAGE_COMPUTE platform=d3d11 flags=0 ok=1 outsize=6014

Cmd: compileComputeKernel
  insize=10317 file=C:/Users/AJ/Desktop/Uni/Autodidacta/VFX/UnityVFX/Library/PackageCache/com.unity.render-pipelines.high-definition@10.5.1/Runtime/Lighting/ScreenSpaceLighting/GTAOBlurAndUpsample.compute kernel=BlurUpsample cachingPP=1 ppOnly=0 stripLineD=0 buildPlatform=13 km=<BLUR_AND_UPSAMPLE=1>,<UNITY_VERSION=202039> pKW=UNITY_NO_DXT5nm UNITY_ENABLE_REFLECTION_BUFFERS UNITY_NO_CUBEMAP_ARRAY UNITY_NO_SCREENSPACE_SHADOWS UNITY_PBS_USE_BRDF2 UNITY_LIGHTMAP_FULL_HDR uKW=SHADER_STAGE_COMPUTE platform=d3d11 flags=0 ok=1 outsize=9672

Cmd: compileComputeKernel
  insize=8927 file=C:/Users/AJ/Desktop/Uni/Autodidacta/VFX/UnityVFX/Library/PackageCache/com.unity.render-pipelines.high-definition@10.5.1/Runtime/PostProcessing/Shaders/UberPost.compute kernel=Uber cachingPP=1 ppOnly=0 stripLineD=0 buildPlatform=13 km=<UNITY_VERSION=202039> pKW=UNITY_NO_DXT5nm UNITY_ENABLE_REFLECTION_BUFFERS UNITY_NO_CUBEMAP_ARRAY UNITY_NO_SCREENSPACE_SHADOWS UNITY_PBS_USE_BRDF2 UNITY_LIGHTMAP_FULL_HDR uKW=CHROMATIC_ABERRATION ENABLE_ALPHA VIGNETTE SHADER_STAGE_COMPUTE platform=d3d11 flags=0 ok=1 outsize=6481

Cmd: compileComputeKernel
  insize=3615 file=C:/Users/AJ/Desktop/Uni/Autodidacta/VFX/UnityVFX/Library/PackageCache/com.unity.render-pipelines.high-definition@10.5.1/Runtime/RenderPipeline/Raytracing/Shaders/Denoising/SimpleDenoiser.compute kernel=BilateralFilterHColor cachingPP=1 ppOnly=0 stripLineD=0 buildPlatform=13 km=<BILATERAL_FILTER=BilateralFilterHColor>,<UNITY_VERSION=202039> pKW=UNITY_NO_DXT5nm UNITY_ENABLE_REFLECTION_BUFFERS UNITY_NO_CUBEMAP_ARRAY UNITY_NO_SCREENSPACE_SHADOWS UNITY_PBS_USE_BRDF2 UNITY_LIGHTMAP_FULL_HDR uKW=SHADER_STAGE_COMPUTE platform=d3d11 flags=0 ok=1 outsize=4756

Cmd: compileComputeKernel
  insize=4757 file=C:/Users/AJ/Desktop/Uni/Autodidacta/VFX/UnityVFX/Library/PackageCache/com.unity.render-pipelines.high-definition@10.5.1/Runtime/RenderPipeline/Raytracing/Shaders/SubSurface/RayTracingSubSurface.compute kernel=ClearTexture cachingPP=1 ppOnly=0 stripLineD=0 buildPlatform=13 km=<UNITY_VERSION=202039> pKW=UNITY_NO_DXT5nm UNITY_ENABLE_REFLECTION_BUFFERS UNITY_NO_CUBEMAP_ARRAY UNITY_NO_SCREENSPACE_SHADOWS UNITY_PBS_USE_BRDF2 UNITY_LIGHTMAP_FULL_HDR uKW=SHADER_STAGE_COMPUTE platform=d3d11 flags=0 ok=1 outsize=418

Cmd: compileComputeKernel
  insize=26393 file=C:/Users/AJ/Desktop/Uni/Autodidacta/VFX/UnityVFX/Library/PackageCache/com.unity.render-pipelines.high-definition@10.5.1/Runtime/Lighting/LightLoop/lightlistbuild-clustered.compute kernel=TileLightListGen_NoDepthRT_SrcBigTile cachingPP=1 ppOnly=0 stripLineD=0 buildPlatform=13 km=<LIGHTLISTGEN=TileLightListGen_NoDepthRT_SrcBigTile>,<USE_TWO_PASS_TILED_LIGHTING=1>,<UNITY_VERSION=202039> pKW=UNITY_NO_DXT5nm UNITY_ENABLE_REFLECTION_BUFFERS UNITY_NO_CUBEMAP_ARRAY UNITY_NO_SCREENSPACE_SHADOWS UNITY_PBS_USE_BRDF2 UNITY_LIGHTMAP_FULL_HDR uKW=SHADER_STAGE_COMPUTE platform=d3d11 flags=0 ok=1 outsize=13829

Cmd: compileComputeKernel
  insize=3722 file=C:/Users/AJ/Desktop/Uni/Autodidacta/VFX/UnityVFX/Library/PackageCache/com.unity.render-pipelines.high-definition@10.5.1/Runtime/PostProcessing/Shaders/DepthOfFieldPrefilter.compute kernel=KMain cachingPP=1 ppOnly=0 stripLineD=0 buildPlatform=13 km=<UNITY_VERSION=202039> pKW=UNITY_NO_DXT5nm UNITY_ENABLE_REFLECTION_BUFFERS UNITY_NO_CUBEMAP_ARRAY UNITY_NO_SCREENSPACE_SHADOWS UNITY_PBS_USE_BRDF2 UNITY_LIGHTMAP_FULL_HDR uKW=ENABLE_ALPHA FAR FULL_RES SHADER_STAGE_COMPUTE platform=d3d11 flags=0 ok=1 outsize=652

Cmd: compileComputeKernel
  insize=3618 file=C:/Users/AJ/Desktop/Uni/Autodidacta/VFX/UnityVFX/Library/PackageCache/com.unity.render-pipelines.high-definition@10.5.1/Runtime/Sky/PhysicallyBasedSky/GroundIrradiancePrecomputation.compute kernel=MAIN_S cachingPP=1 ppOnly=0 stripLineD=0 buildPlatform=13 km=<main=MAIN_S>,<MULTIPLE_SCATTERING=1>,<SRC_SS=1>,<UNITY_VERSION=202039> pKW=UNITY_NO_DXT5nm UNITY_ENABLE_REFLECTION_BUFFERS UNITY_NO_CUBEMAP_ARRAY UNITY_NO_SCREENSPACE_SHADOWS UNITY_PBS_USE_BRDF2 UNITY_LIGHTMAP_FULL_HDR uKW=SHADER_STAGE_COMPUTE platform=d3d11 flags=0 ok=1 outsize=4339

Cmd: compileComputeKernel
  insize=4336 file=C:/Users/AJ/Desktop/Uni/Autodidacta/VFX/UnityVFX/Library/PackageCache/com.unity.render-pipelines.high-definition@10.5.1/Runtime/ShaderLibrary/ResolveStencilBuffer.compute kernel=MAIN cachingPP=1 ppOnly=0 stripLineD=0 buildPlatform=13 km=<KERNEL_NAME=MAIN>,<NUM_SAMPLES=1>,<COARSE_STENCIL=1>,<UNITY_VERSION=202039> pKW=UNITY_NO_DXT5nm UNITY_ENABLE_REFLECTION_BUFFERS UNITY_NO_CUBEMAP_ARRAY UNITY_NO_SCREENSPACE_SHADOWS UNITY_PBS_USE_BRDF2 UNITY_LIGHTMAP_FULL_HDR uKW=SHADER_STAGE_COMPUTE platform=d3d11 flags=0 ok=1 outsize=1081

Cmd: compileComputeKernel
  insize=13292 file=C:/Users/AJ/Desktop/Uni/Autodidacta/VFX/UnityVFX/Library/PackageCache/com.unity.render-pipelines.high-definition@10.5.1/Runtime/Lighting/ScreenSpaceLighting/SSGIDenoiser.compute kernel=TemporalFilterHalf cachingPP=1 ppOnly=0 stripLineD=0 buildPlatform=13 km=<TEMPORAL_FILTER=TemporalFilterHalf>,<HALF_RES=1>,<UNITY_VERSION=202039> pKW=UNITY_NO_DXT5nm UNITY_NO_RGBM UNITY_ENABLE_REFLECTION_BUFFERS UNITY_FRAMEBUFFER_FETCH_AVAILABLE UNITY_NO_CUBEMAP_ARRAY UNITY_NO_SCREENSPACE_SHADOWS UNITY_PBS_USE_BRDF2 SHADER_API_MOBILE UNITY_LIGHTMAP_FULL_HDR SHADER_API_GLES30 uKW=SHADER_STAGE_COMPUTE platform=gles3 flags=268439552  error: 2 plat 9 at C:/Users/AJ/Desktop/Uni/Autodidacta/VFX/UnityVFX/Library/PackageCache/com.unity.render-pipelines.high-definition@10.5.1/Runtime/ShaderLibrary/ShaderVariablesFunctions.hlsl(119): syntax error: unexpected token '#'
 ok=0 outsize=0

Cmd: compileComputeKernel
  insize=3598 file=C:/Users/AJ/Desktop/Uni/Autodidacta/VFX/UnityVFX/Library/PackageCache/com.unity.render-pipelines.high-definition@10.5.1/Runtime/Debug/DebugLightVolumes.compute kernel=LightVolumeColors cachingPP=1 ppOnly=0 stripLineD=0 buildPlatform=13 km=<UNITY_VERSION=202039> pKW=UNITY_NO_DXT5nm UNITY_ENABLE_REFLECTION_BUFFERS UNITY_NO_CUBEMAP_ARRAY UNITY_NO_SCREENSPACE_SHADOWS UNITY_PBS_USE_BRDF2 UNITY_LIGHTMAP_FULL_HDR uKW=SHADER_STAGE_COMPUTE platform=d3d11 flags=0 ok=1 outsize=1615

Cmd: compileComputeKernel
  insize=820 file=C:/Users/AJ/Desktop/Uni/Autodidacta/VFX/UnityVFX/Library/PackageCache/com.unity.render-pipelines.high-definition@10.5.1/Runtime/Core/CoreResources/ClearUIntTextureArray.compute kernel=ClearUIntTextureArray cachingPP=1 ppOnly=0 stripLineD=0 buildPlatform=13 km=<UNITY_VERSION=202039> pKW=UNITY_NO_DXT5nm UNITY_NO_RGBM UNITY_ENABLE_REFLECTION_BUFFERS UNITY_FRAMEBUFFER_FETCH_AVAILABLE UNITY_NO_CUBEMAP_ARRAY UNITY_NO_SCREENSPACE_SHADOWS UNITY_PBS_USE_BRDF2 SHADER_API_MOBILE UNITY_LIGHTMAP_FULL_HDR SHADER_API_GLES30 uKW=SHADER_STAGE_COMPUTE platform=gles3 flags=268439552  error: 2 plat 9 at C:/Users/AJ/Desktop/Uni/Autodidacta/VFX/UnityVFX/Library/PackageCache/com.unity.render-pipelines.high-definition@10.5.1/Runtime/ShaderLibrary/ShaderVariablesFunctions.hlsl(119): syntax error: unexpected token '#'
 ok=0 outsize=0

Cmd: compileComputeKernel
  insize=2362 file=C:/Users/AJ/Desktop/Uni/Autodidacta/VFX/UnityVFX/Library/PackageCache/com.unity.render-pipelines.high-definition@10.5.1/Runtime/PostProcessing/Shaders/ContrastAdaptiveSharpen.compute kernel=KMain cachingPP=1 ppOnly=0 stripLineD=0 buildPlatform=13 km=<UNITY_VERSION=202039> pKW=UNITY_NO_DXT5nm UNITY_NO_RGBM UNITY_ENABLE_REFLECTION_BUFFERS UNITY_FRAMEBUFFER_FETCH_AVAILABLE UNITY_NO_CUBEMAP_ARRAY UNITY_NO_SCREENSPACE_SHADOWS UNITY_PBS_USE_BRDF2 SHADER_API_MOBILE UNITY_LIGHTMAP_FULL_HDR SHADER_API_GLES30 uKW=SHADER_STAGE_COMPUTE platform=gles3 flags=268439552  error: 2 plat 9 at C:/Users/AJ/Desktop/Uni/Autodidacta/VFX/UnityVFX/Library/PackageCache/com.unity.render-pipelines.high-definition@10.5.1/Runtime/ShaderLibrary/ShaderVariablesFunctions.hlsl(119): syntax error: unexpected token '#'
 ok=0 outsize=0

Cmd: compileComputeKernel
  insize=7361 file=C:/Users/AJ/Desktop/Uni/Autodidacta/VFX/UnityVFX/Library/PackageCache/com.unity.render-pipelines.high-definition@10.5.1/Runtime/Lighting/ScreenSpaceLighting/GTAO.compute kernel=GTAOMain cachingPP=1 ppOnly=0 stripLineD=0 buildPlatform=13 km=<UNITY_VERSION=202039> pKW=UNITY_NO_DXT5nm UNITY_NO_RGBM UNITY_ENABLE_REFLECTION_BUFFERS UNITY_FRAMEBUFFER_FETCH_AVAILABLE UNITY_NO_CUBEMAP_ARRAY UNITY_NO_SCREENSPACE_SHADOWS UNITY_PBS_USE_BRDF2 SHADER_API_MOBILE UNITY_LIGHTMAP_FULL_HDR SHADER_API_GLES30 uKW=HALF_RES SHADER_STAGE_COMPUTE platform=gles3 flags=268439552  error: 2 plat 9 at C:/Users/AJ/Desktop/Uni/Autodidacta/VFX/UnityVFX/Library/PackageCache/com.unity.render-pipelines.high-definition@10.5.1/Runtime/ShaderLibrary/ShaderVariablesFunctions.hlsl(119): syntax error: unexpected token '#'
 ok=0 outsize=0

Cmd: compileComputeKernel
  insize=20782 file=C:/Users/AJ/Desktop/Uni/Autodidacta/VFX/UnityVFX/Library/PackageCache/com.unity.render-pipelines.high-definition@10.5.1/Runtime/Lighting/ScreenSpaceLighting/ScreenSpaceGlobalIllumination.compute kernel=TraceGlobalIlluminationHalf cachingPP=1 ppOnly=0 stripLineD=0 buildPlatform=13 km=<TRACE_GLOBAL_ILLUMINATION=TraceGlobalIlluminationHalf>,<GI_TRACE=1>,<HALF_RES=1>,<UNITY_VERSION=202039> pKW=UNITY_NO_DXT5nm UNITY_NO_RGBM UNITY_ENABLE_REFLECTION_BUFFERS UNITY_FRAMEBUFFER_FETCH_AVAILABLE UNITY_NO_CUBEMAP_ARRAY UNITY_NO_SCREENSPACE_SHADOWS UNITY_PBS_USE_BRDF2 SHADER_API_MOBILE UNITY_LIGHTMAP_FULL_HDR SHADER_API_GLES30 uKW=SHADER_STAGE_COMPUTE platform=gles3 flags=268439552  error: 2 plat 9 at C:/Users/AJ/Desktop/Uni/Autodidacta/VFX/UnityVFX/Library/PackageCache/com.unity.render-pipelines.high-definition@10.5.1/Runtime/ShaderLibrary/ShaderVariablesFunctions.hlsl(119): syntax error: unexpected token '#'
 ok=0 outsize=0

Cmd: compileComputeKernel
  insize=10317 file=C:/Users/AJ/Desktop/Uni/Autodidacta/VFX/UnityVFX/Library/PackageCache/com.unity.render-pipelines.high-definition@10.5.1/Runtime/Lighting/ScreenSpaceLighting/GTAOBlurAndUpsample.compute kernel=Blur cachingPP=1 ppOnly=0 stripLineD=0 buildPlatform=13 km=<BLUR_KERNEL_NAME=Blur>,<BLUR=1>,<UNITY_VERSION=202039> pKW=UNITY_NO_DXT5nm UNITY_NO_RGBM UNITY_ENABLE_REFLECTION_BUFFERS UNITY_FRAMEBUFFER_FETCH_AVAILABLE UNITY_NO_CUBEMAP_ARRAY UNITY_NO_SCREENSPACE_SHADOWS UNITY_PBS_USE_BRDF2 SHADER_API_MOBILE UNITY_LIGHTMAP_FULL_HDR SHADER_API_GLES30 uKW=SHADER_STAGE_COMPUTE platform=gles3 flags=268439552  error: 2 plat 9 at C:/Users/AJ/Desktop/Uni/Autodidacta/VFX/UnityVFX/Library/PackageCache/com.unity.render-pipelines.high-definition@10.5.1/Runtime/ShaderLibrary/ShaderVariablesFunctions.hlsl(119): syntax error: unexpected token '#'
 ok=0 outsize=0

Cmd: compileComputeKernel
  insize=13292 file=C:/Users/AJ/Desktop/Uni/Autodidacta/VFX/UnityVFX/Library/PackageCache/com.unity.render-pipelines.high-definition@10.5.1/Runtime/Lighting/ScreenSpaceLighting/SSGIDenoiser.compute kernel=TemporalFilter cachingPP=1 ppOnly=0 stripLineD=0 buildPlatform=13 km=<TEMPORAL_FILTER=TemporalFilter>,<UNITY_VERSION=202039> pKW=UNITY_NO_DXT5nm UNITY_NO_RGBM UNITY_ENABLE_REFLECTION_BUFFERS UNITY_FRAMEBUFFER_FETCH_AVAILABLE UNITY_NO_CUBEMAP_ARRAY UNITY_NO_SCREENSPACE_SHADOWS UNITY_PBS_USE_BRDF2 SHADER_API_MOBILE UNITY_LIGHTMAP_FULL_HDR SHADER_API_GLES30 uKW=SHADER_STAGE_COMPUTE platform=gles3 flags=268439552  error: 2 plat 9 at C:/Users/AJ/Desktop/Uni/Autodidacta/VFX/UnityVFX/Library/PackageCache/com.unity.render-pipelines.high-definition@10.5.1/Runtime/ShaderLibrary/ShaderVariablesFunctions.hlsl(119): syntax error: unexpected token '#'
 ok=0 outsize=0

Cmd: compileComputeKernel
  insize=10754 file=C:/Users/AJ/Desktop/Uni/Autodidacta/VFX/UnityVFX/Library/PackageCache/com.unity.render-pipelines.high-definition@10.5.1/Runtime/Lighting/LightLoop/Deferred.compute kernel=Deferred_Indirect_Fptl_Variant27 cachingPP=1 ppOnly=0 stripLineD=0 buildPlatform=13 km=<SHADE_OPAQUE_ENTRY=Deferred_Indirect_Fptl_Variant27>,<USE_INDIRECT=1>,<VARIANT=27>,<UNITY_VERSION=202039> pKW=UNITY_NO_DXT5nm UNITY_ENABLE_REFLECTION_BUFFERS UNITY_NO_CUBEMAP_ARRAY UNITY_NO_SCREENSPACE_SHADOWS UNITY_PBS_USE_BRDF2 UNITY_LIGHTMAP_FULL_HDR uKW=SCREEN_SPACE_SHADOWS_OFF SHADOW_LOW SHADER_STAGE_COMPUTE platform=d3d11 flags=0 ok=1 outsize=77081

Cmd: compileComputeKernel
  insize=10754 file=C:/Users/AJ/Desktop/Uni/Autodidacta/VFX/UnityVFX/Library/PackageCache/com.unity.render-pipelines.high-definition@10.5.1/Runtime/Lighting/LightLoop/Deferred.compute kernel=Deferred_Indirect_Fptl_Variant26 cachingPP=1 ppOnly=0 stripLineD=0 buildPlatform=13 km=<SHADE_OPAQUE_ENTRY=Deferred_Indirect_Fptl_Variant26>,<USE_INDIRECT=1>,<VARIANT=26>,<UNITY_VERSION=202039> pKW=UNITY_NO_DXT5nm UNITY_ENABLE_REFLECTION_BUFFERS UNITY_NO_CUBEMAP_ARRAY UNITY_NO_SCREENSPACE_SHADOWS UNITY_PBS_USE_BRDF2 UNITY_LIGHTMAP_FULL_HDR uKW=SCREEN_SPACE_SHADOWS_ON SHADOW_LOW SHADER_STAGE_COMPUTE platform=d3d11 flags=0 ok=1 outsize=51744

Cmd: compileComputeKernel
  insize=10754 file=C:/Users/AJ/Desktop/Uni/Autodidacta/VFX/UnityVFX/Library/PackageCache/com.unity.render-pipelines.high-definition@10.5.1/Runtime/Lighting/LightLoop/Deferred.compute kernel=Deferred_Indirect_Fptl_Variant26 cachingPP=1 ppOnly=0 stripLineD=0 buildPlatform=13 km=<SHADE_OPAQUE_ENTRY=Deferred_Indirect_Fptl_Variant26>,<USE_INDIRECT=1>,<VARIANT=26>,<UNITY_VERSION=202039> pKW=UNITY_NO_DXT5nm UNITY_ENABLE_REFLECTION_BUFFERS UNITY_NO_CUBEMAP_ARRAY UNITY_NO_SCREENSPACE_SHADOWS UNITY_PBS_USE_BRDF2 UNITY_LIGHTMAP_FULL_HDR uKW=SCREEN_SPACE_SHADOWS_ON SHADOWS_SHADOWMASK SHADOW_MEDIUM SHADER_STAGE_COMPUTE platform=d3d11 flags=0 ok=1 outsize=57346

Cmd: compileComputeKernel
  insize=10754 file=C:/Users/AJ/Desktop/Uni/Autodidacta/VFX/UnityVFX/Library/PackageCache/com.unity.render-pipelines.high-definition@10.5.1/Runtime/Lighting/LightLoop/Deferred.compute kernel=Deferred_Indirect_Fptl_Variant24 cachingPP=1 ppOnly=0 stripLineD=0 buildPlatform=13 km=<SHADE_OPAQUE_ENTRY=Deferred_Indirect_Fptl_Variant24>,<USE_INDIRECT=1>,<VARIANT=24>,<UNITY_VERSION=202039> pKW=UNITY_NO_DXT5nm UNITY_ENABLE_REFLECTION_BUFFERS UNITY_NO_CUBEMAP_ARRAY UNITY_NO_SCREENSPACE_SHADOWS UNITY_PBS_USE_BRDF2 UNITY_LIGHTMAP_FULL_HDR uKW=SCREEN_SPACE_SHADOWS_OFF SHADOWS_SHADOWMASK SHADOW_HIGH SHADER_STAGE_COMPUTE platform=d3d11 flags=0 ok=1 outsize=58608

Cmd: compileComputeKernel
  insize=10754 file=C:/Users/AJ/Desktop/Uni/Autodidacta/VFX/UnityVFX/Library/PackageCache/com.unity.render-pipelines.high-definition@10.5.1/Runtime/Lighting/LightLoop/Deferred.compute kernel=Deferred_Indirect_Fptl_Variant23 cachingPP=1 ppOnly=0 stripLineD=0 buildPlatform=13 km=<SHADE_OPAQUE_ENTRY=Deferred_Indirect_Fptl_Variant23>,<USE_INDIRECT=1>,<VARIANT=23>,<UNITY_VERSION=202039> pKW=UNITY_NO_DXT5nm UNITY_ENABLE_REFLECTION_BUFFERS UNITY_NO_CUBEMAP_ARRAY UNITY_NO_SCREENSPACE_SHADOWS UNITY_PBS_USE_BRDF2 UNITY_LIGHTMAP_FULL_HDR uKW=SCREEN_SPACE_SHADOWS_OFF SHADOW_LOW SHADER_STAGE_COMPUTE platform=d3d11 flags=0 ok=1 outsize=41469

Cmd: compileComputeKernel
  insize=10754 file=C:/Users/AJ/Desktop/Uni/Autodidacta/VFX/UnityVFX/Library/PackageCache/com.unity.render-pipelines.high-definition@10.5.1/Runtime/Lighting/LightLoop/Deferred.compute kernel=Deferred_Indirect_Fptl_Variant22 cachingPP=1 ppOnly=0 stripLineD=0 buildPlatform=13 km=<SHADE_OPAQUE_ENTRY=Deferred_Indirect_Fptl_Variant22>,<USE_INDIRECT=1>,<VARIANT=22>,<UNITY_VERSION=202039> pKW=UNITY_NO_DXT5nm UNITY_ENABLE_REFLECTION_BUFFERS UNITY_NO_CUBEMAP_ARRAY UNITY_NO_SCREENSPACE_SHADOWS UNITY_PBS_USE_BRDF2 UNITY_LIGHTMAP_FULL_HDR uKW=SCREEN_SPACE_SHADOWS_OFF SHADOW_HIGH SHADER_STAGE_COMPUTE platform=d3d11 flags=0 ok=1 outsize=93405

Cmd: compileComputeKernel
  insize=10754 file=C:/Users/AJ/Desktop/Uni/Autodidacta/VFX/UnityVFX/Library/PackageCache/com.unity.render-pipelines.high-definition@10.5.1/Runtime/Lighting/LightLoop/Deferred.compute kernel=Deferred_Indirect_Fptl_Variant21 cachingPP=1 ppOnly=0 stripLineD=0 buildPlatform=13 km=<SHADE_OPAQUE_ENTRY=Deferred_Indirect_Fptl_Variant21>,<USE_INDIRECT=1>,<VARIANT=21>,<UNITY_VERSION=202039> pKW=UNITY_NO_DXT5nm UNITY_ENABLE_REFLECTION_BUFFERS UNITY_NO_CUBEMAP_ARRAY UNITY_NO_SCREENSPACE_SHADOWS UNITY_PBS_USE_BRDF2 UNITY_LIGHTMAP_FULL_HDR uKW=SCREEN_SPACE_SHADOWS_ON SHADOWS_SHADOWMASK SHADOW_MEDIUM SHADER_STAGE_COMPUTE platform=d3d11 flags=0 ok=1 outsize=60694

Cmd: compileComputeKernel
  insize=10754 file=C:/Users/AJ/Desktop/Uni/Autodidacta/VFX/UnityVFX/Library/PackageCache/com.unity.render-pipelines.high-definition@10.5.1/Runtime/Lighting/LightLoop/Deferred.compute kernel=Deferred_Indirect_Fptl_Variant18 cachingPP=1 ppOnly=0 stripLineD=0 buildPlatform=13 km=<SHADE_OPAQUE_ENTRY=Deferred_Indirect_Fptl_Variant18>,<USE_INDIRECT=1>,<VARIANT=18>,<UNITY_VERSION=202039> pKW=UNITY_NO_DXT5nm UNITY_ENABLE_REFLECTION_BUFFERS UNITY_NO_CUBEMAP_ARRAY UNITY_NO_SCREENSPACE_SHADOWS UNITY_PBS_USE_BRDF2 UNITY_LIGHTMAP_FULL_HDR uKW=SCREEN_SPACE_SHADOWS_ON SHADOW_LOW SHADER_STAGE_COMPUTE platform=d3d11 flags=0 ok=1 outsize=42179

Cmd: compileComputeKernel
  insize=10754 file=C:/Users/AJ/Desktop/Uni/Autodidacta/VFX/UnityVFX/Library/PackageCache/com.unity.render-pipelines.high-definition@10.5.1/Runtime/Lighting/LightLoop/Deferred.compute kernel=Deferred_Indirect_Fptl_Variant18 cachingPP=1 ppOnly=0 stripLineD=0 buildPlatform=13 km=<SHADE_OPAQUE_ENTRY=Deferred_Indirect_Fptl_Variant18>,<USE_INDIRECT=1>,<VARIANT=18>,<UNITY_VERSION=202039> pKW=UNITY_NO_DXT5nm UNITY_ENABLE_REFLECTION_BUFFERS UNITY_NO_CUBEMAP_ARRAY UNITY_NO_SCREENSPACE_SHADOWS UNITY_PBS_USE_BRDF2 UNITY_LIGHTMAP_FULL_HDR uKW=SCREEN_SPACE_SHADOWS_ON SHADOWS_SHADOWMASK SHADOW_HIGH SHADER_STAGE_COMPUTE platform=d3d11 flags=0 ok=1 outsize=49221

Cmd: compileComputeKernel
  insize=10754 file=C:/Users/AJ/Desktop/Uni/Autodidacta/VFX/UnityVFX/Library/PackageCache/com.unity.render-pipelines.high-definition@10.5.1/Runtime/Lighting/LightLoop/Deferred.compute kernel=Deferred_Indirect_Fptl_Variant16 cachingPP=1 ppOnly=0 stripLineD=0 buildPlatform=13 km=<SHADE_OPAQUE_ENTRY=Deferred_Indirect_Fptl_Variant16>,<USE_INDIRECT=1>,<VARIANT=16>,<UNITY_VERSION=202039> pKW=UNITY_NO_DXT5nm UNITY_ENABLE_REFLECTION_BUFFERS UNITY_NO_CUBEMAP_ARRAY UNITY_NO_SCREENSPACE_SHADOWS UNITY_PBS_USE_BRDF2 UNITY_LIGHTMAP_FULL_HDR uKW=SCREEN_SPACE_SHADOWS_ON SHADOW_MEDIUM SHADER_STAGE_COMPUTE platform=d3d11 flags=0 ok=1 outsize=55308

Cmd: compileComputeKernel
  insize=10754 file=C:/Users/AJ/Desktop/Uni/Autodidacta/VFX/UnityVFX/Library/PackageCache/com.unity.render-pipelines.high-definition@10.5.1/Runtime/Lighting/LightLoop/Deferred.compute kernel=Deferred_Indirect_Fptl_Variant15 cachingPP=1 ppOnly=0 stripLineD=0 buildPlatform=13 km=<SHADE_OPAQUE_ENTRY=Deferred_Indirect_Fptl_Variant15>,<USE_INDIRECT=1>,<VARIANT=15>,<UNITY_VERSION=202039> pKW=UNITY_NO_DXT5nm UNITY_ENABLE_REFLECTION_BUFFERS UNITY_NO_CUBEMAP_ARRAY UNITY_NO_SCREENSPACE_SHADOWS UNITY_PBS_USE_BRDF2 UNITY_LIGHTMAP_FULL_HDR uKW=SCREEN_SPACE_SHADOWS_OFF SHADOWS_SHADOWMASK SHADOW_HIGH SHADER_STAGE_COMPUTE platform=d3d11 flags=0 ok=1 outsize=41203

Cmd: compileComputeKernel
  insize=10754 file=C:/Users/AJ/Desktop/Uni/Autodidacta/VFX/UnityVFX/Library/PackageCache/com.unity.render-pipelines.high-definition@10.5.1/Runtime/Lighting/LightLoop/Deferred.compute kernel=Deferred_Indirect_Fptl_Variant15 cachingPP=1 ppOnly=0 stripLineD=0 buildPlatform=13 km=<SHADE_OPAQUE_ENTRY=Deferred_Indirect_Fptl_Variant15>,<USE_INDIRECT=1>,<VARIANT=15>,<UNITY_VERSION=202039> pKW=UNITY_NO_DXT5nm UNITY_ENABLE_REFLECTION_BUFFERS UNITY_NO_CUBEMAP_ARRAY UNITY_NO_SCREENSPACE_SHADOWS UNITY_PBS_USE_BRDF2 UNITY_LIGHTMAP_FULL_HDR uKW=SCREEN_SPACE_SHADOWS_OFF SHADOW_MEDIUM SHADER_STAGE_COMPUTE platform=d3d11 flags=0 ok=1 outsize=37885

Cmd: compileComputeKernel
  insize=10754 file=C:/Users/AJ/Desktop/Uni/Autodidacta/VFX/UnityVFX/Library/PackageCache/com.unity.render-pipelines.high-definition@10.5.1/Runtime/Lighting/LightLoop/Deferred.compute kernel=Deferred_Indirect_Fptl_Variant14 cachingPP=1 ppOnly=0 stripLineD=0 buildPlatform=13 km=<SHADE_OPAQUE_ENTRY=Deferred_Indirect_Fptl_Variant14>,<USE_INDIRECT=1>,<VARIANT=14>,<UNITY_VERSION=202039> pKW=UNITY_NO_DXT5nm UNITY_ENABLE_REFLECTION_BUFFERS UNITY_NO_CUBEMAP_ARRAY UNITY_NO_SCREENSPACE_SHADOWS UNITY_PBS_USE_BRDF2 UNITY_LIGHTMAP_FULL_HDR uKW=SCREEN_SPACE_SHADOWS_ON SHADOWS_SHADOWMASK SHADOW_HIGH SHADER_STAGE_COMPUTE platform=d3d11 flags=0 ok=1 outsize=59342

Cmd: compileComputeKernel
  insize=39136 file=C:/Users/AJ/Desktop/Uni/Autodidacta/VFX/UnityVFX/Library/PackageCache/com.unity.render-pipelines.high-definition@10.5.1/Runtime/Lighting/VolumetricLighting/VolumetricLighting.compute kernel=VolumetricLighting cachingPP=1 ppOnly=0 stripLineD=0 buildPlatform=13 km=<UNITY_VERSION=202039> pKW=UNITY_NO_DXT5nm UNITY_NO_RGBM UNITY_ENABLE_REFLECTION_BUFFERS UNITY_NO_CUBEMAP_ARRAY UNITY_NO_SCREENSPACE_SHADOWS UNITY_PBS_USE_BRDF2 SHADER_API_MOBILE UNITY_LIGHTMAP_FULL_HDR uKW=VL_PRESET_OPTIMAL SHADER_STAGE_COMPUTE platform=vulkan flags=268439552 ok=1 outsize=75893

Cmd: compileComputeKernel
  insize=39136 file=C:/Users/AJ/Desktop/Uni/Autodidacta/VFX/UnityVFX/Library/PackageCache/com.unity.render-pipelines.high-definition@10.5.1/Runtime/Lighting/VolumetricLighting/VolumetricLighting.compute kernel=VolumetricLighting cachingPP=1 ppOnly=0 stripLineD=0 buildPlatform=13 km=<UNITY_VERSION=202039> pKW=UNITY_NO_DXT5nm UNITY_NO_RGBM UNITY_ENABLE_REFLECTION_BUFFERS UNITY_NO_CUBEMAP_ARRAY UNITY_NO_SCREENSPACE_SHADOWS UNITY_PBS_USE_BRDF2 SHADER_API_MOBILE UNITY_LIGHTMAP_FULL_HDR uKW=ENABLE_ANISOTROPY SUPPORT_LOCAL_LIGHTS SHADER_STAGE_COMPUTE platform=vulkan flags=268439552 ok=1 outsize=217459

Cmd: compileComputeKernel
  insize=6129 file=C:/Users/AJ/Desktop/Uni/Autodidacta/VFX/UnityVFX/Library/PackageCache/com.unity.render-pipelines.high-definition@10.5.1/Runtime/PostProcessing/Shaders/MotionBlurMotionVecPrep.compute kernel=MotionVecPreppingCS cachingPP=1 ppOnly=0 stripLineD=0 buildPlatform=13 km=<MOTION_VEC_PREPPING=1>,<UNITY_VERSION=202039> pKW=UNITY_NO_DXT5nm UNITY_NO_RGBM UNITY_ENABLE_REFLECTION_BUFFERS UNITY_NO_CUBEMAP_ARRAY UNITY_NO_SCREENSPACE_SHADOWS UNITY_PBS_USE_BRDF2 SHADER_API_MOBILE UNITY_LIGHTMAP_FULL_HDR uKW=CAMERA_SEPARATE_CLAMP SHADER_STAGE_COMPUTE platform=vulkan flags=268439552 ok=1 outsize=30282

Cmd: compileComputeKernel
  insize=11906 file=C:/Users/AJ/Desktop/Uni/Autodidacta/VFX/UnityVFX/Library/PackageCache/com.unity.render-pipelines.high-definition@10.5.1/Runtime/Lighting/Shadow/MomentShadows.compute kernel=MomentSummedAreaTableHorizontal cachingPP=1 ppOnly=0 stripLineD=0 buildPlatform=13 km=<UNITY_VERSION=202039> pKW=UNITY_NO_DXT5nm UNITY_NO_RGBM UNITY_ENABLE_REFLECTION_BUFFERS UNITY_NO_CUBEMAP_ARRAY UNITY_NO_SCREENSPACE_SHADOWS UNITY_PBS_USE_BRDF2 SHADER_API_MOBILE UNITY_LIGHTMAP_FULL_HDR uKW=SHADER_STAGE_COMPUTE platform=vulkan flags=268439552 ok=1 outsize=5059

Cmd: compileComputeKernel
  insize=1893 file=C:/Users/AJ/Desktop/Uni/Autodidacta/VFX/UnityVFX/Library/PackageCache/com.unity.cinemachine@2.8.4/Editor/EditorResources/CMWaveform.compute kernel=KCMWaveformClear cachingPP=1 ppOnly=0 stripLineD=0 buildPlatform=13 km=<UNITY_VERSION=202039> pKW=UNITY_NO_DXT5nm UNITY_NO_RGBM UNITY_ENABLE_REFLECTION_BUFFERS UNITY_NO_CUBEMAP_ARRAY UNITY_NO_SCREENSPACE_SHADOWS UNITY_PBS_USE_BRDF2 SHADER_API_MOBILE UNITY_LIGHTMAP_FULL_HDR uKW=SHADER_STAGE_COMPUTE platform=vulkan flags=268439552 ok=1 outsize=2755

Cmd: compileComputeKernel
  insize=20491 file=C:/Users/AJ/Desktop/Uni/Autodidacta/VFX/UnityVFX/Library/PackageCache/com.unity.render-pipelines.high-definition@10.5.1/Runtime/Lighting/LightLoop/lightlistbuild.compute kernel=TileLightListGen cachingPP=1 ppOnly=0 stripLineD=0 buildPlatform=13 km=<UNITY_VERSION=202039> pKW=UNITY_NO_DXT5nm UNITY_NO_RGBM UNITY_ENABLE_REFLECTION_BUFFERS UNITY_NO_CUBEMAP_ARRAY UNITY_NO_SCREENSPACE_SHADOWS UNITY_PBS_USE_BRDF2 SHADER_API_MOBILE UNITY_LIGHTMAP_FULL_HDR uKW=SHADER_STAGE_COMPUTE platform=vulkan flags=268439552 ok=1 outsize=62253

Cmd: compileComputeKernel
  insize=2603 file=C:/Users/AJ/Desktop/Uni/Autodidacta/VFX/UnityVFX/Library/PackageCache/com.unity.render-pipelines.high-definition@10.5.1/Runtime/Lighting/LightLoop/cleardispatchindirect.compute kernel=ClearDrawProceduralIndirect cachingPP=1 ppOnly=0 stripLineD=0 buildPlatform=13 km=<UNITY_VERSION=202039> pKW=UNITY_NO_DXT5nm UNITY_NO_RGBM UNITY_ENABLE_REFLECTION_BUFFERS UNITY_NO_CUBEMAP_ARRAY UNITY_NO_SCREENSPACE_SHADOWS UNITY_PBS_USE_BRDF2 SHADER_API_MOBILE UNITY_LIGHTMAP_FULL_HDR uKW=SHADER_STAGE_COMPUTE platform=vulkan flags=268439552 ok=1 outsize=2933

Cmd: compileComputeKernel
  insize=3001 file=C:/Users/AJ/Desktop/Uni/Autodidacta/VFX/UnityVFX/Library/PackageCache/com.unity.render-pipelines.high-definition@10.5.1/Runtime/PostProcessing/Shaders/DepthOfFieldKernel.compute kernel=KParametricFloodfillKernel cachingPP=1 ppOnly=0 stripLineD=0 buildPlatform=13 km=<MAIN=KParametricFloodfillKernel>,<GROUP_SIZE=16>,<UNITY_VERSION=202039> pKW=UNITY_NO_DXT5nm UNITY_NO_RGBM UNITY_ENABLE_REFLECTION_BUFFERS UNITY_NO_CUBEMAP_ARRAY UNITY_NO_SCREENSPACE_SHADOWS UNITY_PBS_USE_BRDF2 SHADER_API_MOBILE UNITY_LIGHTMAP_FULL_HDR uKW=SHADER_STAGE_COMPUTE platform=vulkan flags=268439552 ok=1 outsize=8177

Cmd: compileComputeKernel
  insize=29481 file=C:/Users/AJ/Desktop/Uni/Autodidacta/VFX/UnityVFX/Library/PackageCache/com.unity.render-pipelines.high-definition@10.5.1/Runtime/Lighting/ScreenSpaceLighting/ScreenSpaceReflections.compute kernel=ScreenSpaceReflectionsAccumulate cachingPP=1 ppOnly=0 stripLineD=0 buildPlatform=13 km=<SSR_ACCUMULATE=1>,<UNITY_VERSION=202039> pKW=UNITY_NO_DXT5nm UNITY_NO_RGBM UNITY_ENABLE_REFLECTION_BUFFERS UNITY_NO_CUBEMAP_ARRAY UNITY_NO_SCREENSPACE_SHADOWS UNITY_PBS_USE_BRDF2 SHADER_API_MOBILE UNITY_LIGHTMAP_FULL_HDR uKW=DEPTH_SOURCE_NOT_FROM_MIP_CHAIN SSR_APPROX SHADER_STAGE_COMPUTE platform=vulkan flags=268439552 ok=1 outsize=16935

Cmd: compileComputeKernel
  insize=5437 file=C:/Users/AJ/Desktop/Uni/Autodidacta/VFX/UnityVFX/Library/PackageCache/com.unity.render-pipelines.high-definition@10.5.1/Runtime/PostProcessing/Shaders/DepthOfFieldGather.compute kernel=KMainFar cachingPP=1 ppOnly=0 stripLineD=0 buildPlatform=13 km=<MAIN=KMainFar>,<FAR=1>,<UNITY_VERSION=202039> pKW=UNITY_NO_DXT5nm UNITY_NO_RGBM UNITY_ENABLE_REFLECTION_BUFFERS UNITY_NO_CUBEMAP_ARRAY UNITY_NO_SCREENSPACE_SHADOWS UNITY_PBS_USE_BRDF2 SHADER_API_MOBILE UNITY_LIGHTMAP_FULL_HDR uKW=ENABLE_ALPHA USE_TILES SHADER_STAGE_COMPUTE platform=vulkan flags=268439552 ok=1 outsize=20416

Cmd: compileComputeKernel
  insize=5437 file=C:/Users/AJ/Desktop/Uni/Autodidacta/VFX/UnityVFX/Library/PackageCache/com.unity.render-pipelines.high-definition@10.5.1/Runtime/PostProcessing/Shaders/DepthOfFieldGather.compute kernel=KMainNear cachingPP=1 ppOnly=0 stripLineD=0 buildPlatform=13 km=<MAIN=KMainNear>,<NEAR=1>,<UNITY_VERSION=202039> pKW=UNITY_NO_DXT5nm UNITY_NO_RGBM UNITY_ENABLE_REFLECTION_BUFFERS UNITY_NO_CUBEMAP_ARRAY UNITY_NO_SCREENSPACE_SHADOWS UNITY_PBS_USE_BRDF2 SHADER_API_MOBILE UNITY_LIGHTMAP_FULL_HDR uKW=USE_TILES SHADER_STAGE_COMPUTE platform=vulkan flags=268439552 ok=1 outsize=20119

Cmd: compileComputeKernel
  insize=16415 file=C:/Users/AJ/Desktop/Uni/Autodidacta/VFX/UnityVFX/Library/PackageCache/com.unity.render-pipelines.high-definition@10.5.1/Runtime/Sky/PhysicallyBasedSky/InScatteredRadiancePrecomputation.compute kernel=MAIN_M cachingPP=1 ppOnly=0 stripLineD=0 buildPlatform=13 km=<main=MAIN_M>,<MULTIPLE_SCATTERING_GATHER=1>,<SRC_MS=1>,<UNITY_VERSION=202039> pKW=UNITY_NO_DXT5nm UNITY_NO_RGBM UNITY_ENABLE_REFLECTION_BUFFERS UNITY_NO_CUBEMAP_ARRAY UNITY_NO_SCREENSPACE_SHADOWS UNITY_PBS_USE_BRDF2 SHADER_API_MOBILE UNITY_LIGHTMAP_FULL_HDR uKW=SHADER_STAGE_COMPUTE platform=vulkan flags=268439552 ok=1 outsize=40465

Cmd: compileComputeKernel
  insize=13581 file=C:/Users/AJ/Desktop/Uni/Autodidacta/VFX/UnityVFX/Library/PackageCache/com.unity.render-pipelines.high-definition@10.5.1/Runtime/PostProcessing/Shaders/DoFGather.compute kernel=KMain cachingPP=1 ppOnly=0 stripLineD=0 buildPlatform=13 km=<UNITY_VERSION=202039> pKW=UNITY_NO_DXT5nm UNITY_NO_RGBM UNITY_ENABLE_REFLECTION_BUFFERS UNITY_NO_CUBEMAP_ARRAY UNITY_NO_SCREENSPACE_SHADOWS UNITY_PBS_USE_BRDF2 SHADER_API_MOBILE UNITY_LIGHTMAP_FULL_HDR uKW=ENABLE_ALPHA SHADER_STAGE_COMPUTE platform=vulkan flags=268439552 ok=1 outsize=47494

Cmd: compileComputeKernel
  insize=1909 file=C:/Users/AJ/Desktop/Uni/Autodidacta/VFX/UnityVFX/Library/PackageCache/com.unity.render-pipelines.high-definition@10.5.1/Runtime/PostProcessing/Shaders/DoFCoCMinMax.compute kernel=KMainCoCMinMax cachingPP=1 ppOnly=0 stripLineD=0 buildPlatform=13 km=<UNITY_VERSION=202039> pKW=UNITY_NO_DXT5nm UNITY_NO_RGBM UNITY_ENABLE_REFLECTION_BUFFERS UNITY_NO_CUBEMAP_ARRAY UNITY_NO_SCREENSPACE_SHADOWS UNITY_PBS_USE_BRDF2 SHADER_API_MOBILE UNITY_LIGHTMAP_FULL_HDR uKW=SHADER_STAGE_COMPUTE platform=vulkan flags=268439552 ok=1 outsize=13427

Cmd: compileComputeKernel
  insize=11318 file=C:/Users/AJ/Desktop/Uni/Autodidacta/VFX/UnityVFX/Library/PackageCache/com.unity.render-pipelines.high-definition@10.5.1/Runtime/Lighting/Shadow/ContactShadows.compute kernel=DeferredContactShadow cachingPP=1 ppOnly=0 stripLineD=0 buildPlatform=13 km=<UNITY_VERSION=202039> pKW=UNITY_NO_DXT5nm UNITY_NO_RGBM UNITY_ENABLE_REFLECTION_BUFFERS UNITY_NO_CUBEMAP_ARRAY UNITY_NO_SCREENSPACE_SHADOWS UNITY_PBS_USE_BRDF2 SHADER_API_MOBILE UNITY_LIGHTMAP_FULL_HDR uKW=SHADER_STAGE_COMPUTE platform=vulkan flags=268439552 ok=1 outsize=47419

Cmd: compileComputeKernel
  insize=1637 file=C:/Users/AJ/Desktop/Uni/Autodidacta/VFX/UnityVFX/Library/PackageCache/com.unity.render-pipelines.high-definition@10.5.1/Runtime/PostProcessing/Shaders/DepthOfFieldPreCombineFar.compute kernel=KMainPreCombineFar cachingPP=1 ppOnly=0 stripLineD=0 buildPlatform=13 km=<UNITY_VERSION=202039> pKW=UNITY_NO_DXT5nm UNITY_NO_RGBM UNITY_ENABLE_REFLECTION_BUFFERS UNITY_NO_CUBEMAP_ARRAY UNITY_NO_SCREENSPACE_SHADOWS UNITY_PBS_USE_BRDF2 SHADER_API_MOBILE UNITY_LIGHTMAP_FULL_HDR uKW=ENABLE_ALPHA SHADER_STAGE_COMPUTE platform=vulkan flags=268439552 ok=1 outsize=3698

Cmd: compileComputeKernel
  insize=3901 file=C:/Users/AJ/Desktop/Uni/Autodidacta/VFX/UnityVFX/Library/PackageCache/com.unity.render-pipelines.high-definition@10.5.1/Runtime/PostProcessing/Shaders/DepthOfFieldCombine.compute kernel=KMain cachingPP=1 ppOnly=0 stripLineD=0 buildPlatform=13 km=<UNITY_VERSION=202039> pKW=UNITY_NO_DXT5nm UNITY_NO_RGBM UNITY_ENABLE_REFLECTION_BUFFERS UNITY_NO_CUBEMAP_ARRAY UNITY_NO_SCREENSPACE_SHADOWS UNITY_PBS_USE_BRDF2 SHADER_API_MOBILE UNITY_LIGHTMAP_FULL_HDR uKW=ENABLE_ALPHA LOW_QUALITY SHADER_STAGE_COMPUTE platform=vulkan flags=268439552 ok=1 outsize=1961

Cmd: compileComputeKernel
  insize=3901 file=C:/Users/AJ/Desktop/Uni/Autodidacta/VFX/UnityVFX/Library/PackageCache/com.unity.render-pipelines.high-definition@10.5.1/Runtime/PostProcessing/Shaders/DepthOfFieldCombine.compute kernel=KMain cachingPP=1 ppOnly=0 stripLineD=0 buildPlatform=13 km=<UNITY_VERSION=202039> pKW=UNITY_NO_DXT5nm UNITY_NO_RGBM UNITY_ENABLE_REFLECTION_BUFFERS UNITY_NO_CUBEMAP_ARRAY UNITY_NO_SCREENSPACE_SHADOWS UNITY_PBS_USE_BRDF2 SHADER_API_MOBILE UNITY_LIGHTMAP_FULL_HDR uKW=LOW_QUALITY SHADER_STAGE_COMPUTE platform=vulkan flags=268439552 ok=1 outsize=2045

Cmd: compileComputeKernel
  insize=3901 file=C:/Users/AJ/Desktop/Uni/Autodidacta/VFX/UnityVFX/Library/PackageCache/com.unity.render-pipelines.high-definition@10.5.1/Runtime/PostProcessing/Shaders/DepthOfFieldCombine.compute kernel=KMain cachingPP=1 ppOnly=0 stripLineD=0 buildPlatform=13 km=<UNITY_VERSION=202039> pKW=UNITY_NO_DXT5nm UNITY_NO_RGBM UNITY_ENABLE_REFLECTION_BUFFERS UNITY_NO_CUBEMAP_ARRAY UNITY_NO_SCREENSPACE_SHADOWS UNITY_PBS_USE_BRDF2 SHADER_API_MOBILE UNITY_LIGHTMAP_FULL_HDR uKW=FAR LOW_QUALITY NEAR SHADER_STAGE_COMPUTE platform=vulkan flags=268439552 ok=1 outsize=15925

Cmd: compileComputeKernel
  insize=11856 file=C:/Users/AJ/Desktop/Uni/Autodidacta/VFX/UnityVFX/Library/PackageCache/com.unity.render-pipelines.high-definition@10.5.1/Runtime/PostProcessing/Shaders/MotionBlur.compute kernel=MotionBlurCS cachingPP=1 ppOnly=0 stripLineD=0 buildPlatform=13 km=<UNITY_VERSION=202039> pKW=UNITY_NO_DXT5nm UNITY_NO_RGBM UNITY_ENABLE_REFLECTION_BUFFERS UNITY_FRAMEBUFFER_FETCH_AVAILABLE UNITY_NO_CUBEMAP_ARRAY UNITY_NO_SCREENSPACE_SHADOWS UNITY_PBS_USE_BRDF2 SHADER_API_MOBILE UNITY_LIGHTMAP_FULL_HDR SHADER_API_GLES30 uKW=SHADER_STAGE_COMPUTE platform=gles3 flags=268439552  error: 2 plat 9 at C:/Users/AJ/Desktop/Uni/Autodidacta/VFX/UnityVFX/Library/PackageCache/com.unity.render-pipelines.high-definition@10.5.1/Runtime/ShaderLibrary/ShaderVariablesFunctions.hlsl(119): syntax error: unexpected token '#'
 ok=0 outsize=0

Cmd: compileComputeKernel
  insize=552 file=C:/Users/AJ/Desktop/Uni/Autodidacta/VFX/UnityVFX/Library/PackageCache/com.unity.render-pipelines.high-definition@10.5.1/Runtime/PostProcessing/Shaders/AlphaCopy.compute kernel=KMain cachingPP=1 ppOnly=0 stripLineD=0 buildPlatform=13 km=<UNITY_VERSION=202039> pKW=UNITY_NO_DXT5nm UNITY_NO_RGBM UNITY_ENABLE_REFLECTION_BUFFERS UNITY_FRAMEBUFFER_FETCH_AVAILABLE UNITY_NO_CUBEMAP_ARRAY UNITY_NO_SCREENSPACE_SHADOWS UNITY_PBS_USE_BRDF2 SHADER_API_MOBILE UNITY_LIGHTMAP_FULL_HDR SHADER_API_GLES30 uKW=SHADER_STAGE_COMPUTE platform=gles3 flags=268439552  error: 2 plat 9 at C:/Users/AJ/Desktop/Uni/Autodidacta/VFX/UnityVFX/Library/PackageCache/com.unity.render-pipelines.high-definition@10.5.1/Runtime/ShaderLibrary/ShaderVariablesFunctions.hlsl(119): syntax error: unexpected token '#'
 ok=0 outsize=0

Cmd: compileComputeKernel
  insize=10317 file=C:/Users/AJ/Desktop/Uni/Autodidacta/VFX/UnityVFX/Library/PackageCache/com.unity.render-pipelines.high-definition@10.5.1/Runtime/Lighting/ScreenSpaceLighting/GTAOBlurAndUpsample.compute kernel=Blur cachingPP=1 ppOnly=0 stripLineD=0 buildPlatform=13 km=<BLUR_KERNEL_NAME=Blur>,<BLUR=1>,<UNITY_VERSION=202039> pKW=UNITY_NO_DXT5nm UNITY_NO_RGBM UNITY_ENABLE_REFLECTION_BUFFERS UNITY_NO_CUBEMAP_ARRAY UNITY_NO_SCREENSPACE_SHADOWS UNITY_PBS_USE_BRDF2 SHADER_API_MOBILE UNITY_LIGHTMAP_FULL_HDR uKW=SHADER_STAGE_COMPUTE platform=vulkan flags=268439552 ok=1 outsize=37471

Cmd: compileComputeKernel
  insize=8927 file=C:/Users/AJ/Desktop/Uni/Autodidacta/VFX/UnityVFX/Library/PackageCache/com.unity.render-pipelines.high-definition@10.5.1/Runtime/PostProcessing/Shaders/UberPost.compute kernel=Uber cachingPP=1 ppOnly=0 stripLineD=0 buildPlatform=13 km=<UNITY_VERSION=202039> pKW=UNITY_NO_DXT5nm UNITY_NO_RGBM UNITY_ENABLE_REFLECTION_BUFFERS UNITY_NO_CUBEMAP_ARRAY UNITY_NO_SCREENSPACE_SHADOWS UNITY_PBS_USE_BRDF2 SHADER_API_MOBILE UNITY_LIGHTMAP_FULL_HDR uKW=ENABLE_ALPHA LENS_DISTORTION VIGNETTE SHADER_STAGE_COMPUTE platform=vulkan flags=268439552 ok=1 outsize=33730

Cmd: compileComputeKernel
  insize=4714 file=C:/Users/AJ/Desktop/Uni/Autodidacta/VFX/UnityVFX/Library/PackageCache/com.unity.render-pipelines.high-definition@10.5.1/Runtime/Lighting/VolumetricLighting/VolumetricLightingFiltering.compute kernel=FilterVolumetricLighting cachingPP=1 ppOnly=0 stripLineD=0 buildPlatform=13 km=<UNITY_VERSION=202039> pKW=UNITY_NO_DXT5nm UNITY_NO_RGBM UNITY_ENABLE_REFLECTION_BUFFERS UNITY_NO_CUBEMAP_ARRAY UNITY_NO_SCREENSPACE_SHADOWS UNITY_PBS_USE_BRDF2 SHADER_API_MOBILE UNITY_LIGHTMAP_FULL_HDR uKW=SHADER_STAGE_COMPUTE platform=vulkan flags=268439552 ok=1 outsize=17491

Cmd: compileComputeKernel
  insize=26393 file=C:/Users/AJ/Desktop/Uni/Autodidacta/VFX/UnityVFX/Library/PackageCache/com.unity.render-pipelines.high-definition@10.5.1/Runtime/Lighting/LightLoop/lightlistbuild-clustered.compute kernel=TileLightListGen_DepthRT_MSAA cachingPP=1 ppOnly=0 stripLineD=0 buildPlatform=13 km=<LIGHTLISTGEN=TileLightListGen_DepthRT_MSAA>,<ENABLE_DEPTH_TEXTURE_BACKPLANE=1>,<MSAA_ENABLED=1>,<UNITY_VERSION=202039> pKW=UNITY_NO_DXT5nm UNITY_NO_RGBM UNITY_ENABLE_REFLECTION_BUFFERS UNITY_NO_CUBEMAP_ARRAY UNITY_NO_SCREENSPACE_SHADOWS UNITY_PBS_USE_BRDF2 SHADER_API_MOBILE UNITY_LIGHTMAP_FULL_HDR uKW=SHADER_STAGE_COMPUTE platform=vulkan flags=268439552 ok=1 outsize=66775

Cmd: compileComputeKernel
  insize=3722 file=C:/Users/AJ/Desktop/Uni/Autodidacta/VFX/UnityVFX/Library/PackageCache/com.unity.render-pipelines.high-definition@10.5.1/Runtime/PostProcessing/Shaders/DepthOfFieldPrefilter.compute kernel=KMain cachingPP=1 ppOnly=0 stripLineD=0 buildPlatform=13 km=<UNITY_VERSION=202039> pKW=UNITY_NO_DXT5nm UNITY_NO_RGBM UNITY_ENABLE_REFLECTION_BUFFERS UNITY_NO_CUBEMAP_ARRAY UNITY_NO_SCREENSPACE_SHADOWS UNITY_PBS_USE_BRDF2 SHADER_API_MOBILE UNITY_LIGHTMAP_FULL_HDR uKW=FULL_RES NEAR SHADER_STAGE_COMPUTE platform=vulkan flags=268439552 ok=1 outsize=2954

Cmd: compileComputeKernel
  insize=4336 file=C:/Users/AJ/Desktop/Uni/Autodidacta/VFX/UnityVFX/Library/PackageCache/com.unity.render-pipelines.high-definition@10.5.1/Runtime/ShaderLibrary/ResolveStencilBuffer.compute kernel=MAIN_MSAA_8_RESOLVE_ONLY cachingPP=1 ppOnly=0 stripLineD=0 buildPlatform=13 km=<KERNEL_NAME=MAIN_MSAA_8_RESOLVE_ONLY>,<NUM_SAMPLES=8>,<MSAA=1>,<RESOLVE=1>,<UNITY_VERSION=202039> pKW=UNITY_NO_DXT5nm UNITY_NO_RGBM UNITY_ENABLE_REFLECTION_BUFFERS UNITY_NO_CUBEMAP_ARRAY UNITY_NO_SCREENSPACE_SHADOWS UNITY_PBS_USE_BRDF2 SHADER_API_MOBILE UNITY_LIGHTMAP_FULL_HDR uKW=SHADER_STAGE_COMPUTE platform=vulkan flags=268439552 ok=1 outsize=11781

Cmd: compileComputeKernel
  insize=13292 file=C:/Users/AJ/Desktop/Uni/Autodidacta/VFX/UnityVFX/Library/PackageCache/com.unity.render-pipelines.high-definition@10.5.1/Runtime/Lighting/ScreenSpaceLighting/SSGIDenoiser.compute kernel=TemporalFilterHalf cachingPP=1 ppOnly=0 stripLineD=0 buildPlatform=13 km=<TEMPORAL_FILTER=TemporalFilterHalf>,<HALF_RES=1>,<UNITY_VERSION=202039> pKW=UNITY_NO_DXT5nm UNITY_NO_RGBM UNITY_ENABLE_REFLECTION_BUFFERS UNITY_FRAMEBUFFER_FETCH_AVAILABLE UNITY_NO_CUBEMAP_ARRAY UNITY_NO_SCREENSPACE_SHADOWS UNITY_PBS_USE_BRDF2 SHADER_API_MOBILE UNITY_LIGHTMAP_FULL_HDR SHADER_API_GLES30 uKW=SHADER_STAGE_COMPUTE platform=gles3 flags=268439552  error: 2 plat 9 at C:/Users/AJ/Desktop/Uni/Autodidacta/VFX/UnityVFX/Library/PackageCache/com.unity.render-pipelines.high-definition@10.5.1/Runtime/ShaderLibrary/ShaderVariablesFunctions.hlsl(119): syntax error: unexpected token '#'
 ok=0 outsize=0

Cmd: compileComputeKernel
  insize=3598 file=C:/Users/AJ/Desktop/Uni/Autodidacta/VFX/UnityVFX/Library/PackageCache/com.unity.render-pipelines.high-definition@10.5.1/Runtime/Debug/DebugLightVolumes.compute kernel=LightVolumeGradient cachingPP=1 ppOnly=0 stripLineD=0 buildPlatform=13 km=<UNITY_VERSION=202039> pKW=UNITY_NO_DXT5nm UNITY_NO_RGBM UNITY_ENABLE_REFLECTION_BUFFERS UNITY_FRAMEBUFFER_FETCH_AVAILABLE UNITY_NO_CUBEMAP_ARRAY UNITY_NO_SCREENSPACE_SHADOWS UNITY_PBS_USE_BRDF2 SHADER_API_MOBILE UNITY_LIGHTMAP_FULL_HDR SHADER_API_GLES30 uKW=SHADER_STAGE_COMPUTE platform=gles3 flags=268439552  error: 2 plat 9 at C:/Users/AJ/Desktop/Uni/Autodidacta/VFX/UnityVFX/Library/PackageCache/com.unity.render-pipelines.high-definition@10.5.1/Runtime/ShaderLibrary/ShaderVariablesFunctions.hlsl(119): syntax error: unexpected token '#'
 ok=0 outsize=0

Cmd: compileComputeKernel
  insize=3879 file=C:/Users/AJ/Desktop/Uni/Autodidacta/VFX/UnityVFX/Library/PackageCache/com.unity.render-pipelines.high-definition@10.5.1/Runtime/PostProcessing/Shaders/PaniniProjection.compute kernel=KMain cachingPP=1 ppOnly=0 stripLineD=0 buildPlatform=13 km=<UNITY_VERSION=202039> pKW=UNITY_NO_DXT5nm UNITY_NO_RGBM UNITY_ENABLE_REFLECTION_BUFFERS UNITY_NO_CUBEMAP_ARRAY UNITY_NO_SCREENSPACE_SHADOWS UNITY_PBS_USE_BRDF2 SHADER_API_MOBILE UNITY_LIGHTMAP_FULL_HDR uKW=ENABLE_ALPHA GENERIC SHADER_STAGE_COMPUTE platform=vulkan flags=268439552 ok=1 outsize=15697

Cmd: compileComputeKernel
  insize=10754 file=C:/Users/AJ/Desktop/Uni/Autodidacta/VFX/UnityVFX/Library/PackageCache/com.unity.render-pipelines.high-definition@10.5.1/Runtime/Lighting/LightLoop/Deferred.compute kernel=Deferred_Indirect_Fptl_Variant11 cachingPP=1 ppOnly=0 stripLineD=0 buildPlatform=13 km=<SHADE_OPAQUE_ENTRY=Deferred_Indirect_Fptl_Variant11>,<USE_INDIRECT=1>,<VARIANT=11>,<UNITY_VERSION=202039> pKW=UNITY_NO_DXT5nm UNITY_ENABLE_REFLECTION_BUFFERS UNITY_NO_CUBEMAP_ARRAY UNITY_NO_SCREENSPACE_SHADOWS UNITY_PBS_USE_BRDF2 UNITY_LIGHTMAP_FULL_HDR uKW=SCREEN_SPACE_SHADOWS_OFF SHADOW_LOW SHADER_STAGE_COMPUTE platform=d3d11 flags=0 ok=1 outsize=54949

Cmd: compileComputeKernel
  insize=10754 file=C:/Users/AJ/Desktop/Uni/Autodidacta/VFX/UnityVFX/Library/PackageCache/com.unity.render-pipelines.high-definition@10.5.1/Runtime/Lighting/LightLoop/Deferred.compute kernel=Deferred_Indirect_Fptl_Variant10 cachingPP=1 ppOnly=0 stripLineD=0 buildPlatform=13 km=<SHADE_OPAQUE_ENTRY=Deferred_Indirect_Fptl_Variant10>,<USE_INDIRECT=1>,<VARIANT=10>,<UNITY_VERSION=202039> pKW=UNITY_NO_DXT5nm UNITY_ENABLE_REFLECTION_BUFFERS UNITY_NO_CUBEMAP_ARRAY UNITY_NO_SCREENSPACE_SHADOWS UNITY_PBS_USE_BRDF2 UNITY_LIGHTMAP_FULL_HDR uKW=SCREEN_SPACE_SHADOWS_OFF SHADOWS_SHADOWMASK SHADOW_HIGH SHADER_STAGE_COMPUTE platform=d3d11 flags=0 ok=1 outsize=41582

Cmd: compileComputeKernel
  insize=10754 file=C:/Users/AJ/Desktop/Uni/Autodidacta/VFX/UnityVFX/Library/PackageCache/com.unity.render-pipelines.high-definition@10.5.1/Runtime/Lighting/LightLoop/Deferred.compute kernel=Deferred_Indirect_Fptl_Variant9 cachingPP=1 ppOnly=0 stripLineD=0 buildPlatform=13 km=<SHADE_OPAQUE_ENTRY=Deferred_Indirect_Fptl_Variant9>,<USE_INDIRECT=1>,<VARIANT=9>,<UNITY_VERSION=202039> pKW=UNITY_NO_DXT5nm UNITY_ENABLE_REFLECTION_BUFFERS UNITY_NO_CUBEMAP_ARRAY UNITY_NO_SCREENSPACE_SHADOWS UNITY_PBS_USE_BRDF2 UNITY_LIGHTMAP_FULL_HDR uKW=SCREEN_SPACE_SHADOWS_ON SHADOW_MEDIUM SHADER_STAGE_COMPUTE platform=d3d11 flags=0 ok=1 outsize=63010

Cmd: compileComputeKernel
  insize=10754 file=C:/Users/AJ/Desktop/Uni/Autodidacta/VFX/UnityVFX/Library/PackageCache/com.unity.render-pipelines.high-definition@10.5.1/Runtime/Lighting/LightLoop/Deferred.compute kernel=Deferred_Indirect_Fptl_Variant8 cachingPP=1 ppOnly=0 stripLineD=0 buildPlatform=13 km=<SHADE_OPAQUE_ENTRY=Deferred_Indirect_Fptl_Variant8>,<USE_INDIRECT=1>,<VARIANT=8>,<UNITY_VERSION=202039> pKW=UNITY_NO_DXT5nm UNITY_ENABLE_REFLECTION_BUFFERS UNITY_NO_CUBEMAP_ARRAY UNITY_NO_SCREENSPACE_SHADOWS UNITY_PBS_USE_BRDF2 UNITY_LIGHTMAP_FULL_HDR uKW=SCREEN_SPACE_SHADOWS_OFF SHADOWS_SHADOWMASK SHADOW_HIGH SHADER_STAGE_COMPUTE platform=d3d11 flags=0 ok=1 outsize=52609

Cmd: compileComputeKernel
  insize=10754 file=C:/Users/AJ/Desktop/Uni/Autodidacta/VFX/UnityVFX/Library/PackageCache/com.unity.render-pipelines.high-definition@10.5.1/Runtime/Lighting/LightLoop/Deferred.compute kernel=Deferred_Indirect_Fptl_Variant6 cachingPP=1 ppOnly=0 stripLineD=0 buildPlatform=13 km=<SHADE_OPAQUE_ENTRY=Deferred_Indirect_Fptl_Variant6>,<USE_INDIRECT=1>,<VARIANT=6>,<UNITY_VERSION=202039> pKW=UNITY_NO_DXT5nm UNITY_ENABLE_REFLECTION_BUFFERS UNITY_NO_CUBEMAP_ARRAY UNITY_NO_SCREENSPACE_SHADOWS UNITY_PBS_USE_BRDF2 UNITY_LIGHTMAP_FULL_HDR uKW=SCREEN_SPACE_SHADOWS_ON SHADOWS_SHADOWMASK SHADOW_LOW SHADER_STAGE_COMPUTE platform=d3d11 flags=0 ok=1 outsize=51049

Cmd: compileComputeKernel
  insize=10754 file=C:/Users/AJ/Desktop/Uni/Autodidacta/VFX/UnityVFX/Library/PackageCache/com.unity.render-pipelines.high-definition@10.5.1/Runtime/Lighting/LightLoop/Deferred.compute kernel=Deferred_Indirect_Fptl_Variant5 cachingPP=1 ppOnly=0 stripLineD=0 buildPlatform=13 km=<SHADE_OPAQUE_ENTRY=Deferred_Indirect_Fptl_Variant5>,<USE_INDIRECT=1>,<VARIANT=5>,<UNITY_VERSION=202039> pKW=UNITY_NO_DXT5nm UNITY_ENABLE_REFLECTION_BUFFERS UNITY_NO_CUBEMAP_ARRAY UNITY_NO_SCREENSPACE_SHADOWS UNITY_PBS_USE_BRDF2 UNITY_LIGHTMAP_FULL_HDR uKW=SCREEN_SPACE_SHADOWS_ON SHADOW_MEDIUM SHADER_STAGE_COMPUTE platform=d3d11 flags=0 ok=1 outsize=36170

Cmd: compileComputeKernel
  insize=10754 file=C:/Users/AJ/Desktop/Uni/Autodidacta/VFX/UnityVFX/Library/PackageCache/com.unity.render-pipelines.high-definition@10.5.1/Runtime/Lighting/LightLoop/Deferred.compute kernel=Deferred_Indirect_Fptl_Variant4 cachingPP=1 ppOnly=0 stripLineD=0 buildPlatform=13 km=<SHADE_OPAQUE_ENTRY=Deferred_Indirect_Fptl_Variant4>,<USE_INDIRECT=1>,<VARIANT=4>,<UNITY_VERSION=202039> pKW=UNITY_NO_DXT5nm UNITY_ENABLE_REFLECTION_BUFFERS UNITY_NO_CUBEMAP_ARRAY UNITY_NO_SCREENSPACE_SHADOWS UNITY_PBS_USE_BRDF2 UNITY_LIGHTMAP_FULL_HDR uKW=SCREEN_SPACE_SHADOWS_ON SHADOW_MEDIUM SHADER_STAGE_COMPUTE platform=d3d11 flags=0 ok=1 outsize=53403

Cmd: compileComputeKernel
  insize=10754 file=C:/Users/AJ/Desktop/Uni/Autodidacta/VFX/UnityVFX/Library/PackageCache/com.unity.render-pipelines.high-definition@10.5.1/Runtime/Lighting/LightLoop/Deferred.compute kernel=Deferred_Indirect_Fptl_Variant4 cachingPP=1 ppOnly=0 stripLineD=0 buildPlatform=13 km=<SHADE_OPAQUE_ENTRY=Deferred_Indirect_Fptl_Variant4>,<USE_INDIRECT=1>,<VARIANT=4>,<UNITY_VERSION=202039> pKW=UNITY_NO_DXT5nm UNITY_ENABLE_REFLECTION_BUFFERS UNITY_NO_CUBEMAP_ARRAY UNITY_NO_SCREENSPACE_SHADOWS UNITY_PBS_USE_BRDF2 UNITY_LIGHTMAP_FULL_HDR uKW=SCREEN_SPACE_SHADOWS_ON SHADOWS_SHADOWMASK SHADOW_HIGH SHADER_STAGE_COMPUTE platform=d3d11 flags=0 ok=1 outsize=57129

Cmd: compileComputeKernel
  insize=10754 file=C:/Users/AJ/Desktop/Uni/Autodidacta/VFX/UnityVFX/Library/PackageCache/com.unity.render-pipelines.high-definition@10.5.1/Runtime/Lighting/LightLoop/Deferred.compute kernel=Deferred_Indirect_Fptl_Variant1 cachingPP=1 ppOnly=0 stripLineD=0 buildPlatform=13 km=<SHADE_OPAQUE_ENTRY=Deferred_Indirect_Fptl_Variant1>,<USE_INDIRECT=1>,<VARIANT=1>,<UNITY_VERSION=202039> pKW=UNITY_NO_DXT5nm UNITY_ENABLE_REFLECTION_BUFFERS UNITY_NO_CUBEMAP_ARRAY UNITY_NO_SCREENSPACE_SHADOWS UNITY_PBS_USE_BRDF2 UNITY_LIGHTMAP_FULL_HDR uKW=SCREEN_SPACE_SHADOWS_ON SHADOW_MEDIUM SHADER_STAGE_COMPUTE platform=d3d11 flags=0 ok=1 outsize=19616

Cmd: compileComputeKernel
  insize=10754 file=C:/Users/AJ/Desktop/Uni/Autodidacta/VFX/UnityVFX/Library/PackageCache/com.unity.render-pipelines.high-definition@10.5.1/Runtime/Lighting/LightLoop/Deferred.compute kernel=Deferred_Indirect_Fptl_Variant0 cachingPP=1 ppOnly=0 stripLineD=0 buildPlatform=13 km=<SHADE_OPAQUE_ENTRY=Deferred_Indirect_Fptl_Variant0>,<USE_INDIRECT=1>,<VARIANT=0>,<UNITY_VERSION=202039> pKW=UNITY_NO_DXT5nm UNITY_ENABLE_REFLECTION_BUFFERS UNITY_NO_CUBEMAP_ARRAY UNITY_NO_SCREENSPACE_SHADOWS UNITY_PBS_USE_BRDF2 UNITY_LIGHTMAP_FULL_HDR uKW=SCREEN_SPACE_SHADOWS_OFF SHADOW_HIGH SHADER_STAGE_COMPUTE platform=d3d11 flags=0 ok=1 outsize=18205

Cmd: compileComputeKernel
  insize=10754 file=C:/Users/AJ/Desktop/Uni/Autodidacta/VFX/UnityVFX/Library/PackageCache/com.unity.render-pipelines.high-definition@10.5.1/Runtime/Lighting/LightLoop/Deferred.compute kernel=Deferred_Direct_Fptl_DebugDisplay cachingPP=1 ppOnly=0 stripLineD=0 buildPlatform=13 km=<SHADE_OPAQUE_ENTRY=Deferred_Direct_Fptl_DebugDisplay>,<DEBUG_DISPLAY=1>,<UNITY_VERSION=202039> pKW=UNITY_NO_DXT5nm UNITY_ENABLE_REFLECTION_BUFFERS UNITY_NO_CUBEMAP_ARRAY UNITY_NO_SCREENSPACE_SHADOWS UNITY_PBS_USE_BRDF2 UNITY_LIGHTMAP_FULL_HDR uKW=SCREEN_SPACE_SHADOWS_OFF SHADOW_HIGH SHADER_STAGE_COMPUTE platform=d3d11 flags=0 ok=1 outsize=133308

Cmd: compileComputeKernel
  insize=10754 file=C:/Users/AJ/Desktop/Uni/Autodidacta/VFX/UnityVFX/Library/PackageCache/com.unity.render-pipelines.high-definition@10.5.1/Runtime/Lighting/LightLoop/Deferred.compute kernel=Deferred_Direct_Fptl cachingPP=1 ppOnly=0 stripLineD=0 buildPlatform=13 km=<SHADE_OPAQUE_ENTRY=Deferred_Direct_Fptl>,<UNITY_VERSION=202039> pKW=UNITY_NO_DXT5nm UNITY_ENABLE_REFLECTION_BUFFERS UNITY_NO_CUBEMAP_ARRAY UNITY_NO_SCREENSPACE_SHADOWS UNITY_PBS_USE_BRDF2 UNITY_LIGHTMAP_FULL_HDR uKW=SCREEN_SPACE_SHADOWS_OFF SHADOW_MEDIUM SHADER_STAGE_COMPUTE platform=d3d11 flags=0 ok=1 outsize=112378

Cmd: compileComputeKernel
  insize=10754 file=C:/Users/AJ/Desktop/Uni/Autodidacta/VFX/UnityVFX/Library/PackageCache/com.unity.render-pipelines.high-definition@10.5.1/Runtime/Lighting/LightLoop/Deferred.compute kernel=Deferred_Indirect_Fptl_Variant27 cachingPP=1 ppOnly=0 stripLineD=0 buildPlatform=13 km=<SHADE_OPAQUE_ENTRY=Deferred_Indirect_Fptl_Variant27>,<USE_INDIRECT=1>,<VARIANT=27>,<UNITY_VERSION=202039> pKW=UNITY_NO_DXT5nm UNITY_NO_RGBM UNITY_ENABLE_REFLECTION_BUFFERS UNITY_NO_CUBEMAP_ARRAY UNITY_NO_SCREENSPACE_SHADOWS UNITY_PBS_USE_BRDF2 SHADER_API_MOBILE UNITY_LIGHTMAP_FULL_HDR uKW=SCREEN_SPACE_SHADOWS_OFF SHADOWS_SHADOWMASK SHADOW_HIGH SHADER_STAGE_COMPUTE platform=vulkan flags=268439552 ok=1 outsize=409147

Cmd: compileComputeKernel
  insize=10754 file=C:/Users/AJ/Desktop/Uni/Autodidacta/VFX/UnityVFX/Library/PackageCache/com.unity.render-pipelines.high-definition@10.5.1/Runtime/Lighting/LightLoop/Deferred.compute kernel=Deferred_Indirect_Fptl_Variant27 cachingPP=1 ppOnly=0 stripLineD=0 buildPlatform=13 km=<SHADE_OPAQUE_ENTRY=Deferred_Indirect_Fptl_Variant27>,<USE_INDIRECT=1>,<VARIANT=27>,<UNITY_VERSION=202039> pKW=UNITY_NO_DXT5nm UNITY_NO_RGBM UNITY_ENABLE_REFLECTION_BUFFERS UNITY_NO_CUBEMAP_ARRAY UNITY_NO_SCREENSPACE_SHADOWS UNITY_PBS_USE_BRDF2 SHADER_API_MOBILE UNITY_LIGHTMAP_FULL_HDR uKW=SCREEN_SPACE_SHADOWS_ON SHADOWS_SHADOWMASK SHADOW_HIGH SHADER_STAGE_COMPUTE platform=vulkan flags=268439552 ok=1 outsize=403281

Cmd: compileComputeKernel
  insize=10754 file=C:/Users/AJ/Desktop/Uni/Autodidacta/VFX/UnityVFX/Library/PackageCache/com.unity.render-pipelines.high-definition@10.5.1/Runtime/Lighting/LightLoop/Deferred.compute kernel=Deferred_Indirect_Fptl_Variant25 cachingPP=1 ppOnly=0 stripLineD=0 buildPlatform=13 km=<SHADE_OPAQUE_ENTRY=Deferred_Indirect_Fptl_Variant25>,<USE_INDIRECT=1>,<VARIANT=25>,<UNITY_VERSION=202039> pKW=UNITY_NO_DXT5nm UNITY_NO_RGBM UNITY_ENABLE_REFLECTION_BUFFERS UNITY_NO_CUBEMAP_ARRAY UNITY_NO_SCREENSPACE_SHADOWS UNITY_PBS_USE_BRDF2 SHADER_API_MOBILE UNITY_LIGHTMAP_FULL_HDR uKW=SCREEN_SPACE_SHADOWS_ON SHADOWS_SHADOWMASK SHADOW_LOW SHADER_STAGE_COMPUTE platform=vulkan flags=268439552 ok=1 outsize=179253

Cmd: compileComputeKernel
  insize=10754 file=C:/Users/AJ/Desktop/Uni/Autodidacta/VFX/UnityVFX/Library/PackageCache/com.unity.render-pipelines.high-definition@10.5.1/Runtime/Lighting/LightLoop/Deferred.compute kernel=Deferred_Indirect_Fptl_Variant24 cachingPP=1 ppOnly=0 stripLineD=0 buildPlatform=13 km=<SHADE_OPAQUE_ENTRY=Deferred_Indirect_Fptl_Variant24>,<USE_INDIRECT=1>,<VARIANT=24>,<UNITY_VERSION=202039> pKW=UNITY_NO_DXT5nm UNITY_NO_RGBM UNITY_ENABLE_REFLECTION_BUFFERS UNITY_NO_CUBEMAP_ARRAY UNITY_NO_SCREENSPACE_SHADOWS UNITY_PBS_USE_BRDF2 SHADER_API_MOBILE UNITY_LIGHTMAP_FULL_HDR uKW=SCREEN_SPACE_SHADOWS_ON SHADOW_LOW SHADER_STAGE_COMPUTE platform=vulkan flags=268439552 ok=1 outsize=251512

Cmd: compileComputeKernel
  insize=10754 file=C:/Users/AJ/Desktop/Uni/Autodidacta/VFX/UnityVFX/Library/PackageCache/com.unity.render-pipelines.high-definition@10.5.1/Runtime/Lighting/LightLoop/Deferred.compute kernel=Deferred_Indirect_Fptl_Variant23 cachingPP=1 ppOnly=0 stripLineD=0 buildPlatform=13 km=<SHADE_OPAQUE_ENTRY=Deferred_Indirect_Fptl_Variant23>,<USE_INDIRECT=1>,<VARIANT=23>,<UNITY_VERSION=202039> pKW=UNITY_NO_DXT5nm UNITY_NO_RGBM UNITY_ENABLE_REFLECTION_BUFFERS UNITY_NO_CUBEMAP_ARRAY UNITY_NO_SCREENSPACE_SHADOWS UNITY_PBS_USE_BRDF2 SHADER_API_MOBILE UNITY_LIGHTMAP_FULL_HDR uKW=SCREEN_SPACE_SHADOWS_ON SHADOWS_SHADOWMASK SHADOW_MEDIUM SHADER_STAGE_COMPUTE platform=vulkan flags=268439552 ok=1 outsize=239797

Cmd: compileComputeKernel
  insize=10754 file=C:/Users/AJ/Desktop/Uni/Autodidacta/VFX/UnityVFX/Library/PackageCache/com.unity.render-pipelines.high-definition@10.5.1/Runtime/Lighting/LightLoop/Deferred.compute kernel=Deferred_Indirect_Fptl_Variant22 cachingPP=1 ppOnly=0 stripLineD=0 buildPlatform=13 km=<SHADE_OPAQUE_ENTRY=Deferred_Indirect_Fptl_Variant22>,<USE_INDIRECT=1>,<VARIANT=22>,<UNITY_VERSION=202039> pKW=UNITY_NO_DXT5nm UNITY_NO_RGBM UNITY_ENABLE_REFLECTION_BUFFERS UNITY_NO_CUBEMAP_ARRAY UNITY_NO_SCREENSPACE_SHADOWS UNITY_PBS_USE_BRDF2 SHADER_API_MOBILE UNITY_LIGHTMAP_FULL_HDR uKW=SCREEN_SPACE_SHADOWS_OFF SHADOW_MEDIUM SHADER_STAGE_COMPUTE platform=vulkan flags=268439552 ok=1 outsize=438017

Cmd: compileComputeKernel
  insize=10754 file=C:/Users/AJ/Desktop/Uni/Autodidacta/VFX/UnityVFX/Library/PackageCache/com.unity.render-pipelines.high-definition@10.5.1/Runtime/Lighting/LightLoop/Deferred.compute kernel=Deferred_Indirect_Fptl_Variant21 cachingPP=1 ppOnly=0 stripLineD=0 buildPlatform=13 km=<SHADE_OPAQUE_ENTRY=Deferred_Indirect_Fptl_Variant21>,<USE_INDIRECT=1>,<VARIANT=21>,<UNITY_VERSION=202039> pKW=UNITY_NO_DXT5nm UNITY_NO_RGBM UNITY_ENABLE_REFLECTION_BUFFERS UNITY_NO_CUBEMAP_ARRAY UNITY_NO_SCREENSPACE_SHADOWS UNITY_PBS_USE_BRDF2 SHADER_API_MOBILE UNITY_LIGHTMAP_FULL_HDR uKW=SCREEN_SPACE_SHADOWS_ON SHADOWS_SHADOWMASK SHADOW_MEDIUM SHADER_STAGE_COMPUTE platform=vulkan flags=268439552 ok=1 outsize=288734

Cmd: compileComputeKernel
  insize=10754 file=C:/Users/AJ/Desktop/Uni/Autodidacta/VFX/UnityVFX/Library/PackageCache/com.unity.render-pipelines.high-definition@10.5.1/Runtime/Lighting/LightLoop/Deferred.compute kernel=Deferred_Indirect_Fptl_Variant19 cachingPP=1 ppOnly=0 stripLineD=0 buildPlatform=13 km=<SHADE_OPAQUE_ENTRY=Deferred_Indirect_Fptl_Variant19>,<USE_INDIRECT=1>,<VARIANT=19>,<UNITY_VERSION=202039> pKW=UNITY_NO_DXT5nm UNITY_NO_RGBM UNITY_ENABLE_REFLECTION_BUFFERS UNITY_NO_CUBEMAP_ARRAY UNITY_NO_SCREENSPACE_SHADOWS UNITY_PBS_USE_BRDF2 SHADER_API_MOBILE UNITY_LIGHTMAP_FULL_HDR uKW=SCREEN_SPACE_SHADOWS_ON SHADOW_LOW SHADER_STAGE_COMPUTE platform=vulkan flags=268439552 ok=1 outsize=293016

Cmd: compileComputeKernel
  insize=10754 file=C:/Users/AJ/Desktop/Uni/Autodidacta/VFX/UnityVFX/Library/PackageCache/com.unity.render-pipelines.high-definition@10.5.1/Runtime/Lighting/LightLoop/Deferred.compute kernel=Deferred_Indirect_Fptl_Variant18 cachingPP=1 ppOnly=0 stripLineD=0 buildPlatform=13 km=<SHADE_OPAQUE_ENTRY=Deferred_Indirect_Fptl_Variant18>,<USE_INDIRECT=1>,<VARIANT=18>,<UNITY_VERSION=202039> pKW=UNITY_NO_DXT5nm UNITY_NO_RGBM UNITY_ENABLE_REFLECTION_BUFFERS UNITY_NO_CUBEMAP_ARRAY UNITY_NO_SCREENSPACE_SHADOWS UNITY_PBS_USE_BRDF2 SHADER_API_MOBILE UNITY_LIGHTMAP_FULL_HDR uKW=SCREEN_SPACE_SHADOWS_OFF SHADOW_LOW SHADER_STAGE_COMPUTE platform=vulkan flags=268439552 ok=1 outsize=204925

Cmd: compileComputeKernel
  insize=10754 file=C:/Users/AJ/Desktop/Uni/Autodidacta/VFX/UnityVFX/Library/PackageCache/com.unity.render-pipelines.high-definition@10.5.1/Runtime/Lighting/LightLoop/Deferred.compute kernel=Deferred_Indirect_Fptl_Variant17 cachingPP=1 ppOnly=0 stripLineD=0 buildPlatform=13 km=<SHADE_OPAQUE_ENTRY=Deferred_Indirect_Fptl_Variant17>,<USE_INDIRECT=1>,<VARIANT=17>,<UNITY_VERSION=202039> pKW=UNITY_NO_DXT5nm UNITY_NO_RGBM UNITY_ENABLE_REFLECTION_BUFFERS UNITY_NO_CUBEMAP_ARRAY UNITY_NO_SCREENSPACE_SHADOWS UNITY_PBS_USE_BRDF2 SHADER_API_MOBILE UNITY_LIGHTMAP_FULL_HDR uKW=SCREEN_SPACE_SHADOWS_ON SHADOWS_SHADOWMASK SHADOW_LOW SHADER_STAGE_COMPUTE platform=vulkan flags=268439552 ok=1 outsize=391597

Cmd: compileComputeKernel
  insize=10754 file=C:/Users/AJ/Desktop/Uni/Autodidacta/VFX/UnityVFX/Library/PackageCache/com.unity.render-pipelines.high-definition@10.5.1/Runtime/Lighting/LightLoop/Deferred.compute kernel=Deferred_Indirect_Fptl_Variant16 cachingPP=1 ppOnly=0 stripLineD=0 buildPlatform=13 km=<SHADE_OPAQUE_ENTRY=Deferred_Indirect_Fptl_Variant16>,<USE_INDIRECT=1>,<VARIANT=16>,<UNITY_VERSION=202039> pKW=UNITY_NO_DXT5nm UNITY_NO_RGBM UNITY_ENABLE_REFLECTION_BUFFERS UNITY_NO_CUBEMAP_ARRAY UNITY_NO_SCREENSPACE_SHADOWS UNITY_PBS_USE_BRDF2 SHADER_API_MOBILE UNITY_LIGHTMAP_FULL_HDR uKW=SCREEN_SPACE_SHADOWS_ON SHADOW_HIGH SHADER_STAGE_COMPUTE platform=vulkan flags=268439552 ok=1 outsize=270924

Cmd: compileComputeKernel
  insize=10754 file=C:/Users/AJ/Desktop/Uni/Autodidacta/VFX/UnityVFX/Library/PackageCache/com.unity.render-pipelines.high-definition@10.5.1/Runtime/Lighting/LightLoop/Deferred.compute kernel=Deferred_Indirect_Fptl_Variant14 cachingPP=1 ppOnly=0 stripLineD=0 buildPlatform=13 km=<SHADE_OPAQUE_ENTRY=Deferred_Indirect_Fptl_Variant14>,<USE_INDIRECT=1>,<VARIANT=14>,<UNITY_VERSION=202039> pKW=UNITY_NO_DXT5nm UNITY_NO_RGBM UNITY_ENABLE_REFLECTION_BUFFERS UNITY_NO_CUBEMAP_ARRAY UNITY_NO_SCREENSPACE_SHADOWS UNITY_PBS_USE_BRDF2 SHADER_API_MOBILE UNITY_LIGHTMAP_FULL_HDR uKW=SCREEN_SPACE_SHADOWS_OFF SHADOWS_SHADOWMASK SHADOW_MEDIUM SHADER_STAGE_COMPUTE platform=vulkan flags=268439552 ok=1 outsize=275192

Cmd: compileComputeKernel
  insize=10754 file=C:/Users/AJ/Desktop/Uni/Autodidacta/VFX/UnityVFX/Library/PackageCache/com.unity.render-pipelines.high-definition@10.5.1/Runtime/Lighting/LightLoop/Deferred.compute kernel=Deferred_Indirect_Fptl_Variant13 cachingPP=1 ppOnly=0 stripLineD=0 buildPlatform=13 km=<SHADE_OPAQUE_ENTRY=Deferred_Indirect_Fptl_Variant13>,<USE_INDIRECT=1>,<VARIANT=13>,<UNITY_VERSION=202039> pKW=UNITY_NO_DXT5nm UNITY_NO_RGBM UNITY_ENABLE_REFLECTION_BUFFERS UNITY_NO_CUBEMAP_ARRAY UNITY_NO_SCREENSPACE_SHADOWS UNITY_PBS_USE_BRDF2 SHADER_API_MOBILE UNITY_LIGHTMAP_FULL_HDR uKW=SCREEN_SPACE_SHADOWS_OFF SHADOW_LOW SHADER_STAGE_COMPUTE platform=vulkan flags=268439552 ok=1 outsize=203041

Cmd: compileComputeKernel
  insize=10754 file=C:/Users/AJ/Desktop/Uni/Autodidacta/VFX/UnityVFX/Library/PackageCache/com.unity.render-pipelines.high-definition@10.5.1/Runtime/Lighting/LightLoop/Deferred.compute kernel=Deferred_Indirect_Fptl_Variant12 cachingPP=1 ppOnly=0 stripLineD=0 buildPlatform=13 km=<SHADE_OPAQUE_ENTRY=Deferred_Indirect_Fptl_Variant12>,<USE_INDIRECT=1>,<VARIANT=12>,<UNITY_VERSION=202039> pKW=UNITY_NO_DXT5nm UNITY_NO_RGBM UNITY_ENABLE_REFLECTION_BUFFERS UNITY_NO_CUBEMAP_ARRAY UNITY_NO_SCREENSPACE_SHADOWS UNITY_PBS_USE_BRDF2 SHADER_API_MOBILE UNITY_LIGHTMAP_FULL_HDR uKW=SCREEN_SPACE_SHADOWS_ON SHADOW_LOW SHADER_STAGE_COMPUTE platform=vulkan flags=268439552 ok=1 outsize=425778

