Base path: 'C:/Program Files/Unity/Hub/Editor/2020.3.13f1/Editor/Data', plugins path 'C:/Program Files/Unity/Hub/Editor/2020.3.13f1/Editor/Data/PlaybackEngines'
Cmd: initializeCompiler

Cmd: compileComputeKernel
  insize=7111 file=C:/Users/AJ/Desktop/Uni/Autodidacta/VFX/UnityVFX/Assets/MYSTUFF/VFX/Pumpkin2.vfx kernel=CSMain cachingPP=1 ppOnly=0 stripLineD=0 buildPlatform=13 km=<UNITY_VERSION=202039> pKW=UNITY_NO_DXT5nm UNITY_ENABLE_REFLECTION_BUFFERS UNITY_NO_CUBEMAP_ARRAY UNITY_NO_SCREENSPACE_SHADOWS UNITY_PBS_USE_BRDF2 UNITY_LIGHTMAP_FULL_HDR uKW=SHADER_STAGE_COMPUTE platform=d3d11 flags=0 ok=1 outsize=1924

Cmd: compileComputeKernel
  insize=7361 file=C:/Users/AJ/Desktop/Uni/Autodidacta/VFX/UnityVFX/Library/PackageCache/com.unity.render-pipelines.high-definition@10.5.1/Runtime/Lighting/ScreenSpaceLighting/GTAO.compute kernel=GTAOMain cachingPP=1 ppOnly=0 stripLineD=0 buildPlatform=13 km=<UNITY_VERSION=202039> pKW=UNITY_NO_DXT5nm UNITY_NO_RGBM UNITY_ENABLE_REFLECTION_BUFFERS UNITY_FRAMEBUFFER_FETCH_AVAILABLE UNITY_NO_CUBEMAP_ARRAY UNITY_NO_SCREENSPACE_SHADOWS UNITY_PBS_USE_BRDF2 SHADER_API_MOBILE UNITY_LIGHTMAP_FULL_HDR SHADER_API_GLES30 uKW=HALF_RES SHADER_STAGE_COMPUTE platform=gles3 flags=268439552  error: 2 plat 9 at C:/Users/AJ/Desktop/Uni/Autodidacta/VFX/UnityVFX/Library/PackageCache/com.unity.render-pipelines.high-definition@10.5.1/Runtime/ShaderLibrary/ShaderVariablesFunctions.hlsl(119): syntax error: unexpected token '#'
 ok=0 outsize=0

Cmd: compileComputeKernel
  insize=39136 file=C:/Users/AJ/Desktop/Uni/Autodidacta/VFX/UnityVFX/Library/PackageCache/com.unity.render-pipelines.high-definition@10.5.1/Runtime/Lighting/VolumetricLighting/VolumetricLighting.compute kernel=VolumetricLighting cachingPP=1 ppOnly=0 stripLineD=0 buildPlatform=13 km=<UNITY_VERSION=202039> pKW=UNITY_NO_DXT5nm UNITY_ENABLE_REFLECTION_BUFFERS UNITY_NO_CUBEMAP_ARRAY UNITY_NO_SCREENSPACE_SHADOWS UNITY_PBS_USE_BRDF2 UNITY_LIGHTMAP_FULL_HDR uKW=VL_PRESET_OPTIMAL SHADER_STAGE_COMPUTE platform=d3d11 flags=0 ok=1 outsize=16041

Cmd: compileComputeKernel
  insize=39136 file=C:/Users/AJ/Desktop/Uni/Autodidacta/VFX/UnityVFX/Library/PackageCache/com.unity.render-pipelines.high-definition@10.5.1/Runtime/Lighting/VolumetricLighting/VolumetricLighting.compute kernel=VolumetricLighting cachingPP=1 ppOnly=0 stripLineD=0 buildPlatform=13 km=<UNITY_VERSION=202039> pKW=UNITY_NO_DXT5nm UNITY_ENABLE_REFLECTION_BUFFERS UNITY_NO_CUBEMAP_ARRAY UNITY_NO_SCREENSPACE_SHADOWS UNITY_PBS_USE_BRDF2 UNITY_LIGHTMAP_FULL_HDR uKW=ENABLE_REPROJECTION SUPPORT_LOCAL_LIGHTS SHADER_STAGE_COMPUTE platform=d3d11 flags=0 ok=1 outsize=47504

Cmd: compileComputeKernel
  insize=1320 file=C:/Users/AJ/Desktop/Uni/Autodidacta/VFX/UnityVFX/Library/PackageCache/com.unity.visualeffectgraph@10.5.1/Shaders/VFXCopyBuffer.compute kernel=CSVFXZeroInitBuffer cachingPP=1 ppOnly=0 stripLineD=0 buildPlatform=13 km=<UNITY_VERSION=202039> pKW=UNITY_NO_DXT5nm UNITY_NO_RGBM UNITY_ENABLE_REFLECTION_BUFFERS UNITY_FRAMEBUFFER_FETCH_AVAILABLE UNITY_NO_CUBEMAP_ARRAY UNITY_NO_SCREENSPACE_SHADOWS UNITY_PBS_USE_BRDF2 SHADER_API_MOBILE UNITY_LIGHTMAP_FULL_HDR SHADER_API_GLES30 uKW=SHADER_STAGE_COMPUTE platform=gles3 flags=268439552 ok=1 outsize=1247

Cmd: compileComputeKernel
  insize=2685 file=C:/Users/AJ/Desktop/Uni/Autodidacta/VFX/UnityVFX/Library/PackageCache/com.unity.render-pipelines.high-definition@10.5.1/Runtime/PostProcessing/Shaders/DepthOfFieldTileMax.compute kernel=KMain cachingPP=1 ppOnly=0 stripLineD=0 buildPlatform=13 km=<UNITY_VERSION=202039> pKW=UNITY_NO_DXT5nm UNITY_ENABLE_REFLECTION_BUFFERS UNITY_NO_CUBEMAP_ARRAY UNITY_NO_SCREENSPACE_SHADOWS UNITY_PBS_USE_BRDF2 UNITY_LIGHTMAP_FULL_HDR uKW=FAR SHADER_STAGE_COMPUTE platform=d3d11 flags=0 ok=1 outsize=2041

Cmd: compileComputeKernel
  insize=6129 file=C:/Users/AJ/Desktop/Uni/Autodidacta/VFX/UnityVFX/Library/PackageCache/com.unity.render-pipelines.high-definition@10.5.1/Runtime/PostProcessing/Shaders/MotionBlurMotionVecPrep.compute kernel=MotionVecPreppingCS cachingPP=1 ppOnly=0 stripLineD=0 buildPlatform=13 km=<MOTION_VEC_PREPPING=1>,<UNITY_VERSION=202039> pKW=UNITY_NO_DXT5nm UNITY_ENABLE_REFLECTION_BUFFERS UNITY_NO_CUBEMAP_ARRAY UNITY_NO_SCREENSPACE_SHADOWS UNITY_PBS_USE_BRDF2 UNITY_LIGHTMAP_FULL_HDR uKW=NO_SPECIAL_CLAMP SHADER_STAGE_COMPUTE platform=d3d11 flags=0 ok=1 outsize=2982

Cmd: compileComputeKernel
  insize=6865 file=C:/Users/AJ/Desktop/Uni/Autodidacta/VFX/UnityVFX/Library/PackageCache/com.unity.render-pipelines.high-definition@10.5.1/Runtime/RenderPipeline/RenderPass/ColorPyramid.compute kernel=KColorGaussian cachingPP=1 ppOnly=0 stripLineD=0 buildPlatform=13 km=<KERNEL_SIZE=8>,<MAIN_GAUSSIAN=KColorGaussian>,<UNITY_VERSION=202039> pKW=UNITY_NO_DXT5nm UNITY_ENABLE_REFLECTION_BUFFERS UNITY_NO_CUBEMAP_ARRAY UNITY_NO_SCREENSPACE_SHADOWS UNITY_PBS_USE_BRDF2 UNITY_LIGHTMAP_FULL_HDR uKW=COPY_MIP_0 SHADER_STAGE_COMPUTE platform=d3d11 flags=0 ok=1 outsize=6567

Cmd: compileComputeKernel
  insize=20491 file=C:/Users/AJ/Desktop/Uni/Autodidacta/VFX/UnityVFX/Library/PackageCache/com.unity.render-pipelines.high-definition@10.5.1/Runtime/Lighting/LightLoop/lightlistbuild.compute kernel=TileLightListGen cachingPP=1 ppOnly=0 stripLineD=0 buildPlatform=13 km=<UNITY_VERSION=202039> pKW=UNITY_NO_DXT5nm UNITY_ENABLE_REFLECTION_BUFFERS UNITY_NO_CUBEMAP_ARRAY UNITY_NO_SCREENSPACE_SHADOWS UNITY_PBS_USE_BRDF2 UNITY_LIGHTMAP_FULL_HDR uKW=SHADER_STAGE_COMPUTE platform=d3d11 flags=0 ok=1 outsize=14437

Cmd: compileComputeKernel
  insize=29481 file=C:/Users/AJ/Desktop/Uni/Autodidacta/VFX/UnityVFX/Library/PackageCache/com.unity.render-pipelines.high-definition@10.5.1/Runtime/Lighting/ScreenSpaceLighting/ScreenSpaceReflections.compute kernel=ScreenSpaceReflectionsAccumulate cachingPP=1 ppOnly=0 stripLineD=0 buildPlatform=13 km=<SSR_ACCUMULATE=1>,<UNITY_VERSION=202039> pKW=UNITY_NO_DXT5nm UNITY_ENABLE_REFLECTION_BUFFERS UNITY_NO_CUBEMAP_ARRAY UNITY_NO_SCREENSPACE_SHADOWS UNITY_PBS_USE_BRDF2 UNITY_LIGHTMAP_FULL_HDR uKW=DEPTH_SOURCE_NOT_FROM_MIP_CHAIN SHADER_STAGE_COMPUTE platform=d3d11 flags=0 ok=1 outsize=1903

Cmd: compileComputeKernel
  insize=5437 file=C:/Users/AJ/Desktop/Uni/Autodidacta/VFX/UnityVFX/Library/PackageCache/com.unity.render-pipelines.high-definition@10.5.1/Runtime/PostProcessing/Shaders/DepthOfFieldGather.compute kernel=KMainFar cachingPP=1 ppOnly=0 stripLineD=0 buildPlatform=13 km=<MAIN=KMainFar>,<FAR=1>,<UNITY_VERSION=202039> pKW=UNITY_NO_DXT5nm UNITY_ENABLE_REFLECTION_BUFFERS UNITY_NO_CUBEMAP_ARRAY UNITY_NO_SCREENSPACE_SHADOWS UNITY_PBS_USE_BRDF2 UNITY_LIGHTMAP_FULL_HDR uKW=ENABLE_ALPHA SHADER_STAGE_COMPUTE platform=d3d11 flags=0 ok=1 outsize=2275

Cmd: compileComputeKernel
  insize=17123 file=C:/Users/AJ/Desktop/Uni/Autodidacta/VFX/UnityVFX/Library/PackageCache/com.unity.render-pipelines.high-definition@10.5.1/Runtime/Lighting/VolumetricLighting/VolumeVoxelization.compute kernel=VolumeVoxelizationTiled cachingPP=1 ppOnly=0 stripLineD=0 buildPlatform=13 km=<VolumeVoxelization=VolumeVoxelizationTiled>,<UNITY_VERSION=202039> pKW=UNITY_NO_DXT5nm UNITY_ENABLE_REFLECTION_BUFFERS UNITY_NO_CUBEMAP_ARRAY UNITY_NO_SCREENSPACE_SHADOWS UNITY_PBS_USE_BRDF2 UNITY_LIGHTMAP_FULL_HDR uKW=SHADER_STAGE_COMPUTE platform=d3d11 flags=0 ok=1 outsize=8648

Cmd: compileComputeKernel
  insize=20782 file=C:/Users/AJ/Desktop/Uni/Autodidacta/VFX/UnityVFX/Library/PackageCache/com.unity.render-pipelines.high-definition@10.5.1/Runtime/Lighting/ScreenSpaceLighting/ScreenSpaceGlobalIllumination.compute kernel=ReprojectGlobalIllumination cachingPP=1 ppOnly=0 stripLineD=0 buildPlatform=13 km=<REPROJECT_GLOBAL_ILLUMINATION=ReprojectGlobalIllumination>,<GI_REPROJECT=1>,<UNITY_VERSION=202039> pKW=UNITY_NO_DXT5nm UNITY_ENABLE_REFLECTION_BUFFERS UNITY_NO_CUBEMAP_ARRAY UNITY_NO_SCREENSPACE_SHADOWS UNITY_PBS_USE_BRDF2 UNITY_LIGHTMAP_FULL_HDR uKW=SHADER_STAGE_COMPUTE platform=d3d11 flags=0 ok=1 outsize=5183

Cmd: compileComputeKernel
  insize=33284 file=C:/Users/AJ/Desktop/Uni/Autodidacta/VFX/UnityVFX/Library/PackageCache/com.unity.render-pipelines.high-definition@10.5.1/Runtime/RenderPipeline/Raytracing/Shaders/Shadows/RaytracingShadow.compute kernel=RaytracingDirectionalShadowSample cachingPP=1 ppOnly=0 stripLineD=0 buildPlatform=13 km=<UNITY_VERSION=202039> pKW=UNITY_NO_DXT5nm UNITY_ENABLE_REFLECTION_BUFFERS UNITY_NO_CUBEMAP_ARRAY UNITY_NO_SCREENSPACE_SHADOWS UNITY_PBS_USE_BRDF2 UNITY_LIGHTMAP_FULL_HDR uKW=SHADER_STAGE_COMPUTE platform=d3d11 flags=0 ok=1 outsize=3558

Cmd: compileComputeKernel
  insize=9221 file=C:/Users/AJ/Desktop/Uni/Autodidacta/VFX/UnityVFX/Library/PackageCache/com.unity.visualeffectgraph@10.5.1/Shaders/Sort.compute kernel=BitonicSort128 cachingPP=1 ppOnly=0 stripLineD=0 buildPlatform=13 km=<BITONIC_SORT=BitonicSort128>,<ELEMENTS_COUNT=128>,<ITERATIONS_COUNT=1>,<FINAL_PASS=1>,<UNITY_VERSION=202039> pKW=UNITY_NO_DXT5nm UNITY_ENABLE_REFLECTION_BUFFERS UNITY_NO_CUBEMAP_ARRAY UNITY_NO_SCREENSPACE_SHADOWS UNITY_PBS_USE_BRDF2 UNITY_LIGHTMAP_FULL_HDR uKW=SHADER_STAGE_COMPUTE platform=d3d11 flags=0 ok=1 outsize=2186

Cmd: compileComputeKernel
  insize=9221 file=C:/Users/AJ/Desktop/Uni/Autodidacta/VFX/UnityVFX/Library/PackageCache/com.unity.visualeffectgraph@10.5.1/Shaders/Sort.compute kernel=BitonicPrePass cachingPP=1 ppOnly=0 stripLineD=0 buildPlatform=13 km=<BITONIC_SORT=BitonicPrePass>,<ELEMENTS_COUNT=4096>,<ITERATIONS_COUNT=2>,<FINAL_PASS=0>,<UNITY_VERSION=202039> pKW=UNITY_NO_DXT5nm UNITY_NO_RGBM UNITY_ENABLE_REFLECTION_BUFFERS UNITY_FRAMEBUFFER_FETCH_AVAILABLE UNITY_NO_CUBEMAP_ARRAY UNITY_NO_SCREENSPACE_SHADOWS UNITY_PBS_USE_BRDF2 SHADER_API_MOBILE UNITY_LIGHTMAP_FULL_HDR SHADER_API_GLES30 uKW=VFX_SORT_USE_ELEMENT_COUNT_BUFFER SHADER_STAGE_COMPUTE platform=gles3 flags=268439552 ok=1 outsize=6224

Cmd: compileComputeKernel
  insize=9515 file=C:/Users/AJ/Desktop/Uni/Autodidacta/VFX/UnityVFX/Library/PackageCache/com.unity.render-pipelines.high-definition@10.5.1/Runtime/RenderPipeline/Raytracing/Shaders/Denoising/ReflectionDenoiser.compute kernel=CopyHistory cachingPP=1 ppOnly=0 stripLineD=0 buildPlatform=13 km=<UNITY_VERSION=202039> pKW=UNITY_NO_DXT5nm UNITY_ENABLE_REFLECTION_BUFFERS UNITY_NO_CUBEMAP_ARRAY UNITY_NO_SCREENSPACE_SHADOWS UNITY_PBS_USE_BRDF2 UNITY_LIGHTMAP_FULL_HDR uKW=SHADER_STAGE_COMPUTE platform=d3d11 flags=0 ok=1 outsize=736

Cmd: compileComputeKernel
  insize=5696 file=C:/Users/AJ/Desktop/Uni/Autodidacta/VFX/UnityVFX/Library/PackageCache/com.unity.render-pipelines.high-definition@10.5.1/Runtime/PostProcessing/Shaders/HistogramExposure.compute kernel=KHistogramGen cachingPP=1 ppOnly=0 stripLineD=0 buildPlatform=13 km=<GEN_PASS=1>,<UNITY_VERSION=202039> pKW=UNITY_NO_DXT5nm UNITY_ENABLE_REFLECTION_BUFFERS UNITY_NO_CUBEMAP_ARRAY UNITY_NO_SCREENSPACE_SHADOWS UNITY_PBS_USE_BRDF2 UNITY_LIGHTMAP_FULL_HDR uKW=SHADER_STAGE_COMPUTE platform=d3d11 flags=0 ok=1 outsize=3258

Cmd: compileComputeKernel
  insize=3901 file=C:/Users/AJ/Desktop/Uni/Autodidacta/VFX/UnityVFX/Library/PackageCache/com.unity.render-pipelines.high-definition@10.5.1/Runtime/PostProcessing/Shaders/DepthOfFieldCombine.compute kernel=KMain cachingPP=1 ppOnly=0 stripLineD=0 buildPlatform=13 km=<UNITY_VERSION=202039> pKW=UNITY_NO_DXT5nm UNITY_ENABLE_REFLECTION_BUFFERS UNITY_NO_CUBEMAP_ARRAY UNITY_NO_SCREENSPACE_SHADOWS UNITY_PBS_USE_BRDF2 UNITY_LIGHTMAP_FULL_HDR uKW=LOW_QUALITY NEAR SHADER_STAGE_COMPUTE platform=d3d11 flags=0 ok=1 outsize=1309

Cmd: compileComputeKernel
  insize=3901 file=C:/Users/AJ/Desktop/Uni/Autodidacta/VFX/UnityVFX/Library/PackageCache/com.unity.render-pipelines.high-definition@10.5.1/Runtime/PostProcessing/Shaders/DepthOfFieldCombine.compute kernel=KMain cachingPP=1 ppOnly=0 stripLineD=0 buildPlatform=13 km=<UNITY_VERSION=202039> pKW=UNITY_NO_DXT5nm UNITY_ENABLE_REFLECTION_BUFFERS UNITY_NO_CUBEMAP_ARRAY UNITY_NO_SCREENSPACE_SHADOWS UNITY_PBS_USE_BRDF2 UNITY_LIGHTMAP_FULL_HDR uKW=FAR LOW_QUALITY SHADER_STAGE_COMPUTE platform=d3d11 flags=0 ok=1 outsize=1498

Cmd: compileComputeKernel
  insize=859 file=C:/Users/AJ/Desktop/Uni/Autodidacta/VFX/UnityVFX/Library/PackageCache/com.unity.render-pipelines.high-definition@10.5.1/Runtime/Core/CoreResources/GPUCopy.compute kernel=KSampleCopy4_1_x_1 cachingPP=1 ppOnly=0 stripLineD=0 buildPlatform=13 km=<KERNEL_NAME41=KSampleCopy4_1_x_1>,<KERNEL_SIZE=1>,<UNITY_VERSION=202039> pKW=UNITY_NO_DXT5nm UNITY_ENABLE_REFLECTION_BUFFERS UNITY_NO_CUBEMAP_ARRAY UNITY_NO_SCREENSPACE_SHADOWS UNITY_PBS_USE_BRDF2 UNITY_LIGHTMAP_FULL_HDR uKW=SHADER_STAGE_COMPUTE platform=d3d11 flags=0 ok=1 outsize=578

Cmd: compileComputeKernel
  insize=495 file=C:/Users/AJ/Desktop/Uni/Autodidacta/VFX/UnityVFX/Library/PackageCache/com.unity.render-pipelines.high-definition@10.5.1/Runtime/Lighting/ScreenSpaceLighting/GTAOCopyHistory.compute kernel=GTAODenoise_CopyHistory cachingPP=1 ppOnly=0 stripLineD=0 buildPlatform=13 km=<UNITY_VERSION=202039> pKW=UNITY_NO_DXT5nm UNITY_NO_RGBM UNITY_ENABLE_REFLECTION_BUFFERS UNITY_FRAMEBUFFER_FETCH_AVAILABLE UNITY_NO_CUBEMAP_ARRAY UNITY_NO_SCREENSPACE_SHADOWS UNITY_PBS_USE_BRDF2 SHADER_API_MOBILE UNITY_LIGHTMAP_FULL_HDR SHADER_API_GLES30 uKW=SHADER_STAGE_COMPUTE platform=gles3 flags=268439552  error: 2 plat 9 at C:/Users/AJ/Desktop/Uni/Autodidacta/VFX/UnityVFX/Library/PackageCache/com.unity.render-pipelines.high-definition@10.5.1/Runtime/ShaderLibrary/ShaderVariablesFunctions.hlsl(119): syntax error: unexpected token '#'
 ok=0 outsize=0

Cmd: compileComputeKernel
  insize=21827 file=C:/Users/AJ/Desktop/Uni/Autodidacta/VFX/UnityVFX/Library/PackageCache/com.unity.render-pipelines.high-definition@10.5.1/Runtime/RenderPipeline/Raytracing/Shaders/Shadows/RaytracingShadowFilter.compute kernel=AreaShadowApplyTAA cachingPP=1 ppOnly=0 stripLineD=0 buildPlatform=13 km=<UNITY_VERSION=202039> pKW=UNITY_NO_DXT5nm UNITY_ENABLE_REFLECTION_BUFFERS UNITY_NO_CUBEMAP_ARRAY UNITY_NO_SCREENSPACE_SHADOWS UNITY_PBS_USE_BRDF2 UNITY_LIGHTMAP_FULL_HDR uKW=SHADER_STAGE_COMPUTE platform=d3d11 flags=0 ok=1 outsize=5655

Cmd: compileComputeKernel
  insize=552 file=C:/Users/AJ/Desktop/Uni/Autodidacta/VFX/UnityVFX/Library/PackageCache/com.unity.render-pipelines.high-definition@10.5.1/Runtime/PostProcessing/Shaders/AlphaCopy.compute kernel=KMain cachingPP=1 ppOnly=0 stripLineD=0 buildPlatform=13 km=<UNITY_VERSION=202039> pKW=UNITY_NO_DXT5nm UNITY_ENABLE_REFLECTION_BUFFERS UNITY_NO_CUBEMAP_ARRAY UNITY_NO_SCREENSPACE_SHADOWS UNITY_PBS_USE_BRDF2 UNITY_LIGHTMAP_FULL_HDR uKW=SHADER_STAGE_COMPUTE platform=d3d11 flags=0 ok=1 outsize=433

Cmd: compileComputeKernel
  insize=3402 file=C:/Users/AJ/Desktop/Uni/Autodidacta/VFX/UnityVFX/Library/PackageCache/com.unity.render-pipelines.high-definition@10.5.1/Runtime/PostProcessing/Shaders/DepthOfFieldMip.compute kernel=KMainCoC cachingPP=1 ppOnly=0 stripLineD=0 buildPlatform=13 km=<MAIN=KMainCoC>,<CTYPE=float>,<UNITY_VERSION=202039> pKW=UNITY_NO_DXT5nm UNITY_ENABLE_REFLECTION_BUFFERS UNITY_NO_CUBEMAP_ARRAY UNITY_NO_SCREENSPACE_SHADOWS UNITY_PBS_USE_BRDF2 UNITY_LIGHTMAP_FULL_HDR uKW=SHADER_STAGE_COMPUTE platform=d3d11 flags=0 ok=1 outsize=2186

Cmd: compileComputeKernel
  insize=10317 file=C:/Users/AJ/Desktop/Uni/Autodidacta/VFX/UnityVFX/Library/PackageCache/com.unity.render-pipelines.high-definition@10.5.1/Runtime/Lighting/ScreenSpaceLighting/GTAOBlurAndUpsample.compute kernel=BoxUpsampling cachingPP=1 ppOnly=0 stripLineD=0 buildPlatform=13 km=<UPSAMPLE_KERNEL=BoxUpsampling>,<UPSAMPLE_ONLY=1>,<BOX=1>,<UNITY_VERSION=202039> pKW=UNITY_NO_DXT5nm UNITY_ENABLE_REFLECTION_BUFFERS UNITY_NO_CUBEMAP_ARRAY UNITY_NO_SCREENSPACE_SHADOWS UNITY_PBS_USE_BRDF2 UNITY_LIGHTMAP_FULL_HDR uKW=SHADER_STAGE_COMPUTE platform=d3d11 flags=0 ok=1 outsize=1461

Cmd: compileComputeKernel
  insize=8927 file=C:/Users/AJ/Desktop/Uni/Autodidacta/VFX/UnityVFX/Library/PackageCache/com.unity.render-pipelines.high-definition@10.5.1/Runtime/PostProcessing/Shaders/UberPost.compute kernel=Uber cachingPP=1 ppOnly=0 stripLineD=0 buildPlatform=13 km=<UNITY_VERSION=202039> pKW=UNITY_NO_DXT5nm UNITY_ENABLE_REFLECTION_BUFFERS UNITY_NO_CUBEMAP_ARRAY UNITY_NO_SCREENSPACE_SHADOWS UNITY_PBS_USE_BRDF2 UNITY_LIGHTMAP_FULL_HDR uKW=CHROMATIC_ABERRATION SHADER_STAGE_COMPUTE platform=d3d11 flags=0 ok=1 outsize=5071

Cmd: compileComputeKernel
  insize=8927 file=C:/Users/AJ/Desktop/Uni/Autodidacta/VFX/UnityVFX/Library/PackageCache/com.unity.render-pipelines.high-definition@10.5.1/Runtime/PostProcessing/Shaders/UberPost.compute kernel=Uber cachingPP=1 ppOnly=0 stripLineD=0 buildPlatform=13 km=<UNITY_VERSION=202039> pKW=UNITY_NO_DXT5nm UNITY_ENABLE_REFLECTION_BUFFERS UNITY_NO_CUBEMAP_ARRAY UNITY_NO_SCREENSPACE_SHADOWS UNITY_PBS_USE_BRDF2 UNITY_LIGHTMAP_FULL_HDR uKW=CHROMATIC_ABERRATION LENS_DISTORTION VIGNETTE SHADER_STAGE_COMPUTE platform=d3d11 flags=0 ok=1 outsize=8594

Cmd: compileComputeKernel
  insize=6022 file=C:/Users/AJ/Desktop/Uni/Autodidacta/VFX/UnityVFX/Library/PackageCache/com.unity.render-pipelines.high-definition@10.5.1/Runtime/Lighting/ScreenSpaceLighting/BilateralUpsample.compute kernel=BilateralUpSampleSingle cachingPP=1 ppOnly=0 stripLineD=0 buildPlatform=13 km=<BILATERAL_UPSAMPLE=BilateralUpSampleSingle>,<SINGLE_CHANNEL=1>,<UNITY_VERSION=202039> pKW=UNITY_NO_DXT5nm UNITY_ENABLE_REFLECTION_BUFFERS UNITY_NO_CUBEMAP_ARRAY UNITY_NO_SCREENSPACE_SHADOWS UNITY_PBS_USE_BRDF2 UNITY_LIGHTMAP_FULL_HDR uKW=SHADER_STAGE_COMPUTE platform=d3d11 flags=0 ok=1 outsize=2752

Cmd: compileComputeKernel
  insize=26393 file=C:/Users/AJ/Desktop/Uni/Autodidacta/VFX/UnityVFX/Library/PackageCache/com.unity.render-pipelines.high-definition@10.5.1/Runtime/Lighting/LightLoop/lightlistbuild-clustered.compute kernel=TileLightListGen_DepthRT cachingPP=1 ppOnly=0 stripLineD=0 buildPlatform=13 km=<LIGHTLISTGEN=TileLightListGen_DepthRT>,<ENABLE_DEPTH_TEXTURE_BACKPLANE=1>,<UNITY_VERSION=202039> pKW=UNITY_NO_DXT5nm UNITY_ENABLE_REFLECTION_BUFFERS UNITY_NO_CUBEMAP_ARRAY UNITY_NO_SCREENSPACE_SHADOWS UNITY_PBS_USE_BRDF2 UNITY_LIGHTMAP_FULL_HDR uKW=SHADER_STAGE_COMPUTE platform=d3d11 flags=0 ok=1 outsize=14757

Cmd: compileComputeKernel
  insize=5475 file=C:/Users/AJ/Desktop/Uni/Autodidacta/VFX/UnityVFX/Library/PackageCache/com.unity.render-pipelines.high-definition@10.5.1/Runtime/PostProcessing/Shaders/Exposure.compute kernel=KReduction cachingPP=1 ppOnly=0 stripLineD=0 buildPlatform=13 km=<UNITY_VERSION=202039> pKW=UNITY_NO_DXT5nm UNITY_ENABLE_REFLECTION_BUFFERS UNITY_NO_CUBEMAP_ARRAY UNITY_NO_SCREENSPACE_SHADOWS UNITY_PBS_USE_BRDF2 UNITY_LIGHTMAP_FULL_HDR uKW=SHADER_STAGE_COMPUTE platform=d3d11 flags=0 ok=1 outsize=5901

Cmd: compileComputeKernel
  insize=10754 file=C:/Users/AJ/Desktop/Uni/Autodidacta/VFX/UnityVFX/Library/PackageCache/com.unity.render-pipelines.high-definition@10.5.1/Runtime/Lighting/LightLoop/Deferred.compute kernel=Deferred_Indirect_Fptl_Variant28 cachingPP=1 ppOnly=0 stripLineD=0 buildPlatform=13 km=<SHADE_OPAQUE_ENTRY=Deferred_Indirect_Fptl_Variant28>,<USE_INDIRECT=1>,<VARIANT=28>,<UNITY_VERSION=202039> pKW=UNITY_NO_DXT5nm UNITY_ENABLE_REFLECTION_BUFFERS UNITY_NO_CUBEMAP_ARRAY UNITY_NO_SCREENSPACE_SHADOWS UNITY_PBS_USE_BRDF2 UNITY_LIGHTMAP_FULL_HDR uKW=SCREEN_SPACE_SHADOWS_OFF SHADOW_LOW SHADER_STAGE_COMPUTE platform=d3d11 flags=0 ok=1 outsize=111026

Cmd: compileComputeKernel
  insize=20782 file=C:/Users/AJ/Desktop/Uni/Autodidacta/VFX/UnityVFX/Library/PackageCache/com.unity.render-pipelines.high-definition@10.5.1/Runtime/Lighting/ScreenSpaceLighting/ScreenSpaceGlobalIllumination.compute kernel=TraceGlobalIllumination cachingPP=1 ppOnly=0 stripLineD=0 buildPlatform=13 km=<TRACE_GLOBAL_ILLUMINATION=TraceGlobalIllumination>,<GI_TRACE=1>,<UNITY_VERSION=202039> pKW=UNITY_NO_DXT5nm UNITY_NO_RGBM UNITY_ENABLE_REFLECTION_BUFFERS UNITY_FRAMEBUFFER_FETCH_AVAILABLE UNITY_NO_CUBEMAP_ARRAY UNITY_NO_SCREENSPACE_SHADOWS UNITY_PBS_USE_BRDF2 SHADER_API_MOBILE UNITY_LIGHTMAP_FULL_HDR SHADER_API_GLES30 uKW=SHADER_STAGE_COMPUTE platform=gles3 flags=268439552  error: 2 plat 9 at C:/Users/AJ/Desktop/Uni/Autodidacta/VFX/UnityVFX/Library/PackageCache/com.unity.render-pipelines.high-definition@10.5.1/Runtime/ShaderLibrary/ShaderVariablesFunctions.hlsl(119): syntax error: unexpected token '#'
 ok=0 outsize=0

Cmd: compileComputeKernel
  insize=5696 file=C:/Users/AJ/Desktop/Uni/Autodidacta/VFX/UnityVFX/Library/PackageCache/com.unity.render-pipelines.high-definition@10.5.1/Runtime/PostProcessing/Shaders/HistogramExposure.compute kernel=KHistogramReduce cachingPP=1 ppOnly=0 stripLineD=0 buildPlatform=13 km=<REDUCE_PASS=1>,<UNITY_VERSION=202039> pKW=UNITY_NO_DXT5nm UNITY_NO_RGBM UNITY_ENABLE_REFLECTION_BUFFERS UNITY_FRAMEBUFFER_FETCH_AVAILABLE UNITY_NO_CUBEMAP_ARRAY UNITY_NO_SCREENSPACE_SHADOWS UNITY_PBS_USE_BRDF2 SHADER_API_MOBILE UNITY_LIGHTMAP_FULL_HDR SHADER_API_GLES30 uKW=OUTPUT_DEBUG_DATA SHADER_STAGE_COMPUTE platform=gles3 flags=268439552  error: 2 plat 9 at C:/Users/AJ/Desktop/Uni/Autodidacta/VFX/UnityVFX/Library/PackageCache/com.unity.render-pipelines.high-definition@10.5.1/Runtime/ShaderLibrary/ShaderVariablesFunctions.hlsl(119): syntax error: unexpected token '#'
 ok=0 outsize=0

Cmd: compileComputeKernel
  insize=495 file=C:/Users/AJ/Desktop/Uni/Autodidacta/VFX/UnityVFX/Library/PackageCache/com.unity.render-pipelines.high-definition@10.5.1/Runtime/Lighting/ScreenSpaceLighting/GTAOCopyHistory.compute kernel=GTAODenoise_CopyHistory cachingPP=1 ppOnly=0 stripLineD=0 buildPlatform=13 km=<UNITY_VERSION=202039> pKW=UNITY_NO_DXT5nm UNITY_NO_RGBM UNITY_ENABLE_REFLECTION_BUFFERS UNITY_FRAMEBUFFER_FETCH_AVAILABLE UNITY_NO_CUBEMAP_ARRAY UNITY_NO_SCREENSPACE_SHADOWS UNITY_PBS_USE_BRDF2 SHADER_API_MOBILE UNITY_LIGHTMAP_FULL_HDR SHADER_API_GLES30 uKW=SHADER_STAGE_COMPUTE platform=gles3 flags=268439552  error: 2 plat 9 at C:/Users/AJ/Desktop/Uni/Autodidacta/VFX/UnityVFX/Library/PackageCache/com.unity.render-pipelines.high-definition@10.5.1/Runtime/ShaderLibrary/ShaderVariablesFunctions.hlsl(119): syntax error: unexpected token '#'
 ok=0 outsize=0

Cmd: compileComputeKernel
  insize=4779 file=C:/Users/AJ/Desktop/Uni/Autodidacta/VFX/UnityVFX/Library/PackageCache/com.unity.render-pipelines.high-definition@10.5.1/Runtime/Lighting/ScreenSpaceLighting/GTAOSpatialDenoise.compute kernel=SpatialDenoise cachingPP=1 ppOnly=0 stripLineD=0 buildPlatform=13 km=<UNITY_VERSION=202039> pKW=UNITY_NO_DXT5nm UNITY_NO_RGBM UNITY_ENABLE_REFLECTION_BUFFERS UNITY_FRAMEBUFFER_FETCH_AVAILABLE UNITY_NO_CUBEMAP_ARRAY UNITY_NO_SCREENSPACE_SHADOWS UNITY_PBS_USE_BRDF2 SHADER_API_MOBILE UNITY_LIGHTMAP_FULL_HDR SHADER_API_GLES30 uKW=TO_TEMPORAL SHADER_STAGE_COMPUTE platform=gles3 flags=268439552  error: 2 plat 9 at C:/Users/AJ/Desktop/Uni/Autodidacta/VFX/UnityVFX/Library/PackageCache/com.unity.render-pipelines.high-definition@10.5.1/Runtime/ShaderLibrary/ShaderVariablesFunctions.hlsl(119): syntax error: unexpected token '#'
 ok=0 outsize=0

Cmd: compileComputeKernel
  insize=10754 file=C:/Users/AJ/Desktop/Uni/Autodidacta/VFX/UnityVFX/Library/PackageCache/com.unity.render-pipelines.high-definition@10.5.1/Runtime/Lighting/LightLoop/Deferred.compute kernel=Deferred_Indirect_Fptl_Variant28 cachingPP=1 ppOnly=0 stripLineD=0 buildPlatform=13 km=<SHADE_OPAQUE_ENTRY=Deferred_Indirect_Fptl_Variant28>,<USE_INDIRECT=1>,<VARIANT=28>,<UNITY_VERSION=202039> pKW=UNITY_NO_DXT5nm UNITY_ENABLE_REFLECTION_BUFFERS UNITY_NO_CUBEMAP_ARRAY UNITY_NO_SCREENSPACE_SHADOWS UNITY_PBS_USE_BRDF2 UNITY_LIGHTMAP_FULL_HDR uKW=SCREEN_SPACE_SHADOWS_ON SHADOW_HIGH SHADER_STAGE_COMPUTE platform=d3d11 flags=0 ok=1 outsize=117672

Cmd: compileComputeKernel
  insize=10754 file=C:/Users/AJ/Desktop/Uni/Autodidacta/VFX/UnityVFX/Library/PackageCache/com.unity.render-pipelines.high-definition@10.5.1/Runtime/Lighting/LightLoop/Deferred.compute kernel=Deferred_Indirect_Fptl_Variant26 cachingPP=1 ppOnly=0 stripLineD=0 buildPlatform=13 km=<SHADE_OPAQUE_ENTRY=Deferred_Indirect_Fptl_Variant26>,<USE_INDIRECT=1>,<VARIANT=26>,<UNITY_VERSION=202039> pKW=UNITY_NO_DXT5nm UNITY_ENABLE_REFLECTION_BUFFERS UNITY_NO_CUBEMAP_ARRAY UNITY_NO_SCREENSPACE_SHADOWS UNITY_PBS_USE_BRDF2 UNITY_LIGHTMAP_FULL_HDR uKW=SCREEN_SPACE_SHADOWS_OFF SHADOW_HIGH SHADER_STAGE_COMPUTE platform=d3d11 flags=0 ok=1 outsize=56150

Cmd: compileComputeKernel
  insize=10754 file=C:/Users/AJ/Desktop/Uni/Autodidacta/VFX/UnityVFX/Library/PackageCache/com.unity.render-pipelines.high-definition@10.5.1/Runtime/Lighting/LightLoop/Deferred.compute kernel=Deferred_Indirect_Fptl_Variant25 cachingPP=1 ppOnly=0 stripLineD=0 buildPlatform=13 km=<SHADE_OPAQUE_ENTRY=Deferred_Indirect_Fptl_Variant25>,<USE_INDIRECT=1>,<VARIANT=25>,<UNITY_VERSION=202039> pKW=UNITY_NO_DXT5nm UNITY_ENABLE_REFLECTION_BUFFERS UNITY_NO_CUBEMAP_ARRAY UNITY_NO_SCREENSPACE_SHADOWS UNITY_PBS_USE_BRDF2 UNITY_LIGHTMAP_FULL_HDR uKW=SCREEN_SPACE_SHADOWS_OFF SHADOWS_SHADOWMASK SHADOW_LOW SHADER_STAGE_COMPUTE platform=d3d11 flags=0 ok=1 outsize=38687

Cmd: compileComputeKernel
  insize=10754 file=C:/Users/AJ/Desktop/Uni/Autodidacta/VFX/UnityVFX/Library/PackageCache/com.unity.render-pipelines.high-definition@10.5.1/Runtime/Lighting/LightLoop/Deferred.compute kernel=Deferred_Indirect_Fptl_Variant24 cachingPP=1 ppOnly=0 stripLineD=0 buildPlatform=13 km=<SHADE_OPAQUE_ENTRY=Deferred_Indirect_Fptl_Variant24>,<USE_INDIRECT=1>,<VARIANT=24>,<UNITY_VERSION=202039> pKW=UNITY_NO_DXT5nm UNITY_ENABLE_REFLECTION_BUFFERS UNITY_NO_CUBEMAP_ARRAY UNITY_NO_SCREENSPACE_SHADOWS UNITY_PBS_USE_BRDF2 UNITY_LIGHTMAP_FULL_HDR uKW=SCREEN_SPACE_SHADOWS_ON SHADOWS_SHADOWMASK SHADOW_HIGH SHADER_STAGE_COMPUTE platform=d3d11 flags=0 ok=1 outsize=59642

Cmd: compileComputeKernel
  insize=10754 file=C:/Users/AJ/Desktop/Uni/Autodidacta/VFX/UnityVFX/Library/PackageCache/com.unity.render-pipelines.high-definition@10.5.1/Runtime/Lighting/LightLoop/Deferred.compute kernel=Deferred_Indirect_Fptl_Variant22 cachingPP=1 ppOnly=0 stripLineD=0 buildPlatform=13 km=<SHADE_OPAQUE_ENTRY=Deferred_Indirect_Fptl_Variant22>,<USE_INDIRECT=1>,<VARIANT=22>,<UNITY_VERSION=202039> pKW=UNITY_NO_DXT5nm UNITY_ENABLE_REFLECTION_BUFFERS UNITY_NO_CUBEMAP_ARRAY UNITY_NO_SCREENSPACE_SHADOWS UNITY_PBS_USE_BRDF2 UNITY_LIGHTMAP_FULL_HDR uKW=SCREEN_SPACE_SHADOWS_OFF SHADOW_MEDIUM SHADER_STAGE_COMPUTE platform=d3d11 flags=0 ok=1 outsize=91901

Cmd: compileComputeKernel
  insize=10754 file=C:/Users/AJ/Desktop/Uni/Autodidacta/VFX/UnityVFX/Library/PackageCache/com.unity.render-pipelines.high-definition@10.5.1/Runtime/Lighting/LightLoop/Deferred.compute kernel=Deferred_Indirect_Fptl_Variant21 cachingPP=1 ppOnly=0 stripLineD=0 buildPlatform=13 km=<SHADE_OPAQUE_ENTRY=Deferred_Indirect_Fptl_Variant21>,<USE_INDIRECT=1>,<VARIANT=21>,<UNITY_VERSION=202039> pKW=UNITY_NO_DXT5nm UNITY_ENABLE_REFLECTION_BUFFERS UNITY_NO_CUBEMAP_ARRAY UNITY_NO_SCREENSPACE_SHADOWS UNITY_PBS_USE_BRDF2 UNITY_LIGHTMAP_FULL_HDR uKW=SCREEN_SPACE_SHADOWS_ON SHADOWS_SHADOWMASK SHADOW_HIGH SHADER_STAGE_COMPUTE platform=d3d11 flags=0 ok=1 outsize=62214

Cmd: compileComputeKernel
  insize=10754 file=C:/Users/AJ/Desktop/Uni/Autodidacta/VFX/UnityVFX/Library/PackageCache/com.unity.render-pipelines.high-definition@10.5.1/Runtime/Lighting/LightLoop/Deferred.compute kernel=Deferred_Indirect_Fptl_Variant19 cachingPP=1 ppOnly=0 stripLineD=0 buildPlatform=13 km=<SHADE_OPAQUE_ENTRY=Deferred_Indirect_Fptl_Variant19>,<USE_INDIRECT=1>,<VARIANT=19>,<UNITY_VERSION=202039> pKW=UNITY_NO_DXT5nm UNITY_ENABLE_REFLECTION_BUFFERS UNITY_NO_CUBEMAP_ARRAY UNITY_NO_SCREENSPACE_SHADOWS UNITY_PBS_USE_BRDF2 UNITY_LIGHTMAP_FULL_HDR uKW=SCREEN_SPACE_SHADOWS_ON SHADOWS_SHADOWMASK SHADOW_LOW SHADER_STAGE_COMPUTE platform=d3d11 flags=0 ok=1 outsize=64094

Cmd: compileComputeKernel
  insize=10754 file=C:/Users/AJ/Desktop/Uni/Autodidacta/VFX/UnityVFX/Library/PackageCache/com.unity.render-pipelines.high-definition@10.5.1/Runtime/Lighting/LightLoop/Deferred.compute kernel=Deferred_Indirect_Fptl_Variant18 cachingPP=1 ppOnly=0 stripLineD=0 buildPlatform=13 km=<SHADE_OPAQUE_ENTRY=Deferred_Indirect_Fptl_Variant18>,<USE_INDIRECT=1>,<VARIANT=18>,<UNITY_VERSION=202039> pKW=UNITY_NO_DXT5nm UNITY_ENABLE_REFLECTION_BUFFERS UNITY_NO_CUBEMAP_ARRAY UNITY_NO_SCREENSPACE_SHADOWS UNITY_PBS_USE_BRDF2 UNITY_LIGHTMAP_FULL_HDR uKW=SCREEN_SPACE_SHADOWS_ON SHADOW_HIGH SHADER_STAGE_COMPUTE platform=d3d11 flags=0 ok=1 outsize=47391

Cmd: compileComputeKernel
  insize=10754 file=C:/Users/AJ/Desktop/Uni/Autodidacta/VFX/UnityVFX/Library/PackageCache/com.unity.render-pipelines.high-definition@10.5.1/Runtime/Lighting/LightLoop/Deferred.compute kernel=Deferred_Indirect_Fptl_Variant16 cachingPP=1 ppOnly=0 stripLineD=0 buildPlatform=13 km=<SHADE_OPAQUE_ENTRY=Deferred_Indirect_Fptl_Variant16>,<USE_INDIRECT=1>,<VARIANT=16>,<UNITY_VERSION=202039> pKW=UNITY_NO_DXT5nm UNITY_ENABLE_REFLECTION_BUFFERS UNITY_NO_CUBEMAP_ARRAY UNITY_NO_SCREENSPACE_SHADOWS UNITY_PBS_USE_BRDF2 UNITY_LIGHTMAP_FULL_HDR uKW=SCREEN_SPACE_SHADOWS_OFF SHADOW_LOW SHADER_STAGE_COMPUTE platform=d3d11 flags=0 ok=1 outsize=50882

Cmd: compileComputeKernel
  insize=10754 file=C:/Users/AJ/Desktop/Uni/Autodidacta/VFX/UnityVFX/Library/PackageCache/com.unity.render-pipelines.high-definition@10.5.1/Runtime/Lighting/LightLoop/Deferred.compute kernel=Deferred_Indirect_Fptl_Variant15 cachingPP=1 ppOnly=0 stripLineD=0 buildPlatform=13 km=<SHADE_OPAQUE_ENTRY=Deferred_Indirect_Fptl_Variant15>,<USE_INDIRECT=1>,<VARIANT=15>,<UNITY_VERSION=202039> pKW=UNITY_NO_DXT5nm UNITY_ENABLE_REFLECTION_BUFFERS UNITY_NO_CUBEMAP_ARRAY UNITY_NO_SCREENSPACE_SHADOWS UNITY_PBS_USE_BRDF2 UNITY_LIGHTMAP_FULL_HDR uKW=SCREEN_SPACE_SHADOWS_OFF SHADOW_LOW SHADER_STAGE_COMPUTE platform=d3d11 flags=0 ok=1 outsize=36593

Cmd: compileComputeKernel
  insize=10754 file=C:/Users/AJ/Desktop/Uni/Autodidacta/VFX/UnityVFX/Library/PackageCache/com.unity.render-pipelines.high-definition@10.5.1/Runtime/Lighting/LightLoop/Deferred.compute kernel=Deferred_Indirect_Fptl_Variant14 cachingPP=1 ppOnly=0 stripLineD=0 buildPlatform=13 km=<SHADE_OPAQUE_ENTRY=Deferred_Indirect_Fptl_Variant14>,<USE_INDIRECT=1>,<VARIANT=14>,<UNITY_VERSION=202039> pKW=UNITY_NO_DXT5nm UNITY_ENABLE_REFLECTION_BUFFERS UNITY_NO_CUBEMAP_ARRAY UNITY_NO_SCREENSPACE_SHADOWS UNITY_PBS_USE_BRDF2 UNITY_LIGHTMAP_FULL_HDR uKW=SCREEN_SPACE_SHADOWS_ON SHADOWS_SHADOWMASK SHADOW_LOW SHADER_STAGE_COMPUTE platform=d3d11 flags=0 ok=1 outsize=56554

Cmd: compileComputeKernel
  insize=10754 file=C:/Users/AJ/Desktop/Uni/Autodidacta/VFX/UnityVFX/Library/PackageCache/com.unity.render-pipelines.high-definition@10.5.1/Runtime/Lighting/LightLoop/Deferred.compute kernel=Deferred_Indirect_Fptl_Variant13 cachingPP=1 ppOnly=0 stripLineD=0 buildPlatform=13 km=<SHADE_OPAQUE_ENTRY=Deferred_Indirect_Fptl_Variant13>,<USE_INDIRECT=1>,<VARIANT=13>,<UNITY_VERSION=202039> pKW=UNITY_NO_DXT5nm UNITY_ENABLE_REFLECTION_BUFFERS UNITY_NO_CUBEMAP_ARRAY UNITY_NO_SCREENSPACE_SHADOWS UNITY_PBS_USE_BRDF2 UNITY_LIGHTMAP_FULL_HDR uKW=SCREEN_SPACE_SHADOWS_ON SHADOWS_SHADOWMASK SHADOW_LOW SHADER_STAGE_COMPUTE platform=d3d11 flags=0 ok=1 outsize=44057

Cmd: compileComputeKernel
  insize=10754 file=C:/Users/AJ/Desktop/Uni/Autodidacta/VFX/UnityVFX/Library/PackageCache/com.unity.render-pipelines.high-definition@10.5.1/Runtime/Lighting/LightLoop/Deferred.compute kernel=Deferred_Indirect_Fptl_Variant12 cachingPP=1 ppOnly=0 stripLineD=0 buildPlatform=13 km=<SHADE_OPAQUE_ENTRY=Deferred_Indirect_Fptl_Variant12>,<USE_INDIRECT=1>,<VARIANT=12>,<UNITY_VERSION=202039> pKW=UNITY_NO_DXT5nm UNITY_ENABLE_REFLECTION_BUFFERS UNITY_NO_CUBEMAP_ARRAY UNITY_NO_SCREENSPACE_SHADOWS UNITY_PBS_USE_BRDF2 UNITY_LIGHTMAP_FULL_HDR uKW=SCREEN_SPACE_SHADOWS_OFF SHADOWS_SHADOWMASK SHADOW_MEDIUM SHADER_STAGE_COMPUTE platform=d3d11 flags=0 ok=1 outsize=94086

Cmd: compileComputeKernel
  insize=39136 file=C:/Users/AJ/Desktop/Uni/Autodidacta/VFX/UnityVFX/Library/PackageCache/com.unity.render-pipelines.high-definition@10.5.1/Runtime/Lighting/VolumetricLighting/VolumetricLighting.compute kernel=VolumetricLighting cachingPP=1 ppOnly=0 stripLineD=0 buildPlatform=13 km=<UNITY_VERSION=202039> pKW=UNITY_NO_DXT5nm UNITY_NO_RGBM UNITY_ENABLE_REFLECTION_BUFFERS UNITY_NO_CUBEMAP_ARRAY UNITY_NO_SCREENSPACE_SHADOWS UNITY_PBS_USE_BRDF2 SHADER_API_MOBILE UNITY_LIGHTMAP_FULL_HDR uKW=ENABLE_ANISOTROPY SUPPORT_LOCAL_LIGHTS VL_PRESET_OPTIMAL SHADER_STAGE_COMPUTE platform=vulkan flags=268439552 ok=1 outsize=217359

Cmd: compileComputeKernel
  insize=39136 file=C:/Users/AJ/Desktop/Uni/Autodidacta/VFX/UnityVFX/Library/PackageCache/com.unity.render-pipelines.high-definition@10.5.1/Runtime/Lighting/VolumetricLighting/VolumetricLighting.compute kernel=VolumetricLighting cachingPP=1 ppOnly=0 stripLineD=0 buildPlatform=13 km=<UNITY_VERSION=202039> pKW=UNITY_NO_DXT5nm UNITY_NO_RGBM UNITY_ENABLE_REFLECTION_BUFFERS UNITY_NO_CUBEMAP_ARRAY UNITY_NO_SCREENSPACE_SHADOWS UNITY_PBS_USE_BRDF2 SHADER_API_MOBILE UNITY_LIGHTMAP_FULL_HDR uKW=ENABLE_ANISOTROPY ENABLE_REPROJECTION LIGHTLOOP_DISABLE_TILE_AND_CLUSTER VL_PRESET_OPTIMAL SHADER_STAGE_COMPUTE platform=vulkan flags=268439552 ok=1 outsize=93192

Cmd: compileComputeKernel
  insize=6865 file=C:/Users/AJ/Desktop/Uni/Autodidacta/VFX/UnityVFX/Library/PackageCache/com.unity.render-pipelines.high-definition@10.5.1/Runtime/RenderPipeline/RenderPass/ColorPyramid.compute kernel=KColorDownsample cachingPP=1 ppOnly=0 stripLineD=0 buildPlatform=13 km=<KERNEL_SIZE=8>,<MAIN_DOWNSAMPLE=KColorDownsample>,<UNITY_VERSION=202039> pKW=UNITY_NO_DXT5nm UNITY_NO_RGBM UNITY_ENABLE_REFLECTION_BUFFERS UNITY_NO_CUBEMAP_ARRAY UNITY_NO_SCREENSPACE_SHADOWS UNITY_PBS_USE_BRDF2 SHADER_API_MOBILE UNITY_LIGHTMAP_FULL_HDR uKW=COPY_MIP_0 SHADER_STAGE_COMPUTE platform=vulkan flags=268439552 ok=1 outsize=5206

Cmd: compileComputeKernel
  insize=6865 file=C:/Users/AJ/Desktop/Uni/Autodidacta/VFX/UnityVFX/Library/PackageCache/com.unity.render-pipelines.high-definition@10.5.1/Runtime/RenderPipeline/RenderPass/ColorPyramid.compute kernel=KColorGaussian cachingPP=1 ppOnly=0 stripLineD=0 buildPlatform=13 km=<KERNEL_SIZE=8>,<MAIN_GAUSSIAN=KColorGaussian>,<UNITY_VERSION=202039> pKW=UNITY_NO_DXT5nm UNITY_NO_RGBM UNITY_ENABLE_REFLECTION_BUFFERS UNITY_NO_CUBEMAP_ARRAY UNITY_NO_SCREENSPACE_SHADOWS UNITY_PBS_USE_BRDF2 SHADER_API_MOBILE UNITY_LIGHTMAP_FULL_HDR uKW=DISABLE_TEXTURE2D_X_ARRAY SHADER_STAGE_COMPUTE platform=vulkan flags=268439552 ok=1 outsize=25207

Cmd: compileComputeKernel
  insize=20491 file=C:/Users/AJ/Desktop/Uni/Autodidacta/VFX/UnityVFX/Library/PackageCache/com.unity.render-pipelines.high-definition@10.5.1/Runtime/Lighting/LightLoop/lightlistbuild.compute kernel=TileLightListGen cachingPP=1 ppOnly=0 stripLineD=0 buildPlatform=13 km=<UNITY_VERSION=202039> pKW=UNITY_NO_DXT5nm UNITY_NO_RGBM UNITY_ENABLE_REFLECTION_BUFFERS UNITY_NO_CUBEMAP_ARRAY UNITY_NO_SCREENSPACE_SHADOWS UNITY_PBS_USE_BRDF2 SHADER_API_MOBILE UNITY_LIGHTMAP_FULL_HDR uKW=USE_TWO_PASS_TILED_LIGHTING SHADER_STAGE_COMPUTE platform=vulkan flags=268439552 ok=1 outsize=63960

Cmd: compileComputeKernel
  insize=29481 file=C:/Users/AJ/Desktop/Uni/Autodidacta/VFX/UnityVFX/Library/PackageCache/com.unity.render-pipelines.high-definition@10.5.1/Runtime/Lighting/ScreenSpaceLighting/ScreenSpaceReflections.compute kernel=ScreenSpaceReflectionsReprojection cachingPP=1 ppOnly=0 stripLineD=0 buildPlatform=13 km=<SSR_REPROJECT=1>,<UNITY_VERSION=202039> pKW=UNITY_NO_DXT5nm UNITY_NO_RGBM UNITY_ENABLE_REFLECTION_BUFFERS UNITY_NO_CUBEMAP_ARRAY UNITY_NO_SCREENSPACE_SHADOWS UNITY_PBS_USE_BRDF2 SHADER_API_MOBILE UNITY_LIGHTMAP_FULL_HDR uKW=DEPTH_SOURCE_NOT_FROM_MIP_CHAIN SSR_APPROX SHADER_STAGE_COMPUTE platform=vulkan flags=268439552 ok=1 outsize=21224

Cmd: compileComputeKernel
  insize=1891 file=C:/Users/AJ/Desktop/Uni/Autodidacta/VFX/UnityVFX/Library/PackageCache/com.unity.render-pipelines.high-definition@10.5.1/Runtime/PostProcessing/Shaders/BloomUpsample.compute kernel=KMain cachingPP=1 ppOnly=0 stripLineD=0 buildPlatform=13 km=<UNITY_VERSION=202039> pKW=UNITY_NO_DXT5nm UNITY_NO_RGBM UNITY_ENABLE_REFLECTION_BUFFERS UNITY_NO_CUBEMAP_ARRAY UNITY_NO_SCREENSPACE_SHADOWS UNITY_PBS_USE_BRDF2 SHADER_API_MOBILE UNITY_LIGHTMAP_FULL_HDR uKW=HIGH_QUALITY SHADER_STAGE_COMPUTE platform=vulkan flags=268439552 ok=1 outsize=20451

Cmd: compileComputeKernel
  insize=17123 file=C:/Users/AJ/Desktop/Uni/Autodidacta/VFX/UnityVFX/Library/PackageCache/com.unity.render-pipelines.high-definition@10.5.1/Runtime/Lighting/VolumetricLighting/VolumeVoxelization.compute kernel=VolumeVoxelizationBruteforceOptimal cachingPP=1 ppOnly=0 stripLineD=0 buildPlatform=13 km=<VolumeVoxelization=VolumeVoxelizationBruteforceOptimal>,<LIGHTLOOP_DISABLE_TILE_AND_CLUSTER=1>,<VL_PRESET_OPTIMAL=1>,<UNITY_VERSION=202039> pKW=UNITY_NO_DXT5nm UNITY_NO_RGBM UNITY_ENABLE_REFLECTION_BUFFERS UNITY_NO_CUBEMAP_ARRAY UNITY_NO_SCREENSPACE_SHADOWS UNITY_PBS_USE_BRDF2 SHADER_API_MOBILE UNITY_LIGHTMAP_FULL_HDR uKW=SHADER_STAGE_COMPUTE platform=vulkan flags=268439552 ok=1 outsize=43105

Cmd: compileComputeKernel
  insize=8847 file=C:/Users/AJ/Desktop/Uni/Autodidacta/VFX/UnityVFX/Library/PackageCache/com.unity.render-pipelines.high-definition@10.5.1/Runtime/Lighting/ProbeVolume/ProbeVolumeAtlasBlit.compute kernel=ProbeVolumeAtlasBlitKernel cachingPP=1 ppOnly=0 stripLineD=0 buildPlatform=13 km=<PROBE_VOLUME_ATLAS_BLIT_KERNEL=ProbeVolumeAtlasBlitKernel>,<UNITY_VERSION=202039> pKW=UNITY_NO_DXT5nm UNITY_NO_RGBM UNITY_ENABLE_REFLECTION_BUFFERS UNITY_NO_CUBEMAP_ARRAY UNITY_NO_SCREENSPACE_SHADOWS UNITY_PBS_USE_BRDF2 SHADER_API_MOBILE UNITY_LIGHTMAP_FULL_HDR uKW=SHADER_STAGE_COMPUTE platform=vulkan flags=268439552 ok=1 outsize=8792

Cmd: compileComputeKernel
  insize=3461 file=C:/Users/AJ/Desktop/Uni/Autodidacta/VFX/UnityVFX/Library/PackageCache/com.unity.render-pipelines.high-definition@10.5.1/Runtime/PostProcessing/Shaders/MotionBlurGenTilePass.compute kernel=TileGenPass cachingPP=1 ppOnly=0 stripLineD=0 buildPlatform=13 km=<GEN_PASS=1>,<UNITY_VERSION=202039> pKW=UNITY_NO_DXT5nm UNITY_NO_RGBM UNITY_ENABLE_REFLECTION_BUFFERS UNITY_NO_CUBEMAP_ARRAY UNITY_NO_SCREENSPACE_SHADOWS UNITY_PBS_USE_BRDF2 SHADER_API_MOBILE UNITY_LIGHTMAP_FULL_HDR uKW=SCATTERING SHADER_STAGE_COMPUTE platform=vulkan flags=268439552 ok=1 outsize=13856

Cmd: compileComputeKernel
  insize=20782 file=C:/Users/AJ/Desktop/Uni/Autodidacta/VFX/UnityVFX/Library/PackageCache/com.unity.render-pipelines.high-definition@10.5.1/Runtime/Lighting/ScreenSpaceLighting/ScreenSpaceGlobalIllumination.compute kernel=ConvertYCoCgToRGBHalf cachingPP=1 ppOnly=0 stripLineD=0 buildPlatform=13 km=<CONVERT_YCOCG_TO_RGB=ConvertYCoCgToRGBHalf>,<HALF_RES=1>,<UNITY_VERSION=202039> pKW=UNITY_NO_DXT5nm UNITY_NO_RGBM UNITY_ENABLE_REFLECTION_BUFFERS UNITY_NO_CUBEMAP_ARRAY UNITY_NO_SCREENSPACE_SHADOWS UNITY_PBS_USE_BRDF2 SHADER_API_MOBILE UNITY_LIGHTMAP_FULL_HDR uKW=SHADER_STAGE_COMPUTE platform=vulkan flags=268439552 ok=1 outsize=11402

Cmd: compileComputeKernel
  insize=20782 file=C:/Users/AJ/Desktop/Uni/Autodidacta/VFX/UnityVFX/Library/PackageCache/com.unity.render-pipelines.high-definition@10.5.1/Runtime/Lighting/ScreenSpaceLighting/ScreenSpaceGlobalIllumination.compute kernel=TraceGlobalIllumination cachingPP=1 ppOnly=0 stripLineD=0 buildPlatform=13 km=<TRACE_GLOBAL_ILLUMINATION=TraceGlobalIllumination>,<GI_TRACE=1>,<UNITY_VERSION=202039> pKW=UNITY_NO_DXT5nm UNITY_NO_RGBM UNITY_ENABLE_REFLECTION_BUFFERS UNITY_NO_CUBEMAP_ARRAY UNITY_NO_SCREENSPACE_SHADOWS UNITY_PBS_USE_BRDF2 SHADER_API_MOBILE UNITY_LIGHTMAP_FULL_HDR uKW=SHADER_STAGE_COMPUTE platform=vulkan flags=268439552 ok=1 outsize=44504

Cmd: compileComputeKernel
  insize=9221 file=C:/Users/AJ/Desktop/Uni/Autodidacta/VFX/UnityVFX/Library/PackageCache/com.unity.visualeffectgraph@10.5.1/Shaders/Sort.compute kernel=BitonicPrePass cachingPP=1 ppOnly=0 stripLineD=0 buildPlatform=13 km=<BITONIC_SORT=BitonicPrePass>,<ELEMENTS_COUNT=4096>,<ITERATIONS_COUNT=2>,<FINAL_PASS=0>,<UNITY_VERSION=202039> pKW=UNITY_NO_DXT5nm UNITY_NO_RGBM UNITY_ENABLE_REFLECTION_BUFFERS UNITY_NO_CUBEMAP_ARRAY UNITY_NO_SCREENSPACE_SHADOWS UNITY_PBS_USE_BRDF2 SHADER_API_MOBILE UNITY_LIGHTMAP_FULL_HDR uKW=SHADER_STAGE_COMPUTE platform=vulkan flags=268439552 ok=1 outsize=11192

Cmd: compileComputeKernel
  insize=5696 file=C:/Users/AJ/Desktop/Uni/Autodidacta/VFX/UnityVFX/Library/PackageCache/com.unity.render-pipelines.high-definition@10.5.1/Runtime/PostProcessing/Shaders/HistogramExposure.compute kernel=KHistogramGen cachingPP=1 ppOnly=0 stripLineD=0 buildPlatform=13 km=<GEN_PASS=1>,<UNITY_VERSION=202039> pKW=UNITY_NO_DXT5nm UNITY_NO_RGBM UNITY_ENABLE_REFLECTION_BUFFERS UNITY_FRAMEBUFFER_FETCH_AVAILABLE UNITY_NO_CUBEMAP_ARRAY UNITY_NO_SCREENSPACE_SHADOWS UNITY_PBS_USE_BRDF2 SHADER_API_MOBILE UNITY_LIGHTMAP_FULL_HDR SHADER_API_GLES30 uKW=OUTPUT_DEBUG_DATA SHADER_STAGE_COMPUTE platform=gles3 flags=268439552  error: 2 plat 9 at C:/Users/AJ/Desktop/Uni/Autodidacta/VFX/UnityVFX/Library/PackageCache/com.unity.render-pipelines.high-definition@10.5.1/Runtime/ShaderLibrary/ShaderVariablesFunctions.hlsl(119): syntax error: unexpected token '#'
 ok=0 outsize=0

Cmd: compileComputeKernel
  insize=3901 file=C:/Users/AJ/Desktop/Uni/Autodidacta/VFX/UnityVFX/Library/PackageCache/com.unity.render-pipelines.high-definition@10.5.1/Runtime/PostProcessing/Shaders/DepthOfFieldCombine.compute kernel=KMain cachingPP=1 ppOnly=0 stripLineD=0 buildPlatform=13 km=<UNITY_VERSION=202039> pKW=UNITY_NO_DXT5nm UNITY_NO_RGBM UNITY_ENABLE_REFLECTION_BUFFERS UNITY_NO_CUBEMAP_ARRAY UNITY_NO_SCREENSPACE_SHADOWS UNITY_PBS_USE_BRDF2 SHADER_API_MOBILE UNITY_LIGHTMAP_FULL_HDR uKW=ENABLE_ALPHA LOW_QUALITY NEAR SHADER_STAGE_COMPUTE platform=vulkan flags=268439552 ok=1 outsize=14261

Cmd: compileComputeKernel
  insize=4520 file=C:/Users/AJ/Desktop/Uni/Autodidacta/VFX/UnityVFX/Library/PackageCache/com.unity.render-pipelines.high-definition@10.5.1/Runtime/PostProcessing/Shaders/BloomPrefilter.compute kernel=KMain cachingPP=1 ppOnly=0 stripLineD=0 buildPlatform=13 km=<UNITY_VERSION=202039> pKW=UNITY_NO_DXT5nm UNITY_NO_RGBM UNITY_ENABLE_REFLECTION_BUFFERS UNITY_NO_CUBEMAP_ARRAY UNITY_NO_SCREENSPACE_SHADOWS UNITY_PBS_USE_BRDF2 SHADER_API_MOBILE UNITY_LIGHTMAP_FULL_HDR uKW=HIGH_QUALITY SHADER_STAGE_COMPUTE platform=vulkan flags=268439552 ok=1 outsize=45951

Cmd: compileComputeKernel
  insize=10317 file=C:/Users/AJ/Desktop/Uni/Autodidacta/VFX/UnityVFX/Library/PackageCache/com.unity.render-pipelines.high-definition@10.5.1/Runtime/Lighting/ScreenSpaceLighting/GTAOBlurAndUpsample.compute kernel=Blur_FullRes cachingPP=1 ppOnly=0 stripLineD=0 buildPlatform=13 km=<BLUR_KERNEL_NAME=Blur_FullRes>,<BLUR=1>,<FULL_RES=1>,<UNITY_VERSION=202039> pKW=UNITY_NO_DXT5nm UNITY_NO_RGBM UNITY_ENABLE_REFLECTION_BUFFERS UNITY_FRAMEBUFFER_FETCH_AVAILABLE UNITY_NO_CUBEMAP_ARRAY UNITY_NO_SCREENSPACE_SHADOWS UNITY_PBS_USE_BRDF2 SHADER_API_MOBILE UNITY_LIGHTMAP_FULL_HDR SHADER_API_GLES30 uKW=SHADER_STAGE_COMPUTE platform=gles3 flags=268439552  error: 2 plat 9 at C:/Users/AJ/Desktop/Uni/Autodidacta/VFX/UnityVFX/Library/PackageCache/com.unity.render-pipelines.high-definition@10.5.1/Runtime/ShaderLibrary/ShaderVariablesFunctions.hlsl(119): syntax error: unexpected token '#'
 ok=0 outsize=0

Cmd: compileComputeKernel
  insize=4140 file=C:/Users/AJ/Desktop/Uni/Autodidacta/VFX/UnityVFX/Library/PackageCache/com.unity.render-pipelines.high-definition@10.5.1/Runtime/PostProcessing/Shaders/DepthOfFieldCoCReproject.compute kernel=KMain cachingPP=1 ppOnly=0 stripLineD=0 buildPlatform=13 km=<UNITY_VERSION=202039> pKW=UNITY_NO_DXT5nm UNITY_NO_RGBM UNITY_ENABLE_REFLECTION_BUFFERS UNITY_NO_CUBEMAP_ARRAY UNITY_NO_SCREENSPACE_SHADOWS UNITY_PBS_USE_BRDF2 SHADER_API_MOBILE UNITY_LIGHTMAP_FULL_HDR uKW=ENABLE_MAX_BLENDING SHADER_STAGE_COMPUTE platform=vulkan flags=268439552 ok=1 outsize=19827

Cmd: compileComputeKernel
  insize=8927 file=C:/Users/AJ/Desktop/Uni/Autodidacta/VFX/UnityVFX/Library/PackageCache/com.unity.render-pipelines.high-definition@10.5.1/Runtime/PostProcessing/Shaders/UberPost.compute kernel=Uber cachingPP=1 ppOnly=0 stripLineD=0 buildPlatform=13 km=<UNITY_VERSION=202039> pKW=UNITY_NO_DXT5nm UNITY_NO_RGBM UNITY_ENABLE_REFLECTION_BUFFERS UNITY_NO_CUBEMAP_ARRAY UNITY_NO_SCREENSPACE_SHADOWS UNITY_PBS_USE_BRDF2 SHADER_API_MOBILE UNITY_LIGHTMAP_FULL_HDR uKW=VIGNETTE SHADER_STAGE_COMPUTE platform=vulkan flags=268439552 ok=1 outsize=29583

Cmd: compileComputeKernel
  insize=26393 file=C:/Users/AJ/Desktop/Uni/Autodidacta/VFX/UnityVFX/Library/PackageCache/com.unity.render-pipelines.high-definition@10.5.1/Runtime/Lighting/LightLoop/lightlistbuild-clustered.compute kernel=TileLightListGen_DepthRT_Oblique cachingPP=1 ppOnly=0 stripLineD=0 buildPlatform=13 km=<LIGHTLISTGEN=TileLightListGen_DepthRT_Oblique>,<ENABLE_DEPTH_TEXTURE_BACKPLANE=1>,<USE_OBLIQUE_MODE=1>,<UNITY_VERSION=202039> pKW=UNITY_NO_DXT5nm UNITY_NO_RGBM UNITY_ENABLE_REFLECTION_BUFFERS UNITY_NO_CUBEMAP_ARRAY UNITY_NO_SCREENSPACE_SHADOWS UNITY_PBS_USE_BRDF2 SHADER_API_MOBILE UNITY_LIGHTMAP_FULL_HDR uKW=SHADER_STAGE_COMPUTE platform=vulkan flags=268439552 ok=1 outsize=67201

Cmd: compileComputeKernel
  insize=3722 file=C:/Users/AJ/Desktop/Uni/Autodidacta/VFX/UnityVFX/Library/PackageCache/com.unity.render-pipelines.high-definition@10.5.1/Runtime/PostProcessing/Shaders/DepthOfFieldPrefilter.compute kernel=KMain cachingPP=1 ppOnly=0 stripLineD=0 buildPlatform=13 km=<UNITY_VERSION=202039> pKW=UNITY_NO_DXT5nm UNITY_NO_RGBM UNITY_ENABLE_REFLECTION_BUFFERS UNITY_NO_CUBEMAP_ARRAY UNITY_NO_SCREENSPACE_SHADOWS UNITY_PBS_USE_BRDF2 SHADER_API_MOBILE UNITY_LIGHTMAP_FULL_HDR uKW=ENABLE_ALPHA NEAR SHADER_STAGE_COMPUTE platform=vulkan flags=268439552 ok=1 outsize=19530

Cmd: compileComputeKernel
  insize=13292 file=C:/Users/AJ/Desktop/Uni/Autodidacta/VFX/UnityVFX/Library/PackageCache/com.unity.render-pipelines.high-definition@10.5.1/Runtime/Lighting/ScreenSpaceLighting/SSGIDenoiser.compute kernel=TemporalFilterHalf cachingPP=1 ppOnly=0 stripLineD=0 buildPlatform=13 km=<TEMPORAL_FILTER=TemporalFilterHalf>,<HALF_RES=1>,<UNITY_VERSION=202039> pKW=UNITY_NO_DXT5nm UNITY_NO_RGBM UNITY_ENABLE_REFLECTION_BUFFERS UNITY_NO_CUBEMAP_ARRAY UNITY_NO_SCREENSPACE_SHADOWS UNITY_PBS_USE_BRDF2 SHADER_API_MOBILE UNITY_LIGHTMAP_FULL_HDR uKW=SHADER_STAGE_COMPUTE platform=vulkan flags=268439552 ok=1 outsize=30709

Cmd: compileComputeKernel
  insize=6972 file=C:/Users/AJ/Desktop/Uni/Autodidacta/VFX/UnityVFX/Library/PackageCache/com.unity.render-pipelines.high-definition@10.5.1/Runtime/PostProcessing/Shaders/MotionBlurNeighborhoodTilePass.compute kernel=TileNeighbourhood cachingPP=1 ppOnly=0 stripLineD=0 buildPlatform=13 km=<NEIGHBOURHOOD_PASS=1>,<UNITY_VERSION=202039> pKW=UNITY_NO_DXT5nm UNITY_NO_RGBM UNITY_ENABLE_REFLECTION_BUFFERS UNITY_NO_CUBEMAP_ARRAY UNITY_NO_SCREENSPACE_SHADOWS UNITY_PBS_USE_BRDF2 SHADER_API_MOBILE UNITY_LIGHTMAP_FULL_HDR uKW=SHADER_STAGE_COMPUTE platform=vulkan flags=268439552 ok=1 outsize=13540

Cmd: compileComputeKernel
  insize=10754 file=C:/Users/AJ/Desktop/Uni/Autodidacta/VFX/UnityVFX/Library/PackageCache/com.unity.render-pipelines.high-definition@10.5.1/Runtime/Lighting/LightLoop/Deferred.compute kernel=Deferred_Indirect_Fptl_Variant11 cachingPP=1 ppOnly=0 stripLineD=0 buildPlatform=13 km=<SHADE_OPAQUE_ENTRY=Deferred_Indirect_Fptl_Variant11>,<USE_INDIRECT=1>,<VARIANT=11>,<UNITY_VERSION=202039> pKW=UNITY_NO_DXT5nm UNITY_ENABLE_REFLECTION_BUFFERS UNITY_NO_CUBEMAP_ARRAY UNITY_NO_SCREENSPACE_SHADOWS UNITY_PBS_USE_BRDF2 UNITY_LIGHTMAP_FULL_HDR uKW=SCREEN_SPACE_SHADOWS_ON SHADOWS_SHADOWMASK SHADOW_HIGH SHADER_STAGE_COMPUTE platform=d3d11 flags=0 ok=1 outsize=62969

Cmd: compileComputeKernel
  insize=10754 file=C:/Users/AJ/Desktop/Uni/Autodidacta/VFX/UnityVFX/Library/PackageCache/com.unity.render-pipelines.high-definition@10.5.1/Runtime/Lighting/LightLoop/Deferred.compute kernel=Deferred_Indirect_Fptl_Variant7 cachingPP=1 ppOnly=0 stripLineD=0 buildPlatform=13 km=<SHADE_OPAQUE_ENTRY=Deferred_Indirect_Fptl_Variant7>,<USE_INDIRECT=1>,<VARIANT=7>,<UNITY_VERSION=202039> pKW=UNITY_NO_DXT5nm UNITY_ENABLE_REFLECTION_BUFFERS UNITY_NO_CUBEMAP_ARRAY UNITY_NO_SCREENSPACE_SHADOWS UNITY_PBS_USE_BRDF2 UNITY_LIGHTMAP_FULL_HDR uKW=SCREEN_SPACE_SHADOWS_OFF SHADOWS_SHADOWMASK SHADOW_MEDIUM SHADER_STAGE_COMPUTE platform=d3d11 flags=0 ok=1 outsize=80442

Cmd: compileComputeKernel
  insize=10754 file=C:/Users/AJ/Desktop/Uni/Autodidacta/VFX/UnityVFX/Library/PackageCache/com.unity.render-pipelines.high-definition@10.5.1/Runtime/Lighting/LightLoop/Deferred.compute kernel=Deferred_Indirect_Fptl_Variant6 cachingPP=1 ppOnly=0 stripLineD=0 buildPlatform=13 km=<SHADE_OPAQUE_ENTRY=Deferred_Indirect_Fptl_Variant6>,<USE_INDIRECT=1>,<VARIANT=6>,<UNITY_VERSION=202039> pKW=UNITY_NO_DXT5nm UNITY_ENABLE_REFLECTION_BUFFERS UNITY_NO_CUBEMAP_ARRAY UNITY_NO_SCREENSPACE_SHADOWS UNITY_PBS_USE_BRDF2 UNITY_LIGHTMAP_FULL_HDR uKW=SCREEN_SPACE_SHADOWS_ON SHADOW_MEDIUM SHADER_STAGE_COMPUTE platform=d3d11 flags=0 ok=1 outsize=52735

Cmd: compileComputeKernel
  insize=10754 file=C:/Users/AJ/Desktop/Uni/Autodidacta/VFX/UnityVFX/Library/PackageCache/com.unity.render-pipelines.high-definition@10.5.1/Runtime/Lighting/LightLoop/Deferred.compute kernel=Deferred_Indirect_Fptl_Variant5 cachingPP=1 ppOnly=0 stripLineD=0 buildPlatform=13 km=<SHADE_OPAQUE_ENTRY=Deferred_Indirect_Fptl_Variant5>,<USE_INDIRECT=1>,<VARIANT=5>,<UNITY_VERSION=202039> pKW=UNITY_NO_DXT5nm UNITY_ENABLE_REFLECTION_BUFFERS UNITY_NO_CUBEMAP_ARRAY UNITY_NO_SCREENSPACE_SHADOWS UNITY_PBS_USE_BRDF2 UNITY_LIGHTMAP_FULL_HDR uKW=SCREEN_SPACE_SHADOWS_ON SHADOW_LOW SHADER_STAGE_COMPUTE platform=d3d11 flags=0 ok=1 outsize=34878

Cmd: compileComputeKernel
  insize=10754 file=C:/Users/AJ/Desktop/Uni/Autodidacta/VFX/UnityVFX/Library/PackageCache/com.unity.render-pipelines.high-definition@10.5.1/Runtime/Lighting/LightLoop/Deferred.compute kernel=Deferred_Indirect_Fptl_Variant4 cachingPP=1 ppOnly=0 stripLineD=0 buildPlatform=13 km=<SHADE_OPAQUE_ENTRY=Deferred_Indirect_Fptl_Variant4>,<USE_INDIRECT=1>,<VARIANT=4>,<UNITY_VERSION=202039> pKW=UNITY_NO_DXT5nm UNITY_ENABLE_REFLECTION_BUFFERS UNITY_NO_CUBEMAP_ARRAY UNITY_NO_SCREENSPACE_SHADOWS UNITY_PBS_USE_BRDF2 UNITY_LIGHTMAP_FULL_HDR uKW=SCREEN_SPACE_SHADOWS_OFF SHADOW_MEDIUM SHADER_STAGE_COMPUTE platform=d3d11 flags=0 ok=1 outsize=52253

Cmd: compileComputeKernel
  insize=10754 file=C:/Users/AJ/Desktop/Uni/Autodidacta/VFX/UnityVFX/Library/PackageCache/com.unity.render-pipelines.high-definition@10.5.1/Runtime/Lighting/LightLoop/Deferred.compute kernel=Deferred_Indirect_Fptl_Variant3 cachingPP=1 ppOnly=0 stripLineD=0 buildPlatform=13 km=<SHADE_OPAQUE_ENTRY=Deferred_Indirect_Fptl_Variant3>,<USE_INDIRECT=1>,<VARIANT=3>,<UNITY_VERSION=202039> pKW=UNITY_NO_DXT5nm UNITY_ENABLE_REFLECTION_BUFFERS UNITY_NO_CUBEMAP_ARRAY UNITY_NO_SCREENSPACE_SHADOWS UNITY_PBS_USE_BRDF2 UNITY_LIGHTMAP_FULL_HDR uKW=SCREEN_SPACE_SHADOWS_OFF SHADOWS_SHADOWMASK SHADOW_HIGH SHADER_STAGE_COMPUTE platform=d3d11 flags=0 ok=1 outsize=45898

Cmd: compileComputeKernel
  insize=10754 file=C:/Users/AJ/Desktop/Uni/Autodidacta/VFX/UnityVFX/Library/PackageCache/com.unity.render-pipelines.high-definition@10.5.1/Runtime/Lighting/LightLoop/Deferred.compute kernel=Deferred_Indirect_Fptl_Variant2 cachingPP=1 ppOnly=0 stripLineD=0 buildPlatform=13 km=<SHADE_OPAQUE_ENTRY=Deferred_Indirect_Fptl_Variant2>,<USE_INDIRECT=1>,<VARIANT=2>,<UNITY_VERSION=202039> pKW=UNITY_NO_DXT5nm UNITY_ENABLE_REFLECTION_BUFFERS UNITY_NO_CUBEMAP_ARRAY UNITY_NO_SCREENSPACE_SHADOWS UNITY_PBS_USE_BRDF2 UNITY_LIGHTMAP_FULL_HDR uKW=SCREEN_SPACE_SHADOWS_ON SHADOWS_SHADOWMASK SHADOW_HIGH SHADER_STAGE_COMPUTE platform=d3d11 flags=0 ok=1 outsize=29092

Cmd: compileComputeKernel
  insize=10754 file=C:/Users/AJ/Desktop/Uni/Autodidacta/VFX/UnityVFX/Library/PackageCache/com.unity.render-pipelines.high-definition@10.5.1/Runtime/Lighting/LightLoop/Deferred.compute kernel=Deferred_Indirect_Fptl_Variant1 cachingPP=1 ppOnly=0 stripLineD=0 buildPlatform=13 km=<SHADE_OPAQUE_ENTRY=Deferred_Indirect_Fptl_Variant1>,<USE_INDIRECT=1>,<VARIANT=1>,<UNITY_VERSION=202039> pKW=UNITY_NO_DXT5nm UNITY_ENABLE_REFLECTION_BUFFERS UNITY_NO_CUBEMAP_ARRAY UNITY_NO_SCREENSPACE_SHADOWS UNITY_PBS_USE_BRDF2 UNITY_LIGHTMAP_FULL_HDR uKW=SCREEN_SPACE_SHADOWS_ON SHADOW_HIGH SHADER_STAGE_COMPUTE platform=d3d11 flags=0 ok=1 outsize=19616

Cmd: compileComputeKernel
  insize=10754 file=C:/Users/AJ/Desktop/Uni/Autodidacta/VFX/UnityVFX/Library/PackageCache/com.unity.render-pipelines.high-definition@10.5.1/Runtime/Lighting/LightLoop/Deferred.compute kernel=Deferred_Direct_Fptl cachingPP=1 ppOnly=0 stripLineD=0 buildPlatform=13 km=<SHADE_OPAQUE_ENTRY=Deferred_Direct_Fptl>,<UNITY_VERSION=202039> pKW=UNITY_NO_DXT5nm UNITY_ENABLE_REFLECTION_BUFFERS UNITY_NO_CUBEMAP_ARRAY UNITY_NO_SCREENSPACE_SHADOWS UNITY_PBS_USE_BRDF2 UNITY_LIGHTMAP_FULL_HDR uKW=SCREEN_SPACE_SHADOWS_OFF SHADOW_HIGH SHADER_STAGE_COMPUTE platform=d3d11 flags=0 ok=1 outsize=113914

Cmd: compileComputeKernel
  insize=10754 file=C:/Users/AJ/Desktop/Uni/Autodidacta/VFX/UnityVFX/Library/PackageCache/com.unity.render-pipelines.high-definition@10.5.1/Runtime/Lighting/LightLoop/Deferred.compute kernel=Deferred_Indirect_Fptl_Variant26 cachingPP=1 ppOnly=0 stripLineD=0 buildPlatform=13 km=<SHADE_OPAQUE_ENTRY=Deferred_Indirect_Fptl_Variant26>,<USE_INDIRECT=1>,<VARIANT=26>,<UNITY_VERSION=202039> pKW=UNITY_NO_DXT5nm UNITY_NO_RGBM UNITY_ENABLE_REFLECTION_BUFFERS UNITY_NO_CUBEMAP_ARRAY UNITY_NO_SCREENSPACE_SHADOWS UNITY_PBS_USE_BRDF2 SHADER_API_MOBILE UNITY_LIGHTMAP_FULL_HDR uKW=SCREEN_SPACE_SHADOWS_OFF SHADOWS_SHADOWMASK SHADOW_MEDIUM SHADER_STAGE_COMPUTE platform=vulkan flags=268439552 ok=1 outsize=270932

Cmd: compileComputeKernel
  insize=10754 file=C:/Users/AJ/Desktop/Uni/Autodidacta/VFX/UnityVFX/Library/PackageCache/com.unity.render-pipelines.high-definition@10.5.1/Runtime/Lighting/LightLoop/Deferred.compute kernel=Deferred_Indirect_Fptl_Variant26 cachingPP=1 ppOnly=0 stripLineD=0 buildPlatform=13 km=<SHADE_OPAQUE_ENTRY=Deferred_Indirect_Fptl_Variant26>,<USE_INDIRECT=1>,<VARIANT=26>,<UNITY_VERSION=202039> pKW=UNITY_NO_DXT5nm UNITY_NO_RGBM UNITY_ENABLE_REFLECTION_BUFFERS UNITY_NO_CUBEMAP_ARRAY UNITY_NO_SCREENSPACE_SHADOWS UNITY_PBS_USE_BRDF2 SHADER_API_MOBILE UNITY_LIGHTMAP_FULL_HDR uKW=SCREEN_SPACE_SHADOWS_ON SHADOWS_SHADOWMASK SHADOW_MEDIUM SHADER_STAGE_COMPUTE platform=vulkan flags=268439552 ok=1 outsize=277426

Cmd: compileComputeKernel
  insize=10754 file=C:/Users/AJ/Desktop/Uni/Autodidacta/VFX/UnityVFX/Library/PackageCache/com.unity.render-pipelines.high-definition@10.5.1/Runtime/Lighting/LightLoop/Deferred.compute kernel=Deferred_Indirect_Fptl_Variant24 cachingPP=1 ppOnly=0 stripLineD=0 buildPlatform=13 km=<SHADE_OPAQUE_ENTRY=Deferred_Indirect_Fptl_Variant24>,<USE_INDIRECT=1>,<VARIANT=24>,<UNITY_VERSION=202039> pKW=UNITY_NO_DXT5nm UNITY_NO_RGBM UNITY_ENABLE_REFLECTION_BUFFERS UNITY_NO_CUBEMAP_ARRAY UNITY_NO_SCREENSPACE_SHADOWS UNITY_PBS_USE_BRDF2 SHADER_API_MOBILE UNITY_LIGHTMAP_FULL_HDR uKW=SCREEN_SPACE_SHADOWS_OFF SHADOW_LOW SHADER_STAGE_COMPUTE platform=vulkan flags=268439552 ok=1 outsize=251494

Cmd: compileComputeKernel
  insize=10754 file=C:/Users/AJ/Desktop/Uni/Autodidacta/VFX/UnityVFX/Library/PackageCache/com.unity.render-pipelines.high-definition@10.5.1/Runtime/Lighting/LightLoop/Deferred.compute kernel=Deferred_Indirect_Fptl_Variant23 cachingPP=1 ppOnly=0 stripLineD=0 buildPlatform=13 km=<SHADE_OPAQUE_ENTRY=Deferred_Indirect_Fptl_Variant23>,<USE_INDIRECT=1>,<VARIANT=23>,<UNITY_VERSION=202039> pKW=UNITY_NO_DXT5nm UNITY_NO_RGBM UNITY_ENABLE_REFLECTION_BUFFERS UNITY_NO_CUBEMAP_ARRAY UNITY_NO_SCREENSPACE_SHADOWS UNITY_PBS_USE_BRDF2 SHADER_API_MOBILE UNITY_LIGHTMAP_FULL_HDR uKW=SCREEN_SPACE_SHADOWS_ON SHADOWS_SHADOWMASK SHADOW_LOW SHADER_STAGE_COMPUTE platform=vulkan flags=268439552 ok=1 outsize=216541

Cmd: compileComputeKernel
  insize=10754 file=C:/Users/AJ/Desktop/Uni/Autodidacta/VFX/UnityVFX/Library/PackageCache/com.unity.render-pipelines.high-definition@10.5.1/Runtime/Lighting/LightLoop/Deferred.compute kernel=Deferred_Indirect_Fptl_Variant22 cachingPP=1 ppOnly=0 stripLineD=0 buildPlatform=13 km=<SHADE_OPAQUE_ENTRY=Deferred_Indirect_Fptl_Variant22>,<USE_INDIRECT=1>,<VARIANT=22>,<UNITY_VERSION=202039> pKW=UNITY_NO_DXT5nm UNITY_NO_RGBM UNITY_ENABLE_REFLECTION_BUFFERS UNITY_NO_CUBEMAP_ARRAY UNITY_NO_SCREENSPACE_SHADOWS UNITY_PBS_USE_BRDF2 SHADER_API_MOBILE UNITY_LIGHTMAP_FULL_HDR uKW=SCREEN_SPACE_SHADOWS_ON SHADOWS_SHADOWMASK SHADOW_HIGH SHADER_STAGE_COMPUTE platform=vulkan flags=268439552 ok=1 outsize=461665

Cmd: compileComputeKernel
  insize=10754 file=C:/Users/AJ/Desktop/Uni/Autodidacta/VFX/UnityVFX/Library/PackageCache/com.unity.render-pipelines.high-definition@10.5.1/Runtime/Lighting/LightLoop/Deferred.compute kernel=Deferred_Indirect_Fptl_Variant19 cachingPP=1 ppOnly=0 stripLineD=0 buildPlatform=13 km=<SHADE_OPAQUE_ENTRY=Deferred_Indirect_Fptl_Variant19>,<USE_INDIRECT=1>,<VARIANT=19>,<UNITY_VERSION=202039> pKW=UNITY_NO_DXT5nm UNITY_NO_RGBM UNITY_ENABLE_REFLECTION_BUFFERS UNITY_NO_CUBEMAP_ARRAY UNITY_NO_SCREENSPACE_SHADOWS UNITY_PBS_USE_BRDF2 SHADER_API_MOBILE UNITY_LIGHTMAP_FULL_HDR uKW=SCREEN_SPACE_SHADOWS_ON SHADOW_HIGH SHADER_STAGE_COMPUTE platform=vulkan flags=268439552 ok=1 outsize=297776

Cmd: compileComputeKernel
  insize=10754 file=C:/Users/AJ/Desktop/Uni/Autodidacta/VFX/UnityVFX/Library/PackageCache/com.unity.render-pipelines.high-definition@10.5.1/Runtime/Lighting/LightLoop/Deferred.compute kernel=Deferred_Indirect_Fptl_Variant17 cachingPP=1 ppOnly=0 stripLineD=0 buildPlatform=13 km=<SHADE_OPAQUE_ENTRY=Deferred_Indirect_Fptl_Variant17>,<USE_INDIRECT=1>,<VARIANT=17>,<UNITY_VERSION=202039> pKW=UNITY_NO_DXT5nm UNITY_NO_RGBM UNITY_ENABLE_REFLECTION_BUFFERS UNITY_NO_CUBEMAP_ARRAY UNITY_NO_SCREENSPACE_SHADOWS UNITY_PBS_USE_BRDF2 SHADER_API_MOBILE UNITY_LIGHTMAP_FULL_HDR uKW=SCREEN_SPACE_SHADOWS_OFF SHADOWS_SHADOWMASK SHADOW_MEDIUM SHADER_STAGE_COMPUTE platform=vulkan flags=268439552 ok=1 outsize=394731

Cmd: compileComputeKernel
  insize=10754 file=C:/Users/AJ/Desktop/Uni/Autodidacta/VFX/UnityVFX/Library/PackageCache/com.unity.render-pipelines.high-definition@10.5.1/Runtime/Lighting/LightLoop/Deferred.compute kernel=Deferred_Indirect_Fptl_Variant16 cachingPP=1 ppOnly=0 stripLineD=0 buildPlatform=13 km=<SHADE_OPAQUE_ENTRY=Deferred_Indirect_Fptl_Variant16>,<USE_INDIRECT=1>,<VARIANT=16>,<UNITY_VERSION=202039> pKW=UNITY_NO_DXT5nm UNITY_NO_RGBM UNITY_ENABLE_REFLECTION_BUFFERS UNITY_NO_CUBEMAP_ARRAY UNITY_NO_SCREENSPACE_SHADOWS UNITY_PBS_USE_BRDF2 SHADER_API_MOBILE UNITY_LIGHTMAP_FULL_HDR uKW=SCREEN_SPACE_SHADOWS_OFF SHADOW_LOW SHADER_STAGE_COMPUTE platform=vulkan flags=268439552 ok=1 outsize=249278

Cmd: compileComputeKernel
  insize=10754 file=C:/Users/AJ/Desktop/Uni/Autodidacta/VFX/UnityVFX/Library/PackageCache/com.unity.render-pipelines.high-definition@10.5.1/Runtime/Lighting/LightLoop/Deferred.compute kernel=Deferred_Indirect_Fptl_Variant15 cachingPP=1 ppOnly=0 stripLineD=0 buildPlatform=13 km=<SHADE_OPAQUE_ENTRY=Deferred_Indirect_Fptl_Variant15>,<USE_INDIRECT=1>,<VARIANT=15>,<UNITY_VERSION=202039> pKW=UNITY_NO_DXT5nm UNITY_NO_RGBM UNITY_ENABLE_REFLECTION_BUFFERS UNITY_NO_CUBEMAP_ARRAY UNITY_NO_SCREENSPACE_SHADOWS UNITY_PBS_USE_BRDF2 SHADER_API_MOBILE UNITY_LIGHTMAP_FULL_HDR uKW=SCREEN_SPACE_SHADOWS_OFF SHADOW_LOW SHADER_STAGE_COMPUTE platform=vulkan flags=268439552 ok=1 outsize=171921

Cmd: compileComputeKernel
  insize=10754 file=C:/Users/AJ/Desktop/Uni/Autodidacta/VFX/UnityVFX/Library/PackageCache/com.unity.render-pipelines.high-definition@10.5.1/Runtime/Lighting/LightLoop/Deferred.compute kernel=Deferred_Indirect_Fptl_Variant14 cachingPP=1 ppOnly=0 stripLineD=0 buildPlatform=13 km=<SHADE_OPAQUE_ENTRY=Deferred_Indirect_Fptl_Variant14>,<USE_INDIRECT=1>,<VARIANT=14>,<UNITY_VERSION=202039> pKW=UNITY_NO_DXT5nm UNITY_NO_RGBM UNITY_ENABLE_REFLECTION_BUFFERS UNITY_NO_CUBEMAP_ARRAY UNITY_NO_SCREENSPACE_SHADOWS UNITY_PBS_USE_BRDF2 SHADER_API_MOBILE UNITY_LIGHTMAP_FULL_HDR uKW=SCREEN_SPACE_SHADOWS_OFF SHADOW_HIGH SHADER_STAGE_COMPUTE platform=vulkan flags=268439552 ok=1 outsize=259730

Cmd: compileComputeKernel
  insize=10754 file=C:/Users/AJ/Desktop/Uni/Autodidacta/VFX/UnityVFX/Library/PackageCache/com.unity.render-pipelines.high-definition@10.5.1/Runtime/Lighting/LightLoop/Deferred.compute kernel=Deferred_Indirect_Fptl_Variant12 cachingPP=1 ppOnly=0 stripLineD=0 buildPlatform=13 km=<SHADE_OPAQUE_ENTRY=Deferred_Indirect_Fptl_Variant12>,<USE_INDIRECT=1>,<VARIANT=12>,<UNITY_VERSION=202039> pKW=UNITY_NO_DXT5nm UNITY_NO_RGBM UNITY_ENABLE_REFLECTION_BUFFERS UNITY_NO_CUBEMAP_ARRAY UNITY_NO_SCREENSPACE_SHADOWS UNITY_PBS_USE_BRDF2 SHADER_API_MOBILE UNITY_LIGHTMAP_FULL_HDR uKW=SCREEN_SPACE_SHADOWS_ON SHADOW_MEDIUM SHADER_STAGE_COMPUTE platform=vulkan flags=268439552 ok=1 outsize=442822

