Base path: 'C:/Program Files/Unity/Hub/Editor/2020.3.13f1/Editor/Data', plugins path 'C:/Program Files/Unity/Hub/Editor/2020.3.13f1/Editor/Data/PlaybackEngines'
Cmd: initializeCompiler

Cmd: compileComputeKernel
  insize=7111 file=C:/Users/AJ/Desktop/Uni/Autodidacta/VFX/UnityVFX/Assets/MYSTUFF/VFX/Pumpkin1.vfx kernel=CSMain cachingPP=1 ppOnly=0 stripLineD=0 buildPlatform=13 km=<UNITY_VERSION=202039> pKW=UNITY_NO_DXT5nm UNITY_ENABLE_REFLECTION_BUFFERS UNITY_NO_CUBEMAP_ARRAY UNITY_NO_SCREENSPACE_SHADOWS UNITY_PBS_USE_BRDF2 UNITY_LIGHTMAP_FULL_HDR uKW=SHADER_STAGE_COMPUTE platform=d3d11 flags=0 ok=1 outsize=1924

Cmd: compileComputeKernel
  insize=7361 file=C:/Users/AJ/Desktop/Uni/Autodidacta/VFX/UnityVFX/Library/PackageCache/com.unity.render-pipelines.high-definition@10.5.1/Runtime/Lighting/ScreenSpaceLighting/GTAO.compute kernel=GTAOMain cachingPP=1 ppOnly=0 stripLineD=0 buildPlatform=13 km=<UNITY_VERSION=202039> pKW=UNITY_NO_DXT5nm UNITY_ENABLE_REFLECTION_BUFFERS UNITY_NO_CUBEMAP_ARRAY UNITY_NO_SCREENSPACE_SHADOWS UNITY_PBS_USE_BRDF2 UNITY_LIGHTMAP_FULL_HDR uKW=HALF_RES TEMPORAL SHADER_STAGE_COMPUTE platform=d3d11 flags=0 ok=1 outsize=8153

Cmd: compileComputeKernel
  insize=4895 file=C:/Users/AJ/Desktop/Uni/Autodidacta/VFX/UnityVFX/Library/PackageCache/com.unity.visualeffectgraph@10.5.1/Shaders/VFXFillIndirectArgs.compute kernel=CSVFXIndirectArgs cachingPP=1 ppOnly=0 stripLineD=0 buildPlatform=13 km=<UNITY_VERSION=202039> pKW=UNITY_NO_DXT5nm UNITY_NO_RGBM UNITY_ENABLE_REFLECTION_BUFFERS UNITY_FRAMEBUFFER_FETCH_AVAILABLE UNITY_NO_CUBEMAP_ARRAY UNITY_NO_SCREENSPACE_SHADOWS UNITY_PBS_USE_BRDF2 SHADER_API_MOBILE UNITY_LIGHTMAP_FULL_HDR SHADER_API_GLES30 uKW=SHADER_STAGE_COMPUTE platform=gles3 flags=268439552 ok=1 outsize=6865

Cmd: compileComputeKernel
  insize=39136 file=C:/Users/AJ/Desktop/Uni/Autodidacta/VFX/UnityVFX/Library/PackageCache/com.unity.render-pipelines.high-definition@10.5.1/Runtime/Lighting/VolumetricLighting/VolumetricLighting.compute kernel=VolumetricLighting cachingPP=1 ppOnly=0 stripLineD=0 buildPlatform=13 km=<UNITY_VERSION=202039> pKW=UNITY_NO_DXT5nm UNITY_ENABLE_REFLECTION_BUFFERS UNITY_NO_CUBEMAP_ARRAY UNITY_NO_SCREENSPACE_SHADOWS UNITY_PBS_USE_BRDF2 UNITY_LIGHTMAP_FULL_HDR uKW=ENABLE_ANISOTROPY LIGHTLOOP_DISABLE_TILE_AND_CLUSTER SUPPORT_LOCAL_LIGHTS VL_PRESET_OPTIMAL SHADER_STAGE_COMPUTE platform=d3d11 flags=0 ok=1 outsize=43732

Cmd: compileComputeKernel
  insize=39136 file=C:/Users/AJ/Desktop/Uni/Autodidacta/VFX/UnityVFX/Library/PackageCache/com.unity.render-pipelines.high-definition@10.5.1/Runtime/Lighting/VolumetricLighting/VolumetricLighting.compute kernel=VolumetricLighting cachingPP=1 ppOnly=0 stripLineD=0 buildPlatform=13 km=<UNITY_VERSION=202039> pKW=UNITY_NO_DXT5nm UNITY_ENABLE_REFLECTION_BUFFERS UNITY_NO_CUBEMAP_ARRAY UNITY_NO_SCREENSPACE_SHADOWS UNITY_PBS_USE_BRDF2 UNITY_LIGHTMAP_FULL_HDR uKW=LIGHTLOOP_DISABLE_TILE_AND_CLUSTER SHADER_STAGE_COMPUTE platform=d3d11 flags=0 ok=1 outsize=16041

Cmd: compileComputeKernel
  insize=39136 file=C:/Users/AJ/Desktop/Uni/Autodidacta/VFX/UnityVFX/Library/PackageCache/com.unity.render-pipelines.high-definition@10.5.1/Runtime/Lighting/VolumetricLighting/VolumetricLighting.compute kernel=VolumetricLighting cachingPP=1 ppOnly=0 stripLineD=0 buildPlatform=13 km=<UNITY_VERSION=202039> pKW=UNITY_NO_DXT5nm UNITY_ENABLE_REFLECTION_BUFFERS UNITY_NO_CUBEMAP_ARRAY UNITY_NO_SCREENSPACE_SHADOWS UNITY_PBS_USE_BRDF2 UNITY_LIGHTMAP_FULL_HDR uKW=LIGHTLOOP_DISABLE_TILE_AND_CLUSTER SUPPORT_LOCAL_LIGHTS VL_PRESET_OPTIMAL SHADER_STAGE_COMPUTE platform=d3d11 flags=0 ok=1 outsize=42385

Cmd: compileComputeKernel
  insize=33284 file=C:/Users/AJ/Desktop/Uni/Autodidacta/VFX/UnityVFX/Library/PackageCache/com.unity.render-pipelines.high-definition@10.5.1/Runtime/RenderPipeline/Raytracing/Shaders/Shadows/RaytracingShadow.compute kernel=OutputSpecularShadowTexture cachingPP=1 ppOnly=0 stripLineD=0 buildPlatform=13 km=<OUTPUT_SHADOW_TEXTURE=OutputSpecularShadowTexture>,<SPECULAR_SHADOW=1>,<UNITY_VERSION=202039> pKW=UNITY_NO_DXT5nm UNITY_ENABLE_REFLECTION_BUFFERS UNITY_NO_CUBEMAP_ARRAY UNITY_NO_SCREENSPACE_SHADOWS UNITY_PBS_USE_BRDF2 UNITY_LIGHTMAP_FULL_HDR uKW=SHADER_STAGE_COMPUTE platform=d3d11 flags=0 ok=1 outsize=1198

Cmd: compileComputeKernel
  insize=9221 file=C:/Users/AJ/Desktop/Uni/Autodidacta/VFX/UnityVFX/Library/PackageCache/com.unity.visualeffectgraph@10.5.1/Shaders/Sort.compute kernel=MergeFinalPass cachingPP=1 ppOnly=0 stripLineD=0 buildPlatform=13 km=<MERGE_PASS=MergeFinalPass>,<FINAL_PASS=1>,<UNITY_VERSION=202039> pKW=UNITY_NO_DXT5nm UNITY_ENABLE_REFLECTION_BUFFERS UNITY_NO_CUBEMAP_ARRAY UNITY_NO_SCREENSPACE_SHADOWS UNITY_PBS_USE_BRDF2 UNITY_LIGHTMAP_FULL_HDR uKW=SHADER_STAGE_COMPUTE platform=d3d11 flags=0 ok=1 outsize=4271

Cmd: compileComputeKernel
  insize=9221 file=C:/Users/AJ/Desktop/Uni/Autodidacta/VFX/UnityVFX/Library/PackageCache/com.unity.visualeffectgraph@10.5.1/Shaders/Sort.compute kernel=BitonicPrePass cachingPP=1 ppOnly=0 stripLineD=0 buildPlatform=13 km=<BITONIC_SORT=BitonicPrePass>,<ELEMENTS_COUNT=4096>,<ITERATIONS_COUNT=2>,<FINAL_PASS=0>,<UNITY_VERSION=202039> pKW=UNITY_NO_DXT5nm UNITY_ENABLE_REFLECTION_BUFFERS UNITY_NO_CUBEMAP_ARRAY UNITY_NO_SCREENSPACE_SHADOWS UNITY_PBS_USE_BRDF2 UNITY_LIGHTMAP_FULL_HDR uKW=VFX_SORT_USE_ELEMENT_COUNT_BUFFER SHADER_STAGE_COMPUTE platform=d3d11 flags=0 ok=1 outsize=2754

Cmd: compileComputeKernel
  insize=11318 file=C:/Users/AJ/Desktop/Uni/Autodidacta/VFX/UnityVFX/Library/PackageCache/com.unity.render-pipelines.high-definition@10.5.1/Runtime/Lighting/Shadow/ContactShadows.compute kernel=DeferredContactShadow cachingPP=1 ppOnly=0 stripLineD=0 buildPlatform=13 km=<UNITY_VERSION=202039> pKW=UNITY_NO_DXT5nm UNITY_ENABLE_REFLECTION_BUFFERS UNITY_NO_CUBEMAP_ARRAY UNITY_NO_SCREENSPACE_SHADOWS UNITY_PBS_USE_BRDF2 UNITY_LIGHTMAP_FULL_HDR uKW=ENABLE_MSAA SHADER_STAGE_COMPUTE platform=d3d11 flags=0 ok=1 outsize=9632

Cmd: compileComputeKernel
  insize=5696 file=C:/Users/AJ/Desktop/Uni/Autodidacta/VFX/UnityVFX/Library/PackageCache/com.unity.render-pipelines.high-definition@10.5.1/Runtime/PostProcessing/Shaders/HistogramExposure.compute kernel=KHistogramReduce cachingPP=1 ppOnly=0 stripLineD=0 buildPlatform=13 km=<REDUCE_PASS=1>,<UNITY_VERSION=202039> pKW=UNITY_NO_DXT5nm UNITY_ENABLE_REFLECTION_BUFFERS UNITY_NO_CUBEMAP_ARRAY UNITY_NO_SCREENSPACE_SHADOWS UNITY_PBS_USE_BRDF2 UNITY_LIGHTMAP_FULL_HDR uKW=SHADER_STAGE_COMPUTE platform=d3d11 flags=0 ok=1 outsize=2806

Cmd: compileComputeKernel
  insize=3901 file=C:/Users/AJ/Desktop/Uni/Autodidacta/VFX/UnityVFX/Library/PackageCache/com.unity.render-pipelines.high-definition@10.5.1/Runtime/PostProcessing/Shaders/DepthOfFieldCombine.compute kernel=KMain cachingPP=1 ppOnly=0 stripLineD=0 buildPlatform=13 km=<UNITY_VERSION=202039> pKW=UNITY_NO_DXT5nm UNITY_ENABLE_REFLECTION_BUFFERS UNITY_NO_CUBEMAP_ARRAY UNITY_NO_SCREENSPACE_SHADOWS UNITY_PBS_USE_BRDF2 UNITY_LIGHTMAP_FULL_HDR uKW=FAR HIGH_QUALITY NEAR SHADER_STAGE_COMPUTE platform=d3d11 flags=0 ok=1 outsize=4897

Cmd: compileComputeKernel
  insize=3901 file=C:/Users/AJ/Desktop/Uni/Autodidacta/VFX/UnityVFX/Library/PackageCache/com.unity.render-pipelines.high-definition@10.5.1/Runtime/PostProcessing/Shaders/DepthOfFieldCombine.compute kernel=KMain cachingPP=1 ppOnly=0 stripLineD=0 buildPlatform=13 km=<UNITY_VERSION=202039> pKW=UNITY_NO_DXT5nm UNITY_ENABLE_REFLECTION_BUFFERS UNITY_NO_CUBEMAP_ARRAY UNITY_NO_SCREENSPACE_SHADOWS UNITY_PBS_USE_BRDF2 UNITY_LIGHTMAP_FULL_HDR uKW=FAR LOW_QUALITY NEAR SHADER_STAGE_COMPUTE platform=d3d11 flags=0 ok=1 outsize=1817

Cmd: compileComputeKernel
  insize=2476 file=C:/Users/AJ/Desktop/Uni/Autodidacta/VFX/UnityVFX/Library/PackageCache/com.unity.render-pipelines.high-definition@10.5.1/Runtime/VirtualTexturing/Shaders/DownsampleVTFeedback.compute kernel=KMainMSAA cachingPP=1 ppOnly=0 stripLineD=0 buildPlatform=13 km=<UNITY_VERSION=202039> pKW=UNITY_NO_DXT5nm UNITY_ENABLE_REFLECTION_BUFFERS UNITY_NO_CUBEMAP_ARRAY UNITY_NO_SCREENSPACE_SHADOWS UNITY_PBS_USE_BRDF2 UNITY_LIGHTMAP_FULL_HDR uKW=SHADER_STAGE_COMPUTE platform=d3d11 flags=0 ok=1 outsize=1166

Cmd: compileComputeKernel
  insize=4520 file=C:/Users/AJ/Desktop/Uni/Autodidacta/VFX/UnityVFX/Library/PackageCache/com.unity.render-pipelines.high-definition@10.5.1/Runtime/PostProcessing/Shaders/BloomPrefilter.compute kernel=KMain cachingPP=1 ppOnly=0 stripLineD=0 buildPlatform=13 km=<UNITY_VERSION=202039> pKW=UNITY_NO_DXT5nm UNITY_ENABLE_REFLECTION_BUFFERS UNITY_NO_CUBEMAP_ARRAY UNITY_NO_SCREENSPACE_SHADOWS UNITY_PBS_USE_BRDF2 UNITY_LIGHTMAP_FULL_HDR uKW=LOW_QUALITY SHADER_STAGE_COMPUTE platform=d3d11 flags=0 ok=1 outsize=4159

Cmd: compileComputeKernel
  insize=21827 file=C:/Users/AJ/Desktop/Uni/Autodidacta/VFX/UnityVFX/Library/PackageCache/com.unity.render-pipelines.high-definition@10.5.1/Runtime/RenderPipeline/Raytracing/Shaders/Shadows/RaytracingShadowFilter.compute kernel=AreaShadowDenoiseSecondPass cachingPP=1 ppOnly=0 stripLineD=0 buildPlatform=13 km=<AREA_SHADOW_DENOISE=AreaShadowDenoiseSecondPass>,<FINAL_PASS=1>,<UNITY_VERSION=202039> pKW=UNITY_NO_DXT5nm UNITY_ENABLE_REFLECTION_BUFFERS UNITY_NO_CUBEMAP_ARRAY UNITY_NO_SCREENSPACE_SHADOWS UNITY_PBS_USE_BRDF2 UNITY_LIGHTMAP_FULL_HDR uKW=SHADER_STAGE_COMPUTE platform=d3d11 flags=0 ok=1 outsize=5165

Cmd: compileComputeKernel
  insize=3402 file=C:/Users/AJ/Desktop/Uni/Autodidacta/VFX/UnityVFX/Library/PackageCache/com.unity.render-pipelines.high-definition@10.5.1/Runtime/PostProcessing/Shaders/DepthOfFieldMip.compute kernel=KMainColorAlpha cachingPP=1 ppOnly=0 stripLineD=0 buildPlatform=13 km=<MAIN=KMainColorAlpha>,<CTYPE=float4>,<UNITY_VERSION=202039> pKW=UNITY_NO_DXT5nm UNITY_ENABLE_REFLECTION_BUFFERS UNITY_NO_CUBEMAP_ARRAY UNITY_NO_SCREENSPACE_SHADOWS UNITY_PBS_USE_BRDF2 UNITY_LIGHTMAP_FULL_HDR uKW=SHADER_STAGE_COMPUTE platform=d3d11 flags=0 ok=1 outsize=2273

Cmd: compileComputeKernel
  insize=10317 file=C:/Users/AJ/Desktop/Uni/Autodidacta/VFX/UnityVFX/Library/PackageCache/com.unity.render-pipelines.high-definition@10.5.1/Runtime/Lighting/ScreenSpaceLighting/GTAOBlurAndUpsample.compute kernel=Blur_FullRes cachingPP=1 ppOnly=0 stripLineD=0 buildPlatform=13 km=<BLUR_KERNEL_NAME=Blur_FullRes>,<BLUR=1>,<FULL_RES=1>,<UNITY_VERSION=202039> pKW=UNITY_NO_DXT5nm UNITY_NO_RGBM UNITY_ENABLE_REFLECTION_BUFFERS UNITY_FRAMEBUFFER_FETCH_AVAILABLE UNITY_NO_CUBEMAP_ARRAY UNITY_NO_SCREENSPACE_SHADOWS UNITY_PBS_USE_BRDF2 SHADER_API_MOBILE UNITY_LIGHTMAP_FULL_HDR SHADER_API_GLES30 uKW=SHADER_STAGE_COMPUTE platform=gles3 flags=268439552  error: 2 plat 9 at C:/Users/AJ/Desktop/Uni/Autodidacta/VFX/UnityVFX/Library/PackageCache/com.unity.render-pipelines.high-definition@10.5.1/Runtime/ShaderLibrary/ShaderVariablesFunctions.hlsl(119): syntax error: unexpected token '#'
 ok=0 outsize=0

Cmd: compileComputeKernel
  insize=10317 file=C:/Users/AJ/Desktop/Uni/Autodidacta/VFX/UnityVFX/Library/PackageCache/com.unity.render-pipelines.high-definition@10.5.1/Runtime/Lighting/ScreenSpaceLighting/GTAOBlurAndUpsample.compute kernel=BlurUpsample cachingPP=1 ppOnly=0 stripLineD=0 buildPlatform=13 km=<BLUR_AND_UPSAMPLE=1>,<UNITY_VERSION=202039> pKW=UNITY_NO_DXT5nm UNITY_NO_RGBM UNITY_ENABLE_REFLECTION_BUFFERS UNITY_FRAMEBUFFER_FETCH_AVAILABLE UNITY_NO_CUBEMAP_ARRAY UNITY_NO_SCREENSPACE_SHADOWS UNITY_PBS_USE_BRDF2 SHADER_API_MOBILE UNITY_LIGHTMAP_FULL_HDR SHADER_API_GLES30 uKW=SHADER_STAGE_COMPUTE platform=gles3 flags=268439552  error: 2 plat 9 at C:/Users/AJ/Desktop/Uni/Autodidacta/VFX/UnityVFX/Library/PackageCache/com.unity.render-pipelines.high-definition@10.5.1/Runtime/ShaderLibrary/ShaderVariablesFunctions.hlsl(119): syntax error: unexpected token '#'
 ok=0 outsize=0

Cmd: compileComputeKernel
  insize=8927 file=C:/Users/AJ/Desktop/Uni/Autodidacta/VFX/UnityVFX/Library/PackageCache/com.unity.render-pipelines.high-definition@10.5.1/Runtime/PostProcessing/Shaders/UberPost.compute kernel=Uber cachingPP=1 ppOnly=0 stripLineD=0 buildPlatform=13 km=<UNITY_VERSION=202039> pKW=UNITY_NO_DXT5nm UNITY_ENABLE_REFLECTION_BUFFERS UNITY_NO_CUBEMAP_ARRAY UNITY_NO_SCREENSPACE_SHADOWS UNITY_PBS_USE_BRDF2 UNITY_LIGHTMAP_FULL_HDR uKW=CHROMATIC_ABERRATION VIGNETTE SHADER_STAGE_COMPUTE platform=d3d11 flags=0 ok=1 outsize=6198

Cmd: compileComputeKernel
  insize=10989 file=C:/Users/AJ/Desktop/Uni/Autodidacta/VFX/UnityVFX/Library/PackageCache/com.unity.render-pipelines.high-definition@10.5.1/Runtime/RenderPipeline/Raytracing/Shaders/IndirectDiffuse/RaytracingIndirectDiffuse.compute kernel=AdjustIndirectDiffuseWeight cachingPP=1 ppOnly=0 stripLineD=0 buildPlatform=13 km=<UNITY_VERSION=202039> pKW=UNITY_NO_DXT5nm UNITY_ENABLE_REFLECTION_BUFFERS UNITY_NO_CUBEMAP_ARRAY UNITY_NO_SCREENSPACE_SHADOWS UNITY_PBS_USE_BRDF2 UNITY_LIGHTMAP_FULL_HDR uKW=SHADER_STAGE_COMPUTE platform=d3d11 flags=0 ok=1 outsize=827

Cmd: compileComputeKernel
  insize=6022 file=C:/Users/AJ/Desktop/Uni/Autodidacta/VFX/UnityVFX/Library/PackageCache/com.unity.render-pipelines.high-definition@10.5.1/Runtime/Lighting/ScreenSpaceLighting/BilateralUpsample.compute kernel=BilateralUpSampleColor cachingPP=1 ppOnly=0 stripLineD=0 buildPlatform=13 km=<BILATERAL_UPSAMPLE=BilateralUpSampleColor>,<UNITY_VERSION=202039> pKW=UNITY_NO_DXT5nm UNITY_ENABLE_REFLECTION_BUFFERS UNITY_NO_CUBEMAP_ARRAY UNITY_NO_SCREENSPACE_SHADOWS UNITY_PBS_USE_BRDF2 UNITY_LIGHTMAP_FULL_HDR uKW=SHADER_STAGE_COMPUTE platform=d3d11 flags=0 ok=1 outsize=3031

Cmd: compileComputeKernel
  insize=26393 file=C:/Users/AJ/Desktop/Uni/Autodidacta/VFX/UnityVFX/Library/PackageCache/com.unity.render-pipelines.high-definition@10.5.1/Runtime/Lighting/LightLoop/lightlistbuild-clustered.compute kernel=TileLightListGen_DepthRT_SrcBigTile cachingPP=1 ppOnly=0 stripLineD=0 buildPlatform=13 km=<LIGHTLISTGEN=TileLightListGen_DepthRT_SrcBigTile>,<ENABLE_DEPTH_TEXTURE_BACKPLANE=1>,<USE_TWO_PASS_TILED_LIGHTING=1>,<UNITY_VERSION=202039> pKW=UNITY_NO_DXT5nm UNITY_ENABLE_REFLECTION_BUFFERS UNITY_NO_CUBEMAP_ARRAY UNITY_NO_SCREENSPACE_SHADOWS UNITY_PBS_USE_BRDF2 UNITY_LIGHTMAP_FULL_HDR uKW=SHADER_STAGE_COMPUTE platform=d3d11 flags=0 ok=1 outsize=15259

Cmd: compileComputeKernel
  insize=3722 file=C:/Users/AJ/Desktop/Uni/Autodidacta/VFX/UnityVFX/Library/PackageCache/com.unity.render-pipelines.high-definition@10.5.1/Runtime/PostProcessing/Shaders/DepthOfFieldPrefilter.compute kernel=KMain cachingPP=1 ppOnly=0 stripLineD=0 buildPlatform=13 km=<UNITY_VERSION=202039> pKW=UNITY_NO_DXT5nm UNITY_ENABLE_REFLECTION_BUFFERS UNITY_NO_CUBEMAP_ARRAY UNITY_NO_SCREENSPACE_SHADOWS UNITY_PBS_USE_BRDF2 UNITY_LIGHTMAP_FULL_HDR uKW=ENABLE_ALPHA FAR NEAR SHADER_STAGE_COMPUTE platform=d3d11 flags=0 ok=1 outsize=3435

Cmd: compileComputeKernel
  insize=3722 file=C:/Users/AJ/Desktop/Uni/Autodidacta/VFX/UnityVFX/Library/PackageCache/com.unity.render-pipelines.high-definition@10.5.1/Runtime/PostProcessing/Shaders/DepthOfFieldPrefilter.compute kernel=KMain cachingPP=1 ppOnly=0 stripLineD=0 buildPlatform=13 km=<UNITY_VERSION=202039> pKW=UNITY_NO_DXT5nm UNITY_ENABLE_REFLECTION_BUFFERS UNITY_NO_CUBEMAP_ARRAY UNITY_NO_SCREENSPACE_SHADOWS UNITY_PBS_USE_BRDF2 UNITY_LIGHTMAP_FULL_HDR uKW=FAR FULL_RES SHADER_STAGE_COMPUTE platform=d3d11 flags=0 ok=1 outsize=652

Cmd: compileComputeKernel
  insize=3722 file=C:/Users/AJ/Desktop/Uni/Autodidacta/VFX/UnityVFX/Library/PackageCache/com.unity.render-pipelines.high-definition@10.5.1/Runtime/PostProcessing/Shaders/DepthOfFieldPrefilter.compute kernel=KMain cachingPP=1 ppOnly=0 stripLineD=0 buildPlatform=13 km=<UNITY_VERSION=202039> pKW=UNITY_NO_DXT5nm UNITY_ENABLE_REFLECTION_BUFFERS UNITY_NO_CUBEMAP_ARRAY UNITY_NO_SCREENSPACE_SHADOWS UNITY_PBS_USE_BRDF2 UNITY_LIGHTMAP_FULL_HDR uKW=ENABLE_ALPHA SHADER_STAGE_COMPUTE platform=d3d11 flags=0 ok=1 outsize=222

Cmd: compileComputeKernel
  insize=3248 file=C:/Users/AJ/Desktop/Uni/Autodidacta/VFX/UnityVFX/Library/PackageCache/com.unity.render-pipelines.high-definition@10.5.1/Runtime/Lighting/LightLoop/builddispatchindirect.compute kernel=BuildIndirect cachingPP=1 ppOnly=0 stripLineD=0 buildPlatform=13 km=<UNITY_VERSION=202039> pKW=UNITY_NO_DXT5nm UNITY_ENABLE_REFLECTION_BUFFERS UNITY_NO_CUBEMAP_ARRAY UNITY_NO_SCREENSPACE_SHADOWS UNITY_PBS_USE_BRDF2 UNITY_LIGHTMAP_FULL_HDR uKW=IS_DRAWPROCEDURALINDIRECT SHADER_STAGE_COMPUTE platform=d3d11 flags=0 ok=1 outsize=2133

Cmd: compileComputeKernel
  insize=5475 file=C:/Users/AJ/Desktop/Uni/Autodidacta/VFX/UnityVFX/Library/PackageCache/com.unity.render-pipelines.high-definition@10.5.1/Runtime/PostProcessing/Shaders/Exposure.compute kernel=KReset cachingPP=1 ppOnly=0 stripLineD=0 buildPlatform=13 km=<UNITY_VERSION=202039> pKW=UNITY_NO_DXT5nm UNITY_ENABLE_REFLECTION_BUFFERS UNITY_NO_CUBEMAP_ARRAY UNITY_NO_SCREENSPACE_SHADOWS UNITY_PBS_USE_BRDF2 UNITY_LIGHTMAP_FULL_HDR uKW=SHADER_STAGE_COMPUTE platform=d3d11 flags=0 ok=1 outsize=317

Cmd: compileComputeKernel
  insize=820 file=C:/Users/AJ/Desktop/Uni/Autodidacta/VFX/UnityVFX/Library/PackageCache/com.unity.render-pipelines.high-definition@10.5.1/Runtime/Core/CoreResources/ClearUIntTextureArray.compute kernel=ClearUIntTexture cachingPP=1 ppOnly=0 stripLineD=0 buildPlatform=13 km=<UNITY_VERSION=202039> pKW=UNITY_NO_DXT5nm UNITY_ENABLE_REFLECTION_BUFFERS UNITY_NO_CUBEMAP_ARRAY UNITY_NO_SCREENSPACE_SHADOWS UNITY_PBS_USE_BRDF2 UNITY_LIGHTMAP_FULL_HDR uKW=SHADER_STAGE_COMPUTE platform=d3d11 flags=0 ok=1 outsize=320

Cmd: compileComputeKernel
  insize=10754 file=C:/Users/AJ/Desktop/Uni/Autodidacta/VFX/UnityVFX/Library/PackageCache/com.unity.render-pipelines.high-definition@10.5.1/Runtime/Lighting/LightLoop/Deferred.compute kernel=Deferred_Indirect_Fptl_Variant28 cachingPP=1 ppOnly=0 stripLineD=0 buildPlatform=13 km=<SHADE_OPAQUE_ENTRY=Deferred_Indirect_Fptl_Variant28>,<USE_INDIRECT=1>,<VARIANT=28>,<UNITY_VERSION=202039> pKW=UNITY_NO_DXT5nm UNITY_ENABLE_REFLECTION_BUFFERS UNITY_NO_CUBEMAP_ARRAY UNITY_NO_SCREENSPACE_SHADOWS UNITY_PBS_USE_BRDF2 UNITY_LIGHTMAP_FULL_HDR uKW=SCREEN_SPACE_SHADOWS_ON SHADOW_MEDIUM SHADER_STAGE_COMPUTE platform=d3d11 flags=0 ok=1 outsize=116040

Cmd: compileComputeKernel
  insize=7361 file=C:/Users/AJ/Desktop/Uni/Autodidacta/VFX/UnityVFX/Library/PackageCache/com.unity.render-pipelines.high-definition@10.5.1/Runtime/Lighting/ScreenSpaceLighting/GTAO.compute kernel=GTAOMain cachingPP=1 ppOnly=0 stripLineD=0 buildPlatform=13 km=<UNITY_VERSION=202039> pKW=UNITY_NO_DXT5nm UNITY_NO_RGBM UNITY_ENABLE_REFLECTION_BUFFERS UNITY_FRAMEBUFFER_FETCH_AVAILABLE UNITY_NO_CUBEMAP_ARRAY UNITY_NO_SCREENSPACE_SHADOWS UNITY_PBS_USE_BRDF2 SHADER_API_MOBILE UNITY_LIGHTMAP_FULL_HDR SHADER_API_GLES30 uKW=FULL_RES TEMPORAL SHADER_STAGE_COMPUTE platform=gles3 flags=268439552  error: 2 plat 9 at C:/Users/AJ/Desktop/Uni/Autodidacta/VFX/UnityVFX/Library/PackageCache/com.unity.render-pipelines.high-definition@10.5.1/Runtime/ShaderLibrary/ShaderVariablesFunctions.hlsl(119): syntax error: unexpected token '#'
 ok=0 outsize=0

Cmd: compileComputeKernel
  insize=2870 file=C:/Users/AJ/Desktop/Uni/Autodidacta/VFX/UnityVFX/Library/PackageCache/com.unity.render-pipelines.high-definition@10.5.1/Runtime/RenderPipeline/Accumulation/Shaders/Accumulation.compute kernel=KMain cachingPP=1 ppOnly=0 stripLineD=0 buildPlatform=13 km=<UNITY_VERSION=202039> pKW=UNITY_NO_DXT5nm UNITY_NO_RGBM UNITY_ENABLE_REFLECTION_BUFFERS UNITY_FRAMEBUFFER_FETCH_AVAILABLE UNITY_NO_CUBEMAP_ARRAY UNITY_NO_SCREENSPACE_SHADOWS UNITY_PBS_USE_BRDF2 SHADER_API_MOBILE UNITY_LIGHTMAP_FULL_HDR SHADER_API_GLES30 uKW=SHADER_STAGE_COMPUTE platform=gles3 flags=268439552  error: 2 plat 9 at C:/Users/AJ/Desktop/Uni/Autodidacta/VFX/UnityVFX/Library/PackageCache/com.unity.render-pipelines.high-definition@10.5.1/Runtime/ShaderLibrary/ShaderVariablesFunctions.hlsl(119): syntax error: unexpected token '#'
 ok=0 outsize=0

Cmd: compileComputeKernel
  insize=5696 file=C:/Users/AJ/Desktop/Uni/Autodidacta/VFX/UnityVFX/Library/PackageCache/com.unity.render-pipelines.high-definition@10.5.1/Runtime/PostProcessing/Shaders/HistogramExposure.compute kernel=KHistogramGen cachingPP=1 ppOnly=0 stripLineD=0 buildPlatform=13 km=<GEN_PASS=1>,<UNITY_VERSION=202039> pKW=UNITY_NO_DXT5nm UNITY_NO_RGBM UNITY_ENABLE_REFLECTION_BUFFERS UNITY_FRAMEBUFFER_FETCH_AVAILABLE UNITY_NO_CUBEMAP_ARRAY UNITY_NO_SCREENSPACE_SHADOWS UNITY_PBS_USE_BRDF2 SHADER_API_MOBILE UNITY_LIGHTMAP_FULL_HDR SHADER_API_GLES30 uKW=SHADER_STAGE_COMPUTE platform=gles3 flags=268439552  error: 2 plat 9 at C:/Users/AJ/Desktop/Uni/Autodidacta/VFX/UnityVFX/Library/PackageCache/com.unity.render-pipelines.high-definition@10.5.1/Runtime/ShaderLibrary/ShaderVariablesFunctions.hlsl(119): syntax error: unexpected token '#'
 ok=0 outsize=0

Cmd: compileComputeKernel
  insize=552 file=C:/Users/AJ/Desktop/Uni/Autodidacta/VFX/UnityVFX/Library/PackageCache/com.unity.render-pipelines.high-definition@10.5.1/Runtime/PostProcessing/Shaders/AlphaCopy.compute kernel=KMain cachingPP=1 ppOnly=0 stripLineD=0 buildPlatform=13 km=<UNITY_VERSION=202039> pKW=UNITY_NO_DXT5nm UNITY_NO_RGBM UNITY_ENABLE_REFLECTION_BUFFERS UNITY_FRAMEBUFFER_FETCH_AVAILABLE UNITY_NO_CUBEMAP_ARRAY UNITY_NO_SCREENSPACE_SHADOWS UNITY_PBS_USE_BRDF2 SHADER_API_MOBILE UNITY_LIGHTMAP_FULL_HDR SHADER_API_GLES30 uKW=SHADER_STAGE_COMPUTE platform=gles3 flags=268439552  error: 2 plat 9 at C:/Users/AJ/Desktop/Uni/Autodidacta/VFX/UnityVFX/Library/PackageCache/com.unity.render-pipelines.high-definition@10.5.1/Runtime/ShaderLibrary/ShaderVariablesFunctions.hlsl(119): syntax error: unexpected token '#'
 ok=0 outsize=0

Cmd: compileComputeKernel
  insize=6022 file=C:/Users/AJ/Desktop/Uni/Autodidacta/VFX/UnityVFX/Library/PackageCache/com.unity.render-pipelines.high-definition@10.5.1/Runtime/Lighting/ScreenSpaceLighting/BilateralUpsample.compute kernel=BilateralUpSampleSingle cachingPP=1 ppOnly=0 stripLineD=0 buildPlatform=13 km=<BILATERAL_UPSAMPLE=BilateralUpSampleSingle>,<SINGLE_CHANNEL=1>,<UNITY_VERSION=202039> pKW=UNITY_NO_DXT5nm UNITY_NO_RGBM UNITY_ENABLE_REFLECTION_BUFFERS UNITY_FRAMEBUFFER_FETCH_AVAILABLE UNITY_NO_CUBEMAP_ARRAY UNITY_NO_SCREENSPACE_SHADOWS UNITY_PBS_USE_BRDF2 SHADER_API_MOBILE UNITY_LIGHTMAP_FULL_HDR SHADER_API_GLES30 uKW=SHADER_STAGE_COMPUTE platform=gles3 flags=268439552  error: 2 plat 9 at C:/Users/AJ/Desktop/Uni/Autodidacta/VFX/UnityVFX/Library/PackageCache/com.unity.render-pipelines.high-definition@10.5.1/Runtime/ShaderLibrary/ShaderVariablesFunctions.hlsl(119): syntax error: unexpected token '#'
 ok=0 outsize=0

Cmd: compileComputeKernel
  insize=2362 file=C:/Users/AJ/Desktop/Uni/Autodidacta/VFX/UnityVFX/Library/PackageCache/com.unity.render-pipelines.high-definition@10.5.1/Runtime/PostProcessing/Shaders/ContrastAdaptiveSharpen.compute kernel=KMain cachingPP=1 ppOnly=0 stripLineD=0 buildPlatform=13 km=<UNITY_VERSION=202039> pKW=UNITY_NO_DXT5nm UNITY_NO_RGBM UNITY_ENABLE_REFLECTION_BUFFERS UNITY_FRAMEBUFFER_FETCH_AVAILABLE UNITY_NO_CUBEMAP_ARRAY UNITY_NO_SCREENSPACE_SHADOWS UNITY_PBS_USE_BRDF2 SHADER_API_MOBILE UNITY_LIGHTMAP_FULL_HDR SHADER_API_GLES30 uKW=SHADER_STAGE_COMPUTE platform=gles3 flags=268439552  error: 2 plat 9 at C:/Users/AJ/Desktop/Uni/Autodidacta/VFX/UnityVFX/Library/PackageCache/com.unity.render-pipelines.high-definition@10.5.1/Runtime/ShaderLibrary/ShaderVariablesFunctions.hlsl(119): syntax error: unexpected token '#'
 ok=0 outsize=0

Cmd: compileComputeKernel
  insize=10754 file=C:/Users/AJ/Desktop/Uni/Autodidacta/VFX/UnityVFX/Library/PackageCache/com.unity.render-pipelines.high-definition@10.5.1/Runtime/Lighting/LightLoop/Deferred.compute kernel=Deferred_Indirect_Fptl_Variant27 cachingPP=1 ppOnly=0 stripLineD=0 buildPlatform=13 km=<SHADE_OPAQUE_ENTRY=Deferred_Indirect_Fptl_Variant27>,<USE_INDIRECT=1>,<VARIANT=27>,<UNITY_VERSION=202039> pKW=UNITY_NO_DXT5nm UNITY_ENABLE_REFLECTION_BUFFERS UNITY_NO_CUBEMAP_ARRAY UNITY_NO_SCREENSPACE_SHADOWS UNITY_PBS_USE_BRDF2 UNITY_LIGHTMAP_FULL_HDR uKW=SCREEN_SPACE_SHADOWS_ON SHADOW_HIGH SHADER_STAGE_COMPUTE platform=d3d11 flags=0 ok=1 outsize=83863

Cmd: compileComputeKernel
  insize=10754 file=C:/Users/AJ/Desktop/Uni/Autodidacta/VFX/UnityVFX/Library/PackageCache/com.unity.render-pipelines.high-definition@10.5.1/Runtime/Lighting/LightLoop/Deferred.compute kernel=Deferred_Indirect_Fptl_Variant25 cachingPP=1 ppOnly=0 stripLineD=0 buildPlatform=13 km=<SHADE_OPAQUE_ENTRY=Deferred_Indirect_Fptl_Variant25>,<USE_INDIRECT=1>,<VARIANT=25>,<UNITY_VERSION=202039> pKW=UNITY_NO_DXT5nm UNITY_ENABLE_REFLECTION_BUFFERS UNITY_NO_CUBEMAP_ARRAY UNITY_NO_SCREENSPACE_SHADOWS UNITY_PBS_USE_BRDF2 UNITY_LIGHTMAP_FULL_HDR uKW=SCREEN_SPACE_SHADOWS_ON SHADOW_HIGH SHADER_STAGE_COMPUTE platform=d3d11 flags=0 ok=1 outsize=40487

Cmd: compileComputeKernel
  insize=10754 file=C:/Users/AJ/Desktop/Uni/Autodidacta/VFX/UnityVFX/Library/PackageCache/com.unity.render-pipelines.high-definition@10.5.1/Runtime/Lighting/LightLoop/Deferred.compute kernel=Deferred_Indirect_Fptl_Variant23 cachingPP=1 ppOnly=0 stripLineD=0 buildPlatform=13 km=<SHADE_OPAQUE_ENTRY=Deferred_Indirect_Fptl_Variant23>,<USE_INDIRECT=1>,<VARIANT=23>,<UNITY_VERSION=202039> pKW=UNITY_NO_DXT5nm UNITY_ENABLE_REFLECTION_BUFFERS UNITY_NO_CUBEMAP_ARRAY UNITY_NO_SCREENSPACE_SHADOWS UNITY_PBS_USE_BRDF2 UNITY_LIGHTMAP_FULL_HDR uKW=SCREEN_SPACE_SHADOWS_OFF SHADOWS_SHADOWMASK SHADOW_MEDIUM SHADER_STAGE_COMPUTE platform=d3d11 flags=0 ok=1 outsize=47043

Cmd: compileComputeKernel
  insize=10754 file=C:/Users/AJ/Desktop/Uni/Autodidacta/VFX/UnityVFX/Library/PackageCache/com.unity.render-pipelines.high-definition@10.5.1/Runtime/Lighting/LightLoop/Deferred.compute kernel=Deferred_Indirect_Fptl_Variant22 cachingPP=1 ppOnly=0 stripLineD=0 buildPlatform=13 km=<SHADE_OPAQUE_ENTRY=Deferred_Indirect_Fptl_Variant22>,<USE_INDIRECT=1>,<VARIANT=22>,<UNITY_VERSION=202039> pKW=UNITY_NO_DXT5nm UNITY_ENABLE_REFLECTION_BUFFERS UNITY_NO_CUBEMAP_ARRAY UNITY_NO_SCREENSPACE_SHADOWS UNITY_PBS_USE_BRDF2 UNITY_LIGHTMAP_FULL_HDR uKW=SCREEN_SPACE_SHADOWS_OFF SHADOWS_SHADOWMASK SHADOW_HIGH SHADER_STAGE_COMPUTE platform=d3d11 flags=0 ok=1 outsize=95855

Cmd: compileComputeKernel
  insize=10754 file=C:/Users/AJ/Desktop/Uni/Autodidacta/VFX/UnityVFX/Library/PackageCache/com.unity.render-pipelines.high-definition@10.5.1/Runtime/Lighting/LightLoop/Deferred.compute kernel=Deferred_Indirect_Fptl_Variant21 cachingPP=1 ppOnly=0 stripLineD=0 buildPlatform=13 km=<SHADE_OPAQUE_ENTRY=Deferred_Indirect_Fptl_Variant21>,<USE_INDIRECT=1>,<VARIANT=21>,<UNITY_VERSION=202039> pKW=UNITY_NO_DXT5nm UNITY_ENABLE_REFLECTION_BUFFERS UNITY_NO_CUBEMAP_ARRAY UNITY_NO_SCREENSPACE_SHADOWS UNITY_PBS_USE_BRDF2 UNITY_LIGHTMAP_FULL_HDR uKW=SCREEN_SPACE_SHADOWS_ON SHADOW_HIGH SHADER_STAGE_COMPUTE platform=d3d11 flags=0 ok=1 outsize=60376

Cmd: compileComputeKernel
  insize=10754 file=C:/Users/AJ/Desktop/Uni/Autodidacta/VFX/UnityVFX/Library/PackageCache/com.unity.render-pipelines.high-definition@10.5.1/Runtime/Lighting/LightLoop/Deferred.compute kernel=Deferred_Indirect_Fptl_Variant20 cachingPP=1 ppOnly=0 stripLineD=0 buildPlatform=13 km=<SHADE_OPAQUE_ENTRY=Deferred_Indirect_Fptl_Variant20>,<USE_INDIRECT=1>,<VARIANT=20>,<UNITY_VERSION=202039> pKW=UNITY_NO_DXT5nm UNITY_ENABLE_REFLECTION_BUFFERS UNITY_NO_CUBEMAP_ARRAY UNITY_NO_SCREENSPACE_SHADOWS UNITY_PBS_USE_BRDF2 UNITY_LIGHTMAP_FULL_HDR uKW=SCREEN_SPACE_SHADOWS_ON SHADOWS_SHADOWMASK SHADOW_MEDIUM SHADER_STAGE_COMPUTE platform=d3d11 flags=0 ok=1 outsize=43321

Cmd: compileComputeKernel
  insize=10754 file=C:/Users/AJ/Desktop/Uni/Autodidacta/VFX/UnityVFX/Library/PackageCache/com.unity.render-pipelines.high-definition@10.5.1/Runtime/Lighting/LightLoop/Deferred.compute kernel=Deferred_Indirect_Fptl_Variant18 cachingPP=1 ppOnly=0 stripLineD=0 buildPlatform=13 km=<SHADE_OPAQUE_ENTRY=Deferred_Indirect_Fptl_Variant18>,<USE_INDIRECT=1>,<VARIANT=18>,<UNITY_VERSION=202039> pKW=UNITY_NO_DXT5nm UNITY_ENABLE_REFLECTION_BUFFERS UNITY_NO_CUBEMAP_ARRAY UNITY_NO_SCREENSPACE_SHADOWS UNITY_PBS_USE_BRDF2 UNITY_LIGHTMAP_FULL_HDR uKW=SCREEN_SPACE_SHADOWS_OFF SHADOW_LOW SHADER_STAGE_COMPUTE platform=d3d11 flags=0 ok=1 outsize=41425

Cmd: compileComputeKernel
  insize=10754 file=C:/Users/AJ/Desktop/Uni/Autodidacta/VFX/UnityVFX/Library/PackageCache/com.unity.render-pipelines.high-definition@10.5.1/Runtime/Lighting/LightLoop/Deferred.compute kernel=Deferred_Indirect_Fptl_Variant18 cachingPP=1 ppOnly=0 stripLineD=0 buildPlatform=13 km=<SHADE_OPAQUE_ENTRY=Deferred_Indirect_Fptl_Variant18>,<USE_INDIRECT=1>,<VARIANT=18>,<UNITY_VERSION=202039> pKW=UNITY_NO_DXT5nm UNITY_ENABLE_REFLECTION_BUFFERS UNITY_NO_CUBEMAP_ARRAY UNITY_NO_SCREENSPACE_SHADOWS UNITY_PBS_USE_BRDF2 UNITY_LIGHTMAP_FULL_HDR uKW=SCREEN_SPACE_SHADOWS_OFF SHADOW_MEDIUM SHADER_STAGE_COMPUTE platform=d3d11 flags=0 ok=1 outsize=45041

Cmd: compileComputeKernel
  insize=10754 file=C:/Users/AJ/Desktop/Uni/Autodidacta/VFX/UnityVFX/Library/PackageCache/com.unity.render-pipelines.high-definition@10.5.1/Runtime/Lighting/LightLoop/Deferred.compute kernel=Deferred_Indirect_Fptl_Variant16 cachingPP=1 ppOnly=0 stripLineD=0 buildPlatform=13 km=<SHADE_OPAQUE_ENTRY=Deferred_Indirect_Fptl_Variant16>,<USE_INDIRECT=1>,<VARIANT=16>,<UNITY_VERSION=202039> pKW=UNITY_NO_DXT5nm UNITY_ENABLE_REFLECTION_BUFFERS UNITY_NO_CUBEMAP_ARRAY UNITY_NO_SCREENSPACE_SHADOWS UNITY_PBS_USE_BRDF2 UNITY_LIGHTMAP_FULL_HDR uKW=SCREEN_SPACE_SHADOWS_OFF SHADOWS_SHADOWMASK SHADOW_MEDIUM SHADER_STAGE_COMPUTE platform=d3d11 flags=0 ok=1 outsize=56464

Cmd: compileComputeKernel
  insize=10754 file=C:/Users/AJ/Desktop/Uni/Autodidacta/VFX/UnityVFX/Library/PackageCache/com.unity.render-pipelines.high-definition@10.5.1/Runtime/Lighting/LightLoop/Deferred.compute kernel=Deferred_Indirect_Fptl_Variant16 cachingPP=1 ppOnly=0 stripLineD=0 buildPlatform=13 km=<SHADE_OPAQUE_ENTRY=Deferred_Indirect_Fptl_Variant16>,<USE_INDIRECT=1>,<VARIANT=16>,<UNITY_VERSION=202039> pKW=UNITY_NO_DXT5nm UNITY_ENABLE_REFLECTION_BUFFERS UNITY_NO_CUBEMAP_ARRAY UNITY_NO_SCREENSPACE_SHADOWS UNITY_PBS_USE_BRDF2 UNITY_LIGHTMAP_FULL_HDR uKW=SCREEN_SPACE_SHADOWS_OFF SHADOW_MEDIUM SHADER_STAGE_COMPUTE platform=d3d11 flags=0 ok=1 outsize=54494

Cmd: compileComputeKernel
  insize=10754 file=C:/Users/AJ/Desktop/Uni/Autodidacta/VFX/UnityVFX/Library/PackageCache/com.unity.render-pipelines.high-definition@10.5.1/Runtime/Lighting/LightLoop/Deferred.compute kernel=Deferred_Indirect_Fptl_Variant15 cachingPP=1 ppOnly=0 stripLineD=0 buildPlatform=13 km=<SHADE_OPAQUE_ENTRY=Deferred_Indirect_Fptl_Variant15>,<USE_INDIRECT=1>,<VARIANT=15>,<UNITY_VERSION=202039> pKW=UNITY_NO_DXT5nm UNITY_ENABLE_REFLECTION_BUFFERS UNITY_NO_CUBEMAP_ARRAY UNITY_NO_SCREENSPACE_SHADOWS UNITY_PBS_USE_BRDF2 UNITY_LIGHTMAP_FULL_HDR uKW=SCREEN_SPACE_SHADOWS_ON SHADOWS_SHADOWMASK SHADOW_MEDIUM SHADER_STAGE_COMPUTE platform=d3d11 flags=0 ok=1 outsize=40229

Cmd: compileComputeKernel
  insize=10754 file=C:/Users/AJ/Desktop/Uni/Autodidacta/VFX/UnityVFX/Library/PackageCache/com.unity.render-pipelines.high-definition@10.5.1/Runtime/Lighting/LightLoop/Deferred.compute kernel=Deferred_Indirect_Fptl_Variant13 cachingPP=1 ppOnly=0 stripLineD=0 buildPlatform=13 km=<SHADE_OPAQUE_ENTRY=Deferred_Indirect_Fptl_Variant13>,<USE_INDIRECT=1>,<VARIANT=13>,<UNITY_VERSION=202039> pKW=UNITY_NO_DXT5nm UNITY_ENABLE_REFLECTION_BUFFERS UNITY_NO_CUBEMAP_ARRAY UNITY_NO_SCREENSPACE_SHADOWS UNITY_PBS_USE_BRDF2 UNITY_LIGHTMAP_FULL_HDR uKW=SCREEN_SPACE_SHADOWS_OFF SHADOWS_SHADOWMASK SHADOW_LOW SHADER_STAGE_COMPUTE platform=d3d11 flags=0 ok=1 outsize=43287

Cmd: compileComputeKernel
  insize=10754 file=C:/Users/AJ/Desktop/Uni/Autodidacta/VFX/UnityVFX/Library/PackageCache/com.unity.render-pipelines.high-definition@10.5.1/Runtime/Lighting/LightLoop/Deferred.compute kernel=Deferred_Indirect_Fptl_Variant12 cachingPP=1 ppOnly=0 stripLineD=0 buildPlatform=13 km=<SHADE_OPAQUE_ENTRY=Deferred_Indirect_Fptl_Variant12>,<USE_INDIRECT=1>,<VARIANT=12>,<UNITY_VERSION=202039> pKW=UNITY_NO_DXT5nm UNITY_ENABLE_REFLECTION_BUFFERS UNITY_NO_CUBEMAP_ARRAY UNITY_NO_SCREENSPACE_SHADOWS UNITY_PBS_USE_BRDF2 UNITY_LIGHTMAP_FULL_HDR uKW=SCREEN_SPACE_SHADOWS_OFF SHADOW_HIGH SHADER_STAGE_COMPUTE platform=d3d11 flags=0 ok=1 outsize=93132

Cmd: compileComputeKernel
  insize=7361 file=C:/Users/AJ/Desktop/Uni/Autodidacta/VFX/UnityVFX/Library/PackageCache/com.unity.render-pipelines.high-definition@10.5.1/Runtime/Lighting/ScreenSpaceLighting/GTAO.compute kernel=GTAOMain cachingPP=1 ppOnly=0 stripLineD=0 buildPlatform=13 km=<UNITY_VERSION=202039> pKW=UNITY_NO_DXT5nm UNITY_NO_RGBM UNITY_ENABLE_REFLECTION_BUFFERS UNITY_FRAMEBUFFER_FETCH_AVAILABLE UNITY_NO_CUBEMAP_ARRAY UNITY_NO_SCREENSPACE_SHADOWS UNITY_PBS_USE_BRDF2 SHADER_API_MOBILE UNITY_LIGHTMAP_FULL_HDR SHADER_API_GLES30 uKW=HALF_RES TEMPORAL SHADER_STAGE_COMPUTE platform=gles3 flags=268439552  error: 2 plat 9 at C:/Users/AJ/Desktop/Uni/Autodidacta/VFX/UnityVFX/Library/PackageCache/com.unity.render-pipelines.high-definition@10.5.1/Runtime/ShaderLibrary/ShaderVariablesFunctions.hlsl(119): syntax error: unexpected token '#'
 ok=0 outsize=0

Cmd: compileComputeKernel
  insize=39136 file=C:/Users/AJ/Desktop/Uni/Autodidacta/VFX/UnityVFX/Library/PackageCache/com.unity.render-pipelines.high-definition@10.5.1/Runtime/Lighting/VolumetricLighting/VolumetricLighting.compute kernel=VolumetricLighting cachingPP=1 ppOnly=0 stripLineD=0 buildPlatform=13 km=<UNITY_VERSION=202039> pKW=UNITY_NO_DXT5nm UNITY_NO_RGBM UNITY_ENABLE_REFLECTION_BUFFERS UNITY_NO_CUBEMAP_ARRAY UNITY_NO_SCREENSPACE_SHADOWS UNITY_PBS_USE_BRDF2 SHADER_API_MOBILE UNITY_LIGHTMAP_FULL_HDR uKW=ENABLE_ANISOTROPY ENABLE_REPROJECTION LIGHTLOOP_DISABLE_TILE_AND_CLUSTER SUPPORT_LOCAL_LIGHTS VL_PRESET_OPTIMAL SHADER_STAGE_COMPUTE platform=vulkan flags=268439552 ok=1 outsize=221952

Cmd: compileComputeKernel
  insize=39136 file=C:/Users/AJ/Desktop/Uni/Autodidacta/VFX/UnityVFX/Library/PackageCache/com.unity.render-pipelines.high-definition@10.5.1/Runtime/Lighting/VolumetricLighting/VolumetricLighting.compute kernel=VolumetricLighting cachingPP=1 ppOnly=0 stripLineD=0 buildPlatform=13 km=<UNITY_VERSION=202039> pKW=UNITY_NO_DXT5nm UNITY_NO_RGBM UNITY_ENABLE_REFLECTION_BUFFERS UNITY_NO_CUBEMAP_ARRAY UNITY_NO_SCREENSPACE_SHADOWS UNITY_PBS_USE_BRDF2 SHADER_API_MOBILE UNITY_LIGHTMAP_FULL_HDR uKW=ENABLE_REPROJECTION VL_PRESET_OPTIMAL SHADER_STAGE_COMPUTE platform=vulkan flags=268439552 ok=1 outsize=88741

Cmd: compileComputeKernel
  insize=5736 file=C:/Users/AJ/Desktop/Uni/Autodidacta/VFX/UnityVFX/Library/PackageCache/com.unity.render-pipelines.high-definition@10.5.1/Runtime/Lighting/Shadow/EVSMBlur.compute kernel=Blur cachingPP=1 ppOnly=0 stripLineD=0 buildPlatform=13 km=<KERNEL_MAIN=Blur>,<BLUR_SIZE=9>,<ALREADY_EVSM=1>,<UNITY_VERSION=202039> pKW=UNITY_NO_DXT5nm UNITY_NO_RGBM UNITY_ENABLE_REFLECTION_BUFFERS UNITY_NO_CUBEMAP_ARRAY UNITY_NO_SCREENSPACE_SHADOWS UNITY_PBS_USE_BRDF2 SHADER_API_MOBILE UNITY_LIGHTMAP_FULL_HDR uKW=SHADER_STAGE_COMPUTE platform=vulkan flags=268439552 ok=1 outsize=19441

Cmd: compileComputeKernel
  insize=1320 file=C:/Users/AJ/Desktop/Uni/Autodidacta/VFX/UnityVFX/Library/PackageCache/com.unity.visualeffectgraph@10.5.1/Shaders/VFXCopyBuffer.compute kernel=CSVFXCopyBuffer cachingPP=1 ppOnly=0 stripLineD=0 buildPlatform=13 km=<UNITY_VERSION=202039> pKW=UNITY_NO_DXT5nm UNITY_NO_RGBM UNITY_ENABLE_REFLECTION_BUFFERS UNITY_NO_CUBEMAP_ARRAY UNITY_NO_SCREENSPACE_SHADOWS UNITY_PBS_USE_BRDF2 SHADER_API_MOBILE UNITY_LIGHTMAP_FULL_HDR uKW=SHADER_STAGE_COMPUTE platform=vulkan flags=268439552 ok=1 outsize=2736

Cmd: compileComputeKernel
  insize=6129 file=C:/Users/AJ/Desktop/Uni/Autodidacta/VFX/UnityVFX/Library/PackageCache/com.unity.render-pipelines.high-definition@10.5.1/Runtime/PostProcessing/Shaders/MotionBlurMotionVecPrep.compute kernel=MotionVecPreppingCS cachingPP=1 ppOnly=0 stripLineD=0 buildPlatform=13 km=<MOTION_VEC_PREPPING=1>,<UNITY_VERSION=202039> pKW=UNITY_NO_DXT5nm UNITY_NO_RGBM UNITY_ENABLE_REFLECTION_BUFFERS UNITY_NO_CUBEMAP_ARRAY UNITY_NO_SCREENSPACE_SHADOWS UNITY_PBS_USE_BRDF2 SHADER_API_MOBILE UNITY_LIGHTMAP_FULL_HDR uKW=CAMERA_ROT_CLAMP SHADER_STAGE_COMPUTE platform=vulkan flags=268439552 ok=1 outsize=26282

Cmd: compileComputeKernel
  insize=6865 file=C:/Users/AJ/Desktop/Uni/Autodidacta/VFX/UnityVFX/Library/PackageCache/com.unity.render-pipelines.high-definition@10.5.1/Runtime/RenderPipeline/RenderPass/ColorPyramid.compute kernel=KColorDownsample cachingPP=1 ppOnly=0 stripLineD=0 buildPlatform=13 km=<KERNEL_SIZE=8>,<MAIN_DOWNSAMPLE=KColorDownsample>,<UNITY_VERSION=202039> pKW=UNITY_NO_DXT5nm UNITY_NO_RGBM UNITY_ENABLE_REFLECTION_BUFFERS UNITY_NO_CUBEMAP_ARRAY UNITY_NO_SCREENSPACE_SHADOWS UNITY_PBS_USE_BRDF2 SHADER_API_MOBILE UNITY_LIGHTMAP_FULL_HDR uKW=COPY_MIP_0 DISABLE_TEXTURE2D_X_ARRAY SHADER_STAGE_COMPUTE platform=vulkan flags=268439552 ok=1 outsize=5426

Cmd: compileComputeKernel
  insize=6865 file=C:/Users/AJ/Desktop/Uni/Autodidacta/VFX/UnityVFX/Library/PackageCache/com.unity.render-pipelines.high-definition@10.5.1/Runtime/RenderPipeline/RenderPass/ColorPyramid.compute kernel=KColorGaussian cachingPP=1 ppOnly=0 stripLineD=0 buildPlatform=13 km=<KERNEL_SIZE=8>,<MAIN_GAUSSIAN=KColorGaussian>,<UNITY_VERSION=202039> pKW=UNITY_NO_DXT5nm UNITY_NO_RGBM UNITY_ENABLE_REFLECTION_BUFFERS UNITY_NO_CUBEMAP_ARRAY UNITY_NO_SCREENSPACE_SHADOWS UNITY_PBS_USE_BRDF2 SHADER_API_MOBILE UNITY_LIGHTMAP_FULL_HDR uKW=SHADER_STAGE_COMPUTE platform=vulkan flags=268439552 ok=1 outsize=26447

Cmd: compileComputeKernel
  insize=20491 file=C:/Users/AJ/Desktop/Uni/Autodidacta/VFX/UnityVFX/Library/PackageCache/com.unity.render-pipelines.high-definition@10.5.1/Runtime/Lighting/LightLoop/lightlistbuild.compute kernel=TileLightListGen cachingPP=1 ppOnly=0 stripLineD=0 buildPlatform=13 km=<UNITY_VERSION=202039> pKW=UNITY_NO_DXT5nm UNITY_NO_RGBM UNITY_ENABLE_REFLECTION_BUFFERS UNITY_NO_CUBEMAP_ARRAY UNITY_NO_SCREENSPACE_SHADOWS UNITY_PBS_USE_BRDF2 SHADER_API_MOBILE UNITY_LIGHTMAP_FULL_HDR uKW=USE_FEATURE_FLAGS USE_OBLIQUE_MODE SHADER_STAGE_COMPUTE platform=vulkan flags=268439552 ok=1 outsize=69733

Cmd: compileComputeKernel
  insize=5437 file=C:/Users/AJ/Desktop/Uni/Autodidacta/VFX/UnityVFX/Library/PackageCache/com.unity.render-pipelines.high-definition@10.5.1/Runtime/PostProcessing/Shaders/DepthOfFieldGather.compute kernel=KMainFar cachingPP=1 ppOnly=0 stripLineD=0 buildPlatform=13 km=<MAIN=KMainFar>,<FAR=1>,<UNITY_VERSION=202039> pKW=UNITY_NO_DXT5nm UNITY_NO_RGBM UNITY_ENABLE_REFLECTION_BUFFERS UNITY_NO_CUBEMAP_ARRAY UNITY_NO_SCREENSPACE_SHADOWS UNITY_PBS_USE_BRDF2 SHADER_API_MOBILE UNITY_LIGHTMAP_FULL_HDR uKW=ENABLE_ALPHA SHADER_STAGE_COMPUTE platform=vulkan flags=268439552 ok=1 outsize=18223

Cmd: compileComputeKernel
  insize=16415 file=C:/Users/AJ/Desktop/Uni/Autodidacta/VFX/UnityVFX/Library/PackageCache/com.unity.render-pipelines.high-definition@10.5.1/Runtime/Sky/PhysicallyBasedSky/InScatteredRadiancePrecomputation.compute kernel=MAIN_1 cachingPP=1 ppOnly=0 stripLineD=0 buildPlatform=13 km=<main=MAIN_1>,<SINGLE_SCATTERING=1>,<UNITY_VERSION=202039> pKW=UNITY_NO_DXT5nm UNITY_NO_RGBM UNITY_ENABLE_REFLECTION_BUFFERS UNITY_NO_CUBEMAP_ARRAY UNITY_NO_SCREENSPACE_SHADOWS UNITY_PBS_USE_BRDF2 SHADER_API_MOBILE UNITY_LIGHTMAP_FULL_HDR uKW=SHADER_STAGE_COMPUTE platform=vulkan flags=268439552 ok=1 outsize=60100

Cmd: compileComputeKernel
  insize=11318 file=C:/Users/AJ/Desktop/Uni/Autodidacta/VFX/UnityVFX/Library/PackageCache/com.unity.render-pipelines.high-definition@10.5.1/Runtime/Lighting/Shadow/ContactShadows.compute kernel=DeferredContactShadow cachingPP=1 ppOnly=0 stripLineD=0 buildPlatform=13 km=<UNITY_VERSION=202039> pKW=UNITY_NO_DXT5nm UNITY_NO_RGBM UNITY_ENABLE_REFLECTION_BUFFERS UNITY_NO_CUBEMAP_ARRAY UNITY_NO_SCREENSPACE_SHADOWS UNITY_PBS_USE_BRDF2 SHADER_API_MOBILE UNITY_LIGHTMAP_FULL_HDR uKW=ENABLE_MSAA SHADER_STAGE_COMPUTE platform=vulkan flags=268439552 ok=1 outsize=46504

Cmd: compileComputeKernel
  insize=801 file=C:/Users/AJ/Desktop/Uni/Autodidacta/VFX/UnityVFX/Library/PackageCache/com.unity.render-pipelines.high-definition@10.5.1/Runtime/PostProcessing/Shaders/NaNKiller.compute kernel=KMain cachingPP=1 ppOnly=0 stripLineD=0 buildPlatform=13 km=<UNITY_VERSION=202039> pKW=UNITY_NO_DXT5nm UNITY_NO_RGBM UNITY_ENABLE_REFLECTION_BUFFERS UNITY_NO_CUBEMAP_ARRAY UNITY_NO_SCREENSPACE_SHADOWS UNITY_PBS_USE_BRDF2 SHADER_API_MOBILE UNITY_LIGHTMAP_FULL_HDR uKW=ENABLE_ALPHA SHADER_STAGE_COMPUTE platform=vulkan flags=268439552 ok=1 outsize=3541

Cmd: compileComputeKernel
  insize=2552 file=C:/Users/AJ/Desktop/Uni/Autodidacta/VFX/UnityVFX/Library/PackageCache/com.unity.render-pipelines.high-definition@10.5.1/Runtime/PostProcessing/Shaders/DepthOfFieldCoC.compute kernel=KMainPhysical cachingPP=1 ppOnly=0 stripLineD=0 buildPlatform=13 km=<UNITY_VERSION=202039> pKW=UNITY_NO_DXT5nm UNITY_NO_RGBM UNITY_ENABLE_REFLECTION_BUFFERS UNITY_NO_CUBEMAP_ARRAY UNITY_NO_SCREENSPACE_SHADOWS UNITY_PBS_USE_BRDF2 SHADER_API_MOBILE UNITY_LIGHTMAP_FULL_HDR uKW=SHADER_STAGE_COMPUTE platform=vulkan flags=268439552 ok=1 outsize=12211

Cmd: compileComputeKernel
  insize=3901 file=C:/Users/AJ/Desktop/Uni/Autodidacta/VFX/UnityVFX/Library/PackageCache/com.unity.render-pipelines.high-definition@10.5.1/Runtime/PostProcessing/Shaders/DepthOfFieldCombine.compute kernel=KMain cachingPP=1 ppOnly=0 stripLineD=0 buildPlatform=13 km=<UNITY_VERSION=202039> pKW=UNITY_NO_DXT5nm UNITY_NO_RGBM UNITY_ENABLE_REFLECTION_BUFFERS UNITY_NO_CUBEMAP_ARRAY UNITY_NO_SCREENSPACE_SHADOWS UNITY_PBS_USE_BRDF2 SHADER_API_MOBILE UNITY_LIGHTMAP_FULL_HDR uKW=ENABLE_ALPHA FULL_RES SHADER_STAGE_COMPUTE platform=vulkan flags=268439552 ok=1 outsize=1961

Cmd: compileComputeKernel
  insize=3901 file=C:/Users/AJ/Desktop/Uni/Autodidacta/VFX/UnityVFX/Library/PackageCache/com.unity.render-pipelines.high-definition@10.5.1/Runtime/PostProcessing/Shaders/DepthOfFieldCombine.compute kernel=KMain cachingPP=1 ppOnly=0 stripLineD=0 buildPlatform=13 km=<UNITY_VERSION=202039> pKW=UNITY_NO_DXT5nm UNITY_NO_RGBM UNITY_ENABLE_REFLECTION_BUFFERS UNITY_NO_CUBEMAP_ARRAY UNITY_NO_SCREENSPACE_SHADOWS UNITY_PBS_USE_BRDF2 SHADER_API_MOBILE UNITY_LIGHTMAP_FULL_HDR uKW=LOW_QUALITY NEAR SHADER_STAGE_COMPUTE platform=vulkan flags=268439552 ok=1 outsize=13925

Cmd: compileComputeKernel
  insize=5729 file=C:/Users/AJ/Desktop/Uni/Autodidacta/VFX/UnityVFX/Library/PackageCache/com.unity.render-pipelines.high-definition@10.5.1/Runtime/PostProcessing/Shaders/BloomBlur.compute kernel=KMain cachingPP=1 ppOnly=0 stripLineD=0 buildPlatform=13 km=<MAIN=KMain>,<UNITY_VERSION=202039> pKW=UNITY_NO_DXT5nm UNITY_NO_RGBM UNITY_ENABLE_REFLECTION_BUFFERS UNITY_NO_CUBEMAP_ARRAY UNITY_NO_SCREENSPACE_SHADOWS UNITY_PBS_USE_BRDF2 SHADER_API_MOBILE UNITY_LIGHTMAP_FULL_HDR uKW=SHADER_STAGE_COMPUTE platform=vulkan flags=268439552 ok=1 outsize=24737

Cmd: compileComputeKernel
  insize=11856 file=C:/Users/AJ/Desktop/Uni/Autodidacta/VFX/UnityVFX/Library/PackageCache/com.unity.render-pipelines.high-definition@10.5.1/Runtime/PostProcessing/Shaders/MotionBlur.compute kernel=MotionBlurCS cachingPP=1 ppOnly=0 stripLineD=0 buildPlatform=13 km=<UNITY_VERSION=202039> pKW=UNITY_NO_DXT5nm UNITY_NO_RGBM UNITY_ENABLE_REFLECTION_BUFFERS UNITY_FRAMEBUFFER_FETCH_AVAILABLE UNITY_NO_CUBEMAP_ARRAY UNITY_NO_SCREENSPACE_SHADOWS UNITY_PBS_USE_BRDF2 SHADER_API_MOBILE UNITY_LIGHTMAP_FULL_HDR SHADER_API_GLES30 uKW=ENABLE_ALPHA SHADER_STAGE_COMPUTE platform=gles3 flags=268439552  error: 2 plat 9 at C:/Users/AJ/Desktop/Uni/Autodidacta/VFX/UnityVFX/Library/PackageCache/com.unity.render-pipelines.high-definition@10.5.1/Runtime/ShaderLibrary/ShaderVariablesFunctions.hlsl(119): syntax error: unexpected token '#'
 ok=0 outsize=0

Cmd: compileComputeKernel
  insize=10317 file=C:/Users/AJ/Desktop/Uni/Autodidacta/VFX/UnityVFX/Library/PackageCache/com.unity.render-pipelines.high-definition@10.5.1/Runtime/Lighting/ScreenSpaceLighting/GTAOBlurAndUpsample.compute kernel=BlurUpsample cachingPP=1 ppOnly=0 stripLineD=0 buildPlatform=13 km=<BLUR_AND_UPSAMPLE=1>,<UNITY_VERSION=202039> pKW=UNITY_NO_DXT5nm UNITY_NO_RGBM UNITY_ENABLE_REFLECTION_BUFFERS UNITY_FRAMEBUFFER_FETCH_AVAILABLE UNITY_NO_CUBEMAP_ARRAY UNITY_NO_SCREENSPACE_SHADOWS UNITY_PBS_USE_BRDF2 SHADER_API_MOBILE UNITY_LIGHTMAP_FULL_HDR SHADER_API_GLES30 uKW=SHADER_STAGE_COMPUTE platform=gles3 flags=268439552  error: 2 plat 9 at C:/Users/AJ/Desktop/Uni/Autodidacta/VFX/UnityVFX/Library/PackageCache/com.unity.render-pipelines.high-definition@10.5.1/Runtime/ShaderLibrary/ShaderVariablesFunctions.hlsl(119): syntax error: unexpected token '#'
 ok=0 outsize=0

Cmd: compileComputeKernel
  insize=8927 file=C:/Users/AJ/Desktop/Uni/Autodidacta/VFX/UnityVFX/Library/PackageCache/com.unity.render-pipelines.high-definition@10.5.1/Runtime/PostProcessing/Shaders/UberPost.compute kernel=Uber cachingPP=1 ppOnly=0 stripLineD=0 buildPlatform=13 km=<UNITY_VERSION=202039> pKW=UNITY_NO_DXT5nm UNITY_NO_RGBM UNITY_ENABLE_REFLECTION_BUFFERS UNITY_NO_CUBEMAP_ARRAY UNITY_NO_SCREENSPACE_SHADOWS UNITY_PBS_USE_BRDF2 SHADER_API_MOBILE UNITY_LIGHTMAP_FULL_HDR uKW=CHROMATIC_ABERRATION ENABLE_ALPHA SHADER_STAGE_COMPUTE platform=vulkan flags=268439552 ok=1 outsize=29530

Cmd: compileComputeKernel
  insize=8927 file=C:/Users/AJ/Desktop/Uni/Autodidacta/VFX/UnityVFX/Library/PackageCache/com.unity.render-pipelines.high-definition@10.5.1/Runtime/PostProcessing/Shaders/UberPost.compute kernel=Uber cachingPP=1 ppOnly=0 stripLineD=0 buildPlatform=13 km=<UNITY_VERSION=202039> pKW=UNITY_NO_DXT5nm UNITY_NO_RGBM UNITY_ENABLE_REFLECTION_BUFFERS UNITY_NO_CUBEMAP_ARRAY UNITY_NO_SCREENSPACE_SHADOWS UNITY_PBS_USE_BRDF2 SHADER_API_MOBILE UNITY_LIGHTMAP_FULL_HDR uKW=ENABLE_ALPHA SHADER_STAGE_COMPUTE platform=vulkan flags=268439552 ok=1 outsize=25279

Cmd: compileComputeKernel
  insize=26393 file=C:/Users/AJ/Desktop/Uni/Autodidacta/VFX/UnityVFX/Library/PackageCache/com.unity.render-pipelines.high-definition@10.5.1/Runtime/Lighting/LightLoop/lightlistbuild-clustered.compute kernel=TileLightListGen_DepthRT cachingPP=1 ppOnly=0 stripLineD=0 buildPlatform=13 km=<LIGHTLISTGEN=TileLightListGen_DepthRT>,<ENABLE_DEPTH_TEXTURE_BACKPLANE=1>,<UNITY_VERSION=202039> pKW=UNITY_NO_DXT5nm UNITY_NO_RGBM UNITY_ENABLE_REFLECTION_BUFFERS UNITY_NO_CUBEMAP_ARRAY UNITY_NO_SCREENSPACE_SHADOWS UNITY_PBS_USE_BRDF2 SHADER_API_MOBILE UNITY_LIGHTMAP_FULL_HDR uKW=SHADER_STAGE_COMPUTE platform=vulkan flags=268439552 ok=1 outsize=66209

Cmd: compileComputeKernel
  insize=3618 file=C:/Users/AJ/Desktop/Uni/Autodidacta/VFX/UnityVFX/Library/PackageCache/com.unity.render-pipelines.high-definition@10.5.1/Runtime/Sky/PhysicallyBasedSky/GroundIrradiancePrecomputation.compute kernel=MAIN_S cachingPP=1 ppOnly=0 stripLineD=0 buildPlatform=13 km=<main=MAIN_S>,<MULTIPLE_SCATTERING=1>,<SRC_SS=1>,<UNITY_VERSION=202039> pKW=UNITY_NO_DXT5nm UNITY_NO_RGBM UNITY_ENABLE_REFLECTION_BUFFERS UNITY_NO_CUBEMAP_ARRAY UNITY_NO_SCREENSPACE_SHADOWS UNITY_PBS_USE_BRDF2 SHADER_API_MOBILE UNITY_LIGHTMAP_FULL_HDR uKW=SHADER_STAGE_COMPUTE platform=vulkan flags=268439552 ok=1 outsize=18367

Cmd: compileComputeKernel
  insize=3598 file=C:/Users/AJ/Desktop/Uni/Autodidacta/VFX/UnityVFX/Library/PackageCache/com.unity.render-pipelines.high-definition@10.5.1/Runtime/Debug/DebugLightVolumes.compute kernel=LightVolumeColors cachingPP=1 ppOnly=0 stripLineD=0 buildPlatform=13 km=<UNITY_VERSION=202039> pKW=UNITY_NO_DXT5nm UNITY_NO_RGBM UNITY_ENABLE_REFLECTION_BUFFERS UNITY_FRAMEBUFFER_FETCH_AVAILABLE UNITY_NO_CUBEMAP_ARRAY UNITY_NO_SCREENSPACE_SHADOWS UNITY_PBS_USE_BRDF2 SHADER_API_MOBILE UNITY_LIGHTMAP_FULL_HDR SHADER_API_GLES30 uKW=SHADER_STAGE_COMPUTE platform=gles3 flags=268439552  error: 2 plat 9 at C:/Users/AJ/Desktop/Uni/Autodidacta/VFX/UnityVFX/Library/PackageCache/com.unity.render-pipelines.high-definition@10.5.1/Runtime/ShaderLibrary/ShaderVariablesFunctions.hlsl(119): syntax error: unexpected token '#'
 ok=0 outsize=0

Cmd: compileComputeKernel
  insize=3879 file=C:/Users/AJ/Desktop/Uni/Autodidacta/VFX/UnityVFX/Library/PackageCache/com.unity.render-pipelines.high-definition@10.5.1/Runtime/PostProcessing/Shaders/PaniniProjection.compute kernel=KMain cachingPP=1 ppOnly=0 stripLineD=0 buildPlatform=13 km=<UNITY_VERSION=202039> pKW=UNITY_NO_DXT5nm UNITY_NO_RGBM UNITY_ENABLE_REFLECTION_BUFFERS UNITY_NO_CUBEMAP_ARRAY UNITY_NO_SCREENSPACE_SHADOWS UNITY_PBS_USE_BRDF2 SHADER_API_MOBILE UNITY_LIGHTMAP_FULL_HDR uKW=GENERIC SHADER_STAGE_COMPUTE platform=vulkan flags=268439552 ok=1 outsize=15685

Cmd: compileComputeKernel
  insize=10754 file=C:/Users/AJ/Desktop/Uni/Autodidacta/VFX/UnityVFX/Library/PackageCache/com.unity.render-pipelines.high-definition@10.5.1/Runtime/Lighting/LightLoop/Deferred.compute kernel=Deferred_Indirect_Fptl_Variant12 cachingPP=1 ppOnly=0 stripLineD=0 buildPlatform=13 km=<SHADE_OPAQUE_ENTRY=Deferred_Indirect_Fptl_Variant12>,<USE_INDIRECT=1>,<VARIANT=12>,<UNITY_VERSION=202039> pKW=UNITY_NO_DXT5nm UNITY_ENABLE_REFLECTION_BUFFERS UNITY_NO_CUBEMAP_ARRAY UNITY_NO_SCREENSPACE_SHADOWS UNITY_PBS_USE_BRDF2 UNITY_LIGHTMAP_FULL_HDR uKW=SCREEN_SPACE_SHADOWS_ON SHADOWS_SHADOWMASK SHADOW_MEDIUM SHADER_STAGE_COMPUTE platform=d3d11 flags=0 ok=1 outsize=95404

Cmd: compileComputeKernel
  insize=10754 file=C:/Users/AJ/Desktop/Uni/Autodidacta/VFX/UnityVFX/Library/PackageCache/com.unity.render-pipelines.high-definition@10.5.1/Runtime/Lighting/LightLoop/Deferred.compute kernel=Deferred_Indirect_Fptl_Variant10 cachingPP=1 ppOnly=0 stripLineD=0 buildPlatform=13 km=<SHADE_OPAQUE_ENTRY=Deferred_Indirect_Fptl_Variant10>,<USE_INDIRECT=1>,<VARIANT=10>,<UNITY_VERSION=202039> pKW=UNITY_NO_DXT5nm UNITY_ENABLE_REFLECTION_BUFFERS UNITY_NO_CUBEMAP_ARRAY UNITY_NO_SCREENSPACE_SHADOWS UNITY_PBS_USE_BRDF2 UNITY_LIGHTMAP_FULL_HDR uKW=SCREEN_SPACE_SHADOWS_ON SHADOWS_SHADOWMASK SHADOW_LOW SHADER_STAGE_COMPUTE platform=d3d11 flags=0 ok=1 outsize=39384

Cmd: compileComputeKernel
  insize=10754 file=C:/Users/AJ/Desktop/Uni/Autodidacta/VFX/UnityVFX/Library/PackageCache/com.unity.render-pipelines.high-definition@10.5.1/Runtime/Lighting/LightLoop/Deferred.compute kernel=Deferred_Indirect_Fptl_Variant9 cachingPP=1 ppOnly=0 stripLineD=0 buildPlatform=13 km=<SHADE_OPAQUE_ENTRY=Deferred_Indirect_Fptl_Variant9>,<USE_INDIRECT=1>,<VARIANT=9>,<UNITY_VERSION=202039> pKW=UNITY_NO_DXT5nm UNITY_ENABLE_REFLECTION_BUFFERS UNITY_NO_CUBEMAP_ARRAY UNITY_NO_SCREENSPACE_SHADOWS UNITY_PBS_USE_BRDF2 UNITY_LIGHTMAP_FULL_HDR uKW=SCREEN_SPACE_SHADOWS_ON SHADOW_LOW SHADER_STAGE_COMPUTE platform=d3d11 flags=0 ok=1 outsize=61706

Cmd: compileComputeKernel
  insize=10754 file=C:/Users/AJ/Desktop/Uni/Autodidacta/VFX/UnityVFX/Library/PackageCache/com.unity.render-pipelines.high-definition@10.5.1/Runtime/Lighting/LightLoop/Deferred.compute kernel=Deferred_Indirect_Fptl_Variant9 cachingPP=1 ppOnly=0 stripLineD=0 buildPlatform=13 km=<SHADE_OPAQUE_ENTRY=Deferred_Indirect_Fptl_Variant9>,<USE_INDIRECT=1>,<VARIANT=9>,<UNITY_VERSION=202039> pKW=UNITY_NO_DXT5nm UNITY_ENABLE_REFLECTION_BUFFERS UNITY_NO_CUBEMAP_ARRAY UNITY_NO_SCREENSPACE_SHADOWS UNITY_PBS_USE_BRDF2 UNITY_LIGHTMAP_FULL_HDR uKW=SCREEN_SPACE_SHADOWS_ON SHADOWS_SHADOWMASK SHADOW_MEDIUM SHADER_STAGE_COMPUTE platform=d3d11 flags=0 ok=1 outsize=65208

Cmd: compileComputeKernel
  insize=10754 file=C:/Users/AJ/Desktop/Uni/Autodidacta/VFX/UnityVFX/Library/PackageCache/com.unity.render-pipelines.high-definition@10.5.1/Runtime/Lighting/LightLoop/Deferred.compute kernel=Deferred_Indirect_Fptl_Variant7 cachingPP=1 ppOnly=0 stripLineD=0 buildPlatform=13 km=<SHADE_OPAQUE_ENTRY=Deferred_Indirect_Fptl_Variant7>,<USE_INDIRECT=1>,<VARIANT=7>,<UNITY_VERSION=202039> pKW=UNITY_NO_DXT5nm UNITY_ENABLE_REFLECTION_BUFFERS UNITY_NO_CUBEMAP_ARRAY UNITY_NO_SCREENSPACE_SHADOWS UNITY_PBS_USE_BRDF2 UNITY_LIGHTMAP_FULL_HDR uKW=SCREEN_SPACE_SHADOWS_OFF SHADOWS_SHADOWMASK SHADOW_LOW SHADER_STAGE_COMPUTE platform=d3d11 flags=0 ok=1 outsize=76830

Cmd: compileComputeKernel
  insize=10754 file=C:/Users/AJ/Desktop/Uni/Autodidacta/VFX/UnityVFX/Library/PackageCache/com.unity.render-pipelines.high-definition@10.5.1/Runtime/Lighting/LightLoop/Deferred.compute kernel=Deferred_Indirect_Fptl_Variant6 cachingPP=1 ppOnly=0 stripLineD=0 buildPlatform=13 km=<SHADE_OPAQUE_ENTRY=Deferred_Indirect_Fptl_Variant6>,<USE_INDIRECT=1>,<VARIANT=6>,<UNITY_VERSION=202039> pKW=UNITY_NO_DXT5nm UNITY_ENABLE_REFLECTION_BUFFERS UNITY_NO_CUBEMAP_ARRAY UNITY_NO_SCREENSPACE_SHADOWS UNITY_PBS_USE_BRDF2 UNITY_LIGHTMAP_FULL_HDR uKW=SCREEN_SPACE_SHADOWS_OFF SHADOW_HIGH SHADER_STAGE_COMPUTE platform=d3d11 flags=0 ok=1 outsize=53517

Cmd: compileComputeKernel
  insize=10754 file=C:/Users/AJ/Desktop/Uni/Autodidacta/VFX/UnityVFX/Library/PackageCache/com.unity.render-pipelines.high-definition@10.5.1/Runtime/Lighting/LightLoop/Deferred.compute kernel=Deferred_Indirect_Fptl_Variant4 cachingPP=1 ppOnly=0 stripLineD=0 buildPlatform=13 km=<SHADE_OPAQUE_ENTRY=Deferred_Indirect_Fptl_Variant4>,<USE_INDIRECT=1>,<VARIANT=4>,<UNITY_VERSION=202039> pKW=UNITY_NO_DXT5nm UNITY_ENABLE_REFLECTION_BUFFERS UNITY_NO_CUBEMAP_ARRAY UNITY_NO_SCREENSPACE_SHADOWS UNITY_PBS_USE_BRDF2 UNITY_LIGHTMAP_FULL_HDR uKW=SCREEN_SPACE_SHADOWS_OFF SHADOWS_SHADOWMASK SHADOW_HIGH SHADER_STAGE_COMPUTE platform=d3d11 flags=0 ok=1 outsize=56031

Cmd: compileComputeKernel
  insize=10754 file=C:/Users/AJ/Desktop/Uni/Autodidacta/VFX/UnityVFX/Library/PackageCache/com.unity.render-pipelines.high-definition@10.5.1/Runtime/Lighting/LightLoop/Deferred.compute kernel=Deferred_Indirect_Fptl_Variant4 cachingPP=1 ppOnly=0 stripLineD=0 buildPlatform=13 km=<SHADE_OPAQUE_ENTRY=Deferred_Indirect_Fptl_Variant4>,<USE_INDIRECT=1>,<VARIANT=4>,<UNITY_VERSION=202039> pKW=UNITY_NO_DXT5nm UNITY_ENABLE_REFLECTION_BUFFERS UNITY_NO_CUBEMAP_ARRAY UNITY_NO_SCREENSPACE_SHADOWS UNITY_PBS_USE_BRDF2 UNITY_LIGHTMAP_FULL_HDR uKW=SCREEN_SPACE_SHADOWS_ON SHADOWS_SHADOWMASK SHADOW_MEDIUM SHADER_STAGE_COMPUTE platform=d3d11 flags=0 ok=1 outsize=55625

Cmd: compileComputeKernel
  insize=10754 file=C:/Users/AJ/Desktop/Uni/Autodidacta/VFX/UnityVFX/Library/PackageCache/com.unity.render-pipelines.high-definition@10.5.1/Runtime/Lighting/LightLoop/Deferred.compute kernel=Deferred_Indirect_Fptl_Variant2 cachingPP=1 ppOnly=0 stripLineD=0 buildPlatform=13 km=<SHADE_OPAQUE_ENTRY=Deferred_Indirect_Fptl_Variant2>,<USE_INDIRECT=1>,<VARIANT=2>,<UNITY_VERSION=202039> pKW=UNITY_NO_DXT5nm UNITY_ENABLE_REFLECTION_BUFFERS UNITY_NO_CUBEMAP_ARRAY UNITY_NO_SCREENSPACE_SHADOWS UNITY_PBS_USE_BRDF2 UNITY_LIGHTMAP_FULL_HDR uKW=SCREEN_SPACE_SHADOWS_ON SHADOW_HIGH SHADER_STAGE_COMPUTE platform=d3d11 flags=0 ok=1 outsize=29092

Cmd: compileComputeKernel
  insize=10754 file=C:/Users/AJ/Desktop/Uni/Autodidacta/VFX/UnityVFX/Library/PackageCache/com.unity.render-pipelines.high-definition@10.5.1/Runtime/Lighting/LightLoop/Deferred.compute kernel=Deferred_Indirect_Fptl_Variant1 cachingPP=1 ppOnly=0 stripLineD=0 buildPlatform=13 km=<SHADE_OPAQUE_ENTRY=Deferred_Indirect_Fptl_Variant1>,<USE_INDIRECT=1>,<VARIANT=1>,<UNITY_VERSION=202039> pKW=UNITY_NO_DXT5nm UNITY_ENABLE_REFLECTION_BUFFERS UNITY_NO_CUBEMAP_ARRAY UNITY_NO_SCREENSPACE_SHADOWS UNITY_PBS_USE_BRDF2 UNITY_LIGHTMAP_FULL_HDR uKW=SCREEN_SPACE_SHADOWS_OFF SHADOWS_SHADOWMASK SHADOW_LOW SHADER_STAGE_COMPUTE platform=d3d11 flags=0 ok=1 outsize=19616

Cmd: compileComputeKernel
  insize=10754 file=C:/Users/AJ/Desktop/Uni/Autodidacta/VFX/UnityVFX/Library/PackageCache/com.unity.render-pipelines.high-definition@10.5.1/Runtime/Lighting/LightLoop/Deferred.compute kernel=Deferred_Indirect_Fptl_Variant0 cachingPP=1 ppOnly=0 stripLineD=0 buildPlatform=13 km=<SHADE_OPAQUE_ENTRY=Deferred_Indirect_Fptl_Variant0>,<USE_INDIRECT=1>,<VARIANT=0>,<UNITY_VERSION=202039> pKW=UNITY_NO_DXT5nm UNITY_ENABLE_REFLECTION_BUFFERS UNITY_NO_CUBEMAP_ARRAY UNITY_NO_SCREENSPACE_SHADOWS UNITY_PBS_USE_BRDF2 UNITY_LIGHTMAP_FULL_HDR uKW=SCREEN_SPACE_SHADOWS_OFF SHADOW_LOW SHADER_STAGE_COMPUTE platform=d3d11 flags=0 ok=1 outsize=18205

Cmd: compileComputeKernel
  insize=10754 file=C:/Users/AJ/Desktop/Uni/Autodidacta/VFX/UnityVFX/Library/PackageCache/com.unity.render-pipelines.high-definition@10.5.1/Runtime/Lighting/LightLoop/Deferred.compute kernel=Deferred_Direct_Fptl_DebugDisplay cachingPP=1 ppOnly=0 stripLineD=0 buildPlatform=13 km=<SHADE_OPAQUE_ENTRY=Deferred_Direct_Fptl_DebugDisplay>,<DEBUG_DISPLAY=1>,<UNITY_VERSION=202039> pKW=UNITY_NO_DXT5nm UNITY_ENABLE_REFLECTION_BUFFERS UNITY_NO_CUBEMAP_ARRAY UNITY_NO_SCREENSPACE_SHADOWS UNITY_PBS_USE_BRDF2 UNITY_LIGHTMAP_FULL_HDR uKW=SCREEN_SPACE_SHADOWS_ON SHADOW_MEDIUM SHADER_STAGE_COMPUTE platform=d3d11 flags=0 ok=1 outsize=133358

Cmd: compileComputeKernel
  insize=10754 file=C:/Users/AJ/Desktop/Uni/Autodidacta/VFX/UnityVFX/Library/PackageCache/com.unity.render-pipelines.high-definition@10.5.1/Runtime/Lighting/LightLoop/Deferred.compute kernel=Deferred_Direct_Fptl cachingPP=1 ppOnly=0 stripLineD=0 buildPlatform=13 km=<SHADE_OPAQUE_ENTRY=Deferred_Direct_Fptl>,<UNITY_VERSION=202039> pKW=UNITY_NO_DXT5nm UNITY_ENABLE_REFLECTION_BUFFERS UNITY_NO_CUBEMAP_ARRAY UNITY_NO_SCREENSPACE_SHADOWS UNITY_PBS_USE_BRDF2 UNITY_LIGHTMAP_FULL_HDR uKW=SCREEN_SPACE_SHADOWS_ON SHADOWS_SHADOWMASK SHADOW_HIGH SHADER_STAGE_COMPUTE platform=d3d11 flags=0 ok=1 outsize=117742

Cmd: compileComputeKernel
  insize=10754 file=C:/Users/AJ/Desktop/Uni/Autodidacta/VFX/UnityVFX/Library/PackageCache/com.unity.render-pipelines.high-definition@10.5.1/Runtime/Lighting/LightLoop/Deferred.compute kernel=Deferred_Indirect_Fptl_Variant27 cachingPP=1 ppOnly=0 stripLineD=0 buildPlatform=13 km=<SHADE_OPAQUE_ENTRY=Deferred_Indirect_Fptl_Variant27>,<USE_INDIRECT=1>,<VARIANT=27>,<UNITY_VERSION=202039> pKW=UNITY_NO_DXT5nm UNITY_NO_RGBM UNITY_ENABLE_REFLECTION_BUFFERS UNITY_NO_CUBEMAP_ARRAY UNITY_NO_SCREENSPACE_SHADOWS UNITY_PBS_USE_BRDF2 SHADER_API_MOBILE UNITY_LIGHTMAP_FULL_HDR uKW=SCREEN_SPACE_SHADOWS_OFF SHADOWS_SHADOWMASK SHADOW_MEDIUM SHADER_STAGE_COMPUTE platform=vulkan flags=268439552 ok=1 outsize=395531

Cmd: compileComputeKernel
  insize=10754 file=C:/Users/AJ/Desktop/Uni/Autodidacta/VFX/UnityVFX/Library/PackageCache/com.unity.render-pipelines.high-definition@10.5.1/Runtime/Lighting/LightLoop/Deferred.compute kernel=Deferred_Indirect_Fptl_Variant27 cachingPP=1 ppOnly=0 stripLineD=0 buildPlatform=13 km=<SHADE_OPAQUE_ENTRY=Deferred_Indirect_Fptl_Variant27>,<USE_INDIRECT=1>,<VARIANT=27>,<UNITY_VERSION=202039> pKW=UNITY_NO_DXT5nm UNITY_NO_RGBM UNITY_ENABLE_REFLECTION_BUFFERS UNITY_NO_CUBEMAP_ARRAY UNITY_NO_SCREENSPACE_SHADOWS UNITY_PBS_USE_BRDF2 SHADER_API_MOBILE UNITY_LIGHTMAP_FULL_HDR uKW=SCREEN_SPACE_SHADOWS_OFF SHADOW_MEDIUM SHADER_STAGE_COMPUTE platform=vulkan flags=268439552 ok=1 outsize=384529

Cmd: compileComputeKernel
  insize=10754 file=C:/Users/AJ/Desktop/Uni/Autodidacta/VFX/UnityVFX/Library/PackageCache/com.unity.render-pipelines.high-definition@10.5.1/Runtime/Lighting/LightLoop/Deferred.compute kernel=Deferred_Indirect_Fptl_Variant25 cachingPP=1 ppOnly=0 stripLineD=0 buildPlatform=13 km=<SHADE_OPAQUE_ENTRY=Deferred_Indirect_Fptl_Variant25>,<USE_INDIRECT=1>,<VARIANT=25>,<UNITY_VERSION=202039> pKW=UNITY_NO_DXT5nm UNITY_NO_RGBM UNITY_ENABLE_REFLECTION_BUFFERS UNITY_NO_CUBEMAP_ARRAY UNITY_NO_SCREENSPACE_SHADOWS UNITY_PBS_USE_BRDF2 SHADER_API_MOBILE UNITY_LIGHTMAP_FULL_HDR uKW=SCREEN_SPACE_SHADOWS_OFF SHADOWS_SHADOWMASK SHADOW_MEDIUM SHADER_STAGE_COMPUTE platform=vulkan flags=268439552 ok=1 outsize=178503

Cmd: compileComputeKernel
  insize=10754 file=C:/Users/AJ/Desktop/Uni/Autodidacta/VFX/UnityVFX/Library/PackageCache/com.unity.render-pipelines.high-definition@10.5.1/Runtime/Lighting/LightLoop/Deferred.compute kernel=Deferred_Indirect_Fptl_Variant25 cachingPP=1 ppOnly=0 stripLineD=0 buildPlatform=13 km=<SHADE_OPAQUE_ENTRY=Deferred_Indirect_Fptl_Variant25>,<USE_INDIRECT=1>,<VARIANT=25>,<UNITY_VERSION=202039> pKW=UNITY_NO_DXT5nm UNITY_NO_RGBM UNITY_ENABLE_REFLECTION_BUFFERS UNITY_NO_CUBEMAP_ARRAY UNITY_NO_SCREENSPACE_SHADOWS UNITY_PBS_USE_BRDF2 SHADER_API_MOBILE UNITY_LIGHTMAP_FULL_HDR uKW=SCREEN_SPACE_SHADOWS_ON SHADOWS_SHADOWMASK SHADOW_HIGH SHADER_STAGE_COMPUTE platform=vulkan flags=268439552 ok=1 outsize=194965

Cmd: compileComputeKernel
  insize=10754 file=C:/Users/AJ/Desktop/Uni/Autodidacta/VFX/UnityVFX/Library/PackageCache/com.unity.render-pipelines.high-definition@10.5.1/Runtime/Lighting/LightLoop/Deferred.compute kernel=Deferred_Indirect_Fptl_Variant23 cachingPP=1 ppOnly=0 stripLineD=0 buildPlatform=13 km=<SHADE_OPAQUE_ENTRY=Deferred_Indirect_Fptl_Variant23>,<USE_INDIRECT=1>,<VARIANT=23>,<UNITY_VERSION=202039> pKW=UNITY_NO_DXT5nm UNITY_NO_RGBM UNITY_ENABLE_REFLECTION_BUFFERS UNITY_NO_CUBEMAP_ARRAY UNITY_NO_SCREENSPACE_SHADOWS UNITY_PBS_USE_BRDF2 SHADER_API_MOBILE UNITY_LIGHTMAP_FULL_HDR uKW=SCREEN_SPACE_SHADOWS_ON SHADOW_LOW SHADER_STAGE_COMPUTE platform=vulkan flags=268439552 ok=1 outsize=207167

Cmd: compileComputeKernel
  insize=10754 file=C:/Users/AJ/Desktop/Uni/Autodidacta/VFX/UnityVFX/Library/PackageCache/com.unity.render-pipelines.high-definition@10.5.1/Runtime/Lighting/LightLoop/Deferred.compute kernel=Deferred_Indirect_Fptl_Variant22 cachingPP=1 ppOnly=0 stripLineD=0 buildPlatform=13 km=<SHADE_OPAQUE_ENTRY=Deferred_Indirect_Fptl_Variant22>,<USE_INDIRECT=1>,<VARIANT=22>,<UNITY_VERSION=202039> pKW=UNITY_NO_DXT5nm UNITY_NO_RGBM UNITY_ENABLE_REFLECTION_BUFFERS UNITY_NO_CUBEMAP_ARRAY UNITY_NO_SCREENSPACE_SHADOWS UNITY_PBS_USE_BRDF2 SHADER_API_MOBILE UNITY_LIGHTMAP_FULL_HDR uKW=SCREEN_SPACE_SHADOWS_OFF SHADOWS_SHADOWMASK SHADOW_MEDIUM SHADER_STAGE_COMPUTE platform=vulkan flags=268439552 ok=1 outsize=442703

Cmd: compileComputeKernel
  insize=10754 file=C:/Users/AJ/Desktop/Uni/Autodidacta/VFX/UnityVFX/Library/PackageCache/com.unity.render-pipelines.high-definition@10.5.1/Runtime/Lighting/LightLoop/Deferred.compute kernel=Deferred_Indirect_Fptl_Variant21 cachingPP=1 ppOnly=0 stripLineD=0 buildPlatform=13 km=<SHADE_OPAQUE_ENTRY=Deferred_Indirect_Fptl_Variant21>,<USE_INDIRECT=1>,<VARIANT=21>,<UNITY_VERSION=202039> pKW=UNITY_NO_DXT5nm UNITY_NO_RGBM UNITY_ENABLE_REFLECTION_BUFFERS UNITY_NO_CUBEMAP_ARRAY UNITY_NO_SCREENSPACE_SHADOWS UNITY_PBS_USE_BRDF2 SHADER_API_MOBILE UNITY_LIGHTMAP_FULL_HDR uKW=SCREEN_SPACE_SHADOWS_OFF SHADOWS_SHADOWMASK SHADOW_LOW SHADER_STAGE_COMPUTE platform=vulkan flags=268439552 ok=1 outsize=271092

Cmd: compileComputeKernel
  insize=10754 file=C:/Users/AJ/Desktop/Uni/Autodidacta/VFX/UnityVFX/Library/PackageCache/com.unity.render-pipelines.high-definition@10.5.1/Runtime/Lighting/LightLoop/Deferred.compute kernel=Deferred_Indirect_Fptl_Variant20 cachingPP=1 ppOnly=0 stripLineD=0 buildPlatform=13 km=<SHADE_OPAQUE_ENTRY=Deferred_Indirect_Fptl_Variant20>,<USE_INDIRECT=1>,<VARIANT=20>,<UNITY_VERSION=202039> pKW=UNITY_NO_DXT5nm UNITY_NO_RGBM UNITY_ENABLE_REFLECTION_BUFFERS UNITY_NO_CUBEMAP_ARRAY UNITY_NO_SCREENSPACE_SHADOWS UNITY_PBS_USE_BRDF2 SHADER_API_MOBILE UNITY_LIGHTMAP_FULL_HDR uKW=SCREEN_SPACE_SHADOWS_ON SHADOW_HIGH SHADER_STAGE_COMPUTE platform=vulkan flags=268439552 ok=1 outsize=196943

Cmd: compileComputeKernel
  insize=10754 file=C:/Users/AJ/Desktop/Uni/Autodidacta/VFX/UnityVFX/Library/PackageCache/com.unity.render-pipelines.high-definition@10.5.1/Runtime/Lighting/LightLoop/Deferred.compute kernel=Deferred_Indirect_Fptl_Variant18 cachingPP=1 ppOnly=0 stripLineD=0 buildPlatform=13 km=<SHADE_OPAQUE_ENTRY=Deferred_Indirect_Fptl_Variant18>,<USE_INDIRECT=1>,<VARIANT=18>,<UNITY_VERSION=202039> pKW=UNITY_NO_DXT5nm UNITY_NO_RGBM UNITY_ENABLE_REFLECTION_BUFFERS UNITY_NO_CUBEMAP_ARRAY UNITY_NO_SCREENSPACE_SHADOWS UNITY_PBS_USE_BRDF2 SHADER_API_MOBILE UNITY_LIGHTMAP_FULL_HDR uKW=SCREEN_SPACE_SHADOWS_OFF SHADOWS_SHADOWMASK SHADOW_MEDIUM SHADER_STAGE_COMPUTE platform=vulkan flags=268439552 ok=1 outsize=229399

Cmd: compileComputeKernel
  insize=10754 file=C:/Users/AJ/Desktop/Uni/Autodidacta/VFX/UnityVFX/Library/PackageCache/com.unity.render-pipelines.high-definition@10.5.1/Runtime/Lighting/LightLoop/Deferred.compute kernel=Deferred_Indirect_Fptl_Variant17 cachingPP=1 ppOnly=0 stripLineD=0 buildPlatform=13 km=<SHADE_OPAQUE_ENTRY=Deferred_Indirect_Fptl_Variant17>,<USE_INDIRECT=1>,<VARIANT=17>,<UNITY_VERSION=202039> pKW=UNITY_NO_DXT5nm UNITY_NO_RGBM UNITY_ENABLE_REFLECTION_BUFFERS UNITY_NO_CUBEMAP_ARRAY UNITY_NO_SCREENSPACE_SHADOWS UNITY_PBS_USE_BRDF2 SHADER_API_MOBILE UNITY_LIGHTMAP_FULL_HDR uKW=SCREEN_SPACE_SHADOWS_OFF SHADOWS_SHADOWMASK SHADOW_HIGH SHADER_STAGE_COMPUTE platform=vulkan flags=268439552 ok=1 outsize=403787

Cmd: compileComputeKernel
  insize=10754 file=C:/Users/AJ/Desktop/Uni/Autodidacta/VFX/UnityVFX/Library/PackageCache/com.unity.render-pipelines.high-definition@10.5.1/Runtime/Lighting/LightLoop/Deferred.compute kernel=Deferred_Indirect_Fptl_Variant16 cachingPP=1 ppOnly=0 stripLineD=0 buildPlatform=13 km=<SHADE_OPAQUE_ENTRY=Deferred_Indirect_Fptl_Variant16>,<USE_INDIRECT=1>,<VARIANT=16>,<UNITY_VERSION=202039> pKW=UNITY_NO_DXT5nm UNITY_NO_RGBM UNITY_ENABLE_REFLECTION_BUFFERS UNITY_NO_CUBEMAP_ARRAY UNITY_NO_SCREENSPACE_SHADOWS UNITY_PBS_USE_BRDF2 SHADER_API_MOBILE UNITY_LIGHTMAP_FULL_HDR uKW=SCREEN_SPACE_SHADOWS_OFF SHADOW_HIGH SHADER_STAGE_COMPUTE platform=vulkan flags=268439552 ok=1 outsize=267330

Cmd: compileComputeKernel
  insize=10754 file=C:/Users/AJ/Desktop/Uni/Autodidacta/VFX/UnityVFX/Library/PackageCache/com.unity.render-pipelines.high-definition@10.5.1/Runtime/Lighting/LightLoop/Deferred.compute kernel=Deferred_Indirect_Fptl_Variant15 cachingPP=1 ppOnly=0 stripLineD=0 buildPlatform=13 km=<SHADE_OPAQUE_ENTRY=Deferred_Indirect_Fptl_Variant15>,<USE_INDIRECT=1>,<VARIANT=15>,<UNITY_VERSION=202039> pKW=UNITY_NO_DXT5nm UNITY_NO_RGBM UNITY_ENABLE_REFLECTION_BUFFERS UNITY_NO_CUBEMAP_ARRAY UNITY_NO_SCREENSPACE_SHADOWS UNITY_PBS_USE_BRDF2 SHADER_API_MOBILE UNITY_LIGHTMAP_FULL_HDR uKW=SCREEN_SPACE_SHADOWS_OFF SHADOWS_SHADOWMASK SHADOW_LOW SHADER_STAGE_COMPUTE platform=vulkan flags=268439552 ok=1 outsize=180343

Cmd: compileComputeKernel
  insize=10754 file=C:/Users/AJ/Desktop/Uni/Autodidacta/VFX/UnityVFX/Library/PackageCache/com.unity.render-pipelines.high-definition@10.5.1/Runtime/Lighting/LightLoop/Deferred.compute kernel=Deferred_Indirect_Fptl_Variant13 cachingPP=1 ppOnly=0 stripLineD=0 buildPlatform=13 km=<SHADE_OPAQUE_ENTRY=Deferred_Indirect_Fptl_Variant13>,<USE_INDIRECT=1>,<VARIANT=13>,<UNITY_VERSION=202039> pKW=UNITY_NO_DXT5nm UNITY_NO_RGBM UNITY_ENABLE_REFLECTION_BUFFERS UNITY_NO_CUBEMAP_ARRAY UNITY_NO_SCREENSPACE_SHADOWS UNITY_PBS_USE_BRDF2 SHADER_API_MOBILE UNITY_LIGHTMAP_FULL_HDR uKW=SCREEN_SPACE_SHADOWS_OFF SHADOWS_SHADOWMASK SHADOW_MEDIUM SHADER_STAGE_COMPUTE platform=vulkan flags=268439552 ok=1 outsize=234959

Cmd: compileComputeKernel
  insize=10754 file=C:/Users/AJ/Desktop/Uni/Autodidacta/VFX/UnityVFX/Library/PackageCache/com.unity.render-pipelines.high-definition@10.5.1/Runtime/Lighting/LightLoop/Deferred.compute kernel=Deferred_Indirect_Fptl_Variant12 cachingPP=1 ppOnly=0 stripLineD=0 buildPlatform=13 km=<SHADE_OPAQUE_ENTRY=Deferred_Indirect_Fptl_Variant12>,<USE_INDIRECT=1>,<VARIANT=12>,<UNITY_VERSION=202039> pKW=UNITY_NO_DXT5nm UNITY_NO_RGBM UNITY_ENABLE_REFLECTION_BUFFERS UNITY_NO_CUBEMAP_ARRAY UNITY_NO_SCREENSPACE_SHADOWS UNITY_PBS_USE_BRDF2 SHADER_API_MOBILE UNITY_LIGHTMAP_FULL_HDR uKW=SCREEN_SPACE_SHADOWS_OFF SHADOW_LOW SHADER_STAGE_COMPUTE platform=vulkan flags=268439552 ok=1 outsize=418096

